<?xml version="1.0" encoding="UTF-8"?>
<coverage generated="1785234043333" clover="3.2.0">
  <project timestamp="1785234043333" name="All files">
    <metrics statements="2281" coveredstatements="462" conditionals="2479" coveredconditionals="475" methods="391" coveredmethods="105" elements="5151" coveredelements="1042" complexity="0" loc="2281" ncloc="2281" packages="2" files="9" classes="9"/>
    <package name="Ai doc generator">
      <metrics statements="16" coveredstatements="0" conditionals="8" coveredconditionals="0" methods="1" coveredmethods="0"/>
      <file name="server.js" path="C:\Users\User\Desktop\Ai doc generator\server.js">
        <metrics statements="16" coveredstatements="0" conditionals="8" coveredconditionals="0" methods="1" coveredmethods="0"/>
        <line num="3" count="0" type="stmt"/>
        <line num="5" count="0" type="stmt"/>
        <line num="7" count="0" type="cond" truecount="0" falsecount="2"/>
        <line num="9" count="0" type="stmt"/>
        <line num="10" count="0" type="cond" truecount="0" falsecount="2"/>
        <line num="13" count="0" type="cond" truecount="0" falsecount="2"/>
        <line num="15" count="0" type="stmt"/>
        <line num="16" count="0" type="stmt"/>
        <line num="17" count="0" type="stmt"/>
        <line num="18" count="0" type="stmt"/>
        <line num="19" count="0" type="stmt"/>
        <line num="20" count="0" type="stmt"/>
        <line num="21" count="0" type="stmt"/>
        <line num="24" count="0" type="stmt"/>
        <line num="25" count="0" type="stmt"/>
        <line num="28" count="0" type="stmt"/>
      </file>
    </package>
    <package name="Ai doc generator.js">
      <metrics statements="2265" coveredstatements="462" conditionals="2471" coveredconditionals="475" methods="390" coveredmethods="105"/>
      <file name="aiClient.js" path="C:\Users\User\Desktop\Ai doc generator\js\aiClient.js">
        <metrics statements="57" coveredstatements="0" conditionals="38" coveredconditionals="0" methods="8" coveredmethods="0"/>
        <line num="19" count="0" type="stmt"/>
        <line num="43" count="0" type="stmt"/>
        <line num="44" count="0" type="stmt"/>
        <line num="45" count="0" type="stmt"/>
        <line num="46" count="0" type="stmt"/>
        <line num="54" count="0" type="stmt"/>
        <line num="55" count="0" type="stmt"/>
        <line num="57" count="0" type="stmt"/>
        <line num="58" count="0" type="stmt"/>
        <line num="59" count="0" type="stmt"/>
        <line num="61" count="0" type="cond" truecount="0" falsecount="2"/>
        <line num="62" count="0" type="stmt"/>
        <line num="68" count="0" type="stmt"/>
        <line num="73" count="0" type="stmt"/>
        <line num="83" count="0" type="stmt"/>
        <line num="84" count="0" type="stmt"/>
        <line num="86" count="0" type="stmt"/>
        <line num="93" count="0" type="cond" truecount="0" falsecount="4"/>
        <line num="94" count="0" type="stmt"/>
        <line num="98" count="0" type="cond" truecount="0" falsecount="2"/>
        <line num="99" count="0" type="cond" truecount="0" falsecount="2"/>
        <line num="101" count="0" type="cond" truecount="0" falsecount="8"/>
        <line num="103" count="0" type="stmt"/>
        <line num="105" count="0" type="stmt"/>
        <line num="111" count="0" type="stmt"/>
        <line num="113" count="0" type="stmt"/>
        <line num="120" count="0" type="stmt"/>
        <line num="126" count="0" type="stmt"/>
        <line num="132" count="0" type="stmt"/>
        <line num="153" count="0" type="stmt"/>
        <line num="154" count="0" type="stmt"/>
        <line num="156" count="0" type="stmt"/>
        <line num="163" count="0" type="stmt"/>
        <line num="165" count="0" type="stmt"/>
        <line num="166" count="0" type="stmt"/>
        <line num="167" count="0" type="stmt"/>
        <line num="168" count="0" type="stmt"/>
        <line num="170" count="0" type="stmt"/>
        <line num="173" count="0" type="cond" truecount="0" falsecount="2"/>
        <line num="174" count="0" type="cond" truecount="0" falsecount="2"/>
        <line num="175" count="0" type="stmt"/>
        <line num="177" count="0" type="cond" truecount="0" falsecount="4"/>
        <line num="179" count="0" type="stmt"/>
        <line num="180" count="0" type="stmt"/>
        <line num="185" count="0" type="cond" truecount="0" falsecount="2"/>
        <line num="186" count="0" type="stmt"/>
        <line num="191" count="0" type="stmt"/>
        <line num="199" count="0" type="stmt"/>
        <line num="200" count="0" type="stmt"/>
        <line num="205" count="0" type="cond" truecount="0" falsecount="2"/>
        <line num="206" count="0" type="stmt"/>
        <line num="207" count="0" type="stmt"/>
        <line num="209" count="0" type="stmt"/>
        <line num="214" count="0" type="cond" truecount="0" falsecount="2"/>
        <line num="215" count="0" type="stmt"/>
        <line num="218" count="0" type="cond" truecount="0" falsecount="4"/>
        <line num="219" count="0" type="stmt"/>
      </file>
      <file name="analyzer.js" path="C:\Users\User\Desktop\Ai doc generator\js\analyzer.js">
        <metrics statements="1044" coveredstatements="462" conditionals="1045" coveredconditionals="475" methods="199" coveredmethods="105"/>
        <line num="15" count="1" type="stmt"/>
        <line num="70" count="1" type="stmt"/>
        <line num="101" count="1" type="stmt"/>
        <line num="144" count="1" type="stmt"/>
        <line num="170" count="1" type="stmt"/>
        <line num="203" count="4197" type="stmt"/>
        <line num="204" count="4197" type="cond" truecount="2" falsecount="0"/>
        <line num="208" count="12" type="cond" truecount="4" falsecount="0"/>
        <line num="209" count="9" type="cond" truecount="2" falsecount="0"/>
        <line num="210" count="6" type="cond" truecount="2" falsecount="0"/>
        <line num="211" count="3" type="stmt"/>
        <line num="215" count="92" type="cond" truecount="1" falsecount="1"/>
        <line num="219" count="1058" type="cond" truecount="2" falsecount="0"/>
        <line num="220" count="2078" type="stmt"/>
        <line num="224" count="1141" type="cond" truecount="2" falsecount="0"/>
        <line num="232" count="22" type="stmt"/>
        <line num="233" count="22" type="stmt"/>
        <line num="234" count="524" type="cond" truecount="4" falsecount="0"/>
        <line num="235" count="523" type="stmt"/>
        <line num="236" count="523" type="cond" truecount="5" falsecount="1"/>
        <line num="238" count="22" type="cond" truecount="2" falsecount="0"/>
        <line num="239" count="22" type="stmt"/>
        <line num="240" count="22" type="stmt"/>
        <line num="241" count="11" type="stmt"/>
        <line num="244" count="22" type="stmt"/>
        <line num="245" count="22" type="stmt"/>
        <line num="246" count="11" type="stmt"/>
        <line num="247" count="0" type="stmt"/>
        <line num="248" count="22" type="stmt"/>
        <line num="250" count="22" type="stmt"/>
        <line num="262" count="0" type="cond" truecount="0" falsecount="2"/>
        <line num="263" count="0" type="stmt"/>
        <line num="265" count="0" type="stmt"/>
        <line num="285" count="0" type="stmt"/>
        <line num="286" count="0" type="cond" truecount="0" falsecount="2"/>
        <line num="289" count="0" type="stmt"/>
        <line num="290" count="0" type="stmt"/>
        <line num="295" count="0" type="stmt"/>
        <line num="296" count="0" type="stmt"/>
        <line num="297" count="0" type="cond" truecount="0" falsecount="2"/>
        <line num="298" count="0" type="stmt"/>
        <line num="299" count="0" type="stmt"/>
        <line num="300" count="0" type="stmt"/>
        <line num="304" count="0" type="cond" truecount="0" falsecount="2"/>
        <line num="305" count="0" type="stmt"/>
        <line num="308" count="0" type="stmt"/>
        <line num="311" count="0" type="stmt"/>
        <line num="312" count="0" type="stmt"/>
        <line num="313" count="0" type="cond" truecount="0" falsecount="2"/>
        <line num="314" count="0" type="cond" truecount="0" falsecount="2"/>
        <line num="315" count="0" type="stmt"/>
        <line num="319" count="0" type="stmt"/>
        <line num="320" count="0" type="stmt"/>
        <line num="323" count="0" type="stmt"/>
        <line num="327" count="0" type="stmt"/>
        <line num="328" count="0" type="stmt"/>
        <line num="342" count="0" type="stmt"/>
        <line num="344" count="0" type="cond" truecount="0" falsecount="2"/>
        <line num="350" count="0" type="stmt"/>
        <line num="351" count="0" type="stmt"/>
        <line num="357" count="0" type="stmt"/>
        <line num="358" count="0" type="cond" truecount="0" falsecount="2"/>
        <line num="362" count="0" type="stmt"/>
        <line num="363" count="0" type="stmt"/>
        <line num="365" count="0" type="stmt"/>
        <line num="369" count="0" type="stmt"/>
        <line num="377" count="1" type="cond" truecount="1" falsecount="1"/>
        <line num="378" count="1" type="stmt"/>
        <line num="380" count="1" type="stmt"/>
        <line num="392" count="1" type="stmt"/>
        <line num="393" count="1" type="stmt"/>
        <line num="395" count="1" type="stmt"/>
        <line num="396" count="1" type="stmt"/>
        <line num="400" count="1" type="stmt"/>
        <line num="401" count="1" type="stmt"/>
        <line num="402" count="1" type="stmt"/>
        <line num="403" count="0" type="stmt"/>
        <line num="404" count="0" type="stmt"/>
        <line num="407" count="1" type="stmt"/>
        <line num="410" count="1" type="stmt"/>
        <line num="418" count="90" type="cond" truecount="1" falsecount="1"/>
        <line num="419" count="90" type="stmt"/>
        <line num="421" count="90" type="stmt"/>
        <line num="434" count="90" type="stmt"/>
        <line num="436" count="90" type="stmt"/>
        <line num="437" count="90" type="stmt"/>
        <line num="439" count="0" type="stmt"/>
        <line num="440" count="1" type="stmt"/>
        <line num="444" count="90" type="stmt"/>
        <line num="448" count="90" type="stmt"/>
        <line num="449" count="90" type="stmt"/>
        <line num="450" count="0" type="stmt"/>
        <line num="451" count="0" type="stmt"/>
        <line num="454" count="90" type="stmt"/>
        <line num="455" count="0" type="stmt"/>
        <line num="460" count="90" type="stmt"/>
        <line num="461" count="90" type="stmt"/>
        <line num="466" count="90" type="stmt"/>
        <line num="471" count="90" type="stmt"/>
        <line num="479" count="22" type="cond" truecount="1" falsecount="1"/>
        <line num="480" count="0" type="stmt"/>
        <line num="494" count="0" type="stmt"/>
        <line num="495" count="0" type="cond" truecount="0" falsecount="2"/>
        <line num="496" count="0" type="cond" truecount="0" falsecount="2"/>
        <line num="500" count="0" type="stmt"/>
        <line num="504" count="0" type="stmt"/>
        <line num="505" count="0" type="stmt"/>
        <line num="506" count="0" type="stmt"/>
        <line num="507" count="0" type="stmt"/>
        <line num="508" count="0" type="stmt"/>
        <line num="509" count="0" type="stmt"/>
        <line num="513" count="0" type="cond" truecount="0" falsecount="3"/>
        <line num="516" count="0" type="cond" truecount="0" falsecount="2"/>
        <line num="519" count="0" type="stmt"/>
        <line num="520" count="0" type="cond" truecount="0" falsecount="2"/>
        <line num="521" count="0" type="stmt"/>
        <line num="522" count="0" type="stmt"/>
        <line num="523" count="0" type="cond" truecount="0" falsecount="2"/>
        <line num="527" count="0" type="stmt"/>
        <line num="528" count="0" type="stmt"/>
        <line num="529" count="0" type="stmt"/>
        <line num="535" count="0" type="stmt"/>
        <line num="538" count="0" type="stmt"/>
        <line num="539" count="0" type="stmt"/>
        <line num="541" count="0" type="stmt"/>
        <line num="545" count="22" type="cond" truecount="1" falsecount="1"/>
        <line num="546" count="0" type="stmt"/>
        <line num="555" count="0" type="stmt"/>
        <line num="556" count="0" type="cond" truecount="0" falsecount="2"/>
        <line num="558" count="0" type="stmt"/>
        <line num="559" count="0" type="cond" truecount="0" falsecount="2"/>
        <line num="561" count="0" type="stmt"/>
        <line num="562" count="0" type="cond" truecount="0" falsecount="2"/>
        <line num="564" count="0" type="stmt"/>
        <line num="565" count="0" type="cond" truecount="0" falsecount="2"/>
        <line num="568" count="0" type="stmt"/>
        <line num="569" count="0" type="stmt"/>
        <line num="571" count="0" type="stmt"/>
        <line num="572" count="0" type="stmt"/>
        <line num="574" count="0" type="stmt"/>
        <line num="578" count="22" type="cond" truecount="1" falsecount="1"/>
        <line num="579" count="0" type="stmt"/>
        <line num="580" count="0" type="stmt"/>
        <line num="581" count="0" type="stmt"/>
        <line num="582" count="0" type="cond" truecount="0" falsecount="4"/>
        <line num="583" count="0" type="stmt"/>
        <line num="584" count="0" type="cond" truecount="0" falsecount="2"/>
        <line num="586" count="0" type="stmt"/>
        <line num="606" count="22" type="cond" truecount="1" falsecount="1"/>
        <line num="608" count="0" type="stmt"/>
        <line num="609" count="0" type="stmt"/>
        <line num="610" count="0" type="stmt"/>
        <line num="611" count="0" type="stmt"/>
        <line num="612" count="0" type="stmt"/>
        <line num="613" count="0" type="stmt"/>
        <line num="623" count="22" type="cond" truecount="2" falsecount="0"/>
        <line num="624" count="1" type="stmt"/>
        <line num="626" count="2" type="stmt"/>
        <line num="627" count="2" type="cond" truecount="4" falsecount="0"/>
        <line num="628" count="1" type="stmt"/>
        <line num="629" count="1" type="stmt"/>
        <line num="633" count="22" type="cond" truecount="1" falsecount="1"/>
        <line num="634" count="0" type="stmt"/>
        <line num="635" count="0" type="stmt"/>
        <line num="636" count="0" type="stmt"/>
        <line num="637" count="0" type="cond" truecount="0" falsecount="5"/>
        <line num="638" count="0" type="stmt"/>
        <line num="639" count="0" type="cond" truecount="0" falsecount="4"/>
        <line num="642" count="0" type="stmt"/>
        <line num="647" count="22" type="cond" truecount="1" falsecount="1"/>
        <line num="648" count="0" type="stmt"/>
        <line num="658" count="0" type="stmt"/>
        <line num="659" count="0" type="stmt"/>
        <line num="660" count="0" type="stmt"/>
        <line num="661" count="0" type="stmt"/>
        <line num="662" count="0" type="stmt"/>
        <line num="664" count="0" type="cond" truecount="0" falsecount="2"/>
        <line num="665" count="0" type="cond" truecount="0" falsecount="2"/>
        <line num="666" count="0" type="cond" truecount="0" falsecount="2"/>
        <line num="667" count="0" type="cond" truecount="0" falsecount="2"/>
        <line num="669" count="0" type="cond" truecount="0" falsecount="2"/>
        <line num="670" count="0" type="stmt"/>
        <line num="674" count="0" type="stmt"/>
        <line num="675" count="0" type="cond" truecount="0" falsecount="2"/>
        <line num="676" count="0" type="stmt"/>
        <line num="678" count="0" type="stmt"/>
        <line num="683" count="22" type="cond" truecount="1" falsecount="1"/>
        <line num="684" count="0" type="stmt"/>
        <line num="686" count="0" type="stmt"/>
        <line num="687" count="0" type="stmt"/>
        <line num="689" count="0" type="cond" truecount="0" falsecount="2"/>
        <line num="690" count="0" type="cond" truecount="0" falsecount="2"/>
        <line num="694" count="0" type="cond" truecount="0" falsecount="2"/>
        <line num="695" count="0" type="cond" truecount="0" falsecount="2"/>
        <line num="696" count="0" type="stmt"/>
        <line num="699" count="0" type="stmt"/>
        <line num="701" count="0" type="stmt"/>
        <line num="706" count="22" type="cond" truecount="1" falsecount="1"/>
        <line num="707" count="0" type="stmt"/>
        <line num="717" count="0" type="stmt"/>
        <line num="718" count="0" type="stmt"/>
        <line num="719" count="0" type="stmt"/>
        <line num="720" count="0" type="stmt"/>
        <line num="722" count="0" type="cond" truecount="0" falsecount="2"/>
        <line num="723" count="0" type="cond" truecount="0" falsecount="2"/>
        <line num="724" count="0" type="cond" truecount="0" falsecount="2"/>
        <line num="725" count="0" type="cond" truecount="0" falsecount="2"/>
        <line num="729" count="0" type="cond" truecount="0" falsecount="2"/>
        <line num="731" count="0" type="cond" truecount="0" falsecount="2"/>
        <line num="732" count="0" type="stmt"/>
        <line num="733" count="0" type="stmt"/>
        <line num="734" count="0" type="stmt"/>
        <line num="736" count="0" type="stmt"/>
        <line num="740" count="1" type="cond" truecount="1" falsecount="1"/>
        <line num="741" count="1" type="stmt"/>
        <line num="743" count="1" type="stmt"/>
        <line num="744" count="1" type="stmt"/>
        <line num="746" count="0" type="stmt"/>
        <line num="747" count="1" type="stmt"/>
        <line num="748" count="0" type="stmt"/>
        <line num="750" count="1" type="stmt"/>
        <line num="751" count="1" type="stmt"/>
        <line num="767" count="22" type="stmt"/>
        <line num="780" count="22" type="cond" truecount="1" falsecount="1"/>
        <line num="781" count="0" type="stmt"/>
        <line num="782" count="0" type="stmt"/>
        <line num="783" count="0" type="cond" truecount="0" falsecount="2"/>
        <line num="784" count="0" type="cond" truecount="0" falsecount="4"/>
        <line num="787" count="0" type="cond" truecount="0" falsecount="2"/>
        <line num="788" count="0" type="stmt"/>
        <line num="791" count="0" type="stmt"/>
        <line num="792" count="0" type="cond" truecount="0" falsecount="2"/>
        <line num="794" count="0" type="cond" truecount="0" falsecount="2"/>
        <line num="795" count="0" type="stmt"/>
        <line num="796" count="0" type="cond" truecount="0" falsecount="2"/>
        <line num="797" count="0" type="cond" truecount="0" falsecount="6"/>
        <line num="798" count="0" type="stmt"/>
        <line num="799" count="0" type="cond" truecount="0" falsecount="2"/>
        <line num="800" count="0" type="stmt"/>
        <line num="801" count="0" type="cond" truecount="0" falsecount="2"/>
        <line num="803" count="0" type="cond" truecount="0" falsecount="2"/>
        <line num="804" count="0" type="cond" truecount="0" falsecount="2"/>
        <line num="805" count="0" type="cond" truecount="0" falsecount="2"/>
        <line num="806" count="0" type="cond" truecount="0" falsecount="5"/>
        <line num="807" count="0" type="stmt"/>
        <line num="808" count="0" type="stmt"/>
        <line num="809" count="0" type="cond" truecount="0" falsecount="5"/>
        <line num="810" count="0" type="stmt"/>
        <line num="814" count="0" type="cond" truecount="0" falsecount="2"/>
        <line num="816" count="0" type="cond" truecount="0" falsecount="3"/>
        <line num="819" count="0" type="stmt"/>
        <line num="820" count="0" type="cond" truecount="0" falsecount="4"/>
        <line num="821" count="0" type="stmt"/>
        <line num="822" count="0" type="stmt"/>
        <line num="823" count="0" type="stmt"/>
        <line num="831" count="0" type="stmt"/>
        <line num="832" count="0" type="stmt"/>
        <line num="835" count="0" type="cond" truecount="0" falsecount="2"/>
        <line num="836" count="0" type="cond" truecount="0" falsecount="4"/>
        <line num="837" count="0" type="stmt"/>
        <line num="838" count="0" type="cond" truecount="0" falsecount="4"/>
        <line num="839" count="0" type="stmt"/>
        <line num="840" count="0" type="stmt"/>
        <line num="841" count="0" type="stmt"/>
        <line num="842" count="0" type="cond" truecount="0" falsecount="2"/>
        <line num="843" count="0" type="cond" truecount="0" falsecount="2"/>
        <line num="844" count="0" type="cond" truecount="0" falsecount="2"/>
        <line num="845" count="0" type="stmt"/>
        <line num="846" count="0" type="stmt"/>
        <line num="847" count="0" type="stmt"/>
        <line num="852" count="0" type="cond" truecount="0" falsecount="2"/>
        <line num="853" count="0" type="stmt"/>
        <line num="854" count="0" type="stmt"/>
        <line num="856" count="0" type="cond" truecount="0" falsecount="3"/>
        <line num="860" count="0" type="cond" truecount="0" falsecount="2"/>
        <line num="861" count="0" type="stmt"/>
        <line num="862" count="0" type="stmt"/>
        <line num="863" count="0" type="stmt"/>
        <line num="864" count="0" type="cond" truecount="0" falsecount="2"/>
        <line num="865" count="0" type="stmt"/>
        <line num="866" count="0" type="stmt"/>
        <line num="867" count="0" type="stmt"/>
        <line num="873" count="0" type="cond" truecount="0" falsecount="2"/>
        <line num="879" count="0" type="stmt"/>
        <line num="880" count="0" type="stmt"/>
        <line num="881" count="0" type="stmt"/>
        <line num="885" count="0" type="cond" truecount="0" falsecount="2"/>
        <line num="886" count="0" type="stmt"/>
        <line num="887" count="0" type="stmt"/>
        <line num="888" count="0" type="stmt"/>
        <line num="892" count="0" type="stmt"/>
        <line num="893" count="0" type="stmt"/>
        <line num="896" count="0" type="cond" truecount="0" falsecount="4"/>
        <line num="901" count="0" type="cond" truecount="0" falsecount="3"/>
        <line num="904" count="0" type="cond" truecount="0" falsecount="2"/>
        <line num="906" count="0" type="cond" truecount="0" falsecount="4"/>
        <line num="907" count="0" type="stmt"/>
        <line num="908" count="0" type="cond" truecount="0" falsecount="4"/>
        <line num="909" count="0" type="stmt"/>
        <line num="910" count="0" type="cond" truecount="0" falsecount="2"/>
        <line num="911" count="0" type="stmt"/>
        <line num="912" count="0" type="cond" truecount="0" falsecount="2"/>
        <line num="914" count="0" type="cond" truecount="0" falsecount="2"/>
        <line num="915" count="0" type="stmt"/>
        <line num="916" count="0" type="cond" truecount="0" falsecount="2"/>
        <line num="917" count="0" type="stmt"/>
        <line num="918" count="0" type="cond" truecount="0" falsecount="2"/>
        <line num="919" count="0" type="stmt"/>
        <line num="920" count="0" type="cond" truecount="0" falsecount="2"/>
        <line num="921" count="0" type="stmt"/>
        <line num="922" count="0" type="stmt"/>
        <line num="923" count="0" type="stmt"/>
        <line num="924" count="0" type="cond" truecount="0" falsecount="2"/>
        <line num="925" count="0" type="stmt"/>
        <line num="926" count="0" type="stmt"/>
        <line num="927" count="0" type="stmt"/>
        <line num="932" count="22" type="cond" truecount="4" falsecount="0"/>
        <line num="933" count="1" type="stmt"/>
        <line num="934" count="1" type="stmt"/>
        <line num="935" count="1" type="stmt"/>
        <line num="936" count="1" type="stmt"/>
        <line num="937" count="9" type="cond" truecount="2" falsecount="0"/>
        <line num="939" count="1" type="stmt"/>
        <line num="940" count="1" type="cond" truecount="1" falsecount="1"/>
        <line num="941" count="0" type="stmt"/>
        <line num="942" count="0" type="stmt"/>
        <line num="943" count="1" type="cond" truecount="1" falsecount="1"/>
        <line num="944" count="0" type="stmt"/>
        <line num="945" count="0" type="stmt"/>
        <line num="946" count="1" type="cond" truecount="1" falsecount="1"/>
        <line num="947" count="1" type="stmt"/>
        <line num="948" count="1" type="stmt"/>
        <line num="949" count="0" type="cond" truecount="0" falsecount="2"/>
        <line num="950" count="0" type="stmt"/>
        <line num="951" count="0" type="stmt"/>
        <line num="952" count="0" type="cond" truecount="0" falsecount="2"/>
        <line num="953" count="0" type="stmt"/>
        <line num="954" count="0" type="stmt"/>
        <line num="955" count="0" type="cond" truecount="0" falsecount="2"/>
        <line num="956" count="0" type="stmt"/>
        <line num="957" count="0" type="stmt"/>
        <line num="958" count="0" type="cond" truecount="0" falsecount="4"/>
        <line num="959" count="0" type="stmt"/>
        <line num="960" count="0" type="stmt"/>
        <line num="961" count="0" type="stmt"/>
        <line num="962" count="0" type="stmt"/>
        <line num="965" count="1" type="cond" truecount="1" falsecount="1"/>
        <line num="966" count="1" type="stmt"/>
        <line num="967" count="1" type="stmt"/>
        <line num="968" count="1" type="cond" truecount="1" falsecount="1"/>
        <line num="969" count="1" type="stmt"/>
        <line num="970" count="1" type="cond" truecount="1" falsecount="1"/>
        <line num="971" count="1" type="stmt"/>
        <line num="972" count="1" type="stmt"/>
        <line num="976" count="1" type="cond" truecount="1" falsecount="1"/>
        <line num="977" count="0" type="stmt"/>
        <line num="978" count="0" type="stmt"/>
        <line num="979" count="0" type="stmt"/>
        <line num="980" count="1" type="cond" truecount="3" falsecount="1"/>
        <line num="981" count="0" type="stmt"/>
        <line num="982" count="0" type="stmt"/>
        <line num="983" count="0" type="stmt"/>
        <line num="984" count="1" type="cond" truecount="3" falsecount="1"/>
        <line num="985" count="0" type="stmt"/>
        <line num="986" count="0" type="stmt"/>
        <line num="987" count="0" type="stmt"/>
        <line num="988" count="1" type="cond" truecount="1" falsecount="1"/>
        <line num="989" count="0" type="stmt"/>
        <line num="990" count="0" type="stmt"/>
        <line num="991" count="0" type="stmt"/>
        <line num="996" count="22" type="cond" truecount="5" falsecount="0"/>
        <line num="997" count="1" type="cond" truecount="2" falsecount="2"/>
        <line num="998" count="38" type="cond" truecount="2" falsecount="0"/>
        <line num="1001" count="1" type="cond" truecount="1" falsecount="1"/>
        <line num="1002" count="0" type="stmt"/>
        <line num="1003" count="0" type="stmt"/>
        <line num="1004" count="1" type="cond" truecount="3" falsecount="1"/>
        <line num="1005" count="0" type="stmt"/>
        <line num="1006" count="0" type="stmt"/>
        <line num="1007" count="1" type="cond" truecount="1" falsecount="1"/>
        <line num="1008" count="0" type="stmt"/>
        <line num="1009" count="0" type="stmt"/>
        <line num="1010" count="1" type="cond" truecount="1" falsecount="1"/>
        <line num="1011" count="0" type="stmt"/>
        <line num="1012" count="0" type="stmt"/>
        <line num="1013" count="1" type="cond" truecount="1" falsecount="1"/>
        <line num="1014" count="0" type="stmt"/>
        <line num="1015" count="0" type="stmt"/>
        <line num="1016" count="1" type="cond" truecount="1" falsecount="1"/>
        <line num="1017" count="0" type="stmt"/>
        <line num="1018" count="0" type="stmt"/>
        <line num="1021" count="1" type="cond" truecount="3" falsecount="1"/>
        <line num="1022" count="0" type="stmt"/>
        <line num="1023" count="0" type="stmt"/>
        <line num="1024" count="0" type="stmt"/>
        <line num="1025" count="1" type="cond" truecount="1" falsecount="1"/>
        <line num="1026" count="0" type="stmt"/>
        <line num="1027" count="0" type="stmt"/>
        <line num="1028" count="0" type="stmt"/>
        <line num="1029" count="1" type="cond" truecount="1" falsecount="1"/>
        <line num="1030" count="0" type="stmt"/>
        <line num="1031" count="0" type="stmt"/>
        <line num="1032" count="0" type="stmt"/>
        <line num="1033" count="1" type="cond" truecount="1" falsecount="1"/>
        <line num="1034" count="0" type="stmt"/>
        <line num="1035" count="0" type="stmt"/>
        <line num="1036" count="0" type="stmt"/>
        <line num="1040" count="1" type="cond" truecount="1" falsecount="1"/>
        <line num="1041" count="1" type="cond" truecount="1" falsecount="1"/>
        <line num="1042" count="0" type="stmt"/>
        <line num="1043" count="0" type="stmt"/>
        <line num="1044" count="1" type="cond" truecount="1" falsecount="1"/>
        <line num="1045" count="1" type="stmt"/>
        <line num="1046" count="1" type="stmt"/>
        <line num="1047" count="0" type="cond" truecount="0" falsecount="2"/>
        <line num="1048" count="0" type="stmt"/>
        <line num="1049" count="0" type="stmt"/>
        <line num="1050" count="0" type="cond" truecount="0" falsecount="2"/>
        <line num="1051" count="0" type="stmt"/>
        <line num="1052" count="0" type="stmt"/>
        <line num="1053" count="0" type="cond" truecount="0" falsecount="2"/>
        <line num="1054" count="0" type="stmt"/>
        <line num="1055" count="0" type="stmt"/>
        <line num="1056" count="0" type="cond" truecount="0" falsecount="2"/>
        <line num="1057" count="0" type="stmt"/>
        <line num="1058" count="0" type="stmt"/>
        <line num="1061" count="1" type="cond" truecount="1" falsecount="1"/>
        <line num="1062" count="1" type="stmt"/>
        <line num="1066" count="1" type="cond" truecount="1" falsecount="1"/>
        <line num="1067" count="1" type="cond" truecount="3" falsecount="1"/>
        <line num="1068" count="0" type="stmt"/>
        <line num="1069" count="0" type="stmt"/>
        <line num="1070" count="0" type="stmt"/>
        <line num="1071" count="1" type="cond" truecount="1" falsecount="1"/>
        <line num="1072" count="0" type="stmt"/>
        <line num="1073" count="0" type="stmt"/>
        <line num="1074" count="0" type="stmt"/>
        <line num="1075" count="1" type="cond" truecount="1" falsecount="1"/>
        <line num="1076" count="0" type="stmt"/>
        <line num="1077" count="0" type="stmt"/>
        <line num="1078" count="0" type="stmt"/>
        <line num="1079" count="1" type="cond" truecount="1" falsecount="1"/>
        <line num="1080" count="0" type="stmt"/>
        <line num="1081" count="0" type="stmt"/>
        <line num="1082" count="0" type="stmt"/>
        <line num="1083" count="1" type="cond" truecount="1" falsecount="1"/>
        <line num="1084" count="0" type="stmt"/>
        <line num="1085" count="0" type="stmt"/>
        <line num="1086" count="0" type="stmt"/>
        <line num="1091" count="22" type="stmt"/>
        <line num="1109" count="22" type="stmt"/>
        <line num="1119" count="22" type="cond" truecount="2" falsecount="0"/>
        <line num="1120" count="22" type="cond" truecount="1" falsecount="1"/>
        <line num="1121" count="0" type="stmt"/>
        <line num="1122" count="0" type="stmt"/>
        <line num="1135" count="0" type="stmt"/>
        <line num="1136" count="0" type="cond" truecount="0" falsecount="2"/>
        <line num="1137" count="0" type="stmt"/>
        <line num="1138" count="0" type="stmt"/>
        <line num="1139" count="0" type="stmt"/>
        <line num="1140" count="0" type="stmt"/>
        <line num="1146" count="22" type="cond" truecount="3" falsecount="1"/>
        <line num="1147" count="0" type="cond" truecount="0" falsecount="2"/>
        <line num="1148" count="0" type="cond" truecount="0" falsecount="2"/>
        <line num="1151" count="0" type="cond" truecount="0" falsecount="2"/>
        <line num="1152" count="0" type="cond" truecount="0" falsecount="2"/>
        <line num="1155" count="0" type="stmt"/>
        <line num="1157" count="0" type="stmt"/>
        <line num="1172" count="0" type="stmt"/>
        <line num="1173" count="0" type="cond" truecount="0" falsecount="2"/>
        <line num="1174" count="0" type="stmt"/>
        <line num="1175" count="0" type="stmt"/>
        <line num="1176" count="0" type="stmt"/>
        <line num="1177" count="0" type="stmt"/>
        <line num="1183" count="22" type="cond" truecount="3" falsecount="1"/>
        <line num="1184" count="0" type="cond" truecount="0" falsecount="2"/>
        <line num="1185" count="0" type="stmt"/>
        <line num="1195" count="0" type="stmt"/>
        <line num="1196" count="0" type="cond" truecount="0" falsecount="2"/>
        <line num="1197" count="0" type="stmt"/>
        <line num="1198" count="0" type="stmt"/>
        <line num="1199" count="0" type="stmt"/>
        <line num="1200" count="0" type="stmt"/>
        <line num="1206" count="22" type="cond" truecount="4" falsecount="0"/>
        <line num="1207" count="1" type="stmt"/>
        <line num="1208" count="1" type="stmt"/>
        <line num="1224" count="1" type="stmt"/>
        <line num="1225" count="14" type="cond" truecount="1" falsecount="1"/>
        <line num="1226" count="0" type="stmt"/>
        <line num="1227" count="0" type="stmt"/>
        <line num="1228" count="0" type="stmt"/>
        <line num="1229" count="0" type="stmt"/>
        <line num="1235" count="22" type="cond" truecount="4" falsecount="0"/>
        <line num="1236" count="5" type="stmt"/>
        <line num="1242" count="5" type="stmt"/>
        <line num="1257" count="5" type="stmt"/>
        <line num="1258" count="65" type="cond" truecount="1" falsecount="1"/>
        <line num="1259" count="0" type="stmt"/>
        <line num="1260" count="0" type="stmt"/>
        <line num="1261" count="0" type="stmt"/>
        <line num="1262" count="0" type="stmt"/>
        <line num="1268" count="22" type="cond" truecount="3" falsecount="1"/>
        <line num="1269" count="0" type="stmt"/>
        <line num="1270" count="0" type="stmt"/>
        <line num="1273" count="0" type="stmt"/>
        <line num="1280" count="0" type="stmt"/>
        <line num="1281" count="0" type="cond" truecount="0" falsecount="2"/>
        <line num="1282" count="0" type="stmt"/>
        <line num="1283" count="0" type="stmt"/>
        <line num="1284" count="0" type="stmt"/>
        <line num="1285" count="0" type="stmt"/>
        <line num="1291" count="22" type="cond" truecount="1" falsecount="1"/>
        <line num="1292" count="0" type="stmt"/>
        <line num="1293" count="0" type="stmt"/>
        <line num="1294" count="0" type="cond" truecount="0" falsecount="2"/>
        <line num="1295" count="0" type="cond" truecount="0" falsecount="2"/>
        <line num="1299" count="0" type="cond" truecount="0" falsecount="2"/>
        <line num="1306" count="0" type="stmt"/>
        <line num="1307" count="0" type="cond" truecount="0" falsecount="2"/>
        <line num="1308" count="0" type="stmt"/>
        <line num="1309" count="0" type="cond" truecount="0" falsecount="2"/>
        <line num="1310" count="0" type="stmt"/>
        <line num="1311" count="0" type="stmt"/>
        <line num="1313" count="0" type="cond" truecount="0" falsecount="2"/>
        <line num="1314" count="0" type="cond" truecount="0" falsecount="2"/>
        <line num="1315" count="0" type="cond" truecount="0" falsecount="2"/>
        <line num="1316" count="0" type="stmt"/>
        <line num="1319" count="22" type="cond" truecount="4" falsecount="0"/>
        <line num="1320" count="5" type="stmt"/>
        <line num="1324" count="5" type="stmt"/>
        <line num="1331" count="5" type="stmt"/>
        <line num="1332" count="25" type="cond" truecount="1" falsecount="1"/>
        <line num="1333" count="0" type="stmt"/>
        <line num="1334" count="0" type="stmt"/>
        <line num="1335" count="0" type="stmt"/>
        <line num="1336" count="0" type="stmt"/>
        <line num="1341" count="22" type="stmt"/>
        <line num="1349" count="22" type="stmt"/>
        <line num="1350" count="22" type="stmt"/>
        <line num="1351" count="0" type="stmt"/>
        <line num="1355" count="22" type="cond" truecount="2" falsecount="0"/>
        <line num="1356" count="0" type="cond" truecount="0" falsecount="2"/>
        <line num="1361" count="0" type="cond" truecount="0" falsecount="2"/>
        <line num="1364" count="22" type="cond" truecount="2" falsecount="0"/>
        <line num="1365" count="22" type="stmt"/>
        <line num="1366" count="22" type="stmt"/>
        <line num="1370" count="22" type="stmt"/>
        <line num="1373" count="22" type="cond" truecount="1" falsecount="1"/>
        <line num="1379" count="0" type="stmt"/>
        <line num="1380" count="0" type="cond" truecount="0" falsecount="2"/>
        <line num="1381" count="0" type="cond" truecount="0" falsecount="2"/>
        <line num="1382" count="0" type="cond" truecount="0" falsecount="2"/>
        <line num="1383" count="0" type="stmt"/>
        <line num="1386" count="22" type="cond" truecount="1" falsecount="1"/>
        <line num="1391" count="0" type="stmt"/>
        <line num="1394" count="22" type="cond" truecount="1" falsecount="1"/>
        <line num="1395" count="0" type="stmt"/>
        <line num="1398" count="22" type="stmt"/>
        <line num="1411" count="22" type="stmt"/>
        <line num="1412" count="242" type="cond" truecount="1" falsecount="1"/>
        <line num="1413" count="0" type="stmt"/>
        <line num="1416" count="22" type="cond" truecount="1" falsecount="1"/>
        <line num="1417" count="0" type="stmt"/>
        <line num="1419" count="22" type="cond" truecount="3" falsecount="1"/>
        <line num="1420" count="0" type="stmt"/>
        <line num="1421" count="22" type="cond" truecount="1" falsecount="1"/>
        <line num="1422" count="0" type="stmt"/>
        <line num="1427" count="22" type="cond" truecount="1" falsecount="1"/>
        <line num="1428" count="0" type="stmt"/>
        <line num="1433" count="22" type="cond" truecount="1" falsecount="1"/>
        <line num="1434" count="0" type="stmt"/>
        <line num="1436" count="22" type="stmt"/>
        <line num="1444" count="22" type="stmt"/>
        <line num="1445" count="22" type="stmt"/>
        <line num="1446" count="22" type="cond" truecount="2" falsecount="0"/>
        <line num="1447" count="0" type="cond" truecount="0" falsecount="2"/>
        <line num="1450" count="22" type="cond" truecount="2" falsecount="0"/>
        <line num="1451" count="22" type="stmt"/>
        <line num="1452" count="22" type="stmt"/>
        <line num="1456" count="22" type="stmt"/>
        <line num="1459" count="22" type="cond" truecount="3" falsecount="1"/>
        <line num="1460" count="0" type="stmt"/>
        <line num="1461" count="22" type="cond" truecount="1" falsecount="1"/>
        <line num="1462" count="0" type="stmt"/>
        <line num="1463" count="22" type="cond" truecount="2" falsecount="2"/>
        <line num="1464" count="0" type="cond" truecount="0" falsecount="2"/>
        <line num="1465" count="0" type="stmt"/>
        <line num="1466" count="0" type="stmt"/>
        <line num="1469" count="22" type="cond" truecount="1" falsecount="1"/>
        <line num="1470" count="0" type="cond" truecount="0" falsecount="2"/>
        <line num="1471" count="0" type="stmt"/>
        <line num="1472" count="0" type="cond" truecount="0" falsecount="2"/>
        <line num="1473" count="0" type="stmt"/>
        <line num="1474" count="0" type="stmt"/>
        <line num="1478" count="22" type="stmt"/>
        <line num="1489" count="22" type="stmt"/>
        <line num="1490" count="163" type="cond" truecount="2" falsecount="0"/>
        <line num="1491" count="5" type="stmt"/>
        <line num="1495" count="17" type="cond" truecount="1" falsecount="1"/>
        <line num="1496" count="0" type="stmt"/>
        <line num="1497" count="17" type="cond" truecount="1" falsecount="1"/>
        <line num="1498" count="0" type="stmt"/>
        <line num="1500" count="17" type="stmt"/>
        <line num="1508" count="22" type="stmt"/>
        <line num="1511" count="22" type="stmt"/>
        <line num="1512" count="0" type="cond" truecount="0" falsecount="2"/>
        <line num="1514" count="0" type="stmt"/>
        <line num="1515" count="0" type="stmt"/>
        <line num="1518" count="0" type="stmt"/>
        <line num="1519" count="0" type="cond" truecount="0" falsecount="4"/>
        <line num="1520" count="0" type="stmt"/>
        <line num="1521" count="0" type="stmt"/>
        <line num="1522" count="0" type="stmt"/>
        <line num="1527" count="0" type="cond" truecount="0" falsecount="2"/>
        <line num="1528" count="0" type="stmt"/>
        <line num="1529" count="0" type="cond" truecount="0" falsecount="2"/>
        <line num="1530" count="0" type="cond" truecount="0" falsecount="2"/>
        <line num="1531" count="0" type="cond" truecount="0" falsecount="2"/>
        <line num="1532" count="0" type="stmt"/>
        <line num="1533" count="0" type="stmt"/>
        <line num="1536" count="0" type="cond" truecount="0" falsecount="4"/>
        <line num="1538" count="0" type="cond" truecount="0" falsecount="2"/>
        <line num="1539" count="0" type="stmt"/>
        <line num="1546" count="0" type="stmt"/>
        <line num="1547" count="0" type="stmt"/>
        <line num="1548" count="0" type="cond" truecount="0" falsecount="2"/>
        <line num="1549" count="0" type="stmt"/>
        <line num="1550" count="0" type="cond" truecount="0" falsecount="2"/>
        <line num="1554" count="22" type="stmt"/>
        <line num="1555" count="1" type="stmt"/>
        <line num="1556" count="0" type="cond" truecount="0" falsecount="2"/>
        <line num="1557" count="0" type="stmt"/>
        <line num="1558" count="0" type="stmt"/>
        <line num="1570" count="0" type="cond" truecount="0" falsecount="4"/>
        <line num="1571" count="0" type="stmt"/>
        <line num="1572" count="0" type="stmt"/>
        <line num="1575" count="0" type="cond" truecount="0" falsecount="4"/>
        <line num="1576" count="0" type="cond" truecount="0" falsecount="2"/>
        <line num="1577" count="0" type="stmt"/>
        <line num="1584" count="0" type="stmt"/>
        <line num="1585" count="0" type="stmt"/>
        <line num="1586" count="0" type="stmt"/>
        <line num="1587" count="0" type="stmt"/>
        <line num="1592" count="22" type="stmt"/>
        <line num="1593" count="1" type="cond" truecount="1" falsecount="1"/>
        <line num="1594" count="1" type="stmt"/>
        <line num="1596" count="1" type="stmt"/>
        <line num="1598" count="1" type="cond" truecount="1" falsecount="1"/>
        <line num="1599" count="1" type="cond" truecount="1" falsecount="1"/>
        <line num="1600" count="1" type="stmt"/>
        <line num="1607" count="1" type="stmt"/>
        <line num="1608" count="1" type="stmt"/>
        <line num="1609" count="1" type="stmt"/>
        <line num="1610" count="1" type="stmt"/>
        <line num="1615" count="22" type="stmt"/>
        <line num="1616" count="22" type="stmt"/>
        <line num="1617" count="1" type="stmt"/>
        <line num="1618" count="1" type="stmt"/>
        <line num="1621" count="1" type="cond" truecount="1" falsecount="1"/>
        <line num="1622" count="1" type="cond" truecount="1" falsecount="1"/>
        <line num="1623" count="1" type="stmt"/>
        <line num="1625" count="1" type="stmt"/>
        <line num="1626" count="1" type="stmt"/>
        <line num="1627" count="1" type="stmt"/>
        <line num="1628" count="1" type="cond" truecount="2" falsecount="3"/>
        <line num="1629" count="1" type="cond" truecount="1" falsecount="1"/>
        <line num="1631" count="1" type="stmt"/>
        <line num="1633" count="1" type="stmt"/>
        <line num="1644" count="22" type="stmt"/>
        <line num="1652" count="22" type="stmt"/>
        <line num="1670" count="22" type="cond" truecount="1" falsecount="1"/>
        <line num="1672" count="0" type="stmt"/>
        <line num="1674" count="0" type="cond" truecount="0" falsecount="2"/>
        <line num="1677" count="0" type="stmt"/>
        <line num="1679" count="0" type="cond" truecount="0" falsecount="3"/>
        <line num="1683" count="0" type="stmt"/>
        <line num="1685" count="0" type="cond" truecount="0" falsecount="4"/>
        <line num="1690" count="0" type="stmt"/>
        <line num="1691" count="0" type="stmt"/>
        <line num="1693" count="0" type="stmt"/>
        <line num="1695" count="0" type="cond" truecount="0" falsecount="3"/>
        <line num="1699" count="0" type="stmt"/>
        <line num="1701" count="0" type="cond" truecount="0" falsecount="3"/>
        <line num="1706" count="0" type="stmt"/>
        <line num="1707" count="0" type="stmt"/>
        <line num="1708" count="0" type="stmt"/>
        <line num="1709" count="0" type="stmt"/>
        <line num="1711" count="0" type="cond" truecount="0" falsecount="5"/>
        <line num="1712" count="0" type="stmt"/>
        <line num="1713" count="0" type="stmt"/>
        <line num="1714" count="0" type="stmt"/>
        <line num="1717" count="0" type="stmt"/>
        <line num="1721" count="0" type="stmt"/>
        <line num="1725" count="0" type="stmt"/>
        <line num="1728" count="0" type="cond" truecount="0" falsecount="4"/>
        <line num="1729" count="0" type="stmt"/>
        <line num="1730" count="0" type="stmt"/>
        <line num="1731" count="0" type="stmt"/>
        <line num="1732" count="0" type="cond" truecount="0" falsecount="4"/>
        <line num="1733" count="0" type="stmt"/>
        <line num="1734" count="0" type="stmt"/>
        <line num="1735" count="0" type="stmt"/>
        <line num="1736" count="0" type="cond" truecount="0" falsecount="2"/>
        <line num="1737" count="0" type="stmt"/>
        <line num="1738" count="0" type="stmt"/>
        <line num="1739" count="0" type="stmt"/>
        <line num="1743" count="0" type="stmt"/>
        <line num="1744" count="0" type="stmt"/>
        <line num="1745" count="0" type="cond" truecount="0" falsecount="2"/>
        <line num="1746" count="0" type="cond" truecount="0" falsecount="2"/>
        <line num="1747" count="0" type="cond" truecount="0" falsecount="2"/>
        <line num="1748" count="0" type="stmt"/>
        <line num="1749" count="0" type="cond" truecount="0" falsecount="2"/>
        <line num="1752" count="0" type="stmt"/>
        <line num="1754" count="0" type="stmt"/>
        <line num="1762" count="22" type="stmt"/>
        <line num="1763" count="22" type="stmt"/>
        <line num="1764" count="22" type="stmt"/>
        <line num="1766" count="22" type="stmt"/>
        <line num="1767" count="308" type="stmt"/>
        <line num="1768" count="308" type="cond" truecount="1" falsecount="1"/>
        <line num="1771" count="22" type="stmt"/>
        <line num="1772" count="22" type="stmt"/>
        <line num="1773" count="22" type="stmt"/>
        <line num="1774" count="22" type="stmt"/>
        <line num="1775" count="22" type="stmt"/>
        <line num="1776" count="22" type="stmt"/>
        <line num="1777" count="22" type="stmt"/>
        <line num="1778" count="22" type="stmt"/>
        <line num="1779" count="22" type="stmt"/>
        <line num="1780" count="22" type="stmt"/>
        <line num="1781" count="22" type="stmt"/>
        <line num="1782" count="22" type="stmt"/>
        <line num="1783" count="22" type="stmt"/>
        <line num="1784" count="22" type="stmt"/>
        <line num="1786" count="22" type="cond" truecount="1" falsecount="1"/>
        <line num="1787" count="0" type="stmt"/>
        <line num="1788" count="22" type="cond" truecount="1" falsecount="1"/>
        <line num="1789" count="0" type="stmt"/>
        <line num="1790" count="22" type="cond" truecount="1" falsecount="1"/>
        <line num="1791" count="0" type="stmt"/>
        <line num="1792" count="22" type="cond" truecount="1" falsecount="1"/>
        <line num="1793" count="0" type="stmt"/>
        <line num="1794" count="22" type="cond" truecount="1" falsecount="1"/>
        <line num="1795" count="0" type="stmt"/>
        <line num="1801" count="22" type="stmt"/>
        <line num="1802" count="22" type="stmt"/>
        <line num="1803" count="0" type="cond" truecount="0" falsecount="2"/>
        <line num="1804" count="0" type="stmt"/>
        <line num="1805" count="0" type="stmt"/>
        <line num="1814" count="22" type="stmt"/>
        <line num="1817" count="22" type="stmt"/>
        <line num="1818" count="0" type="cond" truecount="0" falsecount="2"/>
        <line num="1819" count="0" type="cond" truecount="0" falsecount="2"/>
        <line num="1820" count="0" type="stmt"/>
        <line num="1821" count="0" type="stmt"/>
        <line num="1822" count="0" type="stmt"/>
        <line num="1823" count="0" type="stmt"/>
        <line num="1834" count="22" type="stmt"/>
        <line num="1835" count="1" type="stmt"/>
        <line num="1836" count="0" type="stmt"/>
        <line num="1847" count="22" type="stmt"/>
        <line num="1848" count="90" type="stmt"/>
        <line num="1849" count="2" type="stmt"/>
        <line num="1859" count="22" type="stmt"/>
        <line num="1867" count="22" type="stmt"/>
        <line num="1868" count="22" type="stmt"/>
        <line num="1869" count="524" type="cond" truecount="1" falsecount="1"/>
        <line num="1874" count="1032" type="cond" truecount="1" falsecount="1"/>
        <line num="1875" count="524" type="stmt"/>
        <line num="1876" count="524" type="stmt"/>
        <line num="1877" count="508" type="cond" truecount="2" falsecount="0"/>
        <line num="1878" count="508" type="cond" truecount="2" falsecount="0"/>
        <line num="1879" count="8" type="stmt"/>
        <line num="1880" count="8" type="stmt"/>
        <line num="1882" count="508" type="stmt"/>
        <line num="1884" count="524" type="stmt"/>
        <line num="1885" count="124756" type="cond" truecount="4" falsecount="2"/>
        <line num="1886" count="524" type="stmt"/>
        <line num="1896" count="22" type="stmt"/>
        <line num="1904" count="22" type="stmt"/>
        <line num="1905" count="22" type="stmt"/>
        <line num="1908" count="22" type="cond" truecount="2" falsecount="0"/>
        <line num="1909" count="22" type="cond" truecount="1" falsecount="1"/>
        <line num="1910" count="22" type="cond" truecount="1" falsecount="1"/>
        <line num="1911" count="22" type="cond" truecount="2" falsecount="0"/>
        <line num="1912" count="22" type="cond" truecount="2" falsecount="0"/>
        <line num="1913" count="22" type="cond" truecount="1" falsecount="1"/>
        <line num="1914" count="22" type="cond" truecount="2" falsecount="0"/>
        <line num="1915" count="22" type="cond" truecount="2" falsecount="0"/>
        <line num="1916" count="22" type="cond" truecount="1" falsecount="1"/>
        <line num="1917" count="22" type="cond" truecount="1" falsecount="1"/>
        <line num="1918" count="22" type="cond" truecount="1" falsecount="1"/>
        <line num="1921" count="22" type="cond" truecount="2" falsecount="0"/>
        <line num="1922" count="22" type="cond" truecount="2" falsecount="0"/>
        <line num="1923" count="22" type="cond" truecount="1" falsecount="1"/>
        <line num="1924" count="22" type="cond" truecount="2" falsecount="0"/>
        <line num="1925" count="22" type="cond" truecount="2" falsecount="0"/>
        <line num="1926" count="22" type="cond" truecount="1" falsecount="1"/>
        <line num="1927" count="22" type="cond" truecount="1" falsecount="1"/>
        <line num="1928" count="22" type="cond" truecount="1" falsecount="1"/>
        <line num="1929" count="22" type="cond" truecount="1" falsecount="1"/>
        <line num="1930" count="22" type="cond" truecount="1" falsecount="1"/>
        <line num="1932" count="22" type="stmt"/>
        <line num="1940" count="22" type="stmt"/>
        <line num="1941" count="22" type="stmt"/>
        <line num="1946" count="22" type="stmt"/>
        <line num="1958" count="22" type="stmt"/>
        <line num="1959" count="84" type="cond" truecount="3" falsecount="0"/>
        <line num="1961" count="82" type="stmt"/>
        <line num="1962" count="246" type="stmt"/>
        <line num="1964" count="246" type="stmt"/>
        <line num="1965" count="0" type="cond" truecount="0" falsecount="2"/>
        <line num="1966" count="0" type="cond" truecount="0" falsecount="2"/>
        <line num="1972" count="0" type="stmt"/>
        <line num="1973" count="0" type="stmt"/>
        <line num="1978" count="22" type="stmt"/>
        <line num="1987" count="526" type="cond" truecount="1" falsecount="1"/>
        <line num="1990" count="524" type="cond" truecount="1" falsecount="1"/>
        <line num="1991" count="524" type="cond" truecount="2" falsecount="0"/>
        <line num="1992" count="22" type="stmt"/>
        <line num="1994" count="524" type="cond" truecount="2" falsecount="0"/>
        <line num="1997" count="524" type="cond" truecount="2" falsecount="0"/>
        <line num="2000" count="524" type="stmt"/>
        <line num="2001" count="22" type="stmt"/>
        <line num="2002" count="524" type="cond" truecount="2" falsecount="0"/>
        <line num="2004" count="22" type="stmt"/>
        <line num="2005" count="523" type="cond" truecount="2" falsecount="0"/>
        <line num="2007" count="524" type="stmt"/>
        <line num="2008" count="524" type="stmt"/>
        <line num="2009" count="22" type="stmt"/>
        <line num="2010" count="524" type="cond" truecount="2" falsecount="0"/>
        <line num="2012" count="22" type="stmt"/>
        <line num="2013" count="524" type="stmt"/>
        <line num="2016" count="22" type="stmt"/>
        <line num="2017" count="524" type="cond" truecount="2" falsecount="1"/>
        <line num="2019" count="524" type="cond" truecount="1" falsecount="1"/>
        <line num="2020" count="524" type="cond" truecount="1" falsecount="1"/>
        <line num="2021" count="22" type="stmt"/>
        <line num="2023" count="524" type="cond" truecount="2" falsecount="0"/>
        <line num="2027" count="22" type="stmt"/>
        <line num="2028" count="22" type="stmt"/>
        <line num="2029" count="22" type="cond" truecount="2" falsecount="0"/>
        <line num="2031" count="5" type="stmt"/>
        <line num="2032" count="5" type="stmt"/>
        <line num="2034" count="0" type="stmt"/>
        <line num="2038" count="22" type="stmt"/>
        <line num="2039" count="22" type="stmt"/>
        <line num="2040" count="22" type="stmt"/>
        <line num="2041" count="22" type="cond" truecount="2" falsecount="0"/>
        <line num="2042" count="22" type="stmt"/>
        <line num="2043" count="22" type="stmt"/>
        <line num="2044" count="22" type="stmt"/>
        <line num="2047" count="22" type="stmt"/>
        <line num="2048" count="22" type="cond" truecount="2" falsecount="0"/>
        <line num="2049" count="1" type="stmt"/>
        <line num="2051" count="1" type="stmt"/>
        <line num="2052" count="2" type="stmt"/>
        <line num="2053" count="2" type="cond" truecount="1" falsecount="1"/>
        <line num="2054" count="0" type="stmt"/>
        <line num="2057" count="2" type="cond" truecount="2" falsecount="0"/>
        <line num="2058" count="1" type="stmt"/>
        <line num="2060" count="1" type="cond" truecount="5" falsecount="1"/>
        <line num="2061" count="0" type="stmt"/>
        <line num="2062" count="1" type="cond" truecount="2" falsecount="2"/>
        <line num="2064" count="1" type="cond" truecount="2" falsecount="4"/>
        <line num="2065" count="0" type="stmt"/>
        <line num="2066" count="0" type="cond" truecount="0" falsecount="2"/>
        <line num="2067" count="0" type="stmt"/>
        <line num="2073" count="22" type="stmt"/>
        <line num="2074" count="524" type="cond" truecount="1" falsecount="1"/>
        <line num="2075" count="524" type="cond" truecount="1" falsecount="1"/>
        <line num="2076" count="22" type="stmt"/>
        <line num="2080" count="61" type="cond" truecount="1" falsecount="1"/>
        <line num="2081" count="61" type="stmt"/>
        <line num="2082" count="61" type="stmt"/>
        <line num="2083" count="0" type="stmt"/>
        <line num="2084" count="61" type="stmt"/>
        <line num="2085" count="0" type="stmt"/>
        <line num="2086" count="61" type="stmt"/>
        <line num="2087" count="61" type="stmt"/>
        <line num="2089" count="22" type="stmt"/>
        <line num="2092" count="22" type="stmt"/>
        <line num="2094" count="0" type="stmt"/>
        <line num="2096" count="22" type="stmt"/>
        <line num="2098" count="1" type="stmt"/>
        <line num="2100" count="22" type="stmt"/>
        <line num="2102" count="90" type="stmt"/>
        <line num="2104" count="22" type="stmt"/>
        <line num="2107" count="22" type="stmt"/>
        <line num="2116" count="22" type="stmt"/>
        <line num="2127" count="22" type="stmt"/>
        <line num="2128" count="22" type="stmt"/>
        <line num="2129" count="22" type="stmt"/>
        <line num="2130" count="22" type="stmt"/>
        <line num="2131" count="22" type="stmt"/>
        <line num="2132" count="22" type="stmt"/>
        <line num="2133" count="22" type="stmt"/>
        <line num="2136" count="22" type="cond" truecount="3" falsecount="1"/>
        <line num="2137" count="0" type="stmt"/>
        <line num="2138" count="0" type="stmt"/>
        <line num="2147" count="0" type="stmt"/>
        <line num="2148" count="0" type="cond" truecount="0" falsecount="2"/>
        <line num="2149" count="0" type="stmt"/>
        <line num="2150" count="0" type="stmt"/>
        <line num="2151" count="0" type="stmt"/>
        <line num="2152" count="0" type="stmt"/>
        <line num="2156" count="22" type="cond" truecount="3" falsecount="1"/>
        <line num="2157" count="0" type="stmt"/>
        <line num="2158" count="0" type="stmt"/>
        <line num="2167" count="0" type="stmt"/>
        <line num="2168" count="0" type="cond" truecount="0" falsecount="2"/>
        <line num="2169" count="0" type="stmt"/>
        <line num="2170" count="0" type="stmt"/>
        <line num="2171" count="0" type="stmt"/>
        <line num="2172" count="0" type="stmt"/>
        <line num="2176" count="0" type="cond" truecount="0" falsecount="2"/>
        <line num="2177" count="0" type="stmt"/>
        <line num="2178" count="0" type="cond" truecount="0" falsecount="2"/>
        <line num="2180" count="0" type="stmt"/>
        <line num="2181" count="0" type="cond" truecount="0" falsecount="2"/>
        <line num="2182" count="0" type="stmt"/>
        <line num="2183" count="0" type="stmt"/>
        <line num="2184" count="0" type="stmt"/>
        <line num="2185" count="0" type="stmt"/>
        <line num="2192" count="22" type="stmt"/>
        <line num="2195" count="22" type="stmt"/>
        <line num="2199" count="22" type="cond" truecount="7" falsecount="0"/>
        <line num="2206" count="17" type="stmt"/>
        <line num="2207" count="14" type="cond" truecount="1" falsecount="1"/>
        <line num="2210" count="22" type="cond" truecount="2" falsecount="0"/>
        <line num="2211" count="14" type="cond" truecount="1" falsecount="1"/>
        <line num="2213" count="3" type="stmt"/>
        <line num="2218" count="22" type="cond" truecount="6" falsecount="0"/>
        <line num="2227" count="22" type="cond" truecount="6" falsecount="0"/>
        <line num="2236" count="22" type="cond" truecount="1" falsecount="1"/>
        <line num="2242" count="22" type="cond" truecount="2" falsecount="0"/>
        <line num="2245" count="22" type="stmt"/>
        <line num="2246" count="22" type="cond" truecount="1" falsecount="1"/>
        <line num="2247" count="22" type="cond" truecount="3" falsecount="1"/>
        <line num="2248" count="22" type="cond" truecount="2" falsecount="0"/>
        <line num="2251" count="524" type="stmt"/>
        <line num="2252" count="524" type="cond" truecount="1" falsecount="1"/>
        <line num="2253" count="22" type="cond" truecount="3" falsecount="0"/>
        <line num="2254" count="22" type="cond" truecount="3" falsecount="0"/>
        <line num="2255" count="22" type="stmt"/>
        <line num="2256" count="22" type="stmt"/>
        <line num="2257" count="22" type="stmt"/>
        <line num="2259" count="22" type="cond" truecount="3" falsecount="0"/>
        <line num="2263" count="524" type="cond" truecount="4" falsecount="0"/>
        <line num="2268" count="22" type="cond" truecount="2" falsecount="0"/>
        <line num="2271" count="516" type="cond" truecount="6" falsecount="1"/>
        <line num="2277" count="250023" type="cond" truecount="3" falsecount="0"/>
        <line num="2282" count="22" type="stmt"/>
        <line num="2283" count="22" type="stmt"/>
        <line num="2284" count="22" type="cond" truecount="1" falsecount="1"/>
        <line num="2285" count="0" type="stmt"/>
        <line num="2286" count="0" type="stmt"/>
        <line num="2287" count="22" type="cond" truecount="1" falsecount="1"/>
        <line num="2288" count="0" type="stmt"/>
        <line num="2289" count="0" type="stmt"/>
        <line num="2290" count="22" type="cond" truecount="1" falsecount="1"/>
        <line num="2291" count="0" type="stmt"/>
        <line num="2292" count="0" type="stmt"/>
        <line num="2293" count="22" type="cond" truecount="1" falsecount="1"/>
        <line num="2294" count="0" type="stmt"/>
        <line num="2295" count="0" type="stmt"/>
        <line num="2296" count="22" type="cond" truecount="1" falsecount="1"/>
        <line num="2297" count="0" type="stmt"/>
        <line num="2298" count="0" type="stmt"/>
        <line num="2299" count="22" type="cond" truecount="2" falsecount="0"/>
        <line num="2300" count="5" type="stmt"/>
        <line num="2301" count="5" type="stmt"/>
        <line num="2302" count="17" type="cond" truecount="1" falsecount="1"/>
        <line num="2303" count="0" type="cond" truecount="0" falsecount="4"/>
        <line num="2304" count="0" type="stmt"/>
        <line num="2305" count="0" type="stmt"/>
        <line num="2307" count="0" type="stmt"/>
        <line num="2308" count="0" type="stmt"/>
        <line num="2310" count="17" type="cond" truecount="2" falsecount="0"/>
        <line num="2311" count="1" type="cond" truecount="1" falsecount="1"/>
        <line num="2312" count="0" type="stmt"/>
        <line num="2313" count="0" type="stmt"/>
        <line num="2314" count="1" type="cond" truecount="1" falsecount="1"/>
        <line num="2315" count="0" type="stmt"/>
        <line num="2316" count="0" type="stmt"/>
        <line num="2318" count="1" type="stmt"/>
        <line num="2319" count="1" type="stmt"/>
        <line num="2321" count="16" type="cond" truecount="3" falsecount="1"/>
        <line num="2322" count="0" type="stmt"/>
        <line num="2323" count="0" type="stmt"/>
        <line num="2324" count="16" type="cond" truecount="3" falsecount="1"/>
        <line num="2325" count="0" type="stmt"/>
        <line num="2326" count="0" type="stmt"/>
        <line num="2327" count="16" type="cond" truecount="1" falsecount="1"/>
        <line num="2328" count="0" type="stmt"/>
        <line num="2329" count="0" type="stmt"/>
        <line num="2330" count="16" type="cond" truecount="1" falsecount="1"/>
        <line num="2331" count="0" type="stmt"/>
        <line num="2332" count="0" type="stmt"/>
        <line num="2336" count="22" type="cond" truecount="5" falsecount="0"/>
        <line num="2337" count="5" type="cond" truecount="3" falsecount="1"/>
        <line num="2338" count="5" type="cond" truecount="3" falsecount="1"/>
        <line num="2339" count="0" type="stmt"/>
        <line num="2343" count="22" type="cond" truecount="1" falsecount="1"/>
        <line num="2346" count="22" type="stmt"/>
        <line num="2347" count="524" type="cond" truecount="4" falsecount="0"/>
        <line num="2348" count="0" type="stmt"/>
        <line num="2349" count="0" type="stmt"/>
        <line num="2353" count="22" type="stmt"/>
        <line num="2451" count="524" type="stmt"/>
        <line num="2452" count="524" type="cond" truecount="2" falsecount="0"/>
        <line num="2461" count="22" type="stmt"/>
        <line num="2462" count="22" type="stmt"/>
        <line num="2463" count="22" type="stmt"/>
        <line num="2466" count="22" type="stmt"/>
        <line num="2467" count="22" type="cond" truecount="4" falsecount="0"/>
        <line num="2468" count="2" type="cond" truecount="2" falsecount="0"/>
        <line num="2469" count="22" type="cond" truecount="1" falsecount="1"/>
        <line num="2470" count="22" type="cond" truecount="1" falsecount="1"/>
        <line num="2471" count="22" type="cond" truecount="1" falsecount="1"/>
        <line num="2472" count="22" type="cond" truecount="2" falsecount="0"/>
        <line num="2473" count="22" type="cond" truecount="2" falsecount="0"/>
        <line num="2474" count="22" type="cond" truecount="2" falsecount="0"/>
        <line num="2475" count="22" type="cond" truecount="2" falsecount="0"/>
        <line num="2476" count="1" type="stmt"/>
        <line num="2477" count="22" type="cond" truecount="1" falsecount="1"/>
        <line num="2478" count="0" type="stmt"/>
        <line num="2479" count="22" type="cond" truecount="2" falsecount="0"/>
        <line num="2480" count="22" type="cond" truecount="1" falsecount="1"/>
        <line num="2481" count="22" type="cond" truecount="2" falsecount="0"/>
        <line num="2484" count="22" type="stmt"/>
        <line num="2485" count="22" type="cond" truecount="3" falsecount="1"/>
        <line num="2487" count="22" type="stmt"/>
        <line num="2488" count="22" type="stmt"/>
        <line num="2490" count="22" type="stmt"/>
        <line num="2496" count="1" type="cond" truecount="1" falsecount="1"/>
        <line num="2497" count="0" type="stmt"/>
        <line num="2498" count="0" type="stmt"/>
        <line num="2499" count="0" type="stmt"/>
        <line num="2500" count="0" type="stmt"/>
        <line num="2501" count="0" type="stmt"/>
        <line num="2504" count="1" type="cond" truecount="3" falsecount="1"/>
        <line num="2505" count="1" type="stmt"/>
      </file>
      <file name="app.js" path="C:\Users\User\Desktop\Ai doc generator\js\app.js">
        <metrics statements="123" coveredstatements="0" conditionals="92" coveredconditionals="0" methods="17" coveredmethods="0"/>
        <line num="22" count="0" type="cond" truecount="0" falsecount="2"/>
        <line num="23" count="0" type="stmt"/>
        <line num="37" count="0" type="cond" truecount="0" falsecount="2"/>
        <line num="38" count="0" type="stmt"/>
        <line num="40" count="0" type="cond" truecount="0" falsecount="2"/>
        <line num="41" count="0" type="stmt"/>
        <line num="44" count="0" type="stmt"/>
        <line num="45" count="0" type="stmt"/>
        <line num="48" count="0" type="stmt"/>
        <line num="51" count="0" type="stmt"/>
        <line num="54" count="0" type="stmt"/>
        <line num="55" count="0" type="stmt"/>
        <line num="56" count="0" type="cond" truecount="0" falsecount="4"/>
        <line num="57" count="0" type="stmt"/>
        <line num="59" count="0" type="stmt"/>
        <line num="63" count="0" type="stmt"/>
        <line num="64" count="0" type="stmt"/>
        <line num="68" count="0" type="stmt"/>
        <line num="77" count="0" type="cond" truecount="0" falsecount="2"/>
        <line num="79" count="0" type="stmt"/>
        <line num="80" count="0" type="stmt"/>
        <line num="81" count="0" type="cond" truecount="0" falsecount="2"/>
        <line num="83" count="0" type="cond" truecount="0" falsecount="4"/>
        <line num="84" count="0" type="stmt"/>
        <line num="88" count="0" type="cond" truecount="0" falsecount="2"/>
        <line num="89" count="0" type="stmt"/>
        <line num="95" count="0" type="stmt"/>
        <line num="98" count="0" type="stmt"/>
        <line num="106" count="0" type="stmt"/>
        <line num="108" count="0" type="cond" truecount="0" falsecount="4"/>
        <line num="109" count="0" type="stmt"/>
        <line num="110" count="0" type="stmt"/>
        <line num="114" count="0" type="stmt"/>
        <line num="117" count="0" type="stmt"/>
        <line num="119" count="0" type="stmt"/>
        <line num="121" count="0" type="stmt"/>
        <line num="122" count="0" type="stmt"/>
        <line num="125" count="0" type="stmt"/>
        <line num="128" count="0" type="stmt"/>
        <line num="129" count="0" type="stmt"/>
        <line num="132" count="0" type="stmt"/>
        <line num="133" count="0" type="stmt"/>
        <line num="136" count="0" type="stmt"/>
        <line num="139" count="0" type="stmt"/>
        <line num="140" count="0" type="stmt"/>
        <line num="141" count="0" type="stmt"/>
        <line num="142" count="0" type="stmt"/>
        <line num="143" count="0" type="stmt"/>
        <line num="146" count="0" type="stmt"/>
        <line num="147" count="0" type="cond" truecount="0" falsecount="2"/>
        <line num="148" count="0" type="stmt"/>
        <line num="151" count="0" type="stmt"/>
        <line num="152" count="0" type="cond" truecount="0" falsecount="2"/>
        <line num="153" count="0" type="stmt"/>
        <line num="163" count="0" type="stmt"/>
        <line num="174" count="0" type="cond" truecount="0" falsecount="4"/>
        <line num="175" count="0" type="stmt"/>
        <line num="176" count="0" type="stmt"/>
        <line num="180" count="0" type="stmt"/>
        <line num="181" count="0" type="cond" truecount="0" falsecount="2"/>
        <line num="182" count="0" type="stmt"/>
        <line num="187" count="0" type="stmt"/>
        <line num="190" count="0" type="stmt"/>
        <line num="192" count="0" type="stmt"/>
        <line num="194" count="0" type="stmt"/>
        <line num="195" count="0" type="stmt"/>
        <line num="200" count="0" type="stmt"/>
        <line num="201" count="0" type="stmt"/>
        <line num="202" count="0" type="stmt"/>
        <line num="203" count="0" type="stmt"/>
        <line num="205" count="0" type="stmt"/>
        <line num="208" count="0" type="stmt"/>
        <line num="210" count="0" type="cond" truecount="0" falsecount="4"/>
        <line num="211" count="0" type="stmt"/>
        <line num="212" count="0" type="stmt"/>
        <line num="215" count="0" type="stmt"/>
        <line num="216" count="0" type="stmt"/>
        <line num="218" count="0" type="cond" truecount="0" falsecount="2"/>
        <line num="219" count="0" type="cond" truecount="0" falsecount="2"/>
        <line num="220" count="0" type="stmt"/>
        <line num="226" count="0" type="cond" truecount="0" falsecount="2"/>
        <line num="227" count="0" type="cond" truecount="0" falsecount="2"/>
        <line num="228" count="0" type="stmt"/>
        <line num="230" count="0" type="cond" truecount="0" falsecount="2"/>
        <line num="231" count="0" type="stmt"/>
        <line num="236" count="0" type="cond" truecount="0" falsecount="2"/>
        <line num="237" count="0" type="stmt"/>
        <line num="241" count="0" type="stmt"/>
        <line num="242" count="0" type="cond" truecount="0" falsecount="2"/>
        <line num="243" count="0" type="stmt"/>
        <line num="244" count="0" type="cond" truecount="0" falsecount="2"/>
        <line num="245" count="0" type="stmt"/>
        <line num="249" count="0" type="stmt"/>
        <line num="261" count="0" type="stmt"/>
        <line num="308" count="0" type="stmt"/>
        <line num="318" count="0" type="stmt"/>
        <line num="319" count="0" type="cond" truecount="0" falsecount="2"/>
        <line num="322" count="0" type="stmt"/>
        <line num="323" count="0" type="cond" truecount="0" falsecount="2"/>
        <line num="326" count="0" type="stmt"/>
        <line num="327" count="0" type="cond" truecount="0" falsecount="2"/>
        <line num="330" count="0" type="stmt"/>
        <line num="331" count="0" type="cond" truecount="0" falsecount="2"/>
        <line num="333" count="0" type="stmt"/>
        <line num="334" count="0" type="cond" truecount="0" falsecount="2"/>
        <line num="337" count="0" type="stmt"/>
        <line num="338" count="0" type="stmt"/>
        <line num="340" count="0" type="stmt"/>
        <line num="341" count="0" type="stmt"/>
        <line num="345" count="0" type="stmt"/>
        <line num="346" count="0" type="cond" truecount="0" falsecount="2"/>
        <line num="349" count="0" type="stmt"/>
        <line num="350" count="0" type="stmt"/>
        <line num="351" count="0" type="stmt"/>
        <line num="355" count="0" type="stmt"/>
        <line num="356" count="0" type="cond" truecount="0" falsecount="2"/>
        <line num="358" count="0" type="stmt"/>
        <line num="359" count="0" type="cond" truecount="0" falsecount="2"/>
        <line num="362" count="0" type="stmt"/>
        <line num="365" count="0" type="stmt"/>
        <line num="372" count="0" type="stmt"/>
        <line num="375" count="0" type="cond" truecount="0" falsecount="4"/>
        <line num="376" count="0" type="stmt"/>
      </file>
      <file name="explorer.js" path="C:\Users\User\Desktop\Ai doc generator\js\explorer.js">
        <metrics statements="66" coveredstatements="0" conditionals="20" coveredconditionals="0" methods="5" coveredmethods="0"/>
        <line num="7" count="0" type="stmt"/>
        <line num="8" count="0" type="stmt"/>
        <line num="9" count="0" type="stmt"/>
        <line num="10" count="0" type="stmt"/>
        <line num="11" count="0" type="stmt"/>
        <line num="12" count="0" type="stmt"/>
        <line num="13" count="0" type="stmt"/>
        <line num="14" count="0" type="stmt"/>
        <line num="15" count="0" type="stmt"/>
        <line num="16" count="0" type="stmt"/>
        <line num="21" count="0" type="cond" truecount="0" falsecount="2"/>
        <line num="22" count="0" type="stmt"/>
        <line num="23" count="0" type="stmt"/>
        <line num="26" count="0" type="stmt"/>
        <line num="27" count="0" type="stmt"/>
        <line num="29" count="0" type="stmt"/>
        <line num="38" count="0" type="stmt"/>
        <line num="39" count="0" type="cond" truecount="0" falsecount="2"/>
        <line num="43" count="0" type="stmt"/>
        <line num="58" count="0" type="stmt"/>
        <line num="60" count="0" type="stmt"/>
        <line num="61" count="0" type="stmt"/>
        <line num="62" count="0" type="stmt"/>
        <line num="63" count="0" type="stmt"/>
        <line num="64" count="0" type="stmt"/>
        <line num="65" count="0" type="stmt"/>
        <line num="66" count="0" type="stmt"/>
        <line num="67" count="0" type="stmt"/>
        <line num="68" count="0" type="stmt"/>
        <line num="69" count="0" type="stmt"/>
        <line num="70" count="0" type="stmt"/>
        <line num="72" count="0" type="stmt"/>
        <line num="73" count="0" type="stmt"/>
        <line num="79" count="0" type="stmt"/>
        <line num="80" count="0" type="stmt"/>
        <line num="81" count="0" type="stmt"/>
        <line num="84" count="0" type="stmt"/>
        <line num="85" count="0" type="stmt"/>
        <line num="86" count="0" type="stmt"/>
        <line num="87" count="0" type="stmt"/>
        <line num="88" count="0" type="stmt"/>
        <line num="89" count="0" type="stmt"/>
        <line num="90" count="0" type="stmt"/>
        <line num="91" count="0" type="stmt"/>
        <line num="92" count="0" type="stmt"/>
        <line num="93" count="0" type="stmt"/>
        <line num="95" count="0" type="stmt"/>
        <line num="97" count="0" type="stmt"/>
        <line num="102" count="0" type="stmt"/>
        <line num="105" count="0" type="stmt"/>
        <line num="106" count="0" type="cond" truecount="0" falsecount="2"/>
        <line num="108" count="0" type="stmt"/>
        <line num="109" count="0" type="cond" truecount="0" falsecount="2"/>
        <line num="110" count="0" type="stmt"/>
        <line num="111" count="0" type="stmt"/>
        <line num="114" count="0" type="cond" truecount="0" falsecount="2"/>
        <line num="115" count="0" type="cond" truecount="0" falsecount="2"/>
        <line num="116" count="0" type="stmt"/>
        <line num="117" count="0" type="stmt"/>
        <line num="124" count="0" type="cond" truecount="0" falsecount="2"/>
        <line num="125" count="0" type="stmt"/>
        <line num="126" count="0" type="stmt"/>
        <line num="127" count="0" type="stmt"/>
        <line num="128" count="0" type="stmt"/>
        <line num="131" count="0" type="cond" truecount="0" falsecount="4"/>
        <line num="132" count="0" type="stmt"/>
      </file>
      <file name="generator.js" path="C:\Users\User\Desktop\Ai doc generator\js\generator.js">
        <metrics statements="454" coveredstatements="0" conditionals="820" coveredconditionals="0" methods="68" coveredmethods="0"/>
        <line num="8" count="0" type="stmt"/>
        <line num="11" count="0" type="stmt"/>
        <line num="16" count="0" type="cond" truecount="0" falsecount="2"/>
        <line num="17" count="0" type="stmt"/>
        <line num="21" count="0" type="stmt"/>
        <line num="23" count="0" type="cond" truecount="0" falsecount="2"/>
        <line num="24" count="0" type="stmt"/>
        <line num="25" count="0" type="cond" truecount="0" falsecount="2"/>
        <line num="26" count="0" type="cond" truecount="0" falsecount="2"/>
        <line num="27" count="0" type="stmt"/>
        <line num="28" count="0" type="cond" truecount="0" falsecount="2"/>
        <line num="29" count="0" type="cond" truecount="0" falsecount="2"/>
        <line num="30" count="0" type="cond" truecount="0" falsecount="2"/>
        <line num="32" count="0" type="cond" truecount="0" falsecount="2"/>
        <line num="33" count="0" type="cond" truecount="0" falsecount="2"/>
        <line num="34" count="0" type="cond" truecount="0" falsecount="2"/>
        <line num="35" count="0" type="cond" truecount="0" falsecount="2"/>
        <line num="36" count="0" type="cond" truecount="0" falsecount="2"/>
        <line num="39" count="0" type="cond" truecount="0" falsecount="2"/>
        <line num="40" count="0" type="stmt"/>
        <line num="41" count="0" type="cond" truecount="0" falsecount="2"/>
        <line num="42" count="0" type="stmt"/>
        <line num="43" count="0" type="cond" truecount="0" falsecount="2"/>
        <line num="44" count="0" type="stmt"/>
        <line num="45" count="0" type="cond" truecount="0" falsecount="2"/>
        <line num="46" count="0" type="stmt"/>
        <line num="47" count="0" type="cond" truecount="0" falsecount="2"/>
        <line num="48" count="0" type="cond" truecount="0" falsecount="2"/>
        <line num="49" count="0" type="stmt"/>
        <line num="50" count="0" type="cond" truecount="0" falsecount="2"/>
        <line num="51" count="0" type="stmt"/>
        <line num="52" count="0" type="cond" truecount="0" falsecount="2"/>
[...]
        <line num="306" count="0" type="stmt"/>
        <line num="307" count="0" type="stmt"/>
        <line num="309" count="0" type="stmt"/>
        <line num="310" count="0" type="stmt"/>
        <line num="311" count="0" type="stmt"/>
        <line num="313" count="0" type="stmt"/>
        <line num="314" count="0" type="stmt"/>
        <line num="315" count="0" type="stmt"/>
        <line num="317" count="0" type="stmt"/>
        <line num="318" count="0" type="stmt"/>
        <line num="320" count="0" type="stmt"/>
        <line num="321" count="0" type="stmt"/>
        <line num="322" count="0" type="stmt"/>
        <line num="323" count="0" type="stmt"/>
        <line num="325" count="0" type="stmt"/>
        <line num="326" count="0" type="stmt"/>
        <line num="327" count="0" type="cond" truecount="0" falsecount="2"/>
        <line num="328" count="0" type="cond" truecount="0" falsecount="2"/>
        <line num="329" count="0" type="stmt"/>
        <line num="332" count="0" type="cond" truecount="0" falsecount="2"/>
        <line num="333" count="0" type="stmt"/>
        <line num="337" count="0" type="cond" truecount="0" falsecount="2"/>
        <line num="341" count="0" type="stmt"/>
        <line num="344" count="0" type="stmt"/>
        <line num="345" count="0" type="stmt"/>
        <line num="346" count="0" type="stmt"/>
        <line num="348" count="0" type="stmt"/>
        <line num="349" count="0" type="stmt"/>
        <line num="350" count="0" type="stmt"/>
        <line num="352" count="0" type="stmt"/>
        <line num="353" count="0" type="stmt"/>
        <line num="354" count="0" type="stmt"/>
        <line num="355" count="0" type="stmt"/>
        <line num="357" count="0" type="stmt"/>
        <line num="358" count="0" type="stmt"/>
        <line num="359" count="0" type="stmt"/>
        <line num="361" count="0" type="stmt"/>
        <line num="362" count="0" type="stmt"/>
        <line num="365" count="0" type="stmt"/>
        <line num="370" count="0" type="stmt"/>
        <line num="402" count="0" type="cond" truecount="0" falsecount="2"/>
        <line num="406" count="0" type="cond" truecount="0" falsecount="2"/>
        <line num="407" count="0" type="cond" truecount="0" falsecount="4"/>
        <line num="408" count="0" type="cond" truecount="0" falsecount="2"/>
        <line num="409" count="0" type="cond" truecount="0" falsecount="2"/>
        <line num="410" count="0" type="cond" truecount="0" falsecount="2"/>
        <line num="411" count="0" type="cond" truecount="0" falsecount="2"/>
        <line num="412" count="0" type="cond" truecount="0" falsecount="2"/>
        <line num="414" count="0" type="stmt"/>
        <line num="449" count="0" type="cond" truecount="0" falsecount="2"/>
        <line num="453" count="0" type="cond" truecount="0" falsecount="4"/>
        <line num="454" count="0" type="cond" truecount="0" falsecount="2"/>
        <line num="455" count="0" type="cond" truecount="0" falsecount="2"/>
        <line num="456" count="0" type="stmt"/>
        <line num="463" count="0" type="stmt"/>
        <line num="464" count="0" type="stmt"/>
        <line num="465" count="0" type="stmt"/>
        <line num="467" count="0" type="cond" truecount="0" falsecount="2"/>
        <line num="469" count="0" type="stmt"/>
        <line num="470" count="0" type="stmt"/>
        <line num="472" count="0" type="stmt"/>
        <line num="473" count="0" type="stmt"/>
        <line num="477" count="0" type="stmt"/>
        <line num="478" count="0" type="stmt"/>
        <line num="479" count="0" type="stmt"/>
        <line num="480" count="0" type="stmt"/>
        <line num="481" count="0" type="cond" truecount="0" falsecount="2"/>
        <line num="482" count="0" type="cond" truecount="0" falsecount="2"/>
        <line num="483" count="0" type="stmt"/>
        <line num="484" count="0" type="cond" truecount="0" falsecount="2"/>
        <line num="488" count="0" type="cond" truecount="0" falsecount="2"/>
        <line num="489" count="0" type="cond" truecount="0" falsecount="2"/>
        <line num="490" count="0" type="cond" truecount="0" falsecount="2"/>
        <line num="491" count="0" type="cond" truecount="0" falsecount="2"/>
        <line num="492" count="0" type="stmt"/>
        <line num="501" count="0" type="stmt"/>
        <line num="502" count="0" type="cond" truecount="0" falsecount="2"/>
        <line num="503" count="0" type="cond" truecount="0" falsecount="2"/>
        <line num="504" count="0" type="stmt"/>
        <line num="514" count="0" type="cond" truecount="0" falsecount="2"/>
        <line num="515" count="0" type="stmt"/>
        <line num="526" count="0" type="stmt"/>
        <line num="531" count="0" type="stmt"/>
        <line num="532" count="0" type="stmt"/>
        <line num="535" count="0" type="stmt"/>
        <line num="536" count="0" type="cond" truecount="0" falsecount="2"/>
        <line num="537" count="0" type="stmt"/>
        <line num="558" count="0" type="stmt"/>
        <line num="560" count="0" type="stmt"/>
        <line num="571" count="0" type="stmt"/>
        <line num="572" count="0" type="cond" truecount="0" falsecount="2"/>
        <line num="573" count="0" type="stmt"/>
        <line num="583" count="0" type="stmt"/>
        <line num="589" count="0" type="stmt"/>
        <line num="591" count="0" type="stmt"/>
        <line num="593" count="0" type="stmt"/>
        <line num="604" count="0" type="stmt"/>
        <line num="605" count="0" type="cond" truecount="0" falsecount="2"/>
        <line num="606" count="0" type="stmt"/>
        <line num="607" count="0" type="stmt"/>
        <line num="610" count="0" type="stmt"/>
        <line num="613" count="0" type="stmt"/>
        <line num="617" count="0" type="stmt"/>
        <line num="630" count="0" type="stmt"/>
        <line num="631" count="0" type="cond" truecount="0" falsecount="4"/>
        <line num="632" count="0" type="stmt"/>
        <line num="640" count="0" type="stmt"/>
        <line num="642" count="0" type="cond" truecount="0" falsecount="2"/>
        <line num="643" count="0" type="stmt"/>
        <line num="660" count="0" type="stmt"/>
        <line num="661" count="0" type="stmt"/>
        <line num="663" count="0" type="cond" truecount="0" falsecount="2"/>
        <line num="664" count="0" type="stmt"/>
        <line num="665" count="0" type="stmt"/>
        <line num="668" count="0" type="cond" truecount="0" falsecount="2"/>
        <line num="670" count="0" type="cond" truecount="0" falsecount="2"/>
        <line num="671" count="0" type="stmt"/>
        <line num="677" count="0" type="stmt"/>
        <line num="680" count="0" type="stmt"/>
        <line num="682" count="0" type="stmt"/>
        <line num="699" count="0" type="stmt"/>
        <line num="700" count="0" type="stmt"/>
        <line num="701" count="0" type="stmt"/>
        <line num="702" count="0" type="stmt"/>
        <line num="703" count="0" type="stmt"/>
        <line num="704" count="0" type="stmt"/>
        <line num="705" count="0" type="cond" truecount="0" falsecount="4"/>
        <line num="715" count="0" type="stmt"/>
        <line num="716" count="0" type="stmt"/>
        <line num="718" count="0" type="cond" truecount="0" falsecount="2"/>
        <line num="719" count="0" type="cond" truecount="0" falsecount="2"/>
        <line num="720" count="0" type="stmt"/>
        <line num="721" count="0" type="stmt"/>
        <line num="723" count="0" type="cond" truecount="0" falsecount="4"/>
        <line num="724" count="0" type="stmt"/>
        <line num="736" count="0" type="cond" truecount="0" falsecount="2"/>
        <line num="737" count="0" type="stmt"/>
        <line num="738" count="0" type="stmt"/>
        <line num="739" count="0" type="stmt"/>
        <line num="740" count="0" type="stmt"/>
        <line num="741" count="0" type="stmt"/>
        <line num="742" count="0" type="stmt"/>
        <line num="743" count="0" type="stmt"/>
        <line num="744" count="0" type="stmt"/>
        <line num="745" count="0" type="stmt"/>
        <line num="746" count="0" type="stmt"/>
        <line num="749" count="0" type="cond" truecount="0" falsecount="4"/>
        <line num="750" count="0" type="stmt"/>
      </file>
      <file name="uploader.js" path="C:\Users\User\Desktop\Ai doc generator\js\uploader.js">
        <metrics statements="202" coveredstatements="0" conditionals="174" coveredconditionals="0" methods="32" coveredmethods="0"/>
        <line num="11" count="0" type="stmt"/>
        <line num="12" count="0" type="stmt"/>
        <line num="13" count="0" type="stmt"/>
        <line num="14" count="0" type="stmt"/>
        <line num="17" count="0" type="stmt"/>
        <line num="18" count="0" type="stmt"/>
        <line num="19" count="0" type="cond" truecount="0" falsecount="2"/>
        <line num="23" count="0" type="cond" truecount="0" falsecount="2"/>
        <line num="24" count="0" type="stmt"/>
        <line num="25" count="0" type="stmt"/>
        <line num="26" count="0" type="stmt"/>
        <line num="27" count="0" type="stmt"/>
        <line num="29" count="0" type="stmt"/>
        <line num="30" count="0" type="stmt"/>
        <line num="31" count="0" type="stmt"/>
        <line num="32" count="0" type="stmt"/>
        <line num="33" count="0" type="stmt"/>
        <line num="34" count="0" type="stmt"/>
        <line num="35" count="0" type="cond" truecount="0" falsecount="2"/>
        <line num="36" count="0" type="cond" truecount="0" falsecount="4"/>
        <line num="37" count="0" type="stmt"/>
        <line num="39" count="0" type="stmt"/>
        <line num="45" count="0" type="stmt"/>
        <line num="46" count="0" type="stmt"/>
        <line num="47" count="0" type="stmt"/>
        <line num="50" count="0" type="stmt"/>
        <line num="51" count="0" type="stmt"/>
        <line num="53" count="0" type="stmt"/>
        <line num="54" count="0" type="cond" truecount="0" falsecount="2"/>
        <line num="57" count="0" type="stmt"/>
        <line num="58" count="0" type="stmt"/>
        <line num="59" count="0" type="cond" truecount="0" falsecount="2"/>
        <line num="62" count="0" type="stmt"/>
        <line num="63" count="0" type="cond" truecount="0" falsecount="2"/>
        <line num="64" count="0" type="stmt"/>
        <line num="65" count="0" type="cond" truecount="0" falsecount="2"/>
        <line num="70" count="0" type="stmt"/>
        <line num="74" count="0" type="stmt"/>
        <line num="75" count="0" type="stmt"/>
        <line num="76" count="0" type="cond" truecount="0" falsecount="2"/>
        <line num="83" count="0" type="stmt"/>
        <line num="84" count="0" type="cond" truecount="0" falsecount="2"/>
        <line num="85" count="0" type="stmt"/>
        <line num="89" count="0" type="stmt"/>
        <line num="90" count="0" type="stmt"/>
        <line num="91" count="0" type="stmt"/>
        <line num="92" count="0" type="stmt"/>
        <line num="93" count="0" type="stmt"/>
        <line num="94" count="0" type="stmt"/>
        <line num="96" count="0" type="cond" truecount="0" falsecount="2"/>
        <line num="97" count="0" type="cond" truecount="0" falsecount="2"/>
        <line num="98" count="0" type="cond" truecount="0" falsecount="2"/>
        <line num="99" count="0" type="cond" truecount="0" falsecount="4"/>
        <line num="100" count="0" type="cond" truecount="0" falsecount="4"/>
        <line num="101" count="0" type="cond" truecount="0" falsecount="4"/>
        <line num="108" count="0" type="cond" truecount="0" falsecount="2"/>
        <line num="109" count="0" type="stmt"/>
        <line num="110" count="0" type="stmt"/>
        <line num="112" count="0" type="cond" truecount="0" falsecount="2"/>
        <line num="113" count="0" type="stmt"/>
        <line num="114" count="0" type="stmt"/>
        <line num="116" count="0" type="cond" truecount="0" falsecount="2"/>
        <line num="117" count="0" type="stmt"/>
        <line num="118" count="0" type="stmt"/>
        <line num="121" count="0" type="stmt"/>
        <line num="123" count="0" type="stmt"/>
        <line num="124" count="0" type="stmt"/>
        <line num="125" count="0" type="stmt"/>
        <line num="127" count="0" type="stmt"/>
        <line num="128" count="0" type="stmt"/>
        <line num="129" count="0" type="stmt"/>
        <line num="130" count="0" type="stmt"/>
        <line num="132" count="0" type="stmt"/>
        <line num="134" count="0" type="stmt"/>
        <line num="135" count="0" type="stmt"/>
        <line num="136" count="0" type="cond" truecount="0" falsecount="2"/>
        <line num="137" count="0" type="stmt"/>
        <line num="144" count="0" type="stmt"/>
        <line num="147" count="0" type="cond" truecount="0" falsecount="2"/>
        <line num="148" count="0" type="cond" truecount="0" falsecount="2"/>
        <line num="152" count="0" type="stmt"/>
        <line num="183" count="0" type="stmt"/>
        <line num="286" count="0" type="stmt"/>
        <line num="287" count="0" type="cond" truecount="0" falsecount="5"/>
        <line num="288" count="0" type="stmt"/>
        <line num="289" count="0" type="stmt"/>
        <line num="290" count="0" type="cond" truecount="0" falsecount="2"/>
        <line num="292" count="0" type="stmt"/>
        <line num="296" count="0" type="stmt"/>
        <line num="305" count="0" type="stmt"/>
        <line num="306" count="0" type="cond" truecount="0" falsecount="2"/>
        <line num="307" count="0" type="stmt"/>
        <line num="308" count="0" type="stmt"/>
        <line num="309" count="0" type="stmt"/>
        <line num="313" count="0" type="stmt"/>
        <line num="316" count="0" type="stmt"/>
        <line num="320" count="0" type="stmt"/>
        <line num="321" count="0" type="stmt"/>
        <line num="322" count="0" type="stmt"/>
        <line num="325" count="0" type="stmt"/>
        <line num="326" count="0" type="cond" truecount="0" falsecount="2"/>
        <line num="327" count="0" type="stmt"/>
        <line num="328" count="0" type="stmt"/>
        <line num="329" count="0" type="stmt"/>
        <line num="331" count="0" type="cond" truecount="0" falsecount="2"/>
        <line num="332" count="0" type="stmt"/>
        <line num="335" count="0" type="stmt"/>
        <line num="337" count="0" type="stmt"/>
        <line num="338" count="0" type="stmt"/>
        <line num="339" count="0" type="stmt"/>
        <line num="344" count="0" type="cond" truecount="0" falsecount="2"/>
        <line num="345" count="0" type="cond" truecount="0" falsecount="2"/>
        <line num="346" count="0" type="stmt"/>
        <line num="350" count="0" type="stmt"/>
        <line num="351" count="0" type="stmt"/>
        <line num="363" count="0" type="stmt"/>
        <line num="364" count="0" type="stmt"/>
        <line num="365" count="0" type="cond" truecount="0" falsecount="4"/>
        <line num="367" count="0" type="stmt"/>
        <line num="368" count="0" type="stmt"/>
        <line num="370" count="0" type="stmt"/>
        <line num="371" count="0" type="cond" truecount="0" falsecount="2"/>
        <line num="379" count="0" type="stmt"/>
        <line num="382" count="0" type="stmt"/>
        <line num="399" count="0" type="stmt"/>
        <line num="402" count="0" type="stmt"/>
        <line num="435" count="0" type="cond" truecount="0" falsecount="2"/>
        <line num="438" count="0" type="cond" truecount="0" falsecount="4"/>
        <line num="439" count="0" type="stmt"/>
        <line num="440" count="0" type="cond" truecount="0" falsecount="2"/>
        <line num="441" count="0" type="stmt"/>
        <line num="447" count="0" type="stmt"/>
        <line num="455" count="0" type="cond" truecount="0" falsecount="4"/>
        <line num="456" count="0" type="stmt"/>
        <line num="465" count="0" type="cond" truecount="0" falsecount="5"/>
        <line num="466" count="0" type="stmt"/>
        <line num="473" count="0" type="stmt"/>
        <line num="477" count="0" type="stmt"/>
        <line num="484" count="0" type="stmt"/>
        <line num="485" count="0" type="cond" truecount="0" falsecount="2"/>
        <line num="486" count="0" type="stmt"/>
        <line num="487" count="0" type="stmt"/>
        <line num="490" count="0" type="stmt"/>
        <line num="491" count="0" type="stmt"/>
        <line num="494" count="0" type="stmt"/>
        <line num="495" count="0" type="stmt"/>
        <line num="496" count="0" type="stmt"/>
        <line num="497" count="0" type="cond" truecount="0" falsecount="2"/>
        <line num="498" count="0" type="cond" truecount="0" falsecount="2"/>
        <line num="499" count="0" type="cond" truecount="0" falsecount="2"/>
        <line num="501" count="0" type="stmt"/>
        <line num="503" count="0" type="stmt"/>
        <line num="504" count="0" type="cond" truecount="0" falsecount="2"/>
        <line num="505" count="0" type="stmt"/>
        <line num="511" count="0" type="stmt"/>
        <line num="514" count="0" type="cond" truecount="0" falsecount="2"/>
        <line num="515" count="0" type="stmt"/>
        <line num="518" count="0" type="cond" truecount="0" falsecount="2"/>
        <line num="520" count="0" type="stmt"/>
        <line num="523" count="0" type="stmt"/>
        <line num="535" count="0" type="stmt"/>
        <line num="546" count="0" type="stmt"/>
        <line num="548" count="0" type="stmt"/>
        <line num="549" count="0" type="cond" truecount="0" falsecount="2"/>
        <line num="550" count="0" type="cond" truecount="0" falsecount="2"/>
        <line num="552" count="0" type="cond" truecount="0" falsecount="2"/>
        <line num="553" count="0" type="stmt"/>
        <line num="554" count="0" type="stmt"/>
        <line num="555" count="0" type="cond" truecount="0" falsecount="2"/>
        <line num="556" count="0" type="stmt"/>
        <line num="557" count="0" type="stmt"/>
        <line num="567" count="0" type="cond" truecount="0" falsecount="4"/>
        <line num="568" count="0" type="stmt"/>
        <line num="569" count="0" type="stmt"/>
        <line num="570" count="0" type="cond" truecount="0" falsecount="2"/>
        <line num="571" count="0" type="cond" truecount="0" falsecount="2"/>
        <line num="572" count="0" type="cond" truecount="0" falsecount="2"/>
        <line num="573" count="0" type="stmt"/>
        <line num="574" count="0" type="stmt"/>
        <line num="587" count="0" type="cond" truecount="0" falsecount="2"/>
        <line num="588" count="0" type="cond" truecount="0" falsecount="2"/>
        <line num="589" count="0" type="stmt"/>
        <line num="591" count="0" type="cond" truecount="0" falsecount="2"/>
        <line num="592" count="0" type="stmt"/>
        <line num="604" count="0" type="cond" truecount="0" falsecount="2"/>
        <line num="605" count="0" type="stmt"/>
        <line num="615" count="0" type="stmt"/>
        <line num="616" count="0" type="stmt"/>
        <line num="617" count="0" type="stmt"/>
        <line num="619" count="0" type="cond" truecount="0" falsecount="2"/>
        <line num="621" count="0" type="cond" truecount="0" falsecount="2"/>
        <line num="622" count="0" type="cond" truecount="0" falsecount="2"/>
        <line num="623" count="0" type="cond" truecount="0" falsecount="2"/>
        <line num="631" count="0" type="stmt"/>
        <line num="668" count="0" type="stmt"/>
        <line num="790" count="0" type="stmt"/>
        <line num="796" count="0" type="stmt"/>
        <line num="797" count="0" type="stmt"/>
        <line num="803" count="0" type="cond" truecount="0" falsecount="2"/>
        <line num="804" count="0" type="stmt"/>
        <line num="807" count="0" type="cond" truecount="0" falsecount="4"/>
        <line num="808" count="0" type="stmt"/>
      </file>
    </package>
  </project>
</coverage>
