{"C:\\Users\\User\\Desktop\\Ai doc generator\\server.js": {"path":"C:\\Users\\User\\Desktop\\Ai doc generator\\server.js","statementMap":{"0":{"start":{"line":19,"column":0},"end":{"line":19,"column":27}},"1":{"start":{"line":21,"column":16},"end":{"line":21,"column":34}},"2":{"start":{"line":22,"column":13},"end":{"line":22,"column":28}},"3":{"start":{"line":23,"column":13},"end":{"line":23,"column":28}},"4":{"start":{"line":25,"column":22},"end":{"line":25,"column":54}},"5":{"start":{"line":30,"column":12},"end":{"line":30,"column":21}},"6":{"start":{"line":31,"column":13},"end":{"line":31,"column":53}},"7":{"start":{"line":36,"column":0},"end":{"line":44,"column":2}},"8":{"start":{"line":47,"column":0},"end":{"line":47,"column":40}},"9":{"start":{"line":50,"column":0},"end":{"line":54,"column":3}},"10":{"start":{"line":51,"column":13},"end":{"line":51,"column":37}},"11":{"start":{"line":52,"column":2},"end":{"line":52,"column":50}},"12":{"start":{"line":53,"column":2},"end":{"line":53,"column":9}},"13":{"start":{"line":60,"column":0},"end":{"line":60,"column":40}},"14":{"start":{"line":63,"column":0},"end":{"line":76,"column":3}},"15":{"start":{"line":64,"column":19},"end":{"line":64,"column":70}},"16":{"start":{"line":66,"column":4},"end":{"line":68,"column":13}},"17":{"start":{"line":70,"column":2},"end":{"line":75,"column":5}},"18":{"start":{"line":82,"column":0},"end":{"line":82,"column":46}},"19":{"start":{"line":85,"column":0},"end":{"line":87,"column":3}},"20":{"start":{"line":86,"column":2},"end":{"line":86,"column":51}},"21":{"start":{"line":93,"column":0},"end":{"line":100,"column":3}},"22":{"start":{"line":94,"column":2},"end":{"line":94,"column":50}},"23":{"start":{"line":95,"column":2},"end":{"line":99,"column":5}},"24":{"start":{"line":105,"column":0},"end":{"line":129,"column":3}},"25":{"start":{"line":106,"column":19},"end":{"line":106,"column":70}},"26":{"start":{"line":108,"column":4},"end":{"line":108,"column":91}},"27":{"start":{"line":110,"column":2},"end":{"line":110,"column":18}},"28":{"start":{"line":111,"column":2},"end":{"line":111,"column":67}},"29":{"start":{"line":112,"column":2},"end":{"line":112,"column":67}},"30":{"start":{"line":113,"column":2},"end":{"line":113,"column":67}},"31":{"start":{"line":114,"column":2},"end":{"line":114,"column":72}},"32":{"start":{"line":115,"column":2},"end":{"line":115,"column":57}},"33":{"start":{"line":116,"column":2},"end":{"line":118,"column":4}},"34":{"start":{"line":119,"column":2},"end":{"line":119,"column":67}},"35":{"start":{"line":120,"column":2},"end":{"line":120,"column":18}},"36":{"start":{"line":122,"column":2},"end":{"line":128,"column":3}},"37":{"start":{"line":123,"column":4},"end":{"line":123,"column":53}},"38":{"start":{"line":124,"column":4},"end":{"line":124,"column":68}},"39":{"start":{"line":125,"column":4},"end":{"line":125,"column":82}},"40":{"start":{"line":126,"column":4},"end":{"line":126,"column":78}},"41":{"start":{"line":127,"column":4},"end":{"line":127,"column":21}}},"fnMap":{"0":{"name":"(anonymous_0)","decl":{"start":{"line":50,"column":8},"end":{"line":50,"column":9}},"loc":{"start":{"line":50,"column":29},"end":{"line":54,"column":1}},"line":50},"1":{"name":"(anonymous_1)","decl":{"start":{"line":63,"column":23},"end":{"line":63,"column":24}},"loc":{"start":{"line":63,"column":38},"end":{"line":76,"column":1}},"line":63},"2":{"name":"(anonymous_2)","decl":{"start":{"line":85,"column":13},"end":{"line":85,"column":14}},"loc":{"start":{"line":85,"column":28},"end":{"line":87,"column":1}},"line":85},"3":{"name":"(anonymous_3)","decl":{"start":{"line":93,"column":8},"end":{"line":93,"column":9}},"loc":{"start":{"line":93,"column":35},"end":{"line":100,"column":1}},"line":93},"4":{"name":"(anonymous_4)","decl":{"start":{"line":105,"column":17},"end":{"line":105,"column":18}},"loc":{"start":{"line":105,"column":23},"end":{"line":129,"column":1}},"line":105}},"branchMap":{"0":{"loc":{"start":{"line":31,"column":22},"end":{"line":31,"column":48}},"type":"binary-expr","locations":[{"start":{"line":31,"column":22},"end":{"line":31,"column":38}},{"start":{"line":31,"column":42},"end":{"line":31,"column":48}}],"line":31},"1":{"loc":{"start":{"line":39,"column":6},"end":{"line":41,"column":14}},"type":"cond-expr","locations":[{"start":{"line":40,"column":10},"end":{"line":40,"column":15}},{"start":{"line":41,"column":10},"end":{"line":41,"column":14}}],"line":39},"2":{"loc":{"start":{"line":64,"column":20},"end":{"line":64,"column":55}},"type":"binary-expr","locations":[{"start":{"line":64,"column":20},"end":{"line":64,"column":43}},{"start":{"line":64,"column":47},"end":{"line":64,"column":55}}],"line":64},"3":{"loc":{"start":{"line":66,"column":4},"end":{"line":68,"column":13}},"type":"cond-expr","locations":[{"start":{"line":67,"column":8},"end":{"line":67,"column":99}},{"start":{"line":68,"column":8},"end":{"line":68,"column":13}}],"line":66},"4":{"loc":{"start":{"line":67,"column":11},"end":{"line":67,"column":98}},"type":"binary-expr","locations":[{"start":{"line":67,"column":11},"end":{"line":67,"column":37}},{"start":{"line":67,"column":41},"end":{"line":67,"column":98}}],"line":67},"5":{"loc":{"start":{"line":106,"column":20},"end":{"line":106,"column":55}},"type":"binary-expr","locations":[{"start":{"line":106,"column":20},"end":{"line":106,"column":43}},{"start":{"line":106,"column":47},"end":{"line":106,"column":55}}],"line":106},"6":{"loc":{"start":{"line":108,"column":4},"end":{"line":108,"column":91}},"type":"binary-expr","locations":[{"start":{"line":108,"column":4},"end":{"line":108,"column":30}},{"start":{"line":108,"column":34},"end":{"line":108,"column":91}}],"line":108},"7":{"loc":{"start":{"line":117,"column":24},"end":{"line":117,"column":74}},"type":"cond-expr","locations":[{"start":{"line":117,"column":32},"end":{"line":117,"column":46}},{"start":{"line":117,"column":49},"end":{"line":117,"column":74}}],"line":117},"8":{"loc":{"start":{"line":122,"column":2},"end":{"line":128,"column":3}},"type":"if","locations":[{"start":{"line":122,"column":2},"end":{"line":128,"column":3}},{"start":{},"end":{}}],"line":122}},"s":{"0":0,"1":0,"2":0,"3":0,"4":0,"5":0,"6":0,"7":0,"8":0,"9":0,"10":0,"11":0,"12":0,"13":0,"14":0,"15":0,"16":0,"17":0,"18":0,"19":0,"20":0,"21":0,"22":0,"23":0,"24":0,"25":0,"26":0,"27":0,"28":0,"29":0,"30":0,"31":0,"32":0,"33":0,"34":0,"35":0,"36":0,"37":0,"38":0,"39":0,"40":0,"41":0},"f":{"0":0,"1":0,"2":0,"3":0,"4":0},"b":{"0":[0,0],"1":[0,0],"2":[0,0],"3":[0,0],"4":[0,0],"5":[0,0],"6":[0,0],"7":[0,0],"8":[0,0]}}
,"C:\\Users\\User\\Desktop\\Ai doc generator\\js\\aiClient.js": {"path":"C:\\Users\\User\\Desktop\\Ai doc generator\\js\\aiClient.js","statementMap":{"0":{"start":{"line":19,"column":25},"end":{"line":31,"column":2}},"1":{"start":{"line":43,"column":4},"end":{"line":43,"column":19}},"2":{"start":{"line":44,"column":4},"end":{"line":44,"column":32}},"3":{"start":{"line":45,"column":4},"end":{"line":45,"column":21}},"4":{"start":{"line":46,"column":4},"end":{"line":46,"column":25}},"5":{"start":{"line":54,"column":21},"end":{"line":54,"column":42}},"6":{"start":{"line":55,"column":18},"end":{"line":55,"column":65}},"7":{"start":{"line":55,"column":35},"end":{"line":55,"column":53}},"8":{"start":{"line":57,"column":2},"end":{"line":74,"column":3}},"9":{"start":{"line":58,"column":21},"end":{"line":58,"column":80}},"10":{"start":{"line":59,"column":4},"end":{"line":59,"column":20}},"11":{"start":{"line":61,"column":4},"end":{"line":67,"column":5}},"12":{"start":{"line":62,"column":6},"end":{"line":66,"column":8}},"13":{"start":{"line":68,"column":4},"end":{"line":71,"column":6}},"14":{"start":{"line":73,"column":4},"end":{"line":73,"column":26}},"15":{"start":{"line":83,"column":2},"end":{"line":91,"column":3}},"16":{"start":{"line":84,"column":4},"end":{"line":84,"column":33}},"17":{"start":{"line":86,"column":4},"end":{"line":90,"column":6}},"18":{"start":{"line":93,"column":2},"end":{"line":95,"column":3}},"19":{"start":{"line":94,"column":4},"end":{"line":94,"column":24}},"20":{"start":{"line":98,"column":21},"end":{"line":98,"column":43}},"21":{"start":{"line":99,"column":20},"end":{"line":99,"column":49}},"22":{"start":{"line":101,"column":2},"end":{"line":137,"column":3}},"23":{"start":{"line":103,"column":6},"end":{"line":103,"column":80}},"24":{"start":{"line":105,"column":6},"end":{"line":109,"column":8}},"25":{"start":{"line":111,"column":6},"end":{"line":111,"column":96}},"26":{"start":{"line":113,"column":6},"end":{"line":117,"column":8}},"27":{"start":{"line":120,"column":6},"end":{"line":124,"column":8}},"28":{"start":{"line":126,"column":6},"end":{"line":130,"column":8}},"29":{"start":{"line":132,"column":6},"end":{"line":136,"column":8}},"30":{"start":{"line":153,"column":14},"end":{"line":153,"column":56}},"31":{"start":{"line":154,"column":15},"end":{"line":154,"column":59}},"32":{"start":{"line":156,"column":18},"end":{"line":160,"column":3}},"33":{"start":{"line":163,"column":19},"end":{"line":163,"column":50}},"34":{"start":{"line":165,"column":2},"end":{"line":189,"column":3}},"35":{"start":{"line":165,"column":21},"end":{"line":165,"column":22}},"36":{"start":{"line":166,"column":4},"end":{"line":188,"column":5}},"37":{"start":{"line":167,"column":23},"end":{"line":167,"column":87}},"38":{"start":{"line":168,"column":6},"end":{"line":168,"column":43}},"39":{"start":{"line":170,"column":6},"end":{"line":170,"column":22}},"40":{"start":{"line":173,"column":6},"end":{"line":182,"column":7}},"41":{"start":{"line":174,"column":8},"end":{"line":176,"column":9}},"42":{"start":{"line":175,"column":10},"end":{"line":175,"column":20}},"43":{"start":{"line":177,"column":8},"end":{"line":181,"column":9}},"44":{"start":{"line":179,"column":10},"end":{"line":179,"column":79}},"45":{"start":{"line":179,"column":35},"end":{"line":179,"column":77}},"46":{"start":{"line":180,"column":10},"end":{"line":180,"column":19}},"47":{"start":{"line":185,"column":6},"end":{"line":187,"column":7}},"48":{"start":{"line":186,"column":8},"end":{"line":186,"column":77}},"49":{"start":{"line":186,"column":33},"end":{"line":186,"column":75}},"50":{"start":{"line":191,"column":2},"end":{"line":191,"column":18}},"51":{"start":{"line":199,"column":2},"end":{"line":210,"column":3}},"52":{"start":{"line":200,"column":21},"end":{"line":204,"column":5}},"53":{"start":{"line":205,"column":4},"end":{"line":205,"column":93}},"54":{"start":{"line":205,"column":22},"end":{"line":205,"column":93}},"55":{"start":{"line":206,"column":17},"end":{"line":206,"column":38}},"56":{"start":{"line":207,"column":4},"end":{"line":207,"column":91}},"57":{"start":{"line":209,"column":4},"end":{"line":209,"column":75}},"58":{"start":{"line":214,"column":0},"end":{"line":214,"column":73}}},"fnMap":{"0":{"name":"(anonymous_0)","decl":{"start":{"line":42,"column":2},"end":{"line":42,"column":3}},"loc":{"start":{"line":42,"column":53},"end":{"line":47,"column":3}},"line":42},"1":{"name":"fetchWithTimeout","decl":{"start":{"line":53,"column":15},"end":{"line":53,"column":31}},"loc":{"start":{"line":53,"column":57},"end":{"line":75,"column":1}},"line":53},"2":{"name":"(anonymous_2)","decl":{"start":{"line":55,"column":29},"end":{"line":55,"column":30}},"loc":{"start":{"line":55,"column":35},"end":{"line":55,"column":53}},"line":55},"3":{"name":"parseResponse","decl":{"start":{"line":81,"column":15},"end":{"line":81,"column":28}},"loc":{"start":{"line":81,"column":39},"end":{"line":138,"column":1}},"line":81},"4":{"name":"requestAIDoc","decl":{"start":{"line":152,"column":15},"end":{"line":152,"column":27}},"loc":{"start":{"line":152,"column":54},"end":{"line":192,"column":1}},"line":152},"5":{"name":"(anonymous_5)","decl":{"start":{"line":179,"column":28},"end":{"line":179,"column":29}},"loc":{"start":{"line":179,"column":35},"end":{"line":179,"column":77}},"line":179},"6":{"name":"(anonymous_6)","decl":{"start":{"line":186,"column":26},"end":{"line":186,"column":27}},"loc":{"start":{"line":186,"column":33},"end":{"line":186,"column":75}},"line":186},"7":{"name":"checkAIServiceHealth","decl":{"start":{"line":198,"column":15},"end":{"line":198,"column":35}},"loc":{"start":{"line":198,"column":38},"end":{"line":211,"column":1}},"line":198}},"branchMap":{"0":{"loc":{"start":{"line":42,"column":23},"end":{"line":42,"column":39}},"type":"default-arg","locations":[{"start":{"line":42,"column":30},"end":{"line":42,"column":39}}],"line":42},"1":{"loc":{"start":{"line":42,"column":41},"end":{"line":42,"column":51}},"type":"default-arg","locations":[{"start":{"line":42,"column":50},"end":{"line":42,"column":51}}],"line":42},"2":{"loc":{"start":{"line":61,"column":4},"end":{"line":67,"column":5}},"type":"if","locations":[{"start":{"line":61,"column":4},"end":{"line":67,"column":5}},{"start":{},"end":{}}],"line":61},"3":{"loc":{"start":{"line":93,"column":2},"end":{"line":95,"column":3}},"type":"if","locations":[{"start":{"line":93,"column":2},"end":{"line":95,"column":3}},{"start":{},"end":{}}],"line":93},"4":{"loc":{"start":{"line":93,"column":6},"end":{"line":93,"column":33}},"type":"binary-expr","locations":[{"start":{"line":93,"column":6},"end":{"line":93,"column":17}},{"start":{"line":93,"column":21},"end":{"line":93,"column":33}}],"line":93},"5":{"loc":{"start":{"line":98,"column":21},"end":{"line":98,"column":43}},"type":"binary-expr","locations":[{"start":{"line":98,"column":21},"end":{"line":98,"column":30}},{"start":{"line":98,"column":34},"end":{"line":98,"column":43}}],"line":98},"6":{"loc":{"start":{"line":99,"column":20},"end":{"line":99,"column":49}},"type":"binary-expr","locations":[{"start":{"line":99,"column":20},"end":{"line":99,"column":30}},{"start":{"line":99,"column":34},"end":{"line":99,"column":49}}],"line":99},"7":{"loc":{"start":{"line":101,"column":2},"end":{"line":137,"column":3}},"type":"switch","locations":[{"start":{"line":102,"column":4},"end":{"line":103,"column":80}},{"start":{"line":104,"column":4},"end":{"line":109,"column":8}},{"start":{"line":110,"column":4},"end":{"line":111,"column":96}},{"start":{"line":112,"column":4},"end":{"line":117,"column":8}},{"start":{"line":118,"column":4},"end":{"line":118,"column":13}},{"start":{"line":119,"column":4},"end":{"line":124,"column":8}},{"start":{"line":125,"column":4},"end":{"line":130,"column":8}},{"start":{"line":131,"column":4},"end":{"line":136,"column":8}}],"line":101},"8":{"loc":{"start":{"line":173,"column":6},"end":{"line":182,"column":7}},"type":"if","locations":[{"start":{"line":173,"column":6},"end":{"line":182,"column":7}},{"start":{},"end":{}}],"line":173},"9":{"loc":{"start":{"line":174,"column":8},"end":{"line":176,"column":9}},"type":"if","locations":[{"start":{"line":174,"column":8},"end":{"line":176,"column":9}},{"start":{},"end":{}}],"line":174},"10":{"loc":{"start":{"line":177,"column":8},"end":{"line":181,"column":9}},"type":"if","locations":[{"start":{"line":177,"column":8},"end":{"line":181,"column":9}},{"start":{},"end":{}}],"line":177},"11":{"loc":{"start":{"line":177,"column":12},"end":{"line":177,"column":56}},"type":"binary-expr","locations":[{"start":{"line":177,"column":12},"end":{"line":177,"column":34}},{"start":{"line":177,"column":38},"end":{"line":177,"column":56}}],"line":177},"12":{"loc":{"start":{"line":185,"column":6},"end":{"line":187,"column":7}},"type":"if","locations":[{"start":{"line":185,"column":6},"end":{"line":187,"column":7}},{"start":{},"end":{}}],"line":185},"13":{"loc":{"start":{"line":205,"column":4},"end":{"line":205,"column":93}},"type":"if","locations":[{"start":{"line":205,"column":4},"end":{"line":205,"column":93}},{"start":{},"end":{}}],"line":205}},"s":{"0":0,"1":0,"2":0,"3":0,"4":0,"5":0,"6":0,"7":0,"8":0,"9":0,"10":0,"11":0,"12":0,"13":0,"14":0,"15":0,"16":0,"17":0,"18":0,"19":0,"20":0,"21":0,"22":0,"23":0,"24":0,"25":0,"26":0,"27":0,"28":0,"29":0,"30":0,"31":0,"32":0,"33":0,"34":0,"35":0,"36":0,"37":0,"38":0,"39":0,"40":0,"41":0,"42":0,"43":0,"44":0,"45":0,"46":0,"47":0,"48":0,"49":0,"50":0,"51":0,"52":0,"53":0,"54":0,"55":0,"56":0,"57":0,"58":0},"f":{"0":0,"1":0,"2":0,"3":0,"4":0,"5":0,"6":0,"7":0},"b":{"0":[0],"1":[0],"2":[0,0],"3":[0,0],"4":[0,0],"5":[0,0],"6":[0,0],"7":[0,0,0,0,0,0,0,0],"8":[0,0],"9":[0,0],"10":[0,0],"11":[0,0],"12":[0,0],"13":[0,0]}}
,"C:\\Users\\User\\Desktop\\Ai doc generator\\js\\analyzer.js": {"path":"C:\\Users\\User\\Desktop\\Ai doc generator\\js\\analyzer.js","statementMap":{"0":{"start":{"line":15,"column":29},"end":{"line":68,"column":1}},"1":{"start":{"line":70,"column":26},"end":{"line":98,"column":2}},"2":{"start":{"line":101,"column":17},"end":{"line":142,"column":1}},"3":{"start":{"line":144,"column":20},"end":{"line":167,"column":1}},"4":{"start":{"line":170,"column":20},"end":{"line":196,"column":2}},"5":{"start":{"line":203,"column":12},"end":{"line":203,"column":33}},"6":{"start":{"line":204,"column":2},"end":{"line":204,"column":51}},"7":{"start":{"line":208,"column":2},"end":{"line":208,"column":42}},"8":{"start":{"line":208,"column":29},"end":{"line":208,"column":42}},"9":{"start":{"line":209,"column":2},"end":{"line":209,"column":40}},"10":{"start":{"line":209,"column":20},"end":{"line":209,"column":40}},"11":{"start":{"line":210,"column":2},"end":{"line":210,"column":68}},"12":{"start":{"line":210,"column":27},"end":{"line":210,"column":68}},"13":{"start":{"line":211,"column":2},"end":{"line":211,"column":52}},"14":{"start":{"line":215,"column":2},"end":{"line":215,"column":59}},"15":{"start":{"line":219,"column":16},"end":{"line":219,"column":59}},"16":{"start":{"line":220,"column":2},"end":{"line":220,"column":47}},"17":{"start":{"line":220,"column":27},"end":{"line":220,"column":45}},"18":{"start":{"line":224,"column":2},"end":{"line":224,"column":44}},"19":{"start":{"line":232,"column":17},"end":{"line":232,"column":19}},"20":{"start":{"line":233,"column":2},"end":{"line":237,"column":3}},"21":{"start":{"line":234,"column":4},"end":{"line":234,"column":47}},"22":{"start":{"line":234,"column":38},"end":{"line":234,"column":47}},"23":{"start":{"line":235,"column":17},"end":{"line":235,"column":41}},"24":{"start":{"line":236,"column":4},"end":{"line":236,"column":67}},"25":{"start":{"line":236,"column":14},"end":{"line":236,"column":67}},"26":{"start":{"line":238,"column":16},"end":{"line":238,"column":69}},"27":{"start":{"line":238,"column":55},"end":{"line":238,"column":60}},"28":{"start":{"line":239,"column":16},"end":{"line":239,"column":18}},"29":{"start":{"line":240,"column":2},"end":{"line":241,"column":58}},"30":{"start":{"line":241,"column":4},"end":{"line":241,"column":58}},"31":{"start":{"line":244,"column":22},"end":{"line":244,"column":82}},"32":{"start":{"line":245,"column":17},"end":{"line":247,"column":42}},"33":{"start":{"line":246,"column":19},"end":{"line":246,"column":38}},"34":{"start":{"line":247,"column":20},"end":{"line":247,"column":41}},"35":{"start":{"line":248,"column":20},"end":{"line":248,"column":77}},"36":{"start":{"line":248,"column":55},"end":{"line":248,"column":76}},"37":{"start":{"line":250,"column":2},"end":{"line":254,"column":4}},"38":{"start":{"line":262,"column":2},"end":{"line":262,"column":28}},"39":{"start":{"line":262,"column":16},"end":{"line":262,"column":28}},"40":{"start":{"line":263,"column":19},"end":{"line":263,"column":40}},"41":{"start":{"line":265,"column":17},"end":{"line":282,"column":3}},"42":{"start":{"line":285,"column":15},"end":{"line":285,"column":59}},"43":{"start":{"line":286,"column":2},"end":{"line":286,"column":41}},"44":{"start":{"line":286,"column":12},"end":{"line":286,"column":41}},"45":{"start":{"line":289,"column":19},"end":{"line":289,"column":63}},"46":{"start":{"line":290,"column":2},"end":{"line":290,"column":68}},"47":{"start":{"line":290,"column":62},"end":{"line":290,"column":66}},"48":{"start":{"line":295,"column":4},"end":{"line":295,"column":186}},"49":{"start":{"line":296,"column":17},"end":{"line":296,"column":39}},"50":{"start":{"line":297,"column":2},"end":{"line":301,"column":3}},"51":{"start":{"line":298,"column":4},"end":{"line":298,"column":36}},"52":{"start":{"line":299,"column":4},"end":{"line":299,"column":50}},"53":{"start":{"line":300,"column":4},"end":{"line":300,"column":33}},"54":{"start":{"line":304,"column":2},"end":{"line":316,"column":3}},"55":{"start":{"line":305,"column":18},"end":{"line":307,"column":5}},"56":{"start":{"line":308,"column":19},"end":{"line":310,"column":5}},"57":{"start":{"line":311,"column":17},"end":{"line":311,"column":37}},"58":{"start":{"line":312,"column":18},"end":{"line":312,"column":39}},"59":{"start":{"line":313,"column":4},"end":{"line":313,"column":69}},"60":{"start":{"line":313,"column":14},"end":{"line":313,"column":69}},"61":{"start":{"line":314,"column":4},"end":{"line":315,"column":95}},"62":{"start":{"line":315,"column":6},"end":{"line":315,"column":95}},"63":{"start":{"line":315,"column":67},"end":{"line":315,"column":93}},"64":{"start":{"line":319,"column":16},"end":{"line":319,"column":30}},"65":{"start":{"line":320,"column":2},"end":{"line":320,"column":83}},"66":{"start":{"line":320,"column":75},"end":{"line":320,"column":79}},"67":{"start":{"line":323,"column":2},"end":{"line":323,"column":83}},"68":{"start":{"line":327,"column":4},"end":{"line":327,"column":171}},"69":{"start":{"line":328,"column":20},"end":{"line":341,"column":4}},"70":{"start":{"line":342,"column":2},"end":{"line":346,"column":4}},"71":{"start":{"line":344,"column":49},"end":{"line":344,"column":53}},"72":{"start":{"line":344,"column":69},"end":{"line":344,"column":91}},"73":{"start":{"line":350,"column":4},"end":{"line":350,"column":145}},"74":{"start":{"line":351,"column":2},"end":{"line":354,"column":6}},"75":{"start":{"line":351,"column":68},"end":{"line":354,"column":3}},"76":{"start":{"line":357,"column":16},"end":{"line":357,"column":89}},"77":{"start":{"line":358,"column":2},"end":{"line":358,"column":47}},"78":{"start":{"line":362,"column":4},"end":{"line":362,"column":97}},"79":{"start":{"line":363,"column":2},"end":{"line":367,"column":4}},"80":{"start":{"line":365,"column":48},"end":{"line":365,"column":52}},"81":{"start":{"line":365,"column":68},"end":{"line":365,"column":92}},"82":{"start":{"line":369,"column":2},"end":{"line":369,"column":16}},"83":{"start":{"line":377,"column":2},"end":{"line":377,"column":28}},"84":{"start":{"line":377,"column":16},"end":{"line":377,"column":28}},"85":{"start":{"line":378,"column":19},"end":{"line":378,"column":40}},"86":{"start":{"line":380,"column":17},"end":{"line":390,"column":3}},"87":{"start":{"line":392,"column":2},"end":{"line":392,"column":88}},"88":{"start":{"line":392,"column":82},"end":{"line":392,"column":86}},"89":{"start":{"line":393,"column":2},"end":{"line":393,"column":93}},"90":{"start":{"line":393,"column":87},"end":{"line":393,"column":91}},"91":{"start":{"line":395,"column":2},"end":{"line":395,"column":78}},"92":{"start":{"line":395,"column":72},"end":{"line":395,"column":76}},"93":{"start":{"line":396,"column":2},"end":{"line":396,"column":96}},"94":{"start":{"line":396,"column":90},"end":{"line":396,"column":94}},"95":{"start":{"line":400,"column":4},"end":{"line":400,"column":101}},"96":{"start":{"line":401,"column":15},"end":{"line":401,"column":63}},"97":{"start":{"line":402,"column":2},"end":{"line":405,"column":4}},"98":{"start":{"line":403,"column":49},"end":{"line":403,"column":53}},"99":{"start":{"line":404,"column":46},"end":{"line":404,"column":50}},"100":{"start":{"line":407,"column":2},"end":{"line":408,"column":99}},"101":{"start":{"line":410,"column":2},"end":{"line":410,"column":16}},"102":{"start":{"line":418,"column":2},"end":{"line":418,"column":28}},"103":{"start":{"line":418,"column":16},"end":{"line":418,"column":28}},"104":{"start":{"line":419,"column":19},"end":{"line":419,"column":40}},"105":{"start":{"line":421,"column":17},"end":{"line":431,"column":3}},"106":{"start":{"line":434,"column":16},"end":{"line":434,"column":78}},"107":{"start":{"line":436,"column":16},"end":{"line":436,"column":97}},"108":{"start":{"line":437,"column":2},"end":{"line":442,"column":4}},"109":{"start":{"line":439,"column":49},"end":{"line":439,"column":53}},"110":{"start":{"line":440,"column":49},"end":{"line":440,"column":53}},"111":{"start":{"line":444,"column":2},"end":{"line":444,"column":85}},"112":{"start":{"line":444,"column":79},"end":{"line":444,"column":83}},"113":{"start":{"line":448,"column":4},"end":{"line":448,"column":116}},"114":{"start":{"line":449,"column":2},"end":{"line":451,"column":95}},"115":{"start":{"line":450,"column":16},"end":{"line":450,"column":20}},"116":{"start":{"line":451,"column":19},"end":{"line":451,"column":93}},"117":{"start":{"line":454,"column":2},"end":{"line":456,"column":4}},"118":{"start":{"line":455,"column":11},"end":{"line":455,"column":15}},"119":{"start":{"line":460,"column":4},"end":{"line":460,"column":87}},"120":{"start":{"line":461,"column":2},"end":{"line":464,"column":6}},"121":{"start":{"line":461,"column":61},"end":{"line":464,"column":3}},"122":{"start":{"line":466,"column":2},"end":{"line":469,"column":93}},"123":{"start":{"line":471,"column":2},"end":{"line":471,"column":16}},"124":{"start":{"line":479,"column":2},"end":{"line":479,"column":28}},"125":{"start":{"line":479,"column":16},"end":{"line":479,"column":28}},"126":{"start":{"line":480,"column":12},"end":{"line":492,"column":3}},"127":{"start":{"line":494,"column":14},"end":{"line":497,"column":3}},"128":{"start":{"line":495,"column":14},"end":{"line":495,"column":79}},"129":{"start":{"line":496,"column":4},"end":{"line":496,"column":34}},"130":{"start":{"line":500,"column":19},"end":{"line":502,"column":45}},"131":{"start":{"line":504,"column":2},"end":{"line":504,"column":39}},"132":{"start":{"line":505,"column":2},"end":{"line":505,"column":45}},"133":{"start":{"line":506,"column":2},"end":{"line":506,"column":39}},"134":{"start":{"line":507,"column":2},"end":{"line":507,"column":33}},"135":{"start":{"line":508,"column":2},"end":{"line":508,"column":47}},"136":{"start":{"line":509,"column":2},"end":{"line":509,"column":43}},"137":{"start":{"line":513,"column":4},"end":{"line":515,"column":46}},"138":{"start":{"line":516,"column":2},"end":{"line":516,"column":45}},"139":{"start":{"line":519,"column":18},"end":{"line":519,"column":63}},"140":{"start":{"line":520,"column":2},"end":{"line":524,"column":3}},"141":{"start":{"line":521,"column":4},"end":{"line":521,"column":53}},"142":{"start":{"line":522,"column":22},"end":{"line":522,"column":48}},"143":{"start":{"line":523,"column":4},"end":{"line":523,"column":97}},"144":{"start":{"line":523,"column":65},"end":{"line":523,"column":97}},"145":{"start":{"line":527,"column":20},"end":{"line":527,"column":82}},"146":{"start":{"line":528,"column":2},"end":{"line":535,"column":33}},"147":{"start":{"line":529,"column":17},"end":{"line":534,"column":5}},"148":{"start":{"line":535,"column":19},"end":{"line":535,"column":31}},"149":{"start":{"line":538,"column":23},"end":{"line":538,"column":77}},"150":{"start":{"line":539,"column":2},"end":{"line":539,"column":79}},"151":{"start":{"line":539,"column":38},"end":{"line":539,"column":61}},"152":{"start":{"line":541,"column":2},"end":{"line":541,"column":11}},"153":{"start":{"line":545,"column":2},"end":{"line":545,"column":28}},"154":{"start":{"line":545,"column":16},"end":{"line":545,"column":28}},"155":{"start":{"line":546,"column":12},"end":{"line":553,"column":3}},"156":{"start":{"line":555,"column":17},"end":{"line":555,"column":67}},"157":{"start":{"line":556,"column":2},"end":{"line":556,"column":38}},"158":{"start":{"line":558,"column":15},"end":{"line":558,"column":67}},"159":{"start":{"line":559,"column":2},"end":{"line":559,"column":36}},"160":{"start":{"line":561,"column":14},"end":{"line":561,"column":99}},"161":{"start":{"line":562,"column":2},"end":{"line":562,"column":82}},"162":{"start":{"line":564,"column":14},"end":{"line":564,"column":99}},"163":{"start":{"line":565,"column":2},"end":{"line":565,"column":44}},"164":{"start":{"line":568,"column":4},"end":{"line":568,"column":125}},"165":{"start":{"line":569,"column":2},"end":{"line":569,"column":72}},"166":{"start":{"line":569,"column":59},"end":{"line":569,"column":70}},"167":{"start":{"line":571,"column":19},"end":{"line":571,"column":43}},"168":{"start":{"line":572,"column":2},"end":{"line":572,"column":63}},"169":{"start":{"line":572,"column":57},"end":{"line":572,"column":61}},"170":{"start":{"line":574,"column":2},"end":{"line":574,"column":11}},"171":{"start":{"line":578,"column":2},"end":{"line":578,"column":28}},"172":{"start":{"line":578,"column":16},"end":{"line":578,"column":28}},"173":{"start":{"line":579,"column":16},"end":{"line":579,"column":18}},"174":{"start":{"line":580,"column":2},"end":{"line":585,"column":3}},"175":{"start":{"line":581,"column":14},"end":{"line":581,"column":25}},"176":{"start":{"line":582,"column":4},"end":{"line":582,"column":42}},"177":{"start":{"line":582,"column":33},"end":{"line":582,"column":42}},"178":{"start":{"line":583,"column":15},"end":{"line":583,"column":29}},"179":{"start":{"line":584,"column":4},"end":{"line":584,"column":70}},"180":{"start":{"line":584,"column":16},"end":{"line":584,"column":70}},"181":{"start":{"line":586,"column":2},"end":{"line":602,"column":4}},"182":{"start":{"line":606,"column":2},"end":{"line":606,"column":28}},"183":{"start":{"line":606,"column":16},"end":{"line":606,"column":28}},"184":{"start":{"line":608,"column":17},"end":{"line":608,"column":58}},"185":{"start":{"line":609,"column":16},"end":{"line":609,"column":53}},"186":{"start":{"line":610,"column":16},"end":{"line":610,"column":52}},"187":{"start":{"line":611,"column":15},"end":{"line":611,"column":53}},"188":{"start":{"line":612,"column":19},"end":{"line":612,"column":59}},"189":{"start":{"line":613,"column":2},"end":{"line":619,"column":4}},"190":{"start":{"line":623,"column":2},"end":{"line":623,"column":26}},"191":{"start":{"line":623,"column":16},"end":{"line":623,"column":26}},"192":{"start":{"line":624,"column":2},"end":{"line":629,"column":27}},"193":{"start":{"line":626,"column":16},"end":{"line":626,"column":24}},"194":{"start":{"line":627,"column":19},"end":{"line":627,"column":88}},"195":{"start":{"line":628,"column":17},"end":{"line":628,"column":66}},"196":{"start":{"line":629,"column":19},"end":{"line":629,"column":25}},"197":{"start":{"line":633,"column":2},"end":{"line":633,"column":26}},"198":{"start":{"line":633,"column":16},"end":{"line":633,"column":26}},"199":{"start":{"line":634,"column":15},"end":{"line":634,"column":17}},"200":{"start":{"line":635,"column":2},"end":{"line":641,"column":3}},"201":{"start":{"line":636,"column":14},"end":{"line":636,"column":25}},"202":{"start":{"line":637,"column":4},"end":{"line":640,"column":5}},"203":{"start":{"line":638,"column":18},"end":{"line":638,"column":40}},"204":{"start":{"line":639,"column":6},"end":{"line":639,"column":64}},"205":{"start":{"line":639,"column":49},"end":{"line":639,"column":64}},"206":{"start":{"line":642,"column":2},"end":{"line":642,"column":14}},"207":{"start":{"line":647,"column":2},"end":{"line":647,"column":28}},"208":{"start":{"line":647,"column":16},"end":{"line":647,"column":28}},"209":{"start":{"line":648,"column":12},"end":{"line":655,"column":3}},"210":{"start":{"line":658,"column":16},"end":{"line":658,"column":65}},"211":{"start":{"line":659,"column":15},"end":{"line":659,"column":67}},"212":{"start":{"line":660,"column":16},"end":{"line":660,"column":72}},"213":{"start":{"line":661,"column":14},"end":{"line":661,"column":66}},"214":{"start":{"line":662,"column":16},"end":{"line":662,"column":64}},"215":{"start":{"line":664,"column":2},"end":{"line":664,"column":35}},"216":{"start":{"line":665,"column":2},"end":{"line":665,"column":36}},"217":{"start":{"line":666,"column":2},"end":{"line":666,"column":42}},"218":{"start":{"line":667,"column":2},"end":{"line":667,"column":34}},"219":{"start":{"line":669,"column":2},"end":{"line":671,"column":3}},"220":{"start":{"line":670,"column":4},"end":{"line":670,"column":77}},"221":{"start":{"line":670,"column":71},"end":{"line":670,"column":75}},"222":{"start":{"line":674,"column":22},"end":{"line":674,"column":76}},"223":{"start":{"line":675,"column":2},"end":{"line":677,"column":3}},"224":{"start":{"line":676,"column":4},"end":{"line":676,"column":89}},"225":{"start":{"line":676,"column":83},"end":{"line":676,"column":87}},"226":{"start":{"line":678,"column":2},"end":{"line":678,"column":11}},"227":{"start":{"line":683,"column":2},"end":{"line":683,"column":28}},"228":{"start":{"line":683,"column":16},"end":{"line":683,"column":28}},"229":{"start":{"line":684,"column":12},"end":{"line":684,"column":67}},"230":{"start":{"line":686,"column":15},"end":{"line":686,"column":48}},"231":{"start":{"line":687,"column":14},"end":{"line":687,"column":48}},"232":{"start":{"line":689,"column":2},"end":{"line":689,"column":39}},"233":{"start":{"line":690,"column":2},"end":{"line":690,"column":36}},"234":{"start":{"line":694,"column":4},"end":{"line":694,"column":86}},"235":{"start":{"line":695,"column":2},"end":{"line":700,"column":3}},"236":{"start":{"line":696,"column":4},"end":{"line":696,"column":89}},"237":{"start":{"line":696,"column":83},"end":{"line":696,"column":87}},"238":{"start":{"line":699,"column":4},"end":{"line":699,"column":92}},"239":{"start":{"line":699,"column":86},"end":{"line":699,"column":90}},"240":{"start":{"line":701,"column":2},"end":{"line":701,"column":11}},"241":{"start":{"line":706,"column":2},"end":{"line":706,"column":28}},"242":{"start":{"line":706,"column":16},"end":{"line":706,"column":28}},"243":{"start":{"line":707,"column":12},"end":{"line":714,"column":3}},"244":{"start":{"line":717,"column":16},"end":{"line":717,"column":65}},"245":{"start":{"line":718,"column":15},"end":{"line":718,"column":67}},"246":{"start":{"line":719,"column":16},"end":{"line":719,"column":72}},"247":{"start":{"line":720,"column":14},"end":{"line":720,"column":67}},"248":{"start":{"line":722,"column":2},"end":{"line":722,"column":35}},"249":{"start":{"line":723,"column":2},"end":{"line":723,"column":36}},"250":{"start":{"line":724,"column":2},"end":{"line":724,"column":42}},"251":{"start":{"line":725,"column":2},"end":{"line":725,"column":39}},"252":{"start":{"line":729,"column":4},"end":{"line":730,"column":72}},"253":{"start":{"line":731,"column":2},"end":{"line":735,"column":3}},"254":{"start":{"line":732,"column":4},"end":{"line":734,"column":37}},"255":{"start":{"line":733,"column":18},"end":{"line":733,"column":22}},"256":{"start":{"line":734,"column":21},"end":{"line":734,"column":35}},"257":{"start":{"line":736,"column":2},"end":{"line":736,"column":11}},"258":{"start":{"line":740,"column":2},"end":{"line":740,"column":28}},"259":{"start":{"line":740,"column":16},"end":{"line":740,"column":28}},"260":{"start":{"line":741,"column":17},"end":{"line":743,"column":20}},"261":{"start":{"line":743,"column":15},"end":{"line":743,"column":19}},"262":{"start":{"line":744,"column":16},"end":{"line":746,"column":20}},"263":{"start":{"line":746,"column":15},"end":{"line":746,"column":19}},"264":{"start":{"line":747,"column":16},"end":{"line":749,"column":3}},"265":{"start":{"line":748,"column":11},"end":{"line":748,"column":15}},"266":{"start":{"line":750,"column":20},"end":{"line":750,"column":50}},"267":{"start":{"line":751,"column":2},"end":{"line":751,"column":88}},"268":{"start":{"line":767,"column":14},"end":{"line":777,"column":3}},"269":{"start":{"line":780,"column":2},"end":{"line":929,"column":3}},"270":{"start":{"line":781,"column":27},"end":{"line":781,"column":68}},"271":{"start":{"line":781,"column":54},"end":{"line":781,"column":67}},"272":{"start":{"line":782,"column":23},"end":{"line":782,"column":70}},"273":{"start":{"line":782,"column":50},"end":{"line":782,"column":59}},"274":{"start":{"line":783,"column":20},"end":{"line":786,"column":20}},"275":{"start":{"line":784,"column":18},"end":{"line":784,"column":60}},"276":{"start":{"line":787,"column":23},"end":{"line":787,"column":79}},"277":{"start":{"line":788,"column":20},"end":{"line":788,"column":46}},"278":{"start":{"line":791,"column":28},"end":{"line":791,"column":76}},"279":{"start":{"line":792,"column":24},"end":{"line":792,"column":95}},"280":{"start":{"line":794,"column":6},"end":{"line":795,"column":65}},"281":{"start":{"line":795,"column":39},"end":{"line":795,"column":64}},"282":{"start":{"line":796,"column":24},"end":{"line":796,"column":87}},"283":{"start":{"line":796,"column":61},"end":{"line":796,"column":86}},"284":{"start":{"line":797,"column":4},"end":{"line":811,"column":5}},"285":{"start":{"line":798,"column":17},"end":{"line":798,"column":19}},"286":{"start":{"line":799,"column":6},"end":{"line":802,"column":7}},"287":{"start":{"line":800,"column":18},"end":{"line":800,"column":90}},"288":{"start":{"line":800,"column":42},"end":{"line":800,"column":89}},"289":{"start":{"line":801,"column":8},"end":{"line":801,"column":77}},"290":{"start":{"line":803,"column":6},"end":{"line":803,"column":72}},"291":{"start":{"line":803,"column":23},"end":{"line":803,"column":72}},"292":{"start":{"line":804,"column":6},"end":{"line":805,"column":95}},"293":{"start":{"line":805,"column":8},"end":{"line":805,"column":95}},"294":{"start":{"line":806,"column":6},"end":{"line":807,"column":60}},"295":{"start":{"line":807,"column":8},"end":{"line":807,"column":60}},"296":{"start":{"line":808,"column":6},"end":{"line":808,"column":34}},"297":{"start":{"line":809,"column":6},"end":{"line":809,"column":86}},"298":{"start":{"line":810,"column":6},"end":{"line":810,"column":31}},"299":{"start":{"line":814,"column":4},"end":{"line":828,"column":5}},"300":{"start":{"line":816,"column":8},"end":{"line":818,"column":44}},"301":{"start":{"line":819,"column":22},"end":{"line":819,"column":94}},"302":{"start":{"line":819,"column":49},"end":{"line":819,"column":93}},"303":{"start":{"line":820,"column":6},"end":{"line":827,"column":7}},"304":{"start":{"line":821,"column":8},"end":{"line":821,"column":35}},"305":{"start":{"line":822,"column":8},"end":{"line":822,"column":35}},"306":{"start":{"line":823,"column":8},"end":{"line":826,"column":10}},"307":{"start":{"line":831,"column":26},"end":{"line":833,"column":5}},"308":{"start":{"line":832,"column":6},"end":{"line":832,"column":54}},"309":{"start":{"line":832,"column":30},"end":{"line":832,"column":53}},"310":{"start":{"line":835,"column":6},"end":{"line":836,"column":85}},"311":{"start":{"line":836,"column":48},"end":{"line":836,"column":84}},"312":{"start":{"line":837,"column":20},"end":{"line":837,"column":93}},"313":{"start":{"line":837,"column":44},"end":{"line":837,"column":92}},"314":{"start":{"line":837,"column":66},"end":{"line":837,"column":91}},"315":{"start":{"line":838,"column":4},"end":{"line":849,"column":5}},"316":{"start":{"line":839,"column":6},"end":{"line":839,"column":24}},"317":{"start":{"line":840,"column":6},"end":{"line":840,"column":70}},"318":{"start":{"line":841,"column":6},"end":{"line":841,"column":89}},"319":{"start":{"line":841,"column":72},"end":{"line":841,"column":85}},"320":{"start":{"line":842,"column":6},"end":{"line":842,"column":85}},"321":{"start":{"line":842,"column":19},"end":{"line":842,"column":85}},"322":{"start":{"line":843,"column":6},"end":{"line":843,"column":73}},"323":{"start":{"line":843,"column":21},"end":{"line":843,"column":73}},"324":{"start":{"line":844,"column":6},"end":{"line":848,"column":7}},"325":{"start":{"line":845,"column":8},"end":{"line":845,"column":31}},"326":{"start":{"line":846,"column":8},"end":{"line":846,"column":49}},"327":{"start":{"line":847,"column":8},"end":{"line":847,"column":45}},"328":{"start":{"line":852,"column":4},"end":{"line":870,"column":5}},"329":{"start":{"line":853,"column":27},"end":{"line":859,"column":7}},"330":{"start":{"line":854,"column":8},"end":{"line":858,"column":9}},"331":{"start":{"line":856,"column":12},"end":{"line":857,"column":72}},"332":{"start":{"line":860,"column":6},"end":{"line":869,"column":7}},"333":{"start":{"line":861,"column":8},"end":{"line":861,"column":30}},"334":{"start":{"line":862,"column":8},"end":{"line":862,"column":71}},"335":{"start":{"line":863,"column":8},"end":{"line":863,"column":90}},"336":{"start":{"line":863,"column":73},"end":{"line":863,"column":86}},"337":{"start":{"line":864,"column":8},"end":{"line":868,"column":9}},"338":{"start":{"line":865,"column":10},"end":{"line":865,"column":37}},"339":{"start":{"line":866,"column":10},"end":{"line":866,"column":51}},"340":{"start":{"line":867,"column":10},"end":{"line":867,"column":47}},"341":{"start":{"line":873,"column":4},"end":{"line":882,"column":5}},"342":{"start":{"line":879,"column":6},"end":{"line":879,"column":30}},"343":{"start":{"line":880,"column":6},"end":{"line":880,"column":33}},"344":{"start":{"line":881,"column":6},"end":{"line":881,"column":59}},"345":{"start":{"line":885,"column":4},"end":{"line":889,"column":5}},"346":{"start":{"line":886,"column":6},"end":{"line":886,"column":32}},"347":{"start":{"line":887,"column":6},"end":{"line":887,"column":33}},"348":{"start":{"line":888,"column":6},"end":{"line":888,"column":91}},"349":{"start":{"line":892,"column":24},"end":{"line":894,"column":5}},"350":{"start":{"line":893,"column":6},"end":{"line":893,"column":69}},"351":{"start":{"line":896,"column":6},"end":{"line":899,"column":35}},"352":{"start":{"line":901,"column":6},"end":{"line":903,"column":55}},"353":{"start":{"line":904,"column":23},"end":{"line":904,"column":88}},"354":{"start":{"line":906,"column":4},"end":{"line":928,"column":5}},"355":{"start":{"line":907,"column":6},"end":{"line":907,"column":35}},"356":{"start":{"line":908,"column":6},"end":{"line":908,"column":66}},"357":{"start":{"line":909,"column":6},"end":{"line":909,"column":28}},"358":{"start":{"line":910,"column":6},"end":{"line":913,"column":7}},"359":{"start":{"line":911,"column":19},"end":{"line":911,"column":76}},"360":{"start":{"line":911,"column":43},"end":{"line":911,"column":75}},"361":{"start":{"line":912,"column":8},"end":{"line":912,"column":78}},"362":{"start":{"line":912,"column":16},"end":{"line":912,"column":78}},"363":{"start":{"line":914,"column":6},"end":{"line":915,"column":60}},"364":{"start":{"line":915,"column":8},"end":{"line":915,"column":60}},"365":{"start":{"line":916,"column":6},"end":{"line":917,"column":62}},"366":{"start":{"line":917,"column":8},"end":{"line":917,"column":62}},"367":{"start":{"line":918,"column":6},"end":{"line":919,"column":73}},"368":{"start":{"line":919,"column":8},"end":{"line":919,"column":73}},"369":{"start":{"line":920,"column":11},"end":{"line":928,"column":5}},"370":{"start":{"line":921,"column":6},"end":{"line":921,"column":27}},"371":{"start":{"line":922,"column":6},"end":{"line":922,"column":30}},"372":{"start":{"line":923,"column":6},"end":{"line":923,"column":57}},"373":{"start":{"line":924,"column":11},"end":{"line":928,"column":5}},"374":{"start":{"line":925,"column":6},"end":{"line":925,"column":24}},"375":{"start":{"line":926,"column":6},"end":{"line":926,"column":30}},"376":{"start":{"line":927,"column":6},"end":{"line":927,"column":76}},"377":{"start":{"line":932,"column":2},"end":{"line":993,"column":3}},"378":{"start":{"line":933,"column":17},"end":{"line":935,"column":34}},"379":{"start":{"line":934,"column":22},"end":{"line":934,"column":60}},"380":{"start":{"line":935,"column":18},"end":{"line":935,"column":33}},"381":{"start":{"line":936,"column":17},"end":{"line":936,"column":61}},"382":{"start":{"line":936,"column":40},"end":{"line":936,"column":60}},"383":{"start":{"line":937,"column":16},"end":{"line":937,"column":93}},"384":{"start":{"line":937,"column":23},"end":{"line":937,"column":93}},"385":{"start":{"line":937,"column":40},"end":{"line":937,"column":55}},"386":{"start":{"line":937,"column":77},"end":{"line":937,"column":92}},"387":{"start":{"line":939,"column":15},"end":{"line":939,"column":19}},"388":{"start":{"line":940,"column":4},"end":{"line":963,"column":5}},"389":{"start":{"line":941,"column":6},"end":{"line":941,"column":22}},"390":{"start":{"line":942,"column":6},"end":{"line":942,"column":33}},"391":{"start":{"line":943,"column":11},"end":{"line":963,"column":5}},"392":{"start":{"line":944,"column":6},"end":{"line":944,"column":23}},"393":{"start":{"line":945,"column":6},"end":{"line":945,"column":33}},"394":{"start":{"line":946,"column":11},"end":{"line":963,"column":5}},"395":{"start":{"line":947,"column":6},"end":{"line":947,"column":21}},"396":{"start":{"line":948,"column":6},"end":{"line":948,"column":33}},"397":{"start":{"line":949,"column":11},"end":{"line":963,"column":5}},"398":{"start":{"line":950,"column":6},"end":{"line":950,"column":23}},"399":{"start":{"line":951,"column":6},"end":{"line":951,"column":33}},"400":{"start":{"line":952,"column":11},"end":{"line":963,"column":5}},"401":{"start":{"line":953,"column":6},"end":{"line":953,"column":25}},"402":{"start":{"line":954,"column":6},"end":{"line":954,"column":33}},"403":{"start":{"line":955,"column":11},"end":{"line":963,"column":5}},"404":{"start":{"line":956,"column":6},"end":{"line":956,"column":22}},"405":{"start":{"line":957,"column":6},"end":{"line":957,"column":33}},"406":{"start":{"line":958,"column":11},"end":{"line":963,"column":5}},"407":{"start":{"line":958,"column":50},"end":{"line":958,"column":65}},"408":{"start":{"line":959,"column":6},"end":{"line":959,"column":36}},"409":{"start":{"line":960,"column":6},"end":{"line":960,"column":33}},"410":{"start":{"line":961,"column":6},"end":{"line":961,"column":25}},"411":{"start":{"line":962,"column":6},"end":{"line":962,"column":28}},"412":{"start":{"line":965,"column":4},"end":{"line":973,"column":5}},"413":{"start":{"line":966,"column":6},"end":{"line":966,"column":25}},"414":{"start":{"line":967,"column":17},"end":{"line":967,"column":19}},"415":{"start":{"line":968,"column":6},"end":{"line":969,"column":77}},"416":{"start":{"line":968,"column":27},"end":{"line":968,"column":73}},"417":{"start":{"line":969,"column":8},"end":{"line":969,"column":77}},"418":{"start":{"line":970,"column":6},"end":{"line":971,"column":47}},"419":{"start":{"line":970,"column":27},"end":{"line":970,"column":73}},"420":{"start":{"line":971,"column":8},"end":{"line":971,"column":47}},"421":{"start":{"line":972,"column":6},"end":{"line":972,"column":31}},"422":{"start":{"line":976,"column":4},"end":{"line":992,"column":5}},"423":{"start":{"line":977,"column":6},"end":{"line":977,"column":30}},"424":{"start":{"line":978,"column":6},"end":{"line":978,"column":30}},"425":{"start":{"line":979,"column":6},"end":{"line":979,"column":56}},"426":{"start":{"line":980,"column":11},"end":{"line":992,"column":5}},"427":{"start":{"line":981,"column":6},"end":{"line":981,"column":39}},"428":{"start":{"line":982,"column":6},"end":{"line":982,"column":30}},"429":{"start":{"line":983,"column":6},"end":{"line":983,"column":53}},"430":{"start":{"line":984,"column":11},"end":{"line":992,"column":5}},"431":{"start":{"line":985,"column":6},"end":{"line":985,"column":41}},"432":{"start":{"line":986,"column":6},"end":{"line":986,"column":30}},"433":{"start":{"line":987,"column":6},"end":{"line":987,"column":54}},"434":{"start":{"line":988,"column":11},"end":{"line":992,"column":5}},"435":{"start":{"line":989,"column":6},"end":{"line":989,"column":30}},"436":{"start":{"line":990,"column":6},"end":{"line":990,"column":30}},"437":{"start":{"line":991,"column":6},"end":{"line":991,"column":52}},"438":{"start":{"line":996,"column":2},"end":{"line":1089,"column":3}},"439":{"start":{"line":997,"column":17},"end":{"line":997,"column":88}},"440":{"start":{"line":998,"column":19},"end":{"line":998,"column":83}},"441":{"start":{"line":998,"column":26},"end":{"line":998,"column":83}},"442":{"start":{"line":998,"column":61},"end":{"line":998,"column":82}},"443":{"start":{"line":1001,"column":4},"end":{"line":1037,"column":5}},"444":{"start":{"line":1002,"column":6},"end":{"line":1002,"column":30}},"445":{"start":{"line":1003,"column":6},"end":{"line":1003,"column":33}},"446":{"start":{"line":1004,"column":11},"end":{"line":1037,"column":5}},"447":{"start":{"line":1005,"column":6},"end":{"line":1005,"column":30}},"448":{"start":{"line":1006,"column":6},"end":{"line":1006,"column":33}},"449":{"start":{"line":1007,"column":11},"end":{"line":1037,"column":5}},"450":{"start":{"line":1008,"column":6},"end":{"line":1008,"column":32}},"451":{"start":{"line":1009,"column":6},"end":{"line":1009,"column":33}},"452":{"start":{"line":1010,"column":11},"end":{"line":1037,"column":5}},"453":{"start":{"line":1011,"column":6},"end":{"line":1011,"column":29}},"454":{"start":{"line":1012,"column":6},"end":{"line":1012,"column":33}},"455":{"start":{"line":1013,"column":11},"end":{"line":1037,"column":5}},"456":{"start":{"line":1014,"column":6},"end":{"line":1014,"column":28}},"457":{"start":{"line":1015,"column":6},"end":{"line":1015,"column":33}},"458":{"start":{"line":1016,"column":11},"end":{"line":1037,"column":5}},"459":{"start":{"line":1017,"column":6},"end":{"line":1017,"column":28}},"460":{"start":{"line":1018,"column":6},"end":{"line":1018,"column":33}},"461":{"start":{"line":1021,"column":9},"end":{"line":1037,"column":5}},"462":{"start":{"line":1022,"column":6},"end":{"line":1022,"column":23}},"463":{"start":{"line":1023,"column":6},"end":{"line":1023,"column":28}},"464":{"start":{"line":1024,"column":6},"end":{"line":1024,"column":49}},"465":{"start":{"line":1025,"column":11},"end":{"line":1037,"column":5}},"466":{"start":{"line":1026,"column":6},"end":{"line":1026,"column":24}},"467":{"start":{"line":1027,"column":6},"end":{"line":1027,"column":28}},"468":{"start":{"line":1028,"column":6},"end":{"line":1028,"column":47}},"469":{"start":{"line":1029,"column":11},"end":{"line":1037,"column":5}},"470":{"start":{"line":1030,"column":6},"end":{"line":1030,"column":25}},"471":{"start":{"line":1031,"column":6},"end":{"line":1031,"column":28}},"472":{"start":{"line":1032,"column":6},"end":{"line":1032,"column":57}},"473":{"start":{"line":1033,"column":11},"end":{"line":1037,"column":5}},"474":{"start":{"line":1034,"column":6},"end":{"line":1034,"column":24}},"475":{"start":{"line":1035,"column":6},"end":{"line":1035,"column":28}},"476":{"start":{"line":1036,"column":6},"end":{"line":1036,"column":50}},"477":{"start":{"line":1040,"column":4},"end":{"line":1060,"column":5}},"478":{"start":{"line":1041,"column":6},"end":{"line":1059,"column":7}},"479":{"start":{"line":1042,"column":8},"end":{"line":1042,"column":31}},"480":{"start":{"line":1043,"column":8},"end":{"line":1043,"column":35}},"481":{"start":{"line":1044,"column":13},"end":{"line":1059,"column":7}},"482":{"start":{"line":1045,"column":8},"end":{"line":1045,"column":35}},"483":{"start":{"line":1046,"column":8},"end":{"line":1046,"column":35}},"484":{"start":{"line":1047,"column":13},"end":{"line":1059,"column":7}},"485":{"start":{"line":1048,"column":8},"end":{"line":1048,"column":32}},"486":{"start":{"line":1049,"column":8},"end":{"line":1049,"column":35}},"487":{"start":{"line":1050,"column":13},"end":{"line":1059,"column":7}},"488":{"start":{"line":1051,"column":8},"end":{"line":1051,"column":31}},"489":{"start":{"line":1052,"column":8},"end":{"line":1052,"column":35}},"490":{"start":{"line":1053,"column":13},"end":{"line":1059,"column":7}},"491":{"start":{"line":1054,"column":8},"end":{"line":1054,"column":29}},"492":{"start":{"line":1055,"column":8},"end":{"line":1055,"column":35}},"493":{"start":{"line":1056,"column":13},"end":{"line":1059,"column":7}},"494":{"start":{"line":1057,"column":8},"end":{"line":1057,"column":29}},"495":{"start":{"line":1058,"column":8},"end":{"line":1058,"column":49}},"496":{"start":{"line":1061,"column":4},"end":{"line":1063,"column":5}},"497":{"start":{"line":1062,"column":6},"end":{"line":1062,"column":82}},"498":{"start":{"line":1066,"column":4},"end":{"line":1088,"column":5}},"499":{"start":{"line":1067,"column":6},"end":{"line":1087,"column":7}},"500":{"start":{"line":1068,"column":8},"end":{"line":1068,"column":28}},"501":{"start":{"line":1069,"column":8},"end":{"line":1069,"column":32}},"502":{"start":{"line":1070,"column":8},"end":{"line":1070,"column":62}},"503":{"start":{"line":1071,"column":13},"end":{"line":1087,"column":7}},"504":{"start":{"line":1072,"column":8},"end":{"line":1072,"column":30}},"505":{"start":{"line":1073,"column":8},"end":{"line":1073,"column":32}},"506":{"start":{"line":1074,"column":8},"end":{"line":1074,"column":56}},"507":{"start":{"line":1075,"column":13},"end":{"line":1087,"column":7}},"508":{"start":{"line":1076,"column":8},"end":{"line":1076,"column":31}},"509":{"start":{"line":1077,"column":8},"end":{"line":1077,"column":32}},"510":{"start":{"line":1078,"column":8},"end":{"line":1078,"column":57}},"511":{"start":{"line":1079,"column":13},"end":{"line":1087,"column":7}},"512":{"start":{"line":1080,"column":8},"end":{"line":1080,"column":29}},"513":{"start":{"line":1081,"column":8},"end":{"line":1081,"column":32}},"514":{"start":{"line":1082,"column":8},"end":{"line":1082,"column":55}},"515":{"start":{"line":1083,"column":13},"end":{"line":1087,"column":7}},"516":{"start":{"line":1084,"column":8},"end":{"line":1084,"column":33}},"517":{"start":{"line":1085,"column":8},"end":{"line":1085,"column":32}},"518":{"start":{"line":1086,"column":8},"end":{"line":1086,"column":59}},"519":{"start":{"line":1091,"column":2},"end":{"line":1091,"column":13}},"520":{"start":{"line":1109,"column":12},"end":{"line":1116,"column":3}},"521":{"start":{"line":1119,"column":16},"end":{"line":1119,"column":64}},"522":{"start":{"line":1120,"column":2},"end":{"line":1143,"column":3}},"523":{"start":{"line":1121,"column":16},"end":{"line":1121,"column":35}},"524":{"start":{"line":1122,"column":23},"end":{"line":1134,"column":5}},"525":{"start":{"line":1135,"column":4},"end":{"line":1142,"column":5}},"526":{"start":{"line":1136,"column":6},"end":{"line":1141,"column":7}},"527":{"start":{"line":1137,"column":8},"end":{"line":1137,"column":22}},"528":{"start":{"line":1138,"column":8},"end":{"line":1138,"column":27}},"529":{"start":{"line":1139,"column":8},"end":{"line":1139,"column":89}},"530":{"start":{"line":1140,"column":8},"end":{"line":1140,"column":14}},"531":{"start":{"line":1146,"column":2},"end":{"line":1180,"column":3}},"532":{"start":{"line":1147,"column":24},"end":{"line":1150,"column":20}},"533":{"start":{"line":1148,"column":18},"end":{"line":1148,"column":36}},"534":{"start":{"line":1151,"column":21},"end":{"line":1154,"column":20}},"535":{"start":{"line":1152,"column":18},"end":{"line":1152,"column":33}},"536":{"start":{"line":1155,"column":17},"end":{"line":1155,"column":45}},"537":{"start":{"line":1157,"column":23},"end":{"line":1171,"column":5}},"538":{"start":{"line":1172,"column":4},"end":{"line":1179,"column":5}},"539":{"start":{"line":1173,"column":6},"end":{"line":1178,"column":7}},"540":{"start":{"line":1174,"column":8},"end":{"line":1174,"column":22}},"541":{"start":{"line":1175,"column":8},"end":{"line":1175,"column":26}},"542":{"start":{"line":1176,"column":8},"end":{"line":1176,"column":64}},"543":{"start":{"line":1177,"column":8},"end":{"line":1177,"column":14}},"544":{"start":{"line":1183,"column":2},"end":{"line":1203,"column":3}},"545":{"start":{"line":1184,"column":17},"end":{"line":1184,"column":72}},"546":{"start":{"line":1185,"column":26},"end":{"line":1194,"column":5}},"547":{"start":{"line":1195,"column":4},"end":{"line":1202,"column":5}},"548":{"start":{"line":1196,"column":6},"end":{"line":1201,"column":7}},"549":{"start":{"line":1197,"column":8},"end":{"line":1197,"column":22}},"550":{"start":{"line":1198,"column":8},"end":{"line":1198,"column":26}},"551":{"start":{"line":1199,"column":8},"end":{"line":1199,"column":60}},"552":{"start":{"line":1200,"column":8},"end":{"line":1200,"column":14}},"553":{"start":{"line":1206,"column":2},"end":{"line":1232,"column":3}},"554":{"start":{"line":1207,"column":18},"end":{"line":1207,"column":72}},"555":{"start":{"line":1207,"column":41},"end":{"line":1207,"column":61}},"556":{"start":{"line":1208,"column":23},"end":{"line":1223,"column":5}},"557":{"start":{"line":1224,"column":4},"end":{"line":1231,"column":5}},"558":{"start":{"line":1225,"column":6},"end":{"line":1230,"column":7}},"559":{"start":{"line":1226,"column":8},"end":{"line":1226,"column":22}},"560":{"start":{"line":1227,"column":8},"end":{"line":1227,"column":26}},"561":{"start":{"line":1228,"column":8},"end":{"line":1228,"column":53}},"562":{"start":{"line":1229,"column":8},"end":{"line":1229,"column":14}},"563":{"start":{"line":1235,"column":2},"end":{"line":1265,"column":3}},"564":{"start":{"line":1236,"column":17},"end":{"line":1241,"column":20}},"565":{"start":{"line":1242,"column":23},"end":{"line":1256,"column":5}},"566":{"start":{"line":1257,"column":4},"end":{"line":1264,"column":5}},"567":{"start":{"line":1258,"column":6},"end":{"line":1263,"column":7}},"568":{"start":{"line":1259,"column":8},"end":{"line":1259,"column":22}},"569":{"start":{"line":1260,"column":8},"end":{"line":1260,"column":26}},"570":{"start":{"line":1261,"column":8},"end":{"line":1261,"column":49}},"571":{"start":{"line":1262,"column":8},"end":{"line":1262,"column":14}},"572":{"start":{"line":1268,"column":2},"end":{"line":1288,"column":3}},"573":{"start":{"line":1269,"column":23},"end":{"line":1272,"column":20}},"574":{"start":{"line":1270,"column":22},"end":{"line":1270,"column":31}},"575":{"start":{"line":1273,"column":21},"end":{"line":1279,"column":5}},"576":{"start":{"line":1280,"column":4},"end":{"line":1287,"column":5}},"577":{"start":{"line":1281,"column":6},"end":{"line":1286,"column":7}},"578":{"start":{"line":1282,"column":8},"end":{"line":1282,"column":22}},"579":{"start":{"line":1283,"column":8},"end":{"line":1283,"column":26}},"580":{"start":{"line":1284,"column":8},"end":{"line":1284,"column":63}},"581":{"start":{"line":1285,"column":8},"end":{"line":1285,"column":14}},"582":{"start":{"line":1291,"column":2},"end":{"line":1318,"column":3}},"583":{"start":{"line":1292,"column":17},"end":{"line":1292,"column":68}},"584":{"start":{"line":1292,"column":44},"end":{"line":1292,"column":57}},"585":{"start":{"line":1293,"column":17},"end":{"line":1293,"column":64}},"586":{"start":{"line":1293,"column":44},"end":{"line":1293,"column":53}},"587":{"start":{"line":1294,"column":22},"end":{"line":1297,"column":20}},"588":{"start":{"line":1295,"column":18},"end":{"line":1295,"column":36}},"589":{"start":{"line":1299,"column":4},"end":{"line":1317,"column":5}},"590":{"start":{"line":1306,"column":6},"end":{"line":1306,"column":32}},"591":{"start":{"line":1307,"column":6},"end":{"line":1307,"column":58}},"592":{"start":{"line":1308,"column":6},"end":{"line":1308,"column":25}},"593":{"start":{"line":1309,"column":6},"end":{"line":1312,"column":10}},"594":{"start":{"line":1310,"column":8},"end":{"line":1312,"column":10}},"595":{"start":{"line":1311,"column":65},"end":{"line":1311,"column":97}},"596":{"start":{"line":1313,"column":6},"end":{"line":1313,"column":93}},"597":{"start":{"line":1313,"column":46},"end":{"line":1313,"column":93}},"598":{"start":{"line":1314,"column":6},"end":{"line":1314,"column":97}},"599":{"start":{"line":1314,"column":48},"end":{"line":1314,"column":97}},"600":{"start":{"line":1315,"column":6},"end":{"line":1316,"column":70}},"601":{"start":{"line":1316,"column":8},"end":{"line":1316,"column":70}},"602":{"start":{"line":1319,"column":2},"end":{"line":1339,"column":3}},"603":{"start":{"line":1320,"column":17},"end":{"line":1323,"column":6}},"604":{"start":{"line":1324,"column":20},"end":{"line":1330,"column":5}},"605":{"start":{"line":1331,"column":4},"end":{"line":1338,"column":5}},"606":{"start":{"line":1332,"column":6},"end":{"line":1337,"column":7}},"607":{"start":{"line":1333,"column":8},"end":{"line":1333,"column":21}},"608":{"start":{"line":1334,"column":8},"end":{"line":1334,"column":29}},"609":{"start":{"line":1335,"column":8},"end":{"line":1335,"column":51}},"610":{"start":{"line":1336,"column":8},"end":{"line":1336,"column":14}},"611":{"start":{"line":1341,"column":2},"end":{"line":1341,"column":11}},"612":{"start":{"line":1349,"column":15},"end":{"line":1349,"column":56}},"613":{"start":{"line":1349,"column":42},"end":{"line":1349,"column":55}},"614":{"start":{"line":1350,"column":15},"end":{"line":1353,"column":18}},"615":{"start":{"line":1351,"column":20},"end":{"line":1351,"column":29}},"616":{"start":{"line":1355,"column":4},"end":{"line":1363,"column":20}},"617":{"start":{"line":1356,"column":18},"end":{"line":1356,"column":36}},"618":{"start":{"line":1361,"column":18},"end":{"line":1361,"column":33}},"619":{"start":{"line":1364,"column":21},"end":{"line":1364,"column":77}},"620":{"start":{"line":1365,"column":22},"end":{"line":1365,"column":48}},"621":{"start":{"line":1366,"column":18},"end":{"line":1369,"column":4}},"622":{"start":{"line":1370,"column":19},"end":{"line":1370,"column":63}},"623":{"start":{"line":1370,"column":42},"end":{"line":1370,"column":62}},"624":{"start":{"line":1373,"column":2},"end":{"line":1384,"column":3}},"625":{"start":{"line":1379,"column":15},"end":{"line":1379,"column":17}},"626":{"start":{"line":1380,"column":4},"end":{"line":1380,"column":91}},"627":{"start":{"line":1380,"column":44},"end":{"line":1380,"column":91}},"628":{"start":{"line":1381,"column":4},"end":{"line":1381,"column":81}},"629":{"start":{"line":1381,"column":39},"end":{"line":1381,"column":81}},"630":{"start":{"line":1382,"column":4},"end":{"line":1382,"column":98}},"631":{"start":{"line":1382,"column":49},"end":{"line":1382,"column":98}},"632":{"start":{"line":1383,"column":4},"end":{"line":1383,"column":69}},"633":{"start":{"line":1386,"column":2},"end":{"line":1392,"column":3}},"634":{"start":{"line":1391,"column":4},"end":{"line":1391,"column":90}},"635":{"start":{"line":1394,"column":2},"end":{"line":1396,"column":3}},"636":{"start":{"line":1395,"column":4},"end":{"line":1395,"column":93}},"637":{"start":{"line":1398,"column":22},"end":{"line":1410,"column":3}},"638":{"start":{"line":1411,"column":2},"end":{"line":1414,"column":3}},"639":{"start":{"line":1412,"column":4},"end":{"line":1413,"column":76}},"640":{"start":{"line":1413,"column":6},"end":{"line":1413,"column":76}},"641":{"start":{"line":1416,"column":2},"end":{"line":1417,"column":85}},"642":{"start":{"line":1416,"column":26},"end":{"line":1416,"column":49}},"643":{"start":{"line":1417,"column":4},"end":{"line":1417,"column":85}},"644":{"start":{"line":1419,"column":2},"end":{"line":1420,"column":92}},"645":{"start":{"line":1419,"column":27},"end":{"line":1419,"column":75}},"646":{"start":{"line":1420,"column":4},"end":{"line":1420,"column":92}},"647":{"start":{"line":1421,"column":2},"end":{"line":1426,"column":6}},"648":{"start":{"line":1421,"column":27},"end":{"line":1421,"column":55}},"649":{"start":{"line":1422,"column":4},"end":{"line":1426,"column":6}},"650":{"start":{"line":1427,"column":2},"end":{"line":1432,"column":6}},"651":{"start":{"line":1427,"column":27},"end":{"line":1427,"column":50}},"652":{"start":{"line":1428,"column":4},"end":{"line":1432,"column":6}},"653":{"start":{"line":1433,"column":2},"end":{"line":1434,"column":98}},"654":{"start":{"line":1433,"column":27},"end":{"line":1433,"column":52}},"655":{"start":{"line":1434,"column":4},"end":{"line":1434,"column":98}},"656":{"start":{"line":1436,"column":2},"end":{"line":1436,"column":53}},"657":{"start":{"line":1444,"column":15},"end":{"line":1444,"column":56}},"658":{"start":{"line":1444,"column":42},"end":{"line":1444,"column":55}},"659":{"start":{"line":1445,"column":15},"end":{"line":1445,"column":62}},"660":{"start":{"line":1445,"column":42},"end":{"line":1445,"column":51}},"661":{"start":{"line":1446,"column":18},"end":{"line":1449,"column":18}},"662":{"start":{"line":1447,"column":16},"end":{"line":1447,"column":34}},"663":{"start":{"line":1450,"column":21},"end":{"line":1450,"column":77}},"664":{"start":{"line":1451,"column":22},"end":{"line":1451,"column":48}},"665":{"start":{"line":1452,"column":18},"end":{"line":1455,"column":4}},"666":{"start":{"line":1456,"column":19},"end":{"line":1456,"column":63}},"667":{"start":{"line":1456,"column":42},"end":{"line":1456,"column":62}},"668":{"start":{"line":1459,"column":2},"end":{"line":1460,"column":87}},"669":{"start":{"line":1460,"column":4},"end":{"line":1460,"column":87}},"670":{"start":{"line":1461,"column":2},"end":{"line":1462,"column":79}},"671":{"start":{"line":1462,"column":4},"end":{"line":1462,"column":79}},"672":{"start":{"line":1463,"column":2},"end":{"line":1467,"column":3}},"673":{"start":{"line":1464,"column":4},"end":{"line":1465,"column":91}},"674":{"start":{"line":1465,"column":6},"end":{"line":1465,"column":91}},"675":{"start":{"line":1466,"column":4},"end":{"line":1466,"column":90}},"676":{"start":{"line":1469,"column":2},"end":{"line":1475,"column":3}},"677":{"start":{"line":1470,"column":4},"end":{"line":1471,"column":87}},"678":{"start":{"line":1471,"column":6},"end":{"line":1471,"column":87}},"679":{"start":{"line":1472,"column":4},"end":{"line":1473,"column":85}},"680":{"start":{"line":1473,"column":6},"end":{"line":1473,"column":85}},"681":{"start":{"line":1474,"column":4},"end":{"line":1474,"column":83}},"682":{"start":{"line":1478,"column":22},"end":{"line":1488,"column":3}},"683":{"start":{"line":1489,"column":2},"end":{"line":1492,"column":3}},"684":{"start":{"line":1490,"column":4},"end":{"line":1491,"column":76}},"685":{"start":{"line":1491,"column":6},"end":{"line":1491,"column":76}},"686":{"start":{"line":1495,"column":2},"end":{"line":1496,"column":88}},"687":{"start":{"line":1495,"column":27},"end":{"line":1495,"column":47}},"688":{"start":{"line":1496,"column":4},"end":{"line":1496,"column":88}},"689":{"start":{"line":1497,"column":2},"end":{"line":1498,"column":92}},"690":{"start":{"line":1497,"column":27},"end":{"line":1497,"column":49}},"691":{"start":{"line":1498,"column":4},"end":{"line":1498,"column":92}},"692":{"start":{"line":1500,"column":2},"end":{"line":1500,"column":53}},"693":{"start":{"line":1508,"column":14},"end":{"line":1508,"column":23}},"694":{"start":{"line":1511,"column":2},"end":{"line":1551,"column":3}},"695":{"start":{"line":1512,"column":4},"end":{"line":1512,"column":33}},"696":{"start":{"line":1512,"column":24},"end":{"line":1512,"column":33}},"697":{"start":{"line":1514,"column":21},"end":{"line":1514,"column":34}},"698":{"start":{"line":1515,"column":20},"end":{"line":1515,"column":24}},"699":{"start":{"line":1518,"column":4},"end":{"line":1524,"column":5}},"700":{"start":{"line":1519,"column":6},"end":{"line":1523,"column":7}},"701":{"start":{"line":1520,"column":8},"end":{"line":1520,"column":60}},"702":{"start":{"line":1521,"column":8},"end":{"line":1521,"column":41}},"703":{"start":{"line":1522,"column":8},"end":{"line":1522,"column":14}},"704":{"start":{"line":1527,"column":4},"end":{"line":1528,"column":31}},"705":{"start":{"line":1527,"column":36},"end":{"line":1527,"column":80}},"706":{"start":{"line":1528,"column":6},"end":{"line":1528,"column":31}},"707":{"start":{"line":1529,"column":4},"end":{"line":1529,"column":67}},"708":{"start":{"line":1529,"column":45},"end":{"line":1529,"column":67}},"709":{"start":{"line":1530,"column":4},"end":{"line":1530,"column":73}},"710":{"start":{"line":1530,"column":48},"end":{"line":1530,"column":73}},"711":{"start":{"line":1531,"column":4},"end":{"line":1534,"column":5}},"712":{"start":{"line":1531,"column":36},"end":{"line":1531,"column":79}},"713":{"start":{"line":1532,"column":6},"end":{"line":1532,"column":27}},"714":{"start":{"line":1533,"column":6},"end":{"line":1533,"column":33}},"715":{"start":{"line":1536,"column":4},"end":{"line":1536,"column":77}},"716":{"start":{"line":1536,"column":68},"end":{"line":1536,"column":77}},"717":{"start":{"line":1538,"column":4},"end":{"line":1545,"column":9}},"718":{"start":{"line":1539,"column":6},"end":{"line":1545,"column":9}},"719":{"start":{"line":1546,"column":18},"end":{"line":1546,"column":37}},"720":{"start":{"line":1547,"column":4},"end":{"line":1547,"column":37}},"721":{"start":{"line":1548,"column":4},"end":{"line":1548,"column":46}},"722":{"start":{"line":1548,"column":19},"end":{"line":1548,"column":46}},"723":{"start":{"line":1549,"column":4},"end":{"line":1549,"column":38}},"724":{"start":{"line":1550,"column":4},"end":{"line":1550,"column":59}},"725":{"start":{"line":1554,"column":2},"end":{"line":1589,"column":3}},"726":{"start":{"line":1555,"column":4},"end":{"line":1588,"column":5}},"727":{"start":{"line":1556,"column":6},"end":{"line":1556,"column":35}},"728":{"start":{"line":1556,"column":26},"end":{"line":1556,"column":35}},"729":{"start":{"line":1557,"column":23},"end":{"line":1557,"column":26}},"730":{"start":{"line":1558,"column":6},"end":{"line":1574,"column":7}},"731":{"start":{"line":1570,"column":8},"end":{"line":1573,"column":9}},"732":{"start":{"line":1571,"column":10},"end":{"line":1571,"column":52}},"733":{"start":{"line":1572,"column":10},"end":{"line":1572,"column":16}},"734":{"start":{"line":1575,"column":6},"end":{"line":1575,"column":79}},"735":{"start":{"line":1575,"column":70},"end":{"line":1575,"column":79}},"736":{"start":{"line":1576,"column":6},"end":{"line":1583,"column":11}},"737":{"start":{"line":1577,"column":8},"end":{"line":1583,"column":11}},"738":{"start":{"line":1584,"column":20},"end":{"line":1584,"column":39}},"739":{"start":{"line":1585,"column":6},"end":{"line":1585,"column":30}},"740":{"start":{"line":1586,"column":6},"end":{"line":1586,"column":38}},"741":{"start":{"line":1587,"column":6},"end":{"line":1587,"column":40}},"742":{"start":{"line":1592,"column":2},"end":{"line":1613,"column":3}},"743":{"start":{"line":1593,"column":4},"end":{"line":1612,"column":5}},"744":{"start":{"line":1594,"column":25},"end":{"line":1594,"column":66}},"745":{"start":{"line":1595,"column":26},"end":{"line":1598,"column":26}},"746":{"start":{"line":1597,"column":33},"end":{"line":1597,"column":48}},"747":{"start":{"line":1599,"column":6},"end":{"line":1599,"column":55}},"748":{"start":{"line":1599,"column":46},"end":{"line":1599,"column":55}},"749":{"start":{"line":1600,"column":6},"end":{"line":1607,"column":11}},"750":{"start":{"line":1601,"column":8},"end":{"line":1607,"column":11}},"751":{"start":{"line":1608,"column":20},"end":{"line":1608,"column":40}},"752":{"start":{"line":1609,"column":6},"end":{"line":1609,"column":45}},"753":{"start":{"line":1610,"column":6},"end":{"line":1610,"column":40}},"754":{"start":{"line":1611,"column":6},"end":{"line":1611,"column":69}},"755":{"start":{"line":1616,"column":19},"end":{"line":1616,"column":21}},"756":{"start":{"line":1617,"column":2},"end":{"line":1643,"column":3}},"757":{"start":{"line":1618,"column":18},"end":{"line":1618,"column":33}},"758":{"start":{"line":1619,"column":18},"end":{"line":1619,"column":37}},"759":{"start":{"line":1621,"column":21},"end":{"line":1621,"column":23}},"760":{"start":{"line":1622,"column":4},"end":{"line":1624,"column":25}},"761":{"start":{"line":1622,"column":20},"end":{"line":1622,"column":36}},"762":{"start":{"line":1623,"column":9},"end":{"line":1624,"column":25}},"763":{"start":{"line":1623,"column":26},"end":{"line":1623,"column":42}},"764":{"start":{"line":1624,"column":9},"end":{"line":1624,"column":25}},"765":{"start":{"line":1626,"column":26},"end":{"line":1626,"column":69}},"766":{"start":{"line":1626,"column":44},"end":{"line":1626,"column":68}},"767":{"start":{"line":1627,"column":23},"end":{"line":1627,"column":63}},"768":{"start":{"line":1627,"column":41},"end":{"line":1627,"column":62}},"769":{"start":{"line":1628,"column":22},"end":{"line":1628,"column":81}},"770":{"start":{"line":1628,"column":40},"end":{"line":1628,"column":80}},"771":{"start":{"line":1629,"column":4},"end":{"line":1629,"column":95}},"772":{"start":{"line":1629,"column":52},"end":{"line":1629,"column":95}},"773":{"start":{"line":1630,"column":4},"end":{"line":1630,"column":57}},"774":{"start":{"line":1630,"column":19},"end":{"line":1630,"column":57}},"775":{"start":{"line":1632,"column":24},"end":{"line":1632,"column":49}},"776":{"start":{"line":1634,"column":4},"end":{"line":1642,"column":7}},"777":{"start":{"line":1645,"column":2},"end":{"line":1645,"column":62}},"778":{"start":{"line":1645,"column":33},"end":{"line":1645,"column":60}},"779":{"start":{"line":1653,"column":12},"end":{"line":1669,"column":3}},"780":{"start":{"line":1671,"column":2},"end":{"line":1671,"column":36}},"781":{"start":{"line":1671,"column":27},"end":{"line":1671,"column":36}},"782":{"start":{"line":1673,"column":2},"end":{"line":1677,"column":4}},"783":{"start":{"line":1675,"column":6},"end":{"line":1676,"column":41}},"784":{"start":{"line":1675,"column":32},"end":{"line":1675,"column":76}},"785":{"start":{"line":1678,"column":2},"end":{"line":1683,"column":4}},"786":{"start":{"line":1680,"column":6},"end":{"line":1682,"column":42}},"787":{"start":{"line":1684,"column":2},"end":{"line":1690,"column":4}},"788":{"start":{"line":1686,"column":6},"end":{"line":1689,"column":38}},"789":{"start":{"line":1691,"column":2},"end":{"line":1693,"column":4}},"790":{"start":{"line":1692,"column":4},"end":{"line":1692,"column":94}},"791":{"start":{"line":1692,"column":30},"end":{"line":1692,"column":93}},"792":{"start":{"line":1694,"column":2},"end":{"line":1699,"column":4}},"793":{"start":{"line":1696,"column":6},"end":{"line":1698,"column":44}},"794":{"start":{"line":1700,"column":2},"end":{"line":1705,"column":4}},"795":{"start":{"line":1702,"column":6},"end":{"line":1704,"column":36}},"796":{"start":{"line":1707,"column":12},"end":{"line":1707,"column":39}},"797":{"start":{"line":1708,"column":12},"end":{"line":1708,"column":36}},"798":{"start":{"line":1709,"column":12},"end":{"line":1709,"column":40}},"799":{"start":{"line":1710,"column":12},"end":{"line":1710,"column":36}},"800":{"start":{"line":1712,"column":2},"end":{"line":1741,"column":3}},"801":{"start":{"line":1713,"column":4},"end":{"line":1713,"column":75}},"802":{"start":{"line":1714,"column":4},"end":{"line":1714,"column":29}},"803":{"start":{"line":1715,"column":4},"end":{"line":1728,"column":6}},"804":{"start":{"line":1718,"column":20},"end":{"line":1718,"column":30}},"805":{"start":{"line":1722,"column":20},"end":{"line":1722,"column":30}},"806":{"start":{"line":1726,"column":20},"end":{"line":1726,"column":30}},"807":{"start":{"line":1729,"column":9},"end":{"line":1741,"column":3}},"808":{"start":{"line":1730,"column":4},"end":{"line":1730,"column":41}},"809":{"start":{"line":1731,"column":4},"end":{"line":1731,"column":29}},"810":{"start":{"line":1732,"column":4},"end":{"line":1732,"column":66}},"811":{"start":{"line":1733,"column":9},"end":{"line":1741,"column":3}},"812":{"start":{"line":1734,"column":4},"end":{"line":1734,"column":37}},"813":{"start":{"line":1735,"column":4},"end":{"line":1735,"column":29}},"814":{"start":{"line":1736,"column":4},"end":{"line":1736,"column":79}},"815":{"start":{"line":1737,"column":9},"end":{"line":1741,"column":3}},"816":{"start":{"line":1738,"column":4},"end":{"line":1738,"column":41}},"817":{"start":{"line":1739,"column":4},"end":{"line":1739,"column":29}},"818":{"start":{"line":1740,"column":4},"end":{"line":1740,"column":54}},"819":{"start":{"line":1744,"column":21},"end":{"line":1744,"column":93}},"820":{"start":{"line":1744,"column":45},"end":{"line":1744,"column":92}},"821":{"start":{"line":1745,"column":21},"end":{"line":1745,"column":59}},"822":{"start":{"line":1745,"column":45},"end":{"line":1745,"column":58}},"823":{"start":{"line":1746,"column":13},"end":{"line":1746,"column":37}},"824":{"start":{"line":1747,"column":2},"end":{"line":1751,"column":3}},"825":{"start":{"line":1748,"column":4},"end":{"line":1748,"column":87}},"826":{"start":{"line":1749,"column":4},"end":{"line":1749,"column":35}},"827":{"start":{"line":1750,"column":4},"end":{"line":1750,"column":51}},"828":{"start":{"line":1753,"column":2},"end":{"line":1753,"column":90}},"829":{"start":{"line":1753,"column":50},"end":{"line":1753,"column":63}},"830":{"start":{"line":1755,"column":2},"end":{"line":1755,"column":11}},"831":{"start":{"line":1763,"column":19},"end":{"line":1763,"column":21}},"832":{"start":{"line":1764,"column":16},"end":{"line":1764,"column":67}},"833":{"start":{"line":1764,"column":39},"end":{"line":1764,"column":50}},"834":{"start":{"line":1765,"column":15},"end":{"line":1765,"column":56}},"835":{"start":{"line":1765,"column":42},"end":{"line":1765,"column":55}},"836":{"start":{"line":1767,"column":16},"end":{"line":1770,"column":3}},"837":{"start":{"line":1768,"column":20},"end":{"line":1768,"column":59}},"838":{"start":{"line":1768,"column":40},"end":{"line":1768,"column":58}},"839":{"start":{"line":1769,"column":4},"end":{"line":1769,"column":78}},"840":{"start":{"line":1769,"column":28},"end":{"line":1769,"column":78}},"841":{"start":{"line":1772,"column":2},"end":{"line":1772,"column":38}},"842":{"start":{"line":1773,"column":2},"end":{"line":1773,"column":38}},"843":{"start":{"line":1774,"column":2},"end":{"line":1774,"column":40}},"844":{"start":{"line":1775,"column":2},"end":{"line":1775,"column":51}},"845":{"start":{"line":1776,"column":2},"end":{"line":1776,"column":40}},"846":{"start":{"line":1777,"column":2},"end":{"line":1777,"column":42}},"847":{"start":{"line":1778,"column":2},"end":{"line":1778,"column":38}},"848":{"start":{"line":1779,"column":2},"end":{"line":1779,"column":34}},"849":{"start":{"line":1780,"column":2},"end":{"line":1780,"column":38}},"850":{"start":{"line":1781,"column":2},"end":{"line":1781,"column":47}},"851":{"start":{"line":1782,"column":2},"end":{"line":1782,"column":42}},"852":{"start":{"line":1783,"column":2},"end":{"line":1783,"column":36}},"853":{"start":{"line":1784,"column":2},"end":{"line":1784,"column":40}},"854":{"start":{"line":1785,"column":2},"end":{"line":1785,"column":44}},"855":{"start":{"line":1787,"column":2},"end":{"line":1788,"column":86}},"856":{"start":{"line":1788,"column":4},"end":{"line":1788,"column":86}},"857":{"start":{"line":1789,"column":2},"end":{"line":1790,"column":93}},"858":{"start":{"line":1790,"column":4},"end":{"line":1790,"column":93}},"859":{"start":{"line":1791,"column":2},"end":{"line":1792,"column":88}},"860":{"start":{"line":1792,"column":4},"end":{"line":1792,"column":88}},"861":{"start":{"line":1793,"column":2},"end":{"line":1794,"column":88}},"862":{"start":{"line":1794,"column":4},"end":{"line":1794,"column":88}},"863":{"start":{"line":1795,"column":2},"end":{"line":1799,"column":7}},"864":{"start":{"line":1796,"column":4},"end":{"line":1799,"column":7}},"865":{"start":{"line":1802,"column":15},"end":{"line":1802,"column":24}},"866":{"start":{"line":1803,"column":2},"end":{"line":1807,"column":5}},"867":{"start":{"line":1804,"column":4},"end":{"line":1804,"column":39}},"868":{"start":{"line":1804,"column":26},"end":{"line":1804,"column":39}},"869":{"start":{"line":1805,"column":4},"end":{"line":1805,"column":21}},"870":{"start":{"line":1806,"column":4},"end":{"line":1806,"column":16}},"871":{"start":{"line":1815,"column":17},"end":{"line":1815,"column":19}},"872":{"start":{"line":1818,"column":2},"end":{"line":1832,"column":3}},"873":{"start":{"line":1819,"column":4},"end":{"line":1819,"column":44}},"874":{"start":{"line":1819,"column":35},"end":{"line":1819,"column":44}},"875":{"start":{"line":1820,"column":17},"end":{"line":1820,"column":38}},"876":{"start":{"line":1821,"column":4},"end":{"line":1831,"column":5}},"877":{"start":{"line":1822,"column":21},"end":{"line":1822,"column":97}},"878":{"start":{"line":1823,"column":23},"end":{"line":1823,"column":65}},"879":{"start":{"line":1824,"column":6},"end":{"line":1830,"column":9}},"880":{"start":{"line":1835,"column":2},"end":{"line":1845,"column":3}},"881":{"start":{"line":1836,"column":4},"end":{"line":
[...]
:44}},"type":"if","locations":[{"start":{"line":82,"column":2},"end":{"line":82,"column":44}},{"start":{},"end":{}}],"line":82},"12":{"loc":{"start":{"line":86,"column":39},"end":{"line":86,"column":51}},"type":"default-arg","locations":[{"start":{"line":86,"column":47},"end":{"line":86,"column":51}}],"line":86},"13":{"loc":{"start":{"line":86,"column":53},"end":{"line":86,"column":64}},"type":"default-arg","locations":[{"start":{"line":86,"column":60},"end":{"line":86,"column":64}}],"line":86},"14":{"loc":{"start":{"line":86,"column":66},"end":{"line":86,"column":78}},"type":"default-arg","locations":[{"start":{"line":86,"column":74},"end":{"line":86,"column":78}}],"line":86},"15":{"loc":{"start":{"line":94,"column":2},"end":{"line":94,"column":43}},"type":"if","locations":[{"start":{"line":94,"column":2},"end":{"line":94,"column":43}},{"start":{},"end":{}}],"line":94},"16":{"loc":{"start":{"line":95,"column":2},"end":{"line":95,"column":43}},"type":"if","locations":[{"start":{"line":95,"column":2},"end":{"line":95,"column":43}},{"start":{},"end":{}}],"line":95},"17":{"loc":{"start":{"line":96,"column":2},"end":{"line":96,"column":43}},"type":"if","locations":[{"start":{"line":96,"column":2},"end":{"line":96,"column":43}},{"start":{},"end":{}}],"line":96},"18":{"loc":{"start":{"line":97,"column":2},"end":{"line":97,"column":72}},"type":"if","locations":[{"start":{"line":97,"column":2},"end":{"line":97,"column":72}},{"start":{},"end":{}}],"line":97},"19":{"loc":{"start":{"line":97,"column":6},"end":{"line":97,"column":31}},"type":"binary-expr","locations":[{"start":{"line":97,"column":6},"end":{"line":97,"column":20}},{"start":{"line":97,"column":24},"end":{"line":97,"column":31}}],"line":97},"20":{"loc":{"start":{"line":98,"column":2},"end":{"line":98,"column":57}},"type":"if","locations":[{"start":{"line":98,"column":2},"end":{"line":98,"column":57}},{"start":{},"end":{}}],"line":98},"21":{"loc":{"start":{"line":98,"column":6},"end":{"line":98,"column":29}},"type":"binary-expr","locations":[{"start":{"line":98,"column":6},"end":{"line":98,"column":19}},{"start":{"line":98,"column":23},"end":{"line":98,"column":29}}],"line":98},"22":{"loc":{"start":{"line":99,"column":2},"end":{"line":99,"column":59}},"type":"if","locations":[{"start":{"line":99,"column":2},"end":{"line":99,"column":59}},{"start":{},"end":{}}],"line":99},"23":{"loc":{"start":{"line":99,"column":6},"end":{"line":99,"column":30}},"type":"binary-expr","locations":[{"start":{"line":99,"column":6},"end":{"line":99,"column":20}},{"start":{"line":99,"column":24},"end":{"line":99,"column":30}}],"line":99},"24":{"loc":{"start":{"line":106,"column":2},"end":{"line":109,"column":3}},"type":"if","locations":[{"start":{"line":106,"column":2},"end":{"line":109,"column":3}},{"start":{},"end":{}}],"line":106},"25":{"loc":{"start":{"line":110,"column":2},"end":{"line":113,"column":3}},"type":"if","locations":[{"start":{"line":110,"column":2},"end":{"line":113,"column":3}},{"start":{},"end":{}}],"line":110},"26":{"loc":{"start":{"line":114,"column":2},"end":{"line":117,"column":3}},"type":"if","locations":[{"start":{"line":114,"column":2},"end":{"line":117,"column":3}},{"start":{},"end":{}}],"line":114},"27":{"loc":{"start":{"line":134,"column":6},"end":{"line":143,"column":7}},"type":"if","locations":[{"start":{"line":134,"column":6},"end":{"line":143,"column":7}},{"start":{},"end":{}}],"line":134},"28":{"loc":{"start":{"line":137,"column":16},"end":{"line":137,"column":59}},"type":"binary-expr","locations":[{"start":{"line":137,"column":16},"end":{"line":137,"column":53}},{"start":{"line":137,"column":57},"end":{"line":137,"column":59}}],"line":137},"29":{"loc":{"start":{"line":145,"column":19},"end":{"line":145,"column":62}},"type":"binary-expr","locations":[{"start":{"line":145,"column":19},"end":{"line":145,"column":56}},{"start":{"line":145,"column":60},"end":{"line":145,"column":62}}],"line":145},"30":{"loc":{"start":{"line":146,"column":18},"end":{"line":146,"column":99}},"type":"cond-expr","locations":[{"start":{"line":146,"column":47},"end":{"line":146,"column":94}},{"start":{"line":146,"column":97},"end":{"line":146,"column":99}}],"line":146},"31":{"loc":{"start":{"line":285,"column":6},"end":{"line":292,"column":7}},"type":"if","locations":[{"start":{"line":285,"column":6},"end":{"line":292,"column":7}},{"start":{},"end":{}}],"line":285},"32":{"loc":{"start":{"line":285,"column":10},"end":{"line":285,"column":96}},"type":"binary-expr","locations":[{"start":{"line":285,"column":10},"end":{"line":285,"column":28}},{"start":{"line":285,"column":32},"end":{"line":285,"column":52}},{"start":{"line":285,"column":56},"end":{"line":285,"column":96}}],"line":285},"33":{"loc":{"start":{"line":288,"column":20},"end":{"line":288,"column":92}},"type":"cond-expr","locations":[{"start":{"line":288,"column":45},"end":{"line":288,"column":49}},{"start":{"line":288,"column":52},"end":{"line":288,"column":92}}],"line":288},"34":{"loc":{"start":{"line":298,"column":14},"end":{"line":298,"column":50}},"type":"binary-expr","locations":[{"start":{"line":298,"column":14},"end":{"line":298,"column":45}},{"start":{"line":298,"column":49},"end":{"line":298,"column":50}}],"line":298},"35":{"loc":{"start":{"line":304,"column":6},"end":{"line":308,"column":7}},"type":"if","locations":[{"start":{"line":304,"column":6},"end":{"line":308,"column":7}},{"start":{},"end":{}}],"line":304},"36":{"loc":{"start":{"line":324,"column":4},"end":{"line":328,"column":5}},"type":"if","locations":[{"start":{"line":324,"column":4},"end":{"line":328,"column":5}},{"start":{},"end":{}}],"line":324},"37":{"loc":{"start":{"line":329,"column":4},"end":{"line":331,"column":5}},"type":"if","locations":[{"start":{"line":329,"column":4},"end":{"line":331,"column":5}},{"start":{},"end":{}}],"line":329},"38":{"loc":{"start":{"line":342,"column":2},"end":{"line":342,"column":40}},"type":"if","locations":[{"start":{"line":342,"column":2},"end":{"line":342,"column":40}},{"start":{},"end":{}}],"line":342},"39":{"loc":{"start":{"line":343,"column":2},"end":{"line":343,"column":68}},"type":"if","locations":[{"start":{"line":343,"column":2},"end":{"line":343,"column":68}},{"start":{},"end":{}}],"line":343},"40":{"loc":{"start":{"line":363,"column":4},"end":{"line":363,"column":53}},"type":"if","locations":[{"start":{"line":363,"column":4},"end":{"line":363,"column":53}},{"start":{},"end":{}}],"line":363},"41":{"loc":{"start":{"line":363,"column":30},"end":{"line":363,"column":47}},"type":"binary-expr","locations":[{"start":{"line":363,"column":30},"end":{"line":363,"column":42}},{"start":{"line":363,"column":46},"end":{"line":363,"column":47}}],"line":363},"42":{"loc":{"start":{"line":369,"column":9},"end":{"line":369,"column":36}},"type":"binary-expr","locations":[{"start":{"line":369,"column":9},"end":{"line":369,"column":23}},{"start":{"line":369,"column":27},"end":{"line":369,"column":36}}],"line":369},"43":{"loc":{"start":{"line":378,"column":34},"end":{"line":378,"column":46}},"type":"binary-expr","locations":[{"start":{"line":378,"column":34},"end":{"line":378,"column":40}},{"start":{"line":378,"column":44},"end":{"line":378,"column":46}}],"line":378},"44":{"loc":{"start":{"line":434,"column":39},"end":{"line":434,"column":70}},"type":"binary-expr","locations":[{"start":{"line":434,"column":39},"end":{"line":434,"column":47}},{"start":{"line":434,"column":51},"end":{"line":434,"column":70}}],"line":434},"45":{"loc":{"start":{"line":437,"column":2},"end":{"line":451,"column":3}},"type":"if","locations":[{"start":{"line":437,"column":2},"end":{"line":451,"column":3}},{"start":{},"end":{}}],"line":437},"46":{"loc":{"start":{"line":437,"column":6},"end":{"line":437,"column":39}},"type":"binary-expr","locations":[{"start":{"line":437,"column":6},"end":{"line":437,"column":16}},{"start":{"line":437,"column":20},"end":{"line":437,"column":39}}],"line":437},"47":{"loc":{"start":{"line":439,"column":4},"end":{"line":445,"column":5}},"type":"if","locations":[{"start":{"line":439,"column":4},"end":{"line":445,"column":5}},{"start":{},"end":{}}],"line":439},"48":{"loc":{"start":{"line":449,"column":79},"end":{"line":449,"column":102}},"type":"cond-expr","locations":[{"start":{"line":449,"column":94},"end":{"line":449,"column":97}},{"start":{"line":449,"column":100},"end":{"line":449,"column":102}}],"line":449},"49":{"loc":{"start":{"line":454,"column":2},"end":{"line":461,"column":3}},"type":"if","locations":[{"start":{"line":454,"column":2},"end":{"line":461,"column":3}},{"start":{},"end":{}}],"line":454},"50":{"loc":{"start":{"line":454,"column":6},"end":{"line":454,"column":40}},"type":"binary-expr","locations":[{"start":{"line":454,"column":6},"end":{"line":454,"column":15}},{"start":{"line":454,"column":19},"end":{"line":454,"column":40}}],"line":454},"51":{"loc":{"start":{"line":464,"column":2},"end":{"line":470,"column":3}},"type":"if","locations":[{"start":{"line":464,"column":2},"end":{"line":470,"column":3}},{"start":{},"end":{}}],"line":464},"52":{"loc":{"start":{"line":464,"column":6},"end":{"line":464,"column":64}},"type":"binary-expr","locations":[{"start":{"line":464,"column":6},"end":{"line":464,"column":16}},{"start":{"line":464,"column":20},"end":{"line":464,"column":40}},{"start":{"line":464,"column":44},"end":{"line":464,"column":64}}],"line":464},"53":{"loc":{"start":{"line":484,"column":2},"end":{"line":487,"column":3}},"type":"if","locations":[{"start":{"line":484,"column":2},"end":{"line":487,"column":3}},{"start":{},"end":{}}],"line":484},"54":{"loc":{"start":{"line":496,"column":2},"end":{"line":496,"column":31}},"type":"if","locations":[{"start":{"line":496,"column":2},"end":{"line":496,"column":31}},{"start":{},"end":{}}],"line":496},"55":{"loc":{"start":{"line":497,"column":2},"end":{"line":497,"column":42}},"type":"if","locations":[{"start":{"line":497,"column":2},"end":{"line":497,"column":42}},{"start":{},"end":{}}],"line":497},"56":{"loc":{"start":{"line":498,"column":2},"end":{"line":498,"column":42}},"type":"if","locations":[{"start":{"line":498,"column":2},"end":{"line":498,"column":42}},{"start":{},"end":{}}],"line":498},"57":{"loc":{"start":{"line":503,"column":4},"end":{"line":509,"column":5}},"type":"if","locations":[{"start":{"line":503,"column":4},"end":{"line":509,"column":5}},{"start":{},"end":{}}],"line":503},"58":{"loc":{"start":{"line":505,"column":8},"end":{"line":507,"column":49}},"type":"cond-expr","locations":[{"start":{"line":506,"column":12},"end":{"line":506,"column":58}},{"start":{"line":507,"column":12},"end":{"line":507,"column":49}}],"line":505},"59":{"loc":{"start":{"line":513,"column":19},"end":{"line":513,"column":52}},"type":"binary-expr","locations":[{"start":{"line":513,"column":19},"end":{"line":513,"column":42}},{"start":{"line":513,"column":46},"end":{"line":513,"column":52}}],"line":513},"60":{"loc":{"start":{"line":517,"column":21},"end":{"line":517,"column":69}},"type":"cond-expr","locations":[{"start":{"line":517,"column":34},"end":{"line":517,"column":54}},{"start":{"line":517,"column":57},"end":{"line":517,"column":69}}],"line":517},"61":{"loc":{"start":{"line":523,"column":12},"end":{"line":523,"column":37}},"type":"binary-expr","locations":[{"start":{"line":523,"column":12},"end":{"line":523,"column":25}},{"start":{"line":523,"column":29},"end":{"line":523,"column":37}}],"line":523},"62":{"loc":{"start":{"line":524,"column":19},"end":{"line":524,"column":45}},"type":"binary-expr","locations":[{"start":{"line":524,"column":19},"end":{"line":524,"column":39}},{"start":{"line":524,"column":43},"end":{"line":524,"column":45}}],"line":524},"63":{"loc":{"start":{"line":527,"column":15},"end":{"line":527,"column":46}},"type":"binary-expr","locations":[{"start":{"line":527,"column":15},"end":{"line":527,"column":40}},{"start":{"line":527,"column":44},"end":{"line":527,"column":46}}],"line":527},"64":{"loc":{"start":{"line":528,"column":16},"end":{"line":528,"column":39}},"type":"binary-expr","locations":[{"start":{"line":528,"column":16},"end":{"line":528,"column":33}},{"start":{"line":528,"column":37},"end":{"line":528,"column":39}}],"line":528},"65":{"loc":{"start":{"line":529,"column":16},"end":{"line":529,"column":37}},"type":"binary-expr","locations":[{"start":{"line":529,"column":16},"end":{"line":529,"column":31}},{"start":{"line":529,"column":35},"end":{"line":529,"column":37}}],"line":529},"66":{"loc":{"start":{"line":530,"column":18},"end":{"line":530,"column":42}},"type":"binary-expr","locations":[{"start":{"line":530,"column":18},"end":{"line":530,"column":36}},{"start":{"line":530,"column":40},"end":{"line":530,"column":42}}],"line":530},"67":{"loc":{"start":{"line":548,"column":25},"end":{"line":548,"column":44}},"type":"binary-expr","locations":[{"start":{"line":548,"column":25},"end":{"line":548,"column":38}},{"start":{"line":548,"column":42},"end":{"line":548,"column":44}}],"line":548},"68":{"loc":{"start":{"line":549,"column":15},"end":{"line":549,"column":63}},"type":"binary-expr","locations":[{"start":{"line":549,"column":15},"end":{"line":549,"column":31}},{"start":{"line":549,"column":35},"end":{"line":549,"column":63}}],"line":549},"69":{"loc":{"start":{"line":551,"column":6},"end":{"line":578,"column":7}},"type":"if","locations":[{"start":{"line":551,"column":6},"end":{"line":578,"column":7}},{"start":{},"end":{}}],"line":551},"70":{"loc":{"start":{"line":554,"column":10},"end":{"line":576,"column":11}},"type":"if","locations":[{"start":{"line":554,"column":10},"end":{"line":576,"column":11}},{"start":{},"end":{}}],"line":554},"71":{"loc":{"start":{"line":566,"column":12},"end":{"line":575,"column":13}},"type":"if","locations":[{"start":{"line":566,"column":12},"end":{"line":575,"column":13}},{"start":{},"end":{}}],"line":566},"72":{"loc":{"start":{"line":566,"column":16},"end":{"line":566,"column":77}},"type":"binary-expr","locations":[{"start":{"line":566,"column":16},"end":{"line":566,"column":40}},{"start":{"line":566,"column":44},"end":{"line":566,"column":77}}],"line":566},"73":{"loc":{"start":{"line":569,"column":31},"end":{"line":569,"column":58}},"type":"binary-expr","locations":[{"start":{"line":569,"column":31},"end":{"line":569,"column":42}},{"start":{"line":569,"column":46},"end":{"line":569,"column":58}}],"line":569},"74":{"loc":{"start":{"line":570,"column":38},"end":{"line":570,"column":79}},"type":"binary-expr","locations":[{"start":{"line":570,"column":38},"end":{"line":570,"column":56}},{"start":{"line":570,"column":60},"end":{"line":570,"column":79}}],"line":570},"75":{"loc":{"start":{"line":571,"column":34},"end":{"line":571,"column":67}},"type":"binary-expr","locations":[{"start":{"line":571,"column":34},"end":{"line":571,"column":48}},{"start":{"line":571,"column":52},"end":{"line":571,"column":67}}],"line":571},"76":{"loc":{"start":{"line":582,"column":25},"end":{"line":582,"column":44}},"type":"binary-expr","locations":[{"start":{"line":582,"column":25},"end":{"line":582,"column":38}},{"start":{"line":582,"column":42},"end":{"line":582,"column":44}}],"line":582},"77":{"loc":{"start":{"line":583,"column":6},"end":{"line":595,"column":7}},"type":"if","locations":[{"start":{"line":583,"column":6},"end":{"line":595,"column":7}},{"start":{},"end":{}}],"line":583},"78":{"loc":{"start":{"line":586,"column":10},"end":{"line":586,"column":91}},"type":"cond-expr","locations":[{"start":{"line":586,"column":39},"end":{"line":586,"column":86}},{"start":{"line":586,"column":89},"end":{"line":586,"column":91}}],"line":586},"79":{"loc":{"start":{"line":591,"column":16},"end":{"line":591,"column":31}},"type":"binary-expr","locations":[{"start":{"line":591,"column":16},"end":{"line":591,"column":26}},{"start":{"line":591,"column":30},"end":{"line":591,"column":31}}],"line":591},"80":{"loc":{"start":{"line":599,"column":4},"end":{"line":608,"column":5}},"type":"if","locations":[{"start":{"line":599,"column":4},"end":{"line":608,"column":5}},{"start":{},"end":{}}],"line":599},"81":{"loc":{"start":{"line":614,"column":14},"end":{"line":614,"column":60}},"type":"binary-expr","locations":[{"start":{"line":614,"column":14},"end":{"line":614,"column":25}},{"start":{"line":614,"column":29},"end":{"line":614,"column":60}}],"line":614},"82":{"loc":{"start":{"line":616,"column":4},"end":{"line":616,"column":34}},"type":"if","locations":[{"start":{"line":616,"column":4},"end":{"line":616,"column":34}},{"start":{},"end":{}}],"line":616},"83":{"loc":{"start":{"line":617,"column":4},"end":{"line":617,"column":51}},"type":"if","locations":[{"start":{"line":617,"column":4},"end":{"line":617,"column":51}},{"start":{},"end":{}}],"line":617},"84":{"loc":{"start":{"line":618,"column":4},"end":{"line":618,"column":41}},"type":"if","locations":[{"start":{"line":618,"column":4},"end":{"line":618,"column":41}},{"start":{},"end":{}}],"line":618},"85":{"loc":{"start":{"line":787,"column":9},"end":{"line":787,"column":96}},"type":"cond-expr","locations":[{"start":{"line":787,"column":40},"end":{"line":787,"column":91}},{"start":{"line":787,"column":94},"end":{"line":787,"column":96}}],"line":787}},"s":{"0":0,"1":0,"2":0,"3":0,"4":0,"5":0,"6":0,"7":0,"8":0,"9":0,"10":0,"11":0,"12":0,"13":0,"14":0,"15":0,"16":0,"17":0,"18":0,"19":0,"20":0,"21":0,"22":0,"23":0,"24":0,"25":0,"26":0,"27":0,"28":0,"29":0,"30":0,"31":0,"32":0,"33":0,"34":0,"35":0,"36":0,"37":0,"38":0,"39":0,"40":0,"41":0,"42":0,"43":0,"44":0,"45":0,"46":0,"47":0,"48":0,"49":0,"50":0,"51":0,"52":0,"53":0,"54":0,"55":0,"56":0,"57":0,"58":0,"59":0,"60":0,"61":0,"62":0,"63":0,"64":0,"65":0,"66":0,"67":0,"68":0,"69":0,"70":0,"71":0,"72":0,"73":0,"74":0,"75":0,"76":0,"77":0,"78":0,"79":0,"80":0,"81":0,"82":0,"83":0,"84":0,"85":0,"86":0,"87":0,"88":0,"89":0,"90":0,"91":0,"92":0,"93":0,"94":0,"95":0,"96":0,"97":0,"98":0,"99":0,"100":0,"101":0,"102":0,"103":0,"104":0,"105":0,"106":0,"107":0,"108":0,"109":0,"110":0,"111":0,"112":0,"113":0,"114":0,"115":0,"116":0,"117":0,"118":0,"119":0,"120":0,"121":0,"122":0,"123":0,"124":0,"125":0,"126":0,"127":0,"128":0,"129":0,"130":0,"131":0,"132":0,"133":0,"134":0,"135":0,"136":0,"137":0,"138":0,"139":0,"140":0,"141":0,"142":0,"143":0,"144":0,"145":0,"146":0,"147":0,"148":0,"149":0,"150":0,"151":0,"152":0,"153":0,"154":0,"155":0,"156":0,"157":0,"158":0,"159":0,"160":0,"161":0,"162":0,"163":0,"164":0,"165":0,"166":0,"167":0,"168":0,"169":0,"170":0,"171":0,"172":0,"173":0,"174":0,"175":0,"176":0,"177":0,"178":0,"179":0,"180":0,"181":0,"182":0,"183":0,"184":0,"185":0,"186":0,"187":0,"188":0,"189":0,"190":0,"191":0,"192":0,"193":0,"194":0,"195":0,"196":0,"197":0,"198":0,"199":0,"200":0,"201":0,"202":0,"203":0,"204":0,"205":0,"206":0,"207":0,"208":0,"209":0,"210":0,"211":0,"212":0,"213":0,"214":0,"215":0,"216":0,"217":0,"218":0,"219":0,"220":0,"221":0,"222":0,"223":0,"224":0,"225":0,"226":0,"227":0,"228":0,"229":0,"230":0},"f":{"0":0,"1":0,"2":0,"3":0,"4":0,"5":0,"6":0,"7":0,"8":0,"9":0,"10":0,"11":0,"12":0,"13":0,"14":0,"15":0,"16":0,"17":0,"18":0,"19":0,"20":0,"21":0,"22":0,"23":0,"24":0,"25":0,"26":0,"27":0,"28":0,"29":0,"30":0,"31":0,"32":0},"b":{"0":[0,0],"1":[0,0],"2":[0,0],"3":[0,0],"4":[0,0],"5":[0,0],"6":[0,0],"7":[0,0],"8":[0,0],"9":[0,0],"10":[0],"11":[0,0],"12":[0],"13":[0],"14":[0],"15":[0,0],"16":[0,0],"17":[0,0],"18":[0,0],"19":[0,0],"20":[0,0],"21":[0,0],"22":[0,0],"23":[0,0],"24":[0,0],"25":[0,0],"26":[0,0],"27":[0,0],"28":[0,0],"29":[0,0],"30":[0,0],"31":[0,0],"32":[0,0,0],"33":[0,0],"34":[0,0],"35":[0,0],"36":[0,0],"37":[0,0],"38":[0,0],"39":[0,0],"40":[0,0],"41":[0,0],"42":[0,0],"43":[0,0],"44":[0,0],"45":[0,0],"46":[0,0],"47":[0,0],"48":[0,0],"49":[0,0],"50":[0,0],"51":[0,0],"52":[0,0,0],"53":[0,0],"54":[0,0],"55":[0,0],"56":[0,0],"57":[0,0],"58":[0,0],"59":[0,0],"60":[0,0],"61":[0,0],"62":[0,0],"63":[0,0],"64":[0,0],"65":[0,0],"66":[0,0],"67":[0,0],"68":[0,0],"69":[0,0],"70":[0,0],"71":[0,0],"72":[0,0],"73":[0,0],"74":[0,0],"75":[0,0],"76":[0,0],"77":[0,0],"78":[0,0],"79":[0,0],"80":[0,0],"81":[0,0],"82":[0,0],"83":[0,0],"84":[0,0],"85":[0,0]}}
}
