TN:
SF:server.js
FN:9,(anonymous_0)
FNF:1
FNH:0
FNDA:0,(anonymous_0)
DA:3,0
DA:5,0
DA:7,0
DA:9,0
DA:10,0
DA:13,0
DA:15,0
DA:16,0
DA:17,0
DA:18,0
DA:19,0
DA:20,0
DA:21,0
DA:24,0
DA:25,0
LF:15
LH:0
BRDA:7,0,0,0
BRDA:7,0,1,0
BRDA:10,1,0,0
BRDA:10,1,1,0
BRDA:13,2,0,0
BRDA:13,2,1,0
BRDA:22,3,0,0
BRDA:22,3,1,0
BRF:8
BRH:0
end_of_record
TN:
SF:js\aiClient.js
FN:42,(anonymous_0)
FN:53,fetchWithTimeout
FN:55,(anonymous_2)
FN:81,parseResponse
FN:152,requestAIDoc
FN:179,(anonymous_5)
FN:186,(anonymous_6)
FN:198,checkAIServiceHealth
FNF:8
FNH:0
FNDA:0,(anonymous_0)
FNDA:0,fetchWithTimeout
FNDA:0,(anonymous_2)
FNDA:0,parseResponse
FNDA:0,requestAIDoc
FNDA:0,(anonymous_5)
FNDA:0,(anonymous_6)
FNDA:0,checkAIServiceHealth
DA:19,0
DA:43,0
DA:44,0
DA:45,0
DA:46,0
DA:54,0
DA:55,0
DA:57,0
DA:58,0
DA:59,0
DA:61,0
DA:62,0
DA:68,0
DA:73,0
DA:83,0
DA:84,0
DA:86,0
DA:93,0
DA:94,0
DA:98,0
DA:99,0
DA:101,0
DA:103,0
DA:105,0
DA:111,0
DA:113,0
DA:120,0
DA:126,0
DA:132,0
DA:153,0
DA:154,0
DA:156,0
DA:163,0
DA:165,0
DA:166,0
DA:167,0
DA:168,0
DA:170,0
DA:173,0
DA:174,0
DA:175,0
DA:177,0
DA:179,0
DA:180,0
DA:185,0
DA:186,0
DA:191,0
DA:199,0
DA:200,0
DA:205,0
DA:206,0
DA:207,0
DA:209,0
DA:214,0
DA:215,0
DA:218,0
DA:219,0
LF:57
LH:0
BRDA:42,0,0,0
BRDA:42,1,0,0
BRDA:61,2,0,0
BRDA:61,2,1,0
BRDA:93,3,0,0
BRDA:93,3,1,0
BRDA:93,4,0,0
BRDA:93,4,1,0
BRDA:98,5,0,0
BRDA:98,5,1,0
BRDA:99,6,0,0
BRDA:99,6,1,0
BRDA:101,7,0,0
BRDA:101,7,1,0
BRDA:101,7,2,0
BRDA:101,7,3,0
BRDA:101,7,4,0
BRDA:101,7,5,0
BRDA:101,7,6,0
BRDA:101,7,7,0
BRDA:173,8,0,0
BRDA:173,8,1,0
BRDA:174,9,0,0
BRDA:174,9,1,0
BRDA:177,10,0,0
BRDA:177,10,1,0
BRDA:177,11,0,0
BRDA:177,11,1,0
BRDA:185,12,0,0
BRDA:185,12,1,0
BRDA:205,13,0,0
BRDA:205,13,1,0
BRDA:214,14,0,0
BRDA:214,14,1,0
BRDA:218,15,0,0
BRDA:218,15,1,0
BRDA:218,16,0,0
BRDA:218,16,1,0
BRF:38
BRH:0
end_of_record
TN:
SF:js\analyzer.js
FN:202,getExt
FN:207,formatBytes
FN:214,getFileName
FN:218,isIgnored
FN:220,(anonymous_4)
FN:223,countLines
FN:231,computeLanguageStats
FN:238,(anonymous_7)
FN:246,(anonymous_8)
FN:247,(anonymous_9)
FN:248,(anonymous_10)
FN:261,analyzeJavaFile
FN:290,(anonymous_12)
FN:315,(anonymous_13)
FN:320,(anonymous_14)
FN:344,(anonymous_15)
FN:344,(anonymous_16)
FN:351,(anonymous_17)
FN:365,(anonymous_18)
FN:365,(anonymous_19)
FN:376,analyzePythonFile
FN:392,(anonymous_21)
FN:393,(anonymous_22)
FN:395,(anonymous_23)
FN:396,(anonymous_24)
FN:403,(anonymous_25)
FN:404,(anonymous_26)
FN:417,analyzeJSFile
FN:439,(anonymous_28)
FN:440,(anonymous_29)
FN:444,(anonymous_30)
FN:450,(anonymous_31)
FN:451,(anonymous_32)
FN:455,(anonymous_33)
FN:461,(anonymous_34)
FN:478,parsePomXml
FN:494,(anonymous_36)
FN:529,(anonymous_37)
FN:535,(anonymous_38)
FN:539,(anonymous_39)
FN:544,parseBuildGradle
FN:569,(anonymous_41)
FN:572,(anonymous_42)
FN:577,parseApplicationProperties
FN:605,parseApplicationYml
FN:622,parseRequirementsTxt
FN:626,(anonymous_46)
FN:627,(anonymous_47)
FN:628,(anonymous_48)
FN:629,(anonymous_49)
FN:632,parseEnvFile
FN:646,parseCargoToml
FN:670,(anonymous_52)
FN:676,(anonymous_53)
FN:682,parseGoMod
FN:696,(anonymous_55)
FN:699,(anonymous_56)
FN:705,parsePyprojectToml
FN:733,(anonymous_58)
FN:734,(anonymous_59)
FN:739,analyzeSqlFile
FN:743,(anonymous_61)
FN:746,(anonymous_62)
FN:748,(anonymous_63)
FN:758,detectFramework
FN:781,(anonymous_65)
FN:782,(anonymous_66)
FN:784,(anonymous_67)
FN:795,(anonymous_68)
FN:796,(anonymous_69)
FN:800,(anonymous_70)
FN:819,(anonymous_71)
FN:831,(anonymous_72)
FN:832,(anonymous_73)
FN:836,(anonymous_74)
FN:837,(anonymous_75)
FN:837,(anonymous_76)
FN:841,(anonymous_77)
FN:853,(anonymous_78)
FN:855,(anonymous_79)
FN:863,(anonymous_80)
FN:892,(anonymous_81)
FN:911,(anonymous_82)
FN:934,(anonymous_83)
FN:935,(anonymous_84)
FN:936,(anonymous_85)
FN:937,(anonymous_86)
FN:937,(anonymous_87)
FN:937,(anonymous_88)
FN:958,(anonymous_89)
FN:968,(anonymous_90)
FN:970,(anonymous_91)
FN:998,(anonymous_92)
FN:998,(anonymous_93)
FN:1098,detectDatabase
FN:1148,(anonymous_95)
FN:1152,(anonymous_96)
FN:1207,(anonymous_97)
FN:1270,(anonymous_98)
FN:1292,(anonymous_99)
FN:1293,(anonymous_100)
FN:1295,(anonymous_101)
FN:1311,(anonymous_102)
FN:1348,detectAuthentication
FN:1349,(anonymous_104)
FN:1351,(anonymous_105)
FN:1356,(anonymous_106)
FN:1361,(anonymous_107)
FN:1370,(anonymous_108)
FN:1416,(anonymous_109)
FN:1419,(anonymous_110)
FN:1421,(anonymous_111)
FN:1427,(anonymous_112)
FN:1433,(anonymous_113)
FN:1443,detectTestFramework
FN:1444,(anonymous_115)
FN:1445,(anonymous_116)
FN:1447,(anonymous_117)
FN:1456,(anonymous_118)
FN:1495,(anonymous_119)
FN:1497,(anonymous_120)
FN:1507,extractFeatures
FN:1527,(anonymous_122)
FN:1531,(anonymous_123)
FN:1596,(anonymous_124)
FN:1625,(anonymous_125)
FN:1626,(anonymous_126)
FN:1627,(anonymous_127)
FN:1644,(anonymous_128)
FN:1651,detectArchitecture
FN:1673,(anonymous_130)
FN:1674,(anonymous_131)
FN:1678,(anonymous_132)
FN:1684,(anonymous_133)
FN:1690,(anonymous_134)
FN:1691,(anonymous_135)
FN:1694,(anonymous_136)
FN:1700,(anonymous_137)
FN:1717,(anonymous_138)
FN:1721,(anonymous_139)
FN:1725,(anonymous_140)
FN:1743,(anonymous_141)
FN:1744,(anonymous_142)
FN:1752,(anonymous_143)
FN:1761,detectDesignPatterns
FN:1763,(anonymous_145)
FN:1764,(anonymous_146)
FN:1766,(anonymous_147)
FN:1767,(anonymous_148)
FN:1802,(anonymous_149)
FN:1813,collectApiRoutes
FN:1866,buildFolderTree
FN:1874,(anonymous_152)
FN:1877,(anonymous_153)
FN:1885,(anonymous_154)
FN:1903,calculateScores
FN:1939,scanSecurityIssues
FN:1959,(anonymous_157)
FN:1985,analyzeProject
FN:1987,(anonymous_159)
FN:1990,(anonymous_160)
FN:1991,(anonymous_161)
FN:1993,(anonymous_162)
FN:1997,(anonymous_163)
FN:2000,(anonymous_164)
FN:2002,(anonymous_165)
FN:2005,(anonymous_166)
FN:2007,(anonymous_167)
FN:2008,(anonymous_168)
FN:2010,(anonymous_169)
FN:2012,(anonymous_170)
FN:2017,(anonymous_171)
FN:2019,(anonymous_172)
FN:2020,(anonymous_173)
FN:2022,(anonymous_174)
FN:2030,(anonymous_175)
FN:2074,(anonymous_176)
FN:2075,(anonymous_177)
FN:2094,(anonymous_178)
FN:2098,(anonymous_179)
FN:2102,(anonymous_180)
FN:2104,(anonymous_181)
FN:2178,(anonymous_182)
FN:2178,(anonymous_183)
FN:2205,(anonymous_184)
FN:2210,(anonymous_185)
FN:2251,(anonymous_186)
FN:2252,(anonymous_187)
FN:2263,(anonymous_188)
FN:2270,(anonymous_189)
FN:2277,(anonymous_190)
FN:2343,(anonymous_191)
FN:2347,(anonymous_192)
FN:2348,(anonymous_193)
FN:2349,(anonymous_194)
FN:2451,(anonymous_195)
FN:2452,(anonymous_196)
FN:2475,(anonymous_197)
FN:2476,(anonymous_198)
FNF:199
FNH:105
FNDA:4197,getExt
FNDA:12,formatBytes
FNDA:92,getFileName
FNDA:1058,isIgnored
FNDA:2078,(anonymous_4)
FNDA:1141,countLines
FNDA:22,computeLanguageStats
FNDA:11,(anonymous_7)
FNDA:11,(anonymous_8)
FNDA:0,(anonymous_9)
FNDA:0,(anonymous_10)
FNDA:0,analyzeJavaFile
FNDA:0,(anonymous_12)
FNDA:0,(anonymous_13)
FNDA:0,(anonymous_14)
FNDA:0,(anonymous_15)
FNDA:0,(anonymous_16)
FNDA:0,(anonymous_17)
FNDA:0,(anonymous_18)
FNDA:0,(anonymous_19)
FNDA:1,analyzePythonFile
FNDA:0,(anonymous_21)
FNDA:1,(anonymous_22)
FNDA:0,(anonymous_23)
FNDA:0,(anonymous_24)
FNDA:0,(anonymous_25)
FNDA:0,(anonymous_26)
FNDA:90,analyzeJSFile
FNDA:0,(anonymous_28)
FNDA:1,(anonymous_29)
FNDA:0,(anonymous_30)
FNDA:0,(anonymous_31)
FNDA:0,(anonymous_32)
FNDA:0,(anonymous_33)
FNDA:2,(anonymous_34)
FNDA:22,parsePomXml
FNDA:0,(anonymous_36)
FNDA:0,(anonymous_37)
FNDA:0,(anonymous_38)
FNDA:0,(anonymous_39)
FNDA:22,parseBuildGradle
FNDA:0,(anonymous_41)
FNDA:0,(anonymous_42)
FNDA:22,parseApplicationProperties
FNDA:22,parseApplicationYml
FNDA:22,parseRequirementsTxt
FNDA:2,(anonymous_46)
FNDA:2,(anonymous_47)
FNDA:1,(anonymous_48)
FNDA:1,(anonymous_49)
FNDA:22,parseEnvFile
FNDA:22,parseCargoToml
FNDA:0,(anonymous_52)
FNDA:0,(anonymous_53)
FNDA:22,parseGoMod
FNDA:0,(anonymous_55)
FNDA:0,(anonymous_56)
FNDA:22,parsePyprojectToml
FNDA:0,(anonymous_58)
FNDA:0,(anonymous_59)
FNDA:1,analyzeSqlFile
FNDA:1,(anonymous_61)
FNDA:0,(anonymous_62)
FNDA:0,(anonymous_63)
FNDA:22,detectFramework
FNDA:0,(anonymous_65)
FNDA:0,(anonymous_66)
FNDA:0,(anonymous_67)
FNDA:0,(anonymous_68)
FNDA:0,(anonymous_69)
FNDA:0,(anonymous_70)
FNDA:0,(anonymous_71)
FNDA:0,(anonymous_72)
FNDA:0,(anonymous_73)
FNDA:0,(anonymous_74)
FNDA:0,(anonymous_75)
FNDA:0,(anonymous_76)
FNDA:0,(anonymous_77)
FNDA:0,(anonymous_78)
FNDA:0,(anonymous_79)
FNDA:0,(anonymous_80)
FNDA:0,(anonymous_81)
FNDA:0,(anonymous_82)
FNDA:1,(anonymous_83)
FNDA:1,(anonymous_84)
FNDA:1,(anonymous_85)
FNDA:9,(anonymous_86)
FNDA:9,(anonymous_87)
FNDA:8,(anonymous_88)
FNDA:0,(anonymous_89)
FNDA:1,(anonymous_90)
FNDA:1,(anonymous_91)
FNDA:20,(anonymous_92)
FNDA:38,(anonymous_93)
FNDA:22,detectDatabase
FNDA:0,(anonymous_95)
FNDA:0,(anonymous_96)
FNDA:1,(anonymous_97)
FNDA:0,(anonymous_98)
FNDA:0,(anonymous_99)
FNDA:0,(anonymous_100)
FNDA:0,(anonymous_101)
FNDA:0,(anonymous_102)
FNDA:22,detectAuthentication
FNDA:0,(anonymous_104)
FNDA:0,(anonymous_105)
FNDA:0,(anonymous_106)
FNDA:0,(anonymous_107)
FNDA:1,(anonymous_108)
FNDA:10,(anonymous_109)
FNDA:1,(anonymous_110)
FNDA:1,(anonymous_111)
FNDA:1,(anonymous_112)
FNDA:1,(anonymous_113)
FNDA:22,detectTestFramework
FNDA:0,(anonymous_115)
FNDA:0,(anonymous_116)
FNDA:0,(anonymous_117)
FNDA:1,(anonymous_118)
FNDA:1,(anonymous_119)
FNDA:1,(anonymous_120)
FNDA:22,extractFeatures
FNDA:0,(anonymous_122)
FNDA:0,(anonymous_123)
FNDA:1,(anonymous_124)
FNDA:1,(anonymous_125)
FNDA:1,(anonymous_126)
FNDA:1,(anonymous_127)
FNDA:0,(anonymous_128)
FNDA:22,detectArchitecture
FNDA:0,(anonymous_130)
FNDA:0,(anonymous_131)
FNDA:0,(anonymous_132)
FNDA:0,(anonymous_133)
FNDA:0,(anonymous_134)
FNDA:0,(anonymous_135)
FNDA:0,(anonymous_136)
FNDA:0,(anonymous_137)
FNDA:0,(anonymous_138)
FNDA:0,(anonymous_139)
FNDA:0,(anonymous_140)
FNDA:0,(anonymous_141)
FNDA:0,(anonymous_142)
FNDA:0,(anonymous_143)
FNDA:22,detectDesignPatterns
FNDA:0,(anonymous_145)
FNDA:0,(anonymous_146)
FNDA:308,(anonymous_147)
FNDA:0,(anonymous_148)
FNDA:0,(anonymous_149)
FNDA:22,collectApiRoutes
FNDA:22,buildFolderTree
FNDA:1032,(anonymous_152)
FNDA:502,(anonymous_153)
FNDA:124756,(anonymous_154)
FNDA:22,calculateScores
FNDA:22,scanSecurityIssues
FNDA:84,(anonymous_157)
FNDA:22,analyzeProject
FNDA:526,(anonymous_159)
FNDA:524,(anonymous_160)
FNDA:524,(anonymous_161)
FNDA:524,(anonymous_162)
FNDA:524,(anonymous_163)
FNDA:524,(anonymous_164)
FNDA:524,(anonymous_165)
FNDA:523,(anonymous_166)
FNDA:524,(anonymous_167)
FNDA:524,(anonymous_168)
FNDA:524,(anonymous_169)
FNDA:524,(anonymous_170)
FNDA:524,(anonymous_171)
FNDA:524,(anonymous_172)
FNDA:524,(anonymous_173)
FNDA:524,(anonymous_174)
FNDA:5,(anonymous_175)
FNDA:524,(anonymous_176)
FNDA:524,(anonymous_177)
FNDA:0,(anonymous_178)
FNDA:1,(anonymous_179)
FNDA:90,(anonymous_180)
FNDA:1,(anonymous_181)
FNDA:0,(anonymous_182)
FNDA:0,(anonymous_183)
FNDA:17,(anonymous_184)
FNDA:22,(anonymous_185)
FNDA:524,(anonymous_186)
FNDA:524,(anonymous_187)
FNDA:524,(anonymous_188)
FNDA:516,(anonymous_189)
FNDA:250023,(anonymous_190)
FNDA:1,(anonymous_191)
FNDA:524,(anonymous_192)
FNDA:0,(anonymous_193)
FNDA:0,(anonymous_194)
FNDA:524,(anonymous_195)
FNDA:524,(anonymous_196)
FNDA:1,(anonymous_197)
FNDA:1,(anonymous_198)
DA:15,1
DA:70,1
DA:101,1
DA:144,1
DA:170,1
DA:203,4197
DA:204,4197
DA:208,12
DA:209,9
DA:210,6
DA:211,3
DA:215,92
DA:219,1058
DA:220,2078
DA:224,1141
DA:232,22
DA:233,22
DA:234,524
DA:235,523
DA:236,523
DA:238,22
DA:239,22
DA:240,22
DA:241,11
DA:244,22
DA:245,22
DA:246,11
DA:247,0
DA:248,22
DA:250,22
DA:262,0
DA:263,0
DA:265,0
DA:285,0
DA:286,0
DA:289,0
DA:290,0
DA:295,0
DA:296,0
DA:297,0
DA:298,0
DA:299,0
DA:300,0
DA:304,0
DA:305,0
DA:308,0
DA:311,0
DA:312,0
DA:313,0
DA:314,0
DA:315,0
DA:319,0
DA:320,0
DA:323,0
DA:327,0
DA:328,0
DA:342,0
DA:344,0
DA:350,0
DA:351,0
DA:357,0
DA:358,0
DA:362,0
DA:363,0
DA:365,0
DA:369,0
DA:377,1
DA:378,1
DA:380,1
DA:392,1
DA:393,1
DA:395,1
DA:396,1
DA:400,1
DA:401,1
DA:402,1
DA:403,0
DA:404,0
DA:407,1
DA:410,1
DA:418,90
DA:419,90
DA:421,90
DA:434,90
DA:436,90
DA:437,90
DA:439,0
DA:440,1
DA:444,90
DA:448,90
DA:449,90
DA:450,0
DA:451,0
DA:454,90
DA:455,0
DA:460,90
DA:461,90
DA:466,90
DA:471,90
DA:479,22
DA:480,0
DA:494,0
DA:495,0
DA:496,0
DA:500,0
DA:504,0
DA:505,0
DA:506,0
DA:507,0
DA:508,0
DA:509,0
DA:513,0
DA:516,0
DA:519,0
DA:520,0
DA:521,0
DA:522,0
DA:523,0
DA:527,0
DA:528,0
DA:529,0
DA:535,0
DA:538,0
DA:539,0
DA:541,0
DA:545,22
DA:546,0
DA:555,0
DA:556,0
DA:558,0
DA:559,0
DA:561,0
DA:562,0
DA:564,0
DA:565,0
DA:568,0
DA:569,0
DA:571,0
DA:572,0
DA:574,0
DA:578,22
DA:579,0
DA:580,0
DA:581,0
DA:582,0
DA:583,0
DA:584,0
DA:586,0
DA:606,22
DA:608,0
DA:609,0
DA:610,0
DA:611,0
DA:612,0
DA:613,0
DA:623,22
DA:624,1
DA:626,2
DA:627,2
DA:628,1
DA:629,1
DA:633,22
DA:634,0
DA:635,0
DA:636,0
DA:637,0
DA:638,0
DA:639,0
DA:642,0
DA:647,22
DA:648,0
DA:658,0
DA:659,0
DA:660,0
DA:661,0
DA:662,0
DA:664,0
DA:665,0
DA:666,0
DA:667,0
DA:669,0
DA:670,0
DA:674,0
DA:675,0
DA:676,0
DA:678,0
DA:683,22
DA:684,0
DA:686,0
DA:687,0
DA:689,0
DA:690,0
DA:694,0
DA:695,0
DA:696,0
DA:699,0
DA:701,0
DA:706,22
DA:707,0
DA:717,0
DA:718,0
DA:719,0
DA:720,0
DA:722,0
DA:723,0
DA:724,0
DA:725,0
DA:729,0
DA:731,0
DA:732,0
DA:733,0
DA:734,0
DA:736,0
DA:740,1
DA:741,1
DA:743,1
DA:744,1
DA:746,0
DA:747,1
DA:748,0
DA:750,1
DA:751,1
DA:767,22
DA:780,22
DA:781,0
DA:782,0
DA:783,0
DA:784,0
DA:787,0
DA:788,0
DA:791,0
DA:792,0
DA:794,0
DA:795,0
DA:796,0
DA:797,0
DA:798,0
DA:799,0
DA:800,0
DA:801,0
DA:803,0
DA:804,0
DA:805,0
DA:806,0
DA:807,0
DA:808,0
DA:809,0
DA:810,0
DA:814,0
DA:816,0
DA:819,0
DA:820,0
DA:821,0
DA:822,0
DA:823,0
DA:831,0
DA:832,0
DA:835,0
DA:836,0
DA:837,0
DA:838,0
DA:839,0
DA:840,0
DA:841,0
DA:842,0
DA:843,0
DA:844,0
DA:845,0
DA:846,0
DA:847,0
DA:852,0
DA:853,0
DA:854,0
DA:856,0
DA:860,0
DA:861,0
DA:862,0
DA:863,0
DA:864,0
DA:865,0
DA:866,0
DA:867,0
DA:873,0
DA:879,0
DA:880,0
DA:881,0
DA:885,0
DA:886,0
DA:887,0
DA:888,0
DA:892,0
DA:893,0
DA:896,0
DA:901,0
DA:904,0
DA:906,0
DA:907,0
DA:908,0
DA:909,0
DA:910,0
DA:911,0
DA:912,0
DA:914,0
DA:915,0
DA:916,0
DA:917,0
DA:918,0
DA:919,0
DA:920,0
DA:921,0
DA:922,0
DA:923,0
DA:924,0
DA:925,0
DA:926,0
DA:927,0
DA:932,22
DA:933,1
DA:934,1
DA:935,1
DA:936,1
DA:937,9
DA:939,1
DA:940,1
DA:941,0
DA:942,0
DA:943,1
DA:944,0
DA:945,0
DA:946,1
DA:947,1
DA:948,1
DA:949,0
DA:950,0
DA:951,0
DA:952,0
DA:953,0
DA:954,0
DA:955,0
DA:956,0
DA:957,0
DA:958,0
DA:959,0
DA:960,0
DA:961,0
DA:962,0
DA:965,1
DA:966,1
DA:967,1
DA:968,1
DA:969,1
DA:970,1
DA:971,1
DA:972,1
DA:976,1
DA:977,0
DA:978,0
DA:979,0
DA:980,1
DA:981,0
DA:982,0
DA:983,0
DA:984,1
DA:985,0
DA:986,0
DA:987,0
DA:988,1
DA:989,0
DA:990,0
DA:991,0
DA:996,22
DA:997,1
DA:998,38
DA:1001,1
DA:1002,0
DA:1003,0
DA:1004,1
DA:1005,0
DA:1006,0
DA:1007,1
DA:1008,0
DA:1009,0
DA:1010,1
DA:1011,0
DA:1012,0
DA:1013,1
DA:1014,0
DA:1015,0
DA:1016,1
DA:1017,0
DA:1018,0
DA:1021,1
DA:1022,0
DA:1023,0
DA:1024,0
DA:1025,1
DA:1026,0
DA:1027,0
DA:1028,0
DA:1029,1
DA:1030,0
DA:1031,0
DA:1032,0
DA:1033,1
DA:1034,0
DA:1035,0
DA:1036,0
DA:1040,1
DA:1041,1
DA:1042,0
DA:1043,0
DA:1044,1
DA:1045,1
DA:1046,1
DA:1047,0
DA:1048,0
DA:1049,0
DA:1050,0
DA:1051,0
DA:1052,0
DA:1053,0
DA:1054,0
DA:1055,0
DA:1056,0
DA:1057,0
DA:1058,0
DA:1061,1
DA:1062,1
DA:1066,1
DA:1067,1
DA:1068,0
DA:1069,0
DA:1070,0
DA:1071,1
DA:1072,0
DA:1073,0
DA:1074,0
DA:1075,1
DA:1076,0
DA:1077,0
DA:1078,0
DA:1079,1
DA:1080,0
DA:1081,0
DA:1082,0
DA:1083,1
DA:1084,0
DA:1085,0
DA:1086,0
DA:1091,22
DA:1109,22
DA:1119,22
DA:1120,22
DA:1121,0
DA:1122,0
DA:1135,0
DA:1136,0
DA:1137,0
DA:1138,0
DA:1139,0
DA:1140,0
DA:1146,22
DA:1147,0
DA:1148,0
DA:1151,0
DA:1152,0
DA:1155,0
DA:1157,0
DA:1172,0
DA:1173,0
DA:1174,0
DA:1175,0
DA:1176,0
DA:1177,0
DA:1183,22
DA:1184,0
DA:1185,0
DA:1195,0
DA:1196,0
DA:1197,0
DA:1198,0
DA:1199,0
DA:1200,0
DA:1206,22
DA:1207,1
DA:1208,1
DA:1224,1
DA:1225,14
DA:1226,0
DA:1227,0
DA:1228,0
DA:1229,0
DA:1235,22
DA:1236,5
DA:1242,5
DA:1257,5
DA:1258,65
DA:1259,0
DA:1260,0
DA:1261,0
DA:1262,0
DA:1268,22
DA:1269,0
DA:1270,0
DA:1273,0
DA:1280,0
DA:1281,0
DA:1282,0
DA:1283,0
DA:1284,0
DA:1285,0
DA:1291,22
DA:1292,0
DA:1293,0
DA:1294,0
DA:1295,0
DA:1299,0
DA:1306,0
DA:1307,0
DA:1308,0
DA:1309,0
DA:1310,0
DA:1311,0
DA:1313,0
DA:1314,0
DA:1315,0
DA:1316,0
DA:1319,22
DA:1320,5
DA:1324,5
DA:1331,5
DA:1332,25
DA:1333,0
DA:1334,0
DA:1335,0
DA:1336,0
DA:1341,22
DA:1349,22
DA:1350,22
DA:1351,0
DA:1355,22
DA:1356,0
DA:1361,0
DA:1364,22
DA:1365,22
DA:1366,22
DA:1370,22
DA:1373,22
DA:1379,0
DA:1380,0
DA:1381,0
DA:1382,0
DA:1383,0
DA:1386,22
DA:1391,0
DA:1394,22
DA:1395,0
DA:1398,22
DA:1411,22
DA:1412,242
DA:1413,0
DA:1416,22
DA:1417,0
DA:1419,22
DA:1420,0
DA:1421,22
DA:1422,0
DA:1427,22
DA:1428,0
DA:1433,22
DA:1434,0
DA:1436,22
DA:1444,22
DA:1445,22
DA:1446,22
DA:1447,0
DA:1450,22
DA:1451,22
DA:1452,22
DA:1456,22
DA:1459,22
DA:1460,0
DA:1461,22
DA:1462,0
DA:1463,22
DA:1464,0
DA:1465,0
DA:1466,0
DA:1469,22
DA:1470,0
DA:1471,0
DA:1472,0
DA:1473,0
DA:1474,0
DA:1478,22
DA:1489,22
DA:1490,163
DA:1491,5
DA:1495,17
DA:1496,0
DA:1497,17
DA:1498,0
DA:1500,17
DA:1508,22
DA:1511,22
DA:1512,0
DA:1514,0
DA:1515,0
DA:1518,0
DA:1519,0
DA:1520,0
DA:1521,0
DA:1522,0
DA:1527,0
DA:1528,0
DA:1529,0
DA:1530,0
DA:1531,0
DA:1532,0
DA:1533,0
DA:1536,0
DA:1538,0
DA:1539,0
DA:1546,0
DA:1547,0
DA:1548,0
DA:1549,0
DA:1550,0
DA:1554,22
DA:1555,1
DA:1556,0
DA:1557,0
DA:1558,0
DA:1570,0
DA:1571,0
DA:1572,0
DA:1575,0
DA:1576,0
DA:1577,0
DA:1584,0
DA:1585,0
DA:1586,0
DA:1587,0
DA:1592,22
DA:1593,1
DA:1594,1
DA:1596,1
DA:1598,1
DA:1599,1
DA:1600,1
DA:1607,1
DA:1608,1
DA:1609,1
DA:1610,1
DA:1615,22
DA:1616,22
DA:1617,1
DA:1618,1
DA:1621,1
DA:1622,1
DA:1623,1
DA:1625,1
DA:1626,1
DA:1627,1
DA:1628,1
DA:1629,1
DA:1631,1
DA:1633,1
DA:1644,22
DA:1652,22
DA:1670,22
DA:1672,0
DA:1674,0
DA:1677,0
DA:1679,0
DA:1683,0
DA:1685,0
DA:1690,0
DA:1691,0
DA:1693,0
DA:1695,0
DA:1699,0
DA:1701,0
DA:1706,0
DA:1707,0
DA:1708,0
DA:1709,0
DA:1711,0
DA:1712,0
DA:1713,0
DA:1714,0
DA:1717,0
DA:1721,0
DA:1725,0
DA:1728,0
DA:1729,0
DA:1730,0
DA:1731,0
DA:1732,0
DA:1733,0
DA:1734,0
DA:1735,0
DA:1736,0
DA:1737,0
DA:1738,0
DA:1739,0
DA:1743,0
DA:1744,0
DA:1745,0
DA:1746,0
DA:1747,0
DA:1748,0
DA:1749,0
DA:1752,0
DA:1754,0
DA:1762,22
DA:1763,22
DA:1764,22
DA:1766,22
DA:1767,308
DA:1768,308
DA:1771,22
DA:1772,22
DA:1773,22
DA:1774,22
DA:1775,22
DA:1776,22
DA:1777,22
DA:1778,22
DA:1779,22
DA:1780,22
DA:1781,22
DA:1782,22
DA:1783,22
DA:1784,22
DA:1786,22
DA:1787,0
DA:1788,22
DA:1789,0
DA:1790,22
DA:1791,0
DA:1792,22
DA:1793,0
DA:1794,22
DA:1795,0
DA:1801,22
DA:1802,22
DA:1803,0
DA:1804,0
DA:1805,0
DA:1814,22
DA:1817,22
DA:1818,0
DA:1819,0
DA:1820,0
DA:1821,0
DA:1822,0
DA:1823,0
DA:1834,22
DA:1835,1
DA:1836,0
DA:1847,22
DA:1848,90
DA:1849,2
DA:1859,22
DA:1867,22
DA:1868,22
DA:1869,524
DA:1874,1032
DA:1875,524
DA:1876,524
DA:1877,508
DA:1878,508
DA:1879,8
DA:1880,8
DA:1882,508
DA:1884,524
DA:1885,124756
DA:1886,524
DA:1896,22
DA:1904,22
DA:1905,22
DA:1908,22
DA:1909,22
DA:1910,22
DA:1911,22
DA:1912,22
DA:1913,22
DA:1914,22
DA:1915,22
DA:1916,22
DA:1917,22
DA:1918,22
DA:1921,22
DA:1922,22
DA:1923,22
DA:1924,22
DA:1925,22
DA:1926,22
DA:1927,22
DA:1928,22
DA:1929,22
DA:1930,22
DA:1932,22
DA:1940,22
DA:1941,22
DA:1946,22
DA:1958,22
DA:1959,84
DA:1961,82
DA:1962,246
DA:1964,246
DA:1965,0
DA:1966,0
DA:1972,0
DA:1973,0
DA:1978,22
DA:1987,526
DA:1990,524
DA:1991,524
DA:1992,22
DA:1994,524
DA:1997,524
DA:2000,524
DA:2001,22
DA:2002,524
DA:2004,22
DA:2005,523
DA:2007,524
DA:2008,524
DA:2009,22
DA:2010,524
DA:2012,22
DA:2013,524
DA:2016,22
DA:2017,524
DA:2019,524
DA:2020,524
DA:2021,22
DA:2023,524
DA:2027,22
DA:2028,22
DA:2029,22
DA:2031,5
DA:2032,5
DA:2034,0
DA:2038,22
DA:2039,22
DA:2040,22
DA:2041,22
DA:2042,22
DA:2043,22
DA:2044,22
DA:2047,22
DA:2048,22
DA:2049,1
DA:2051,1
DA:2052,2
DA:2053,2
DA:2054,0
DA:2057,2
DA:2058,1
DA:2060,1
DA:2061,0
DA:2062,1
DA:2064,1
DA:2065,0
DA:2066,0
DA:2067,0
DA:2073,22
DA:2074,524
DA:2075,524
DA:2076,22
DA:2080,61
DA:2081,61
DA:2082,61
DA:2083,0
DA:2084,61
DA:2085,0
DA:2086,61
DA:2087,61
DA:2089,22
DA:2092,22
DA:2094,0
DA:2096,22
DA:2098,1
DA:2100,22
DA:2102,90
DA:2104,22
DA:2107,22
DA:2116,22
DA:2127,22
DA:2128,22
DA:2129,22
DA:2130,22
DA:2131,22
DA:2132,22
DA:2133,22
DA:2136,22
DA:2137,0
DA:2138,0
DA:2147,0
DA:2148,0
DA:2149,0
DA:2150,0
DA:2151,0
DA:2152,0
DA:2156,22
DA:2157,0
DA:2158,0
DA:2167,0
DA:2168,0
DA:2169,0
DA:2170,0
DA:2171,0
DA:2172,0
DA:2176,0
DA:2177,0
DA:2178,0
DA:2180,0
DA:2181,0
DA:2182,0
DA:2183,0
DA:2184,0
DA:2185,0
DA:2192,22
DA:2195,22
DA:2199,22
DA:2206,17
DA:2207,14
DA:2210,22
DA:2211,14
DA:2213,3
DA:2218,22
DA:2227,22
DA:2236,22
DA:2242,22
DA:2245,22
DA:2246,22
DA:2247,22
DA:2248,22
DA:2251,524
DA:2252,524
DA:2253,22
DA:2254,22
DA:2255,22
DA:2256,22
DA:2257,22
DA:2259,22
DA:2263,524
DA:2268,22
DA:2271,516
DA:2277,250023
DA:2282,22
DA:2283,22
DA:2284,22
DA:2285,0
DA:2286,0
DA:2287,22
DA:2288,0
DA:2289,0
DA:2290,22
DA:2291,0
DA:2292,0
DA:2293,22
DA:2294,0
DA:2295,0
DA:2296,22
DA:2297,0
DA:2298,0
DA:2299,22
DA:2300,5
DA:2301,5
DA:2302,17
DA:2303,0
DA:2304,0
DA:2305,0
DA:2307,0
DA:2308,0
DA:2310,17
DA:2311,1
DA:2312,0
DA:2313,0
DA:2314,1
DA:2315,0
DA:2316,0
DA:2318,1
DA:2319,1
DA:2321,16
DA:2322,0
DA:2323,0
DA:2324,16
DA:2325,0
DA:2326,0
DA:2327,16
DA:2328,0
DA:2329,0
DA:2330,16
DA:2331,0
DA:2332,0
DA:2336,22
DA:2337,5
DA:2338,5
DA:2339,0
DA:2343,22
DA:2346,22
DA:2347,524
DA:2348,0
DA:2349,0
DA:2353,22
DA:2451,524
DA:2452,524
DA:2461,22
DA:2462,22
DA:2463,22
DA:2466,22
DA:2467,22
DA:2468,2
DA:2469,22
DA:2470,22
DA:2471,22
DA:2472,22
DA:2473,22
DA:2474,22
DA:2475,22
DA:2476,1
DA:2477,22
DA:2478,0
DA:2479,22
DA:2480,22
DA:2481,22
DA:2484,22
DA:2485,22
DA:2487,22
DA:2488,22
DA:2490,22
DA:2496,1
DA:2497,0
DA:2498,0
DA:2499,0
DA:2500,0
DA:2501,0
DA:2504,1
DA:2505,1
LF:1044
LH:462
BRDA:204,0,0,4180
BRDA:204,0,1,17
BRDA:208,1,0,3
BRDA:208,1,1,9
BRDA:208,2,0,12
BRDA:208,2,1,9
BRDA:209,3,0,3
BRDA:209,3,1,6
BRDA:210,4,0,3
BRDA:210,4,1,3
BRDA:215,5,0,92
BRDA:215,5,1,0
BRDA:219,6,0,1058
BRDA:219,6,1,2
BRDA:224,7,0,1141
BRDA:224,7,1,3
BRDA:234,8,0,1
BRDA:234,8,1,523
BRDA:234,9,0,524
BRDA:234,9,1,523
BRDA:236,10,0,512
BRDA:236,10,1,11
BRDA:236,11,0,512
BRDA:236,11,1,11
BRDA:236,12,0,512
BRDA:236,12,1,0
BRDA:238,13,0,22
BRDA:238,13,1,11
BRDA:251,14,0,22
BRDA:251,14,1,12
BRDA:251,14,2,11
BRDA:262,15,0,0
BRDA:262,15,1,0
BRDA:286,16,0,0
BRDA:286,16,1,0
BRDA:297,17,0,0
BRDA:297,17,1,0
BRDA:304,18,0,0
BRDA:304,18,1,0
BRDA:313,19,0,0
BRDA:313,19,1,0
BRDA:314,20,0,0
BRDA:314,20,1,0
BRDA:344,21,0,0
BRDA:344,21,1,0
BRDA:353,22,0,0
BRDA:353,22,1,0
BRDA:358,23,0,0
BRDA:358,23,1,0
BRDA:377,24,0,0
BRDA:377,24,1,1
BRDA:408,25,0,1
BRDA:408,25,1,1
BRDA:418,26,0,0
BRDA:418,26,1,90
BRDA:467,27,0,90
BRDA:467,27,1,90
BRDA:467,27,2,90
BRDA:479,28,0,22
BRDA:479,28,1,0
BRDA:495,29,0,0
BRDA:495,29,1,0
BRDA:496,30,0,0
BRDA:496,30,1,0
BRDA:513,31,0,0
BRDA:513,31,1,0
BRDA:513,31,2,0
BRDA:516,32,0,0
BRDA:516,32,1,0
BRDA:520,33,0,0
BRDA:520,33,1,0
BRDA:523,34,0,0
BRDA:523,34,1,0
BRDA:545,35,0,22
BRDA:545,35,1,0
BRDA:556,36,0,0
BRDA:556,36,1,0
BRDA:559,37,0,0
BRDA:559,37,1,0
BRDA:562,38,0,0
BRDA:562,38,1,0
BRDA:565,39,0,0
BRDA:565,39,1,0
BRDA:578,40,0,22
BRDA:578,40,1,0
BRDA:582,41,0,0
BRDA:582,41,1,0
BRDA:582,42,0,0
BRDA:582,42,1,0
BRDA:584,43,0,0
BRDA:584,43,1,0
BRDA:587,44,0,0
BRDA:587,44,1,0
BRDA:588,45,0,0
BRDA:588,45,1,0
BRDA:589,46,0,0
BRDA:589,46,1,0
BRDA:590,47,0,0
BRDA:590,47,1,0
BRDA:591,48,0,0
BRDA:591,48,1,0
BRDA:592,49,0,0
BRDA:592,49,1,0
BRDA:593,50,0,0
BRDA:593,50,1,0
BRDA:595,51,0,0
BRDA:595,51,1,0
BRDA:595,51,2,0
BRDA:598,52,0,0
BRDA:598,52,1,0
BRDA:600,53,0,0
BRDA:600,53,1,0
BRDA:606,54,0,22
BRDA:606,54,1,0
BRDA:614,55,0,0
BRDA:614,55,1,0
BRDA:615,56,0,0
BRDA:615,56,1,0
BRDA:616,57,0,0
BRDA:616,57,1,0
BRDA:617,58,0,0
BRDA:617,58,1,0
BRDA:618,59,0,0
BRDA:618,59,1,0
BRDA:623,60,0,21
BRDA:623,60,1,1
BRDA:627,61,0,2
BRDA:627,61,1,1
BRDA:627,61,2,1
BRDA:627,61,3,1
BRDA:633,62,0,22
BRDA:633,62,1,0
BRDA:637,63,0,0
BRDA:637,63,1,0
BRDA:637,64,0,0
BRDA:637,64,1,0
BRDA:637,64,2,0
BRDA:639,65,0,0
BRDA:639,65,1,0
BRDA:639,66,0,0
BRDA:639,66,1,0
BRDA:647,67,0,22
BRDA:647,67,1,0
BRDA:664,68,0,0
BRDA:664,68,1,0
BRDA:665,69,0,0
BRDA:665,69,1,0
BRDA:666,70,0,0
BRDA:666,70,1,0
BRDA:667,71,0,0
BRDA:667,71,1,0
BRDA:669,72,0,0
BRDA:669,72,1,0
BRDA:675,73,0,0
BRDA:675,73,1,0
BRDA:683,74,0,22
BRDA:683,74,1,0
BRDA:689,75,0,0
BRDA:689,75,1,0
BRDA:690,76,0,0
BRDA:690,76,1,0
BRDA:694,77,0,0
BRDA:694,77,1,0
BRDA:695,78,0,0
BRDA:695,78,1,0
BRDA:706,79,0,22
BRDA:706,79,1,0
BRDA:722,80,0,0
BRDA:722,80,1,0
BRDA:723,81,0,0
BRDA:723,81,1,0
BRDA:724,82,0,0
BRDA:724,82,1,0
BRDA:725,83,0,0
BRDA:725,83,1,0
BRDA:729,84,0,0
BRDA:729,84,1,0
BRDA:731,85,0,0
BRDA:731,85,1,0
BRDA:740,86,0,0
BRDA:740,86,1,1
BRDA:780,87,0,0
BRDA:780,87,1,22
BRDA:783,88,0,0
BRDA:783,88,1,0
BRDA:784,89,0,0
BRDA:784,89,1,0
BRDA:784,90,0,0
BRDA:784,90,1,0
BRDA:787,91,0,0
BRDA:787,91,1,0
BRDA:792,92,0,0
BRDA:792,92,1,0
BRDA:794,93,0,0
BRDA:794,93,1,0
BRDA:796,94,0,0
BRDA:796,94,1,0
BRDA:797,95,0,0
BRDA:797,95,1,0
BRDA:797,96,0,0
BRDA:797,96,1,0
BRDA:797,96,2,0
BRDA:797,96,3,0
BRDA:799,97,0,0
BRDA:799,97,1,0
BRDA:801,98,0,0
BRDA:801,98,1,0
BRDA:803,99,0,0
BRDA:803,99,1,0
BRDA:804,100,0,0
BRDA:804,100,1,0
BRDA:805,101,0,0
BRDA:805,101,1,0
BRDA:806,102,0,0
BRDA:806,102,1,0
BRDA:806,103,0,0
BRDA:806,103,1,0
BRDA:806,103,2,0
BRDA:809,104,0,0
BRDA:809,104,1,0
BRDA:809,105,0,0
BRDA:809,105,1,0
BRDA:809,105,2,0
BRDA:814,106,0,0
BRDA:814,106,1,0
BRDA:816,107,0,0
BRDA:816,107,1,0
BRDA:816,107,2,0
BRDA:820,108,0,0
BRDA:820,108,1,0
BRDA:820,109,0,0
BRDA:820,109,1,0
BRDA:835,110,0,0
BRDA:835,110,1,0
BRDA:836,111,0,0
BRDA:836,111,1,0
BRDA:836,112,0,0
BRDA:836,112,1,0
BRDA:838,113,0,0
BRDA:838,113,1,0
BRDA:838,114,0,0
BRDA:838,114,1,0
BRDA:842,115,0,0
BRDA:842,115,1,0
BRDA:843,116,0,0
BRDA:843,116,1,0
BRDA:844,117,0,0
BRDA:844,117,1,0
BRDA:852,118,0,0
BRDA:852,118,1,0
BRDA:856,119,0,0
BRDA:856,119,1,0
BRDA:856,119,2,0
BRDA:860,120,0,0
BRDA:860,120,1,0
BRDA:864,121,0,0
BRDA:864,121,1,0
BRDA:873,122,0,0
BRDA:873,122,1,0
BRDA:874,123,0,0
BRDA:874,123,1,0
BRDA:874,123,2,0
BRDA:874,123,3,0
BRDA:885,124,0,0
BRDA:885,124,1,0
BRDA:896,125,0,0
BRDA:896,125,1,0
BRDA:896,125,2,0
BRDA:896,125,3,0
BRDA:901,126,0,0
BRDA:901,126,1,0
BRDA:901,126,2,0
BRDA:904,127,0,0
BRDA:904,127,1,0
BRDA:906,128,0,0
BRDA:906,128,1,0
BRDA:906,129,0,0
BRDA:906,129,1,0
BRDA:908,130,0,0
BRDA:908,130,1,0
BRDA:908,131,0,0
BRDA:908,131,1,0
BRDA:910,132,0,0
BRDA:910,132,1,0
BRDA:912,133,0,0
BRDA:912,133,1,0
BRDA:914,134,0,0
BRDA:914,134,1,0
BRDA:916,135,0,0
BRDA:916,135,1,0
BRDA:918,136,0,0
BRDA:918,136,1,0
BRDA:920,137,0,0
BRDA:920,137,1,0
BRDA:924,138,0,0
BRDA:924,138,1,0
BRDA:932,139,0,1
BRDA:932,139,1,21
BRDA:932,140,0,22
BRDA:932,140,1,1
BRDA:937,141,0,9
BRDA:937,141,1,8
BRDA:940,142,0,0
BRDA:940,142,1,1
BRDA:943,143,0,0
BRDA:943,143,1,1
BRDA:946,144,0,1
BRDA:946,144,1,0
BRDA:949,145,0,0
BRDA:949,145,1,0
BRDA:952,146,0,0
BRDA:952,146,1,0
BRDA:955,147,0,0
BRDA:955,147,1,0
BRDA:958,148,0,0
BRDA:958,148,1,0
BRDA:958,149,0,0
BRDA:958,149,1,0
BRDA:965,150,0,1
BRDA:965,150,1,0
BRDA:968,151,0,1
BRDA:968,151,1,0
BRDA:970,152,0,1
BRDA:970,152,1,0
BRDA:976,153,0,0
BRDA:976,153,1,1
BRDA:980,154,0,0
BRDA:980,154,1,1
BRDA:980,155,0,1
BRDA:980,155,1,1
BRDA:984,156,0,0
BRDA:984,156,1,1
BRDA:984,157,0,1
BRDA:984,157,1,1
BRDA:988,158,0,0
BRDA:988,158,1,1
BRDA:996,159,0,1
BRDA:996,159,1,21
BRDA:996,160,0,22
BRDA:996,160,1,9
BRDA:996,160,2,9
BRDA:997,161,0,1
BRDA:997,161,1,0
BRDA:997,162,0,1
BRDA:997,162,1,0
BRDA:998,163,0,20
BRDA:998,163,1,19
BRDA:1001,164,0,0
BRDA:1001,164,1,1
BRDA:1004,165,0,0
BRDA:1004,165,1,1
BRDA:1004,166,0,1
BRDA:1004,166,1,1
BRDA:1007,167,0,0
BRDA:1007,167,1,1
BRDA:1010,168,0,0
BRDA:1010,168,1,1
BRDA:1013,169,0,0
BRDA:1013,169,1,1
BRDA:1016,170,0,0
BRDA:1016,170,1,1
BRDA:1021,171,0,0
BRDA:1021,171,1,1
BRDA:1021,172,0,1
BRDA:1021,172,1,1
BRDA:1025,173,0,0
BRDA:1025,173,1,1
BRDA:1029,174,0,0
BRDA:1029,174,1,1
BRDA:1033,175,0,0
BRDA:1033,175,1,1
BRDA:1040,176,0,1
BRDA:1040,176,1,0
BRDA:1041,177,0,0
BRDA:1041,177,1,1
BRDA:1044,178,0,1
BRDA:1044,178,1,0
BRDA:1047,179,0,0
BRDA:1047,179,1,0
BRDA:1050,180,0,0
BRDA:1050,180,1,0
BRDA:1053,181,0,0
BRDA:1053,181,1,0
BRDA:1056,182,0,0
BRDA:1056,182,1,0
BRDA:1061,183,0,1
BRDA:1061,183,1,0
BRDA:1066,184,0,1
BRDA:1066,184,1,0
BRDA:1067,185,0,0
BRDA:1067,185,1,1
BRDA:1067,186,0,1
BRDA:1067,186,1,1
BRDA:1071,187,0,0
BRDA:1071,187,1,1
BRDA:1075,188,0,0
BRDA:1075,188,1,1
BRDA:1079,189,0,0
BRDA:1079,189,1,1
BRDA:1083,190,0,0
BRDA:1083,190,1,1
BRDA:1119,191,0,22
BRDA:1119,191,1,22
BRDA:1120,192,0,0
BRDA:1120,192,1,22
BRDA:1136,193,0,0
BRDA:1136,193,1,0
BRDA:1146,194,0,0
BRDA:1146,194,1,22
BRDA:1146,195,0,22
BRDA:1146,195,1,22
BRDA:1147,196,0,0
BRDA:1147,196,1,0
BRDA:1148,197,0,0
BRDA:1148,197,1,0
BRDA:1151,198,0,0
BRDA:1151,198,1,0
BRDA:1152,199,0,0
BRDA:1152,199,1,0
BRDA:1173,200,0,0
BRDA:1173,200,1,0
BRDA:1183,201,0,0
BRDA:1183,201,1,22
BRDA:1183,202,0,22
BRDA:1183,202,1,22
BRDA:1184,203,0,0
BRDA:1184,203,1,0
BRDA:1196,204,0,0
BRDA:1196,204,1,0
BRDA:1206,205,0,1
BRDA:1206,205,1,21
BRDA:1206,206,0,22
BRDA:1206,206,1,22
BRDA:1225,207,0,0
BRDA:1225,207,1,14
BRDA:1235,208,0,5
BRDA:1235,208,1,17
BRDA:1235,209,0,22
BRDA:1235,209,1,22
BRDA:1237,210,0,5
BRDA:1237,210,1,0
BRDA:1238,211,0,5
BRDA:1238,211,1,0
BRDA:1258,212,0,0
BRDA:1258,212,1,65
BRDA:1268,213,0,0
BRDA:1268,213,1,22
BRDA:1268,214,0,22
BRDA:1268,214,1,22
BRDA:1281,215,0,0
BRDA:1281,215,1,0
BRDA:1291,216,0,0
BRDA:1291,216,1,22
BRDA:1294,217,0,0
BRDA:1294,217,1,0
BRDA:1295,218,0,0
BRDA:1295,218,1,0
BRDA:1299,219,0,0
BRDA:1299,219,1,0
BRDA:1300,220,0,0
BRDA:1300,220,1,0
BRDA:1300,220,2,0
BRDA:1300,220,3,0
BRDA:1300,220,4,0
BRDA:1307,221,0,0
BRDA:1307,221,1,0
BRDA:1309,222,0,0
BRDA:1309,222,1,0
BRDA:1313,223,0,0
BRDA:1313,223,1,0
BRDA:1314,224,0,0
BRDA:1314,224,1,0
BRDA:1315,225,0,0
BRDA:1315,225,1,0
BRDA:1319,226,0,5
BRDA:1319,226,1,17
BRDA:1319,227,0,22
BRDA:1319,227,1,22
BRDA:1321,228,0,5
BRDA:1321,228,1,0
BRDA:1322,229,0,5
BRDA:1322,229,1,0
BRDA:1332,230,0,0
BRDA:1332,230,1,25
BRDA:1355,231,0,22
BRDA:1355,231,1,22
BRDA:1356,232,0,0
BRDA:1356,232,1,0
BRDA:1360,233,0,22
BRDA:1360,233,1,22
BRDA:1361,234,0,0
BRDA:1361,234,1,0
BRDA:1364,235,0,22
BRDA:1364,235,1,22
BRDA:1367,236,0,22
BRDA:1367,236,1,17
BRDA:1368,237,0,22
BRDA:1368,237,1,17
BRDA:1373,238,0,0
BRDA:1373,238,1,22
BRDA:1374,239,0,22
BRDA:1374,239,1,22
BRDA:1374,239,2,22
BRDA:1374,239,3,22
BRDA:1380,240,0,0
BRDA:1380,240,1,0
BRDA:1381,241,0,0
BRDA:1381,241,1,0
BRDA:1382,242,0,0
BRDA:1382,242,1,0
BRDA:1386,243,0,0
BRDA:1386,243,1,22
BRDA:1387,244,0,22
BRDA:1387,244,1,22
BRDA:1387,244,2,22
BRDA:1394,245,0,0
BRDA:1394,245,1,22
BRDA:1412,246,0,0
BRDA:1412,246,1,242
BRDA:1416,247,0,0
BRDA:1416,247,1,22
BRDA:1419,248,0,0
BRDA:1419,248,1,22
BRDA:1419,249,0,1
BRDA:1419,249,1,1
BRDA:1421,250,0,0
BRDA:1421,250,1,22
BRDA:1427,251,0,0
BRDA:1427,251,1,22
BRDA:1433,252,0,0
BRDA:1433,252,1,22
BRDA:1446,253,0,22
BRDA:1446,253,1,22
BRDA:1447,254,0,0
BRDA:1447,254,1,0
BRDA:1450,255,0,22
BRDA:1450,255,1,22
BRDA:1453,256,0,22
BRDA:1453,256,1,17
BRDA:1454,257,0,22
BRDA:1454,257,1,17
BRDA:1459,258,0,0
BRDA:1459,258,1,22
BRDA:1459,259,0,22
BRDA:1459,259,1,22
BRDA:1461,260,0,0
BRDA:1461,260,1,22
BRDA:1463,261,0,0
BRDA:1463,261,1,22
BRDA:1463,262,0,22
BRDA:1463,262,1,0
BRDA:1464,263,0,0
BRDA:1464,263,1,0
BRDA:1469,264,0,0
BRDA:1469,264,1,22
BRDA:1470,265,0,0
BRDA:1470,265,1,0
BRDA:1472,266,0,0
BRDA:1472,266,1,0
BRDA:1490,267,0,5
BRDA:1490,267,1,158
BRDA:1495,268,0,0
BRDA:1495,268,1,17
BRDA:1497,269,0,0
BRDA:1497,269,1,17
BRDA:1512,270,0,0
BRDA:1512,270,1,0
BRDA:1519,271,0,0
BRDA:1519,271,1,0
BRDA:1519,272,0,0
BRDA:1519,272,1,0
BRDA:1527,273,0,0
BRDA:1527,273,1,0
BRDA:1529,274,0,0
BRDA:1529,274,1,0
BRDA:1530,275,0,0
BRDA:1530,275,1,0
BRDA:1531,276,0,0
BRDA:1531,276,1,0
BRDA:1536,277,0,0
BRDA:1536,277,1,0
BRDA:1536,278,0,0
BRDA:1536,278,1,0
BRDA:1538,279,0,0
BRDA:1538,279,1,0
BRDA:1548,280,0,0
BRDA:1548,280,1,0
BRDA:1550,281,0,0
BRDA:1550,281,1,0
BRDA:1556,282,0,0
BRDA:1556,282,1,0
BRDA:1570,283,0,0
BRDA:1570,283,1,0
BRDA:1570,284,0,0
BRDA:1570,284,1,0
BRDA:1575,285,0,0
BRDA:1575,285,1,0
BRDA:1575,286,0,0
BRDA:1575,286,1,0
BRDA:1576,287,0,0
BRDA:1576,287,1,0
BRDA:1593,288,0,1
BRDA:1593,288,1,0
BRDA:1598,289,0,0
BRDA:1598,289,1,1
BRDA:1599,290,0,1
BRDA:1599,290,1,0
BRDA:1621,291,0,0
BRDA:1621,291,1,1
BRDA:1622,292,0,0
BRDA:1622,292,1,1
BRDA:1628,293,0,0
BRDA:1628,293,1,1
BRDA:1628,294,0,1
BRDA:1628,294,1,0
BRDA:1628,294,2,0
BRDA:1629,295,0,1
BRDA:1629,295,1,0
BRDA:1670,296,0,22
BRDA:1670,296,1,0
BRDA:1674,297,0,0
BRDA:1674,297,1,0
BRDA:1679,298,0,0
BRDA:1679,298,1,0
BRDA:1679,298,2,0
BRDA:1685,299,0,0
BRDA:1685,299,1,0
BRDA:1685,299,2,0
BRDA:1685,299,3,0
BRDA:1695,300,0,0
BRDA:1695,300,1,0
BRDA:1695,300,2,0
BRDA:1701,301,0,0
BRDA:1701,301,1,0
BRDA:1701,301,2,0
BRDA:1711,302,0,0
BRDA:1711,302,1,0
BRDA:1711,303,0,0
BRDA:1711,303,1,0
BRDA:1711,303,2,0
BRDA:1728,304,0,0
BRDA:1728,304,1,0
BRDA:1728,305,0,0
BRDA:1728,305,1,0
BRDA:1732,306,0,0
BRDA:1732,306,1,0
BRDA:1732,307,0,0
BRDA:1732,307,1,0
BRDA:1736,308,0,0
BRDA:1736,308,1,0
BRDA:1745,309,0,0
BRDA:1745,309,1,0
BRDA:1746,310,0,0
BRDA:1746,310,1,0
BRDA:1747,311,0,0
BRDA:1747,311,1,0
BRDA:1749,312,0,0
BRDA:1749,312,1,0
BRDA:1768,313,0,0
BRDA:1768,313,1,308
BRDA:1786,314,0,0
BRDA:1786,314,1,22
BRDA:1788,315,0,0
BRDA:1788,315,1,22
BRDA:1790,316,0,0
BRDA:1790,316,1,22
BRDA:1792,317,0,0
BRDA:1792,317,1,22
BRDA:1794,318,0,0
BRDA:1794,318,1,22
BRDA:1803,319,0,0
BRDA:1803,319,1,0
BRDA:1818,320,0,0
BRDA:1818,320,1,0
BRDA:1819,321,0,0
BRDA:1819,321,1,0
BRDA:1824,322,0,0
BRDA:1824,322,1,0
BRDA:1825,323,0,0
BRDA:1825,323,1,0
BRDA:1869,324,0,524
BRDA:1869,324,1,0
BRDA:1874,325,0,0
BRDA:1874,325,1,524
BRDA:1877,326,0,502
BRDA:1877,326,1,502
BRDA:1878,327,0,8
BRDA:1878,327,1,500
BRDA:1885,328,0,524
BRDA:1885,328,1,0
BRDA:1885,329,0,524
BRDA:1885,329,1,524
BRDA:1885,330,0,124756
BRDA:1885,330,1,0
BRDA:1889,331,0,524
BRDA:1889,331,1,1
BRDA:1892,332,0,522
BRDA:1892,332,1,2
BRDA:1908,333,0,1
BRDA:1908,333,1,21
BRDA:1909,334,0,0
BRDA:1909,334,1,22
BRDA:1910,335,0,0
BRDA:1910,335,1,22
BRDA:1911,336,0,1
BRDA:1911,336,1,21
BRDA:1912,337,0,5
BRDA:1912,337,1,17
BRDA:1913,338,0,0
BRDA:1913,338,1,22
BRDA:1914,339,0,5
BRDA:1914,339,1,17
BRDA:1915,340,0,1
BRDA:1915,340,1,21
BRDA:1916,341,0,0
BRDA:1916,341,1,22
BRDA:1917,342,0,0
BRDA:1917,342,1,22
BRDA:1918,343,0,0
BRDA:1918,343,1,22
BRDA:1921,344,0,1
BRDA:1921,344,1,21
BRDA:1922,345,0,1
BRDA:1922,345,1,21
BRDA:1923,346,0,0
BRDA:1923,346,1,22
BRDA:1924,347,0,6
BRDA:1924,347,1,16
BRDA:1925,348,0,5
BRDA:1925,348,1,17
BRDA:1926,349,0,0
BRDA:1926,349,1,22
BRDA:1927,350,0,0
BRDA:1927,350,1,22
BRDA:1928,351,0,0
BRDA:1928,351,1,22
BRDA:1929,352,0,0
BRDA:1929,352,1,22
BRDA:1930,353,0,0
BRDA:1930,353,1,22
BRDA:1959,354,0,84
BRDA:1959,354,1,82
BRDA:1959,354,2,82
BRDA:1965,355,0,0
BRDA:1965,355,1,0
BRDA:1966,356,0,0
BRDA:1966,356,1,0
BRDA:1967,357,0,0
BRDA:1967,357,1,0
BRDA:1967,357,2,0
BRDA:1967,357,3,0
BRDA:1987,358,0,526
BRDA:1987,358,1,0
BRDA:1990,359,0,524
BRDA:1990,359,1,0
BRDA:1991,360,0,524
BRDA:1991,360,1,1
BRDA:1994,361,0,524
BRDA:1994,361,1,510
BRDA:1997,362,0,524
BRDA:1997,362,1,1
BRDA:2002,363,0,524
BRDA:2002,363,1,524
BRDA:2005,364,0,523
BRDA:2005,364,1,5
BRDA:2010,365,0,524
BRDA:2010,365,1,524
BRDA:2017,366,0,524
BRDA:2017,366,1,524
BRDA:2017,366,2,0
BRDA:2019,367,0,524
BRDA:2019,367,1,0
BRDA:2020,368,0,524
BRDA:2020,368,1,0
BRDA:2023,369,0,524
BRDA:2023,369,1,1
BRDA:2029,370,0,5
BRDA:2029,370,1,17
BRDA:2041,371,0,22
BRDA:2041,371,1,22
BRDA:2048,372,0,1
BRDA:2048,372,1,21
BRDA:2053,373,0,0
BRDA:2053,373,1,2
BRDA:2057,374,0,1
BRDA:2057,374,1,1
BRDA:2060,375,0,0
BRDA:2060,375,1,1
BRDA:2060,376,0,1
BRDA:2060,376,1,1
BRDA:2060,376,2,1
BRDA:2060,376,3,1
BRDA:2062,377,0,0
BRDA:2062,377,1,1
BRDA:2062,378,0,1
BRDA:2062,378,1,0
BRDA:2064,379,0,0
BRDA:2064,379,1,1
BRDA:2064,380,0,1
BRDA:2064,380,1,0
BRDA:2064,380,2,0
BRDA:2064,380,3,0
BRDA:2066,381,0,0
BRDA:2066,381,1,0
BRDA:2074,382,0,524
BRDA:2074,382,1,0
BRDA:2075,383,0,524
BRDA:2075,383,1,0
BRDA:2080,384,0,0
BRDA:2080,384,1,61
BRDA:2136,385,0,0
BRDA:2136,385,1,22
BRDA:2136,386,0,22
BRDA:2136,386,1,20
BRDA:2148,387,0,0
BRDA:2148,387,1,0
BRDA:2156,388,0,0
BRDA:2156,388,1,22
BRDA:2156,389,0,22
BRDA:2156,389,1,20
BRDA:2168,390,0,0
BRDA:2168,390,1,0
BRDA:2176,391,0,0
BRDA:2176,391,1,0
BRDA:2178,392,0,0
BRDA:2178,392,1,0
BRDA:2181,393,0,0
BRDA:2181,393,1,0
BRDA:2199,394,0,22
BRDA:2199,394,1,17
BRDA:2199,394,2,17
BRDA:2199,394,3,17
BRDA:2199,394,4,17
BRDA:2199,394,5,17
BRDA:2199,394,6,17
BRDA:2203,395,0,0
BRDA:2203,395,1,17
BRDA:2207,396,0,14
BRDA:2207,396,1,0
BRDA:2210,397,0,22
BRDA:2210,397,1,21
BRDA:2211,398,0,14
BRDA:2211,398,1,0
BRDA:2218,399,0,22
BRDA:2218,399,1,17
BRDA:2218,399,2,17
BRDA:2218,399,3,17
BRDA:2218,399,4,17
BRDA:2218,399,5,17
BRDA:2227,400,0,22
BRDA:2227,400,1,17
BRDA:2227,400,2,17
BRDA:2227,400,3,17
BRDA:2227,400,4,17
BRDA:2227,400,5,17
BRDA:2236,401,0,0
BRDA:2236,401,1,22
BRDA:2238,402,0,22
BRDA:2238,402,1,22
BRDA:2238,402,2,22
BRDA:2239,403,0,0
BRDA:2239,403,1,22
BRDA:2242,404,0,22
BRDA:2242,404,1,22
BRDA:2246,405,0,0
BRDA:2246,405,1,22
BRDA:2247,406,0,0
BRDA:2247,406,1,22
BRDA:2247,407,0,22
BRDA:2247,407,1,20
BRDA:2248,408,0,22
BRDA:2248,408,1,22
BRDA:2252,409,0,524
BRDA:2252,409,1,0
BRDA:2253,410,0,22
BRDA:2253,410,1,21
BRDA:2253,410,2,21
BRDA:2254,411,0,22
BRDA:2254,411,1,22
BRDA:2254,411,2,22
BRDA:2259,412,0,22
BRDA:2259,412,1,21
BRDA:2259,412,2,21
BRDA:2263,413,0,22
BRDA:2263,413,1,22
BRDA:2263,413,2,22
BRDA:2263,413,3,22
BRDA:2268,414,0,22
BRDA:2268,414,1,17
BRDA:2271,415,0,516
BRDA:2271,415,1,515
BRDA:2271,415,2,515
BRDA:2271,415,3,515
BRDA:2271,415,4,515
BRDA:2271,415,5,0
BRDA:2271,415,6,515
BRDA:2277,416,0,250023
BRDA:2277,416,1,250023
BRDA:2277,416,2,250023
BRDA:2284,417,0,0
BRDA:2284,417,1,22
BRDA:2287,418,0,0
BRDA:2287,418,1,22
BRDA:2290,419,0,0
BRDA:2290,419,1,22
BRDA:2293,420,0,0
BRDA:2293,420,1,22
BRDA:2296,421,0,0
BRDA:2296,421,1,22
BRDA:2299,422,0,5
BRDA:2299,422,1,17
BRDA:2302,423,0,0
BRDA:2302,423,1,17
BRDA:2303,424,0,0
BRDA:2303,424,1,0
BRDA:2303,425,0,0
BRDA:2303,425,1,0
BRDA:2310,426,0,1
BRDA:2310,426,1,16
BRDA:2311,427,0,0
BRDA:2311,427,1,1
BRDA:2314,428,0,0
BRDA:2314,428,1,1
BRDA:2321,429,0,0
BRDA:2321,429,1,16
BRDA:2321,430,0,16
BRDA:2321,430,1,16
BRDA:2324,431,0,0
BRDA:2324,431,1,16
BRDA:2324,432,0,16
BRDA:2324,432,1,16
BRDA:2327,433,0,0
BRDA:2327,433,1,16
BRDA:2330,434,0,0
BRDA:2330,434,1,16
BRDA:2336,435,0,5
BRDA:2336,435,1,17
BRDA:2336,436,0,22
BRDA:2336,436,1,17
BRDA:2336,436,2,17
BRDA:2337,437,0,0
BRDA:2337,437,1,5
BRDA:2337,438,0,5
BRDA:2337,438,1,5
BRDA:2338,439,0,0
BRDA:2338,439,1,5
BRDA:2338,440,0,5
BRDA:2338,440,1,5
BRDA:2343,441,0,1
BRDA:2343,441,1,0
BRDA:2347,442,0,524
BRDA:2347,442,1,523
BRDA:2347,443,0,522
BRDA:2347,443,1,1
BRDA:2360,444,0,22
BRDA:2360,444,1,22
BRDA:2361,445,0,22
BRDA:2361,445,1,22
BRDA:2363,446,0,0
BRDA:2363,446,1,22
BRDA:2363,447,0,22
BRDA:2363,447,1,22
BRDA:2384,448,0,22
BRDA:2384,448,1,22
BRDA:2385,449,0,22
BRDA:2385,449,1,22
BRDA:2386,450,0,22
BRDA:2386,450,1,22
BRDA:2387,451,0,22
BRDA:2387,451,1,17
BRDA:2411,452,0,22
BRDA:2411,452,1,22
BRDA:2411,452,2,22
BRDA:2412,453,0,22
BRDA:2412,453,1,22
BRDA:2412,453,2,22
BRDA:2413,454,0,22
BRDA:2413,454,1,22
BRDA:2414,455,0,22
BRDA:2414,455,1,22
BRDA:2415,456,0,22
BRDA:2415,456,1,22
BRDA:2415,456,2,22
BRDA:2416,457,0,22
BRDA:2416,457,1,22
BRDA:2417,458,0,22
BRDA:2417,458,1,22
BRDA:2418,459,0,22
BRDA:2418,459,1,22
BRDA:2420,460,0,22
BRDA:2420,460,1,22
BRDA:2420,460,2,22
BRDA:2420,460,3,17
BRDA:2420,460,4,17
BRDA:2420,460,5,17
BRDA:2426,461,0,22
BRDA:2426,461,1,22
BRDA:2426,461,2,22
BRDA:2427,462,0,22
BRDA:2427,462,1,22
BRDA:2427,462,2,22
BRDA:2444,463,0,22
BRDA:2444,463,1,17
BRDA:2445,464,0,22
BRDA:2445,464,1,17
BRDA:2452,465,0,524
BRDA:2452,465,1,1
BRDA:2467,466,0,2
BRDA:2467,466,1,20
BRDA:2467,467,0,22
BRDA:2467,467,1,20
BRDA:2468,468,0,2
BRDA:2468,468,1,2
BRDA:2469,469,0,0
BRDA:2469,469,1,22
BRDA:2470,470,0,0
BRDA:2470,470,1,22
BRDA:2471,471,0,0
BRDA:2471,471,1,22
BRDA:2472,472,0,5
BRDA:2472,472,1,17
BRDA:2473,473,0,6
BRDA:2473,473,1,16
BRDA:2474,474,0,1
BRDA:2474,474,1,21
BRDA:2475,475,0,1
BRDA:2475,475,1,21
BRDA:2477,476,0,0
BRDA:2477,476,1,22
BRDA:2479,477,0,1
BRDA:2479,477,1,21
BRDA:2480,478,0,0
BRDA:2480,478,1,22
BRDA:2481,479,0,1
BRDA:2481,479,1,21
BRDA:2485,480,0,0
BRDA:2485,480,1,22
BRDA:2485,481,0,7
BRDA:2485,481,1,15
BRDA:2496,482,0,0
BRDA:2496,482,1,1
BRDA:2504,483,0,1
BRDA:2504,483,1,0
BRDA:2504,484,0,1
BRDA:2504,484,1,1
BRF:1045
BRH:475
end_of_record
TN:
SF:js\app.js
FN:38,(anonymous_0)
FN:54,(anonymous_1)
FN:63,(anonymous_2)
FN:76,_probeAIService
FN:105,onFilesReady
FN:172,_generateDocsWithFallback
FN:191,(anonymous_6)
FN:194,(anonymous_7)
FN:195,(anonymous_8)
FN:241,(anonymous_9)
FN:260,_serializeAnalysis
FN:307,resetApp
FN:337,(anonymous_12)
FN:340,(anonymous_13)
FN:349,(anonymous_14)
FN:371,sleep
FN:372,(anonymous_16)
FNF:17
FNH:0
FNDA:0,(anonymous_0)
FNDA:0,(anonymous_1)
FNDA:0,(anonymous_2)
FNDA:0,_probeAIService
FNDA:0,onFilesReady
FNDA:0,_generateDocsWithFallback
FNDA:0,(anonymous_6)
FNDA:0,(anonymous_7)
FNDA:0,(anonymous_8)
FNDA:0,(anonymous_9)
FNDA:0,_serializeAnalysis
FNDA:0,resetApp
FNDA:0,(anonymous_12)
FNDA:0,(anonymous_13)
FNDA:0,(anonymous_14)
FNDA:0,sleep
FNDA:0,(anonymous_16)
DA:22,0
DA:23,0
DA:37,0
DA:38,0
DA:40,0
DA:41,0
DA:44,0
DA:45,0
DA:48,0
DA:51,0
DA:54,0
DA:55,0
DA:56,0
DA:57,0
DA:59,0
DA:63,0
DA:64,0
DA:68,0
DA:77,0
DA:79,0
DA:80,0
DA:81,0
DA:83,0
DA:84,0
DA:88,0
DA:89,0
DA:95,0
DA:98,0
DA:106,0
DA:108,0
DA:109,0
DA:110,0
DA:114,0
DA:117,0
DA:119,0
DA:121,0
DA:122,0
DA:125,0
DA:128,0
DA:129,0
DA:132,0
DA:133,0
DA:136,0
DA:139,0
DA:140,0
DA:141,0
DA:142,0
DA:143,0
DA:146,0
DA:147,0
DA:148,0
DA:151,0
DA:152,0
DA:153,0
DA:163,0
DA:174,0
DA:175,0
DA:176,0
DA:180,0
DA:181,0
DA:182,0
DA:187,0
DA:190,0
DA:192,0
DA:194,0
DA:195,0
DA:200,0
DA:201,0
DA:202,0
DA:203,0
DA:205,0
DA:208,0
DA:210,0
DA:211,0
DA:212,0
DA:215,0
DA:216,0
DA:218,0
DA:219,0
DA:220,0
DA:226,0
DA:227,0
DA:228,0
DA:230,0
DA:231,0
DA:236,0
DA:237,0
DA:241,0
DA:242,0
DA:243,0
DA:244,0
DA:245,0
DA:249,0
DA:261,0
DA:308,0
DA:318,0
DA:319,0
DA:322,0
DA:323,0
DA:326,0
DA:327,0
DA:330,0
DA:331,0
DA:333,0
DA:334,0
DA:337,0
DA:338,0
DA:340,0
DA:341,0
DA:345,0
DA:346,0
DA:349,0
DA:350,0
DA:351,0
DA:355,0
DA:356,0
DA:358,0
DA:359,0
DA:362,0
DA:365,0
DA:372,0
DA:375,0
DA:376,0
LF:123
LH:0
BRDA:22,0,0,0
BRDA:22,0,1,0
BRDA:37,1,0,0
BRDA:37,1,1,0
BRDA:40,2,0,0
BRDA:40,2,1,0
BRDA:56,3,0,0
BRDA:56,3,1,0
BRDA:56,4,0,0
BRDA:56,4,1,0
BRDA:77,5,0,0
BRDA:77,5,1,0
BRDA:81,6,0,0
BRDA:81,6,1,0
BRDA:83,7,0,0
BRDA:83,7,1,0
BRDA:83,8,0,0
BRDA:83,8,1,0
BRDA:88,9,0,0
BRDA:88,9,1,0
BRDA:108,10,0,0
BRDA:108,10,1,0
BRDA:108,11,0,0
BRDA:108,11,1,0
BRDA:147,12,0,0
BRDA:147,12,1,0
BRDA:152,13,0,0
BRDA:152,13,1,0
BRDA:174,14,0,0
BRDA:174,14,1,0
BRDA:174,15,0,0
BRDA:174,15,1,0
BRDA:181,16,0,0
BRDA:181,16,1,0
BRDA:210,17,0,0
BRDA:210,17,1,0
BRDA:210,18,0,0
BRDA:210,18,1,0
BRDA:218,19,0,0
BRDA:218,19,1,0
BRDA:219,20,0,0
BRDA:219,20,1,0
BRDA:226,21,0,0
BRDA:226,21,1,0
BRDA:227,22,0,0
BRDA:227,22,1,0
BRDA:230,23,0,0
BRDA:230,23,1,0
BRDA:236,24,0,0
BRDA:236,24,1,0
BRDA:242,25,0,0
BRDA:242,25,1,0
BRDA:244,26,0,0
BRDA:244,26,1,0
BRDA:288,27,0,0
BRDA:288,27,1,0
BRDA:289,28,0,0
BRDA:289,28,1,0
BRDA:290,29,0,0
BRDA:290,29,1,0
BRDA:291,30,0,0
BRDA:291,30,1,0
BRDA:292,31,0,0
BRDA:292,31,1,0
BRDA:293,32,0,0
BRDA:293,32,1,0
BRDA:294,33,0,0
BRDA:294,33,1,0
BRDA:295,34,0,0
BRDA:295,34,1,0
BRDA:298,35,0,0
BRDA:298,35,1,0
BRDA:319,36,0,0
BRDA:319,36,1,0
BRDA:323,37,0,0
BRDA:323,37,1,0
BRDA:327,38,0,0
BRDA:327,38,1,0
BRDA:331,39,0,0
BRDA:331,39,1,0
BRDA:334,40,0,0
BRDA:334,40,1,0
BRDA:346,41,0,0
BRDA:346,41,1,0
BRDA:356,42,0,0
BRDA:356,42,1,0
BRDA:359,43,0,0
BRDA:359,43,1,0
BRDA:375,44,0,0
BRDA:375,44,1,0
BRDA:375,45,0,0
BRDA:375,45,1,0
BRF:92
BRH:0
end_of_record
TN:
SF:js\explorer.js
FN:6,downloadFile
FN:20,downloadAllAsZip
FN:78,copyToClipboard
FN:104,showToast
FN:116,(anonymous_4)
FNF:5
FNH:0
FNDA:0,downloadFile
FNDA:0,downloadAllAsZip
FNDA:0,copyToClipboard
FNDA:0,showToast
FNDA:0,(anonymous_4)
DA:7,0
DA:8,0
DA:9,0
DA:10,0
DA:11,0
DA:12,0
DA:13,0
DA:14,0
DA:15,0
DA:16,0
DA:21,0
DA:22,0
DA:23,0
DA:26,0
DA:27,0
DA:29,0
DA:38,0
DA:39,0
DA:43,0
DA:58,0
DA:60,0
DA:61,0
DA:62,0
DA:63,0
DA:64,0
DA:65,0
DA:66,0
DA:67,0
DA:68,0
DA:69,0
DA:70,0
DA:72,0
DA:73,0
DA:79,0
DA:80,0
DA:81,0
DA:84,0
DA:85,0
DA:86,0
DA:87,0
DA:88,0
DA:89,0
DA:90,0
DA:91,0
DA:92,0
DA:93,0
DA:95,0
DA:97,0
DA:102,0
DA:105,0
DA:106,0
DA:108,0
DA:109,0
DA:110,0
DA:111,0
DA:114,0
DA:115,0
DA:116,0
DA:117,0
DA:124,0
DA:125,0
DA:126,0
DA:127,0
DA:128,0
DA:131,0
DA:132,0
LF:66
LH:0
BRDA:20,0,0,0
BRDA:21,1,0,0
BRDA:21,1,1,0
BRDA:39,2,0,0
BRDA:39,2,1,0
BRDA:104,3,0,0
BRDA:106,4,0,0
BRDA:106,4,1,0
BRDA:109,5,0,0
BRDA:109,5,1,0
BRDA:114,6,0,0
BRDA:114,6,1,0
BRDA:115,7,0,0
BRDA:115,7,1,0
BRDA:124,8,0,0
BRDA:124,8,1,0
BRDA:131,9,0,0
BRDA:131,9,1,0
BRDA:131,10,0,0
BRDA:131,10,1,0
BRF:20
BRH:0
end_of_record
TN:
SF:js\generator.js
FN:7,titleCase
FN:8,(anonymous_1)
FN:10,today
FN:15,shieldBadge
FN:20,getStackBadges
FN:81,getInstallCmds
FN:198,getDevServerDesc
FN:209,getProjectType
FN:227,generateReadme
FN:258,(anonymous_9)
FN:269,(anonymous_10)
FN:273,(anonymous_11)
FN:283,(anonymous_12)
FN:287,(anonymous_13)
FN:288,(anonymous_14)
FN:289,(anonymous_15)
FN:293,(anonymous_16)
FN:344,(anonymous_17)
FN:371,(anonymous_18)
FN:389,(anonymous_19)
FN:396,(anonymous_20)
FN:403,(anonymous_21)
FN:410,(anonymous_22)
FN:417,(anonymous_23)
FN:420,(anonymous_24)
FN:420,(anonymous_25)
FN:427,(anonymous_26)
FN:432,(anonymous_27)
FN:446,(anonymous_28)
FN:450,describeEnvVar
FN:494,(anonymous_30)
FN:600,(anonymous_31)
FN:602,(anonymous_32)
FN:604,(anonymous_33)
FN:652,(anonymous_34)
FN:656,(anonymous_35)
FN:664,(anonymous_36)
FN:743,(anonymous_37)
FN:810,generateFolderTree
FN:818,(anonymous_39)
FN:825,(anonymous_40)
FN:839,generateInstallation
FN:982,(anonymous_42)
FN:1085,generateApiDocs
FN:1113,(anonymous_44)
FN:1116,(anonymous_45)
FN:1294,generateArchitecture
FN:1400,(anonymous_47)
FN:1405,(anonymous_48)
FN:1472,(anonymous_49)
FN:1493,(anonymous_50)
FN:1497,(anonymous_51)
FN:1550,(anonymous_52)
FN:1582,(anonymous_53)
FN:1584,(anonymous_54)
FN:1586,(anonymous_55)
FN:1593,(anonymous_56)
FN:1594,(anonymous_57)
FN:1603,(anonymous_58)
FN:1607,(anonymous_59)
FN:1611,(anonymous_60)
FN:1643,(anonymous_61)
FN:1671,(anonymous_62)
FN:1697,generateContributing
FN:1948,generateChangelog
FN:1973,(anonymous_65)
FN:1995,(anonymous_66)
FN:2042,generateDocs
FNF:68
FNH:0
FNDA:0,titleCase
FNDA:0,(anonymous_1)
FNDA:0,today
FNDA:0,shieldBadge
FNDA:0,getStackBadges
FNDA:0,getInstallCmds
FNDA:0,getDevServerDesc
FNDA:0,getProjectType
FNDA:0,generateReadme
FNDA:0,(anonymous_9)
FNDA:0,(anonymous_10)
FNDA:0,(anonymous_11)
FNDA:0,(anonymous_12)
FNDA:0,(anonymous_13)
FNDA:0,(anonymous_14)
FNDA:0,(anonymous_15)
FNDA:0,(anonymous_16)
FNDA:0,(anonymous_17)
FNDA:0,(anonymous_18)
FNDA:0,(anonymous_19)
FNDA:0,(anonymous_20)
FNDA:0,(anonymous_21)
FNDA:0,(anonymous_22)
FNDA:0,(anonymous_23)
FNDA:0,(anonymous_24)
FNDA:0,(anonymous_25)
FNDA:0,(anonymous_26)
FNDA:0,(anonymous_27)
FNDA:0,(anonymous_28)
FNDA:0,describeEnvVar
FNDA:0,(anonymous_30)
FNDA:0,(anonymous_31)
FNDA:0,(anonymous_32)
FNDA:0,(anonymous_33)
FNDA:0,(anonymous_34)
FNDA:0,(anonymous_35)
FNDA:0,(anonymous_36)
FNDA:0,(anonymous_37)
FNDA:0,generateFolderTree
FNDA:0,(anonymous_39)
FNDA:0,(anonymous_40)
FNDA:0,generateInstallation
FNDA:0,(anonymous_42)
FNDA:0,generateApiDocs
FNDA:0,(anonymous_44)
FNDA:0,(anonymous_45)
FNDA:0,generateArchitecture
FNDA:0,(anonymous_47)
FNDA:0,(anonymous_48)
FNDA:0,(anonymous_49)
FNDA:0,(anonymous_50)
FNDA:0,(anonymous_51)
FNDA:0,(anonymous_52)
FNDA:0,(anonymous_53)
FNDA:0,(anonymous_54)
FNDA:0,(anonymous_55)
FNDA:0,(anonymous_56)
FNDA:0,(anonymous_57)
FNDA:0,(anonymous_58)
FNDA:0,(anonymous_59)
FNDA:0,(anonymous_60)
FNDA:0,(anonymous_61)
FNDA:0,(anonymous_62)
FNDA:0,generateContributing
FNDA:0,generateChangelog
FNDA:0,(anonymous_65)
FNDA:0,(anonymous_66)
FNDA:0,generateDocs
DA:8,0
DA:11,0
DA:16,0
DA:17,0
DA:21,0
DA:23,0
DA:24,0
DA:25,0
DA:26,0
DA:27,0
DA:28,0
DA:29,0
DA:30,0
DA:32,0
DA:33,0
DA:34,0
DA:35,0
DA:36,0
DA:39,0
DA:40,0
DA:41,0
DA:42,0
DA:43,0
DA:44,0
DA:45,0
DA:46,0
DA:47,0
DA:48,0
DA:49,0
DA:50,0
DA:51,0
DA:52,0
DA:53,0
DA:55,0
DA:56,0
DA:57,0
DA:58,0
DA:59,0
DA:60,0
DA:61,0
DA:62,0
DA:64,0
DA:65,0
DA:66,0
DA:67,0
DA:68,0
DA:69,0
DA:70,0
DA:71,0
DA:72,0
DA:73,0
DA:74,0
DA:75,0
DA:76,0
DA:77,0
DA:82,0
DA:84,0
DA:92,0
DA:100,0
DA:108,0
DA:116,0
DA:124,0
DA:132,0
DA:140,0
DA:148,0
DA:156,0
DA:164,0
DA:172,0
DA:180,0
DA:188,0
DA:199,0
DA:200,0
DA:201,0
DA:202,0
DA:203,0
DA:204,0
DA:205,0
DA:206,0
DA:210,0
DA:211,0
DA:212,0
DA:213,0
DA:214,0
DA:215,0
DA:216,0
DA:217,0
DA:218,0
DA:219,0
DA:220,0
DA:221,0
DA:222,0
DA:223,0
DA:228,0
DA:229,0
DA:230,0
DA:232,0
DA:237,0
DA:238,0
DA:241,0
DA:242,0
DA:243,0
DA:244,0
DA:245,0
DA:246,0
DA:247,0
DA:248,0
DA:249,0
DA:250,0
DA:251,0
DA:254,0
DA:256,0
DA:258,0
DA:262,0
DA:265,0
DA:266,0
DA:270,0
DA:271,0
DA:273,0
DA:276,0
DA:277,0
DA:283,0
DA:284,0
DA:285,0
DA:286,0
DA:287,0
DA:288,0
DA:289,0
DA:291,0
DA:293,0
DA:297,0
DA:300,0
DA:304,0
DA:305,0
DA:309,0
DA:310,0
DA:311,0
DA:312,0
DA:316,0
DA:317,0
DA:323,0
DA:324,0
DA:325,0
DA:326,0
DA:330,0
DA:331,0
DA:334,0
DA:335,0
DA:341,0
DA:342,0
DA:344,0
DA:346,0
DA:350,0
DA:351,0
DA:357,0
DA:358,0
DA:359,0
DA:368,0
DA:372,0
DA:375,0
DA:379,0
DA:380,0
DA:383,0
DA:384,0
DA:385,0
DA:386,0
DA:389,0
DA:392,0
DA:393,0
DA:396,0
DA:399,0
DA:400,0
DA:403,0
DA:406,0
DA:407,0
DA:410,0
DA:416,0
DA:417,0
DA:418,0
DA:419,0
DA:420,0
DA:422,0
DA:426,0
DA:427,0
DA:430,0
DA:431,0
DA:432,0
DA:435,0
DA:438,0
DA:439,0
DA:442,0
DA:443,0
DA:445,0
DA:446,0
DA:451,0
DA:452,0
DA:458,0
DA:459,0
DA:460,0
DA:461,0
DA:462,0
DA:463,0
DA:464,0
DA:465,0
DA:466,0
DA:467,0
DA:468,0
DA:469,0
DA:470,0
DA:471,0
DA:472,0
DA:473,0
DA:474,0
DA:475,0
DA:476,0
DA:477,0
DA:478,0
DA:479,0
DA:480,0
DA:481,0
DA:482,0
DA:483,0
DA:484,0
DA:485,0
DA:486,0
DA:487,0
DA:488,0
DA:489,0
DA:493,0
DA:494,0
DA:498,0
DA:499,0
DA:505,0
DA:508,0
DA:511,0
DA:512,0
DA:513,0
DA:517,0
DA:518,0
DA:521,0
DA:525,0
DA:526,0
DA:530,0
DA:531,0
DA:535,0
DA:536,0
DA:538,0
DA:539,0
DA:541,0
DA:542,0
DA:547,0
DA:548,0
DA:549,0
DA:555,0
DA:556,0
DA:561,0
DA:562,0
DA:565,0
DA:566,0
DA:567,0
DA:568,0
DA:569,0
DA:570,0
DA:571,0
DA:572,0
DA:573,0
DA:574,0
DA:575,0
DA:576,0
DA:577,0
DA:579,0
DA:580,0
DA:581,0
DA:582,0
DA:584,0
DA:585,0
DA:588,0
DA:589,0
DA:590,0
DA:591,0
DA:592,0
DA:593,0
DA:594,0
DA:597,0
DA:598,0
DA:599,0
DA:600,0
DA:601,0
DA:602,0
DA:604,0
DA:606,0
DA:608,0
DA:609,0
DA:610,0
DA:611,0
DA:612,0
DA:615,0
DA:617,0
DA:652,0
DA:656,0
DA:664,0
DA:743,0
DA:811,0
DA:812,0
DA:813,0
DA:814,0
DA:816,0
DA:819,0
DA:825,0
DA:826,0
DA:827,0
DA:828,0
DA:829,0
DA:830,0
DA:831,0
DA:832,0
DA:835,0
DA:840,0
DA:841,0
DA:842,0
DA:843,0
DA:846,0
DA:863,0
DA:883,0
DA:898,0
DA:982,0
DA:1086,0
DA:1087,0
DA:1089,0
DA:1098,0
DA:1099,0
DA:1100,0
DA:1101,0
DA:1102,0
DA:1103,0
DA:1106,0
DA:1107,0
DA:1111,0
DA:1114,0
DA:1115,0
DA:1117,0
DA:1118,0
DA:1119,0
DA:1121,0
DA:1136,0
DA:1159,0
DA:1178,0
DA:1197,0
DA:1295,0
DA:1296,0
DA:1298,0
DA:1312,0
DA:1314,0
DA:1345,0
DA:1374,0
DA:1402,0
DA:1403,0
DA:1406,0
DA:1420,0
DA:1465,0
DA:1467,0
DA:1469,0
DA:1471,0
DA:1472,0
DA:1473,0
DA:1475,0
DA:1477,0
DA:1481,0
DA:1493,0
DA:1498,0
DA:1499,0
DA:1500,0
DA:1503,0
DA:1504,0
DA:1507,0
DA:1508,0
DA:1511,0
DA:1512,0
DA:1515,0
DA:1516,0
DA:1519,0
DA:1551,0
DA:1552,0
DA:1553,0
DA:1554,0
DA:1555,0
DA:1556,0
DA:1557,0
DA:1560,0
DA:1564,0
DA:1565,0
DA:1566,0
DA:1569,0
DA:1584,0
DA:1585,0
DA:1586,0
DA:1589,0
DA:1590,0
DA:1594,0
DA:1599,0
DA:1604,0
DA:1605,0
DA:1607,0
DA:1610,0
DA:1611,0
DA:1613,0
DA:1644,0
DA:1645,0
DA:1646,0
DA:1647,0
DA:1650,0
DA:1651,0
DA:1654,0
DA:1655,0
DA:1656,0
DA:1657,0
DA:1658,0
DA:1659,0
DA:1662,0
DA:1672,0
DA:1673,0
DA:1674,0
DA:1677,0
DA:1678,0
DA:1679,0
DA:1680,0
DA:1681,0
DA:1682,0
DA:1683,0
DA:1684,0
DA:1685,0
DA:1698,0
DA:1699,0
DA:1949,0
DA:1950,0
DA:1951,0
DA:1962,0
DA:1975,0
DA:1976,0
DA:1977,0
DA:1978,0
DA:1979,0
DA:1980,0
DA:1981,0
DA:1982,0
DA:1983,0
DA:1984,0
DA:1985,0
DA:1986,0
DA:1995,0
DA:2043,0
DA:2056,0
DA:2057,0
DA:2060,0
DA:2061,0
LF:454
LH:0
BRDA:15,0,0,0
BRDA:16,1,0,0
BRDA:16,1,1,0
BRDA:23,2,0,0
BRDA:23,2,1,0
BRDA:25,3,0,0
BRDA:25,3,1,0
BRDA:26,4,0,0
BRDA:26,4,1,0
BRDA:28,5,0,0
BRDA:28,5,1,0
BRDA:29,6,0,0
BRDA:29,6,1,0
BRDA:30,7,0,0
BRDA:30,7,1,0
BRDA:32,8,0,0
BRDA:32,8,1,0
BRDA:33,9,0,0
BRDA:33,9,1,0
BRDA:34,10,0,0
BRDA:34,10,1,0
BRDA:35,11,0,0
BRDA:35,11,1,0
BRDA:36,12,0,0
BRDA:36,12,1,0
BRDA:39,13,0,0
BRDA:39,13,1,0
BRDA:41,14,0,0
BRDA:41,14,1,0
BRDA:43,15,0,0
BRDA:43,15,1,0
BRDA:45,16,0,0
BRDA:45,16,1,0
BRDA:47,17,0,0
BRDA:47,17,1,0
BRDA:48,18,0,0
BRDA:48,18,1,0
BRDA:50,19,0,0
BRDA:50,19,1,0
BRDA:52,20,0,0
BRDA:52,20,1,0
BRDA:53,21,0,0
BRDA:53,21,1,0
BRDA:55,22,0,0
BRDA:55,22,1,0
BRDA:56,23,0,0
BRDA:56,23,1,0
BRDA:58,24,0,0
BRDA:58,24,1,0
BRDA:59,25,0,0
BRDA:59,25,1,0
BRDA:60,26,0,0
BRDA:60,26,1,0
BRDA:62,27,0,0
BRDA:62,27,1,0
BRDA:64,28,0,0
BRDA:64,28,1,0
BRDA:66,29,0,0
BRDA:66,29,1,0
BRDA:68,30,0,0
BRDA:68,30,1,0
BRDA:70,31,0,0
BRDA:70,31,1,0
BRDA:71,32,0,0
BRDA:71,32,1,0
BRDA:72,33,0,0
BRDA:72,33,1,0
BRDA:73,34,0,0
BRDA:73,34,1,0
BRDA:75,35,0,0
BRDA:75,35,1,0
BRDA:76,36,0,0
BRDA:76,36,1,0
BRDA:82,37,0,0
BRDA:82,37,1,0
BRDA:82,37,2,0
BRDA:82,37,3,0
BRDA:82,37,4,0
BRDA:82,37,5,0
BRDA:82,37,6,0
BRDA:82,37,7,0
BRDA:82,37,8,0
BRDA:82,37,9,0
BRDA:82,37,10,0
BRDA:82,37,11,0
BRDA:82,37,12,0
BRDA:82,37,13,0
BRDA:199,38,0,0
BRDA:199,38,1,0
BRDA:200,39,0,0
BRDA:200,39,1,0
BRDA:201,40,0,0
BRDA:201,40,1,0
BRDA:203,41,0,0
BRDA:203,41,1,0
BRDA:204,42,0,0
BRDA:204,42,1,0
BRDA:205,43,0,0
BRDA:205,43,1,0
BRDA:210,44,0,0
BRDA:210,44,1,0
BRDA:211,45,0,0
BRDA:211,45,1,0
BRDA:211,46,0,0
BRDA:211,46,1,0
BRDA:213,47,0,0
BRDA:213,47,1,0
BRDA:214,48,0,0
BRDA:214,48,1,0
BRDA:215,49,0,0
BRDA:215,49,1,0
BRDA:216,50,0,0
BRDA:216,50,1,0
BRDA:217,51,0,0
BRDA:217,51,1,0
BRDA:218,52,0,0
BRDA:218,52,1,0
BRDA:219,53,0,0
BRDA:219,53,1,0
BRDA:220,54,0,0
BRDA:220,54,1,0
BRDA:221,55,0,0
BRDA:221,55,1,0
BRDA:222,56,0,0
BRDA:222,56,1,0
BRDA:232,57,0,0
BRDA:232,57,1,0
BRDA:232,57,2,0
BRDA:232,57,3,0
BRDA:232,57,4,0
BRDA:237,58,0,0
BRDA:237,58,1,0
BRDA:238,59,0,0
BRDA:238,59,1,0
BRDA:242,60,0,0
BRDA:242,60,1,0
BRDA:243,61,0,0
BRDA:243,61,1,0
BRDA:244,62,0,0
BRDA:244,62,1,0
BRDA:245,63,0,0
BRDA:245,63,1,0
BRDA:246,64,0,0
BRDA:246,64,1,0
BRDA:246,65,0,0
BRDA:246,65,1,0
BRDA:247,66,0,0
BRDA:247,66,1,0
BRDA:248,67,0,0
BRDA:248,67,1,0
BRDA:249,68,0,0
BRDA:249,68,1,0
BRDA:250,69,0,0
BRDA:250,69,1,0
BRDA:251,70,0,0
BRDA:251,70,1,0
BRDA:254,71,0,0
BRDA:254,71,1,0
BRDA:256,72,0,0
BRDA:256,72,1,0
BRDA:265,73,0,0
BRDA:265,73,1,0
BRDA:271,74,0,0
BRDA:271,74,1,0
BRDA:271,74,2,0
BRDA:273,75,0,0
BRDA:273,75,1,0
BRDA:278,76,0,0
BRDA:278,76,1,0
BRDA:283,77,0,0
BRDA:283,77,1,0
BRDA:285,78,0,0
BRDA:285,78,1,0
BRDA:287,79,0,0
BRDA:287,79,1,0
BRDA:288,80,0,0
BRDA:288,80,1,0
BRDA:288,81,0,0
BRDA:288,81,1,0
BRDA:289,82,0,0
BRDA:289,82,1,0
BRDA:291,83,0,0
BRDA:291,83,1,0
BRDA:297,84,0,0
BRDA:297,84,1,0
BRDA:304,85,0,0
BRDA:304,85,1,0
BRDA:304,86,0,0
BRDA:304,86,1,0
BRDA:309,87,0,0
BRDA:309,87,1,0
BRDA:311,88,0,0
BRDA:311,88,1,0
BRDA:316,89,0,0
BRDA:316,89,1,0
BRDA:318,90,0,0
BRDA:318,90,1,0
BRDA:323,91,0,0
BRDA:323,91,1,0
BRDA:325,92,0,0
BRDA:325,92,1,0
BRDA:330,93,0,0
BRDA:330,93,1,0
BRDA:331,94,0,0
BRDA:331,94,1,0
BRDA:334,95,0,0
BRDA:334,95,1,0
BRDA:341,96,0,0
BRDA:341,96,1,0
BRDA:341,97,0,0
BRDA:341,97,1,0
BRDA:350,98,0,0
BRDA:350,98,1,0
BRDA:358,99,0,0
BRDA:358,99,1,0
BRDA:372,100,0,0
BRDA:372,100,1,0
BRDA:372,101,0,0
BRDA:372,101,1,0
BRDA:372,101,2,0
BRDA:383,102,0,0
BRDA:383,102,1,0
BRDA:385,103,0,0
BRDA:385,103,1,0
BRDA:392,104,0,0
BRDA:392,104,1,0
BRDA:399,105,0,0
BRDA:399,105,1,0
BRDA:406,106,0,0
BRDA:406,106,1,0
BRDA:416,107,0,0
BRDA:416,107,1,0
BRDA:416,108,0,0
BRDA:416,108,1,0
BRDA:417,109,0,0
BRDA:417,109,1,0
BRDA:418,110,0,0
BRDA:418,110,1,0
BRDA:420,111,0,0
BRDA:420,111,1,0
BRDA:422,112,0,0
BRDA:422,112,1,0
BRDA:426,113,0,0
BRDA:426,113,1,0
BRDA:427,114,0,0
BRDA:427,114,1,0
BRDA:430,115,0,0
BRDA:430,115,1,0
BRDA:431,116,0,0
BRDA:431,116,1,0
BRDA:432,117,0,0
BRDA:432,117,1,0
BRDA:435,118,0,0
BRDA:435,118,1,0
BRDA:438,119,0,0
BRDA:438,119,1,0
BRDA:438,120,0,0
BRDA:438,120,1,0
BRDA:442,121,0,0
BRDA:442,121,1,0
BRDA:445,122,0,0
BRDA:445,122,1,0
BRDA:452,123,0,0
BRDA:452,123,1,0
BRDA:453,124,0,0
BRDA:453,124,1,0
BRDA:453,124,2,0
BRDA:453,124,3,0
BRDA:459,125,0,0
BRDA:459,125,1,0
BRDA:459,126,0,0
BRDA:459,126,1,0
BRDA:460,127,0,0
BRDA:460,127,1,0
BRDA:460,128,0,0
BRDA:460,128,1,0
BRDA:461,129,0,0
BRDA:461,129,1,0
BRDA:461,130,0,0
BRDA:461,130,1,0
BRDA:462,131,0,0
BRDA:462,131,1,0
BRDA:462,132,0,0
BRDA:462,132,1,0
BRDA:463,133,0,0
BRDA:463,133,1,0
BRDA:463,134,0,0
BRDA:463,134,1,0
BRDA:464,135,0,0
BRDA:464,135,1,0
BRDA:464,136,0,0
BRDA:464,136,1,0
BRDA:466,137,0,0
BRDA:466,137,1,0
BRDA:466,138,0,0
BRDA:466,138,1,0
BRDA:468,139,0,0
BRDA:468,139,1,0
BRDA:468,140,0,0
BRDA:468,140,1,0
BRDA:470,141,0,0
BRDA:470,141,1,0
BRDA:471,142,0,0
BRDA:471,142,1,0
BRDA:472,143,0,0
BRDA:472,143,1,0
BRDA:473,144,0,0
BRDA:473,144,1,0
BRDA:473,145,0,0
BRDA:473,145,1,0
BRDA:473,145,2,0
BRDA:474,146,0,0
BRDA:474,146,1,0
BRDA:475,147,0,0
BRDA:475,147,1,0
BRDA:475,148,0,0
BRDA:475,148,1,0
BRDA:476,149,0,0
BRDA:476,149,1,0
BRDA:476,150,0,0
BRDA:476,150,1,0
BRDA:476,150,2,0
BRDA:478,151,0,0
BRDA:478,151,1,0
BRDA:478,152,0,0
BRDA:478,152,1,0
BRDA:480,153,0,0
BRDA:480,153,1,0
BRDA:480,154,0,0
BRDA:480,154,1,0
BRDA:480,154,2,0
BRDA:482,155,0,0
BRDA:482,155,1,0
BRDA:483,156,0,0
BRDA:483,156,1,0
BRDA:483,157,0,0
BRDA:483,157,1,0
BRDA:484,158,0,0
BRDA:484,158,1,0
BRDA:485,159,0,0
BRDA:485,159,1,0
BRDA:485,160,0,0
BRDA:485,160,1,0
BRDA:486,161,0,0
BRDA:486,161,1,0
BRDA:486,162,0,0
BRDA:486,162,1,0
BRDA:487,163,0,0
BRDA:487,163,1,0
BRDA:487,164,0,0
BRDA:487,164,1,0
BRDA:493,165,0,0
BRDA:493,165,1,0
BRDA:499,166,0,0
BRDA:499,166,1,0
BRDA:500,167,0,0
BRDA:500,167,1,0
BRDA:500,167,2,0
BRDA:500,167,3,0
BRDA:511,168,0,0
BRDA:511,168,1,0
BRDA:511,169,0,0
BRDA:511,169,1,0
BRDA:511,169,2,0
BRDA:517,170,0,0
BRDA:517,170,1,0
BRDA:517,171,0,0
BRDA:517,171,1,0
BRDA:525,172,0,0
BRDA:525,172,1,0
BRDA:525,173,0,0
BRDA:525,173,1,0
BRDA:530,174,0,0
BRDA:530,174,1,0
BRDA:535,175,0,0
BRDA:535,175,1,0
BRDA:538,176,0,0
BRDA:538,176,1,0
BRDA:541,177,0,0
BRDA:541,177,1,0
BRDA:547,178,0,0
BRDA:547,178,1,0
BRDA:556,179,0,0
BRDA:556,179,1,0
BRDA:557,180,0,0
BRDA:557,180,1,0
BRDA:557,180,2,0
BRDA:563,181,0,0
BRDA:563,181,1,0
BRDA:565,182,0,0
BRDA:565,182,1,0
BRDA:566,183,0,0
BRDA:566,183,1,0
BRDA:569,184,0,0
BRDA:569,184,1,0
BRDA:572,185,0,0
BRDA:572,185,1,0
BRDA:575,186,0,0
BRDA:575,186,1,0
BRDA:576,187,0,0
BRDA:576,187,1,0
BRDA:579,188,0,0
BRDA:579,188,1,0
BRDA:580,189,0,0
BRDA:580,189,1,0
BRDA:580,190,0,0
BRDA:580,190,1,0
BRDA:584,191,0,0
BRDA:584,191,1,0
BRDA:588,192,0,0
BRDA:588,192,1,0
BRDA:590,193,0,0
BRDA:590,193,1,0
BRDA:592,194,0,0
BRDA:592,194,1,0
BRDA:598,195,0,0
BRDA:598,195,1,0
BRDA:600,196,0,0
BRDA:600,196,1,0
BRDA:600,197,0,0
BRDA:600,197,1,0
BRDA:608,198,0,0
BRDA:608,198,1,0
BRDA:610,199,0,0
BRDA:610,199,1,0
BRDA:642,200,0,0
BRDA:642,200,1,0
BRDA:642,201,0,0
BRDA:642,201,1,0
BRDA:642,202,0,0
BRDA:642,202,1,0
BRDA:652,203,0,0
BRDA:652,203,1,0
BRDA:652,204,0,0
BRDA:652,204,1,0
BRDA:652,205,0,0
BRDA:652,205,1,0
BRDA:689,206,0,0
BRDA:689,206,1,0
BRDA:708,207,0,0
BRDA:708,207,1,0
BRDA:720,208,0,0
BRDA:720,208,1,0
BRDA:720,209,0,0
BRDA:720,209,1,0
BRDA:735,210,0,0
BRDA:735,210,1,0
BRDA:752,211,0,0
BRDA:752,211,1,0
BRDA:760,212,0,0
BRDA:760,212,1,0
BRDA:760,213,0,0
BRDA:760,213,1,0
BRDA:775,214,0,0
BRDA:775,214,1,0
BRDA:775,215,0,0
BRDA:775,215,1,0
BRDA:794,216,0,0
BRDA:794,216,1,0
BRDA:798,217,0,0
BRDA:798,217,1,0
BRDA:799,218,0,0
BRDA:799,218,1,0
BRDA:810,219,0,0
BRDA:810,220,0,0
BRDA:810,221,0,0
BRDA:811,222,0,0
BRDA:811,222,1,0
BRDA:813,223,0,0
BRDA:813,223,1,0
BRDA:816,224,0,0
BRDA:816,224,1,0
BRDA:827,225,0,0
BRDA:827,225,1,0
BRDA:828,226,0,0
BRDA:828,226,1,0
BRDA:829,227,0,0
BRDA:829,227,1,0
BRDA:830,228,0,0
BRDA:830,228,1,0
BRDA:831,229,0,0
BRDA:831,229,1,0
BRDA:831,230,0,0
BRDA:831,230,1,0
BRDA:846,231,0,0
BRDA:846,231,1,0
BRDA:863,232,0,0
BRDA:863,232,1,0
BRDA:883,233,0,0
BRDA:883,233,1,0
BRDA:883,234,0,0
BRDA:883,234,1,0
BRDA:924,235,0,0
BRDA:924,235,1,0
BRDA:927,236,0,0
BRDA:927,236,1,0
BRDA:929,237,0,0
BRDA:929,237,1,0
BRDA:931,238,0,0
BRDA:931,238,1,0
BRDA:931,239,0,0
BRDA:931,239,1,0
BRDA:931,240,0,0
BRDA:931,240,1,0
BRDA:933,241,0,0
BRDA:933,241,1,0
BRDA:934,242,0,0
BRDA:934,242,1,0
BRDA:935,243,0,0
BRDA:935,243,1,0
BRDA:958,244,0,0
BRDA:958,244,1,0
BRDA:958,245,0,0
BRDA:958,245,1,0
BRDA:969,246,0,0
BRDA:969,246,1,0
BRDA:969,247,0,0
BRDA:969,247,1,0
BRDA:969,248,0,0
BRDA:969,248,1,0
BRDA:982,249,0,0
BRDA:982,249,1,0
BRDA:990,250,0,0
BRDA:990,250,1,0
BRDA:990,250,2,0
BRDA:990,250,3,0
BRDA:995,251,0,0
BRDA:995,251,1,0
BRDA:1015,252,0,0
BRDA:1015,252,1,0
BRDA:1020,253,0,0
BRDA:1020,253,1,0
BRDA:1020,254,0,0
BRDA:1020,254,1,0
BRDA:1020,255,0,0
BRDA:1020,255,1,0
BRDA:1037,256,0,0
BRDA:1037,256,1,0
BRDA:1040,257,0,0
BRDA:1040,257,1,0
BRDA:1051,258,0,0
BRDA:1051,258,1,0
BRDA:1053,259,0,0
BRDA:1053,259,1,0
BRDA:1060,260,0,0
BRDA:1060,260,1,0
BRDA:1060,261,0,0
BRDA:1060,261,1,0
BRDA:1060,262,0,0
BRDA:1060,262,1,0
BRDA:1060,263,0,0
BRDA:1060,263,1,0
BRDA:1089,264,0,0
BRDA:1089,264,1,0
BRDA:1091,265,0,0
BRDA:1091,265,1,0
BRDA:1093,266,0,0
BRDA:1093,266,1,0
BRDA:1101,267,0,0
BRDA:1101,267,1,0
BRDA:1101,267,2,0
BRDA:1102,268,0,0
BRDA:1102,268,1,0
BRDA:1107,269,0,0
BRDA:1107,269,1,0
BRDA:1111,270,0,0
BRDA:1111,270,1,0
BRDA:1118,271,0,0
BRDA:1118,271,1,0
BRDA:1121,272,0,0
BRDA:1121,272,1,0
BRDA:1127,273,0,0
BRDA:1127,273,1,0
BRDA:1136,274,0,0
BRDA:1136,274,1,0
BRDA:1146,275,0,0
BRDA:1146,275,1,0
BRDA:1150,276,0,0
BRDA:1150,276,1,0
BRDA:1152,277,0,0
BRDA:1152,277,1,0
BRDA:1159,278,0,0
BRDA:1159,278,1,0
BRDA:1159,279,0,0
BRDA:1159,279,1,0
BRDA:1159,280,0,0
BRDA:1159,280,1,0
BRDA:1161,281,0,0
BRDA:1161,281,1,0
BRDA:1161,282,0,0
BRDA:1161,282,1,0
BRDA:1161,283,0,0
BRDA:1161,283,1,0
BRDA:1161,284,0,0
BRDA:1161,284,1,0
BRDA:1161,285,0,0
BRDA:1161,285,1,0
BRDA:1161,286,0,0
BRDA:1161,286,1,0
BRDA:1161,287,0,0
BRDA:1161,287,1,0
BRDA:1161,288,0,0
BRDA:1161,288,1,0
BRDA:1163,289,0,0
BRDA:1163,289,1,0
BRDA:1163,290,0,0
BRDA:1163,290,1,0
BRDA:1163,291,0,0
BRDA:1163,291,1,0
BRDA:1218,292,0,0
BRDA:1218,292,1,0
BRDA:1218,293,0,0
BRDA:1218,293,1,0
BRDA:1296,294,0,0
BRDA:1296,294,1,0
BRDA:1299,295,0,0
BRDA:1299,295,1,0
BRDA:1300,296,0,0
BRDA:1300,296,1,0
BRDA:1301,297,0,0
BRDA:1301,297,1,0
BRDA:1302,298,0,0
BRDA:1302,298,1,0
BRDA:1302,299,0,0
BRDA:1302,299,1,0
BRDA:1303,300,0,0
BRDA:1303,300,1,0
BRDA:1304,301,0,0
BRDA:1304,301,1,0
BRDA:1305,302,0,0
BRDA:1305,302,1,0
BRDA:1306,303,0,0
BRDA:1306,303,1,0
BRDA:1307,304,0,0
BRDA:1307,304,1,0
BRDA:1314,305,0,0
BRDA:1314,305,1,0
BRDA:1332,306,0,0
BRDA:1332,306,1,0
BRDA:1335,307,0,0
BRDA:1335,307,1,0
BRDA:1345,308,0,0
BRDA:1345,308,1,0
BRDA:1370,309,0,0
BRDA:1370,309,1,0
BRDA:1386,310,0,0
BRDA:1386,310,1,0
BRDA:1403,311,0,0
BRDA:1403,311,1,0
BRDA:1406,312,0,0
BRDA:1406,312,1,0
BRDA:1467,313,0,0
BRDA:1467,313,1,0
BRDA:1471,314,0,0
BRDA:1471,314,1,0
BRDA:1471,315,0,0
BRDA:1471,315,1,0
BRDA:1475,316,0,0
BRDA:1475,316,1,0
BRDA:1481,317,0,0
BRDA:1481,317,1,0
BRDA:1490,318,0,0
BRDA:1490,318,1,0
BRDA:1493,319,0,0
BRDA:1493,319,1,0
BRDA:1496,320,0,0
BRDA:1496,320,1,0
BRDA:1499,321,0,0
BRDA:1499,321,1,0
BRDA:1503,322,0,0
BRDA:1503,322,1,0
BRDA:1507,323,0,0
BRDA:1507,323,1,0
BRDA:1511,324,0,0
BRDA:1511,324,1,0
BRDA:1515,325,0,0
BRDA:1515,325,1,0
BRDA:1523,326,0,0
BRDA:1523,326,1,0
BRDA:1535,327,0,0
BRDA:1535,327,1,0
BRDA:1539,328,0,0
BRDA:1539,328,1,0
BRDA:1552,329,0,0
BRDA:1552,329,1,0
BRDA:1554,330,0,0
BRDA:1554,330,1,0
BRDA:1554,331,0,0
BRDA:1554,331,1,0
BRDA:1555,332,0,0
BRDA:1555,332,1,0
BRDA:1556,333,0,0
BRDA:1556,333,1,0
BRDA:1560,334,0,0
BRDA:1560,334,1,0
BRDA:1561,335,0,0
BRDA:1561,335,1,0
BRDA:1561,335,2,0
BRDA:1561,335,3,0
BRDA:1565,336,0,0
BRDA:1565,336,1,0
BRDA:1569,337,0,0
BRDA:1569,337,1,0
BRDA:1579,338,0,0
BRDA:1579,338,1,0
BRDA:1580,339,0,0
BRDA:1580,339,1,0
BRDA:1584,340,0,0
BRDA:1584,340,1,0
BRDA:1585,341,0,0
BRDA:1585,341,1,0
BRDA:1589,342,0,0
BRDA:1589,342,1,0
BRDA:1605,343,0,0
BRDA:1605,343,1,0
BRDA:1607,344,0,0
BRDA:1607,344,1,0
BRDA:1607,344,2,0
BRDA:1610,345,0,0
BRDA:1610,345,1,0
BRDA:1616,346,0,0
BRDA:1616,346,1,0
BRDA:1625,347,0,0
BRDA:1625,347,1,0
BRDA:1645,348,0,0
BRDA:1645,348,1,0
BRDA:1646,349,0,0
BRDA:1646,349,1,0
BRDA:1646,350,0,0
BRDA:1646,350,1,0
BRDA:1650,351,0,0
BRDA:1650,351,1,0
BRDA:1654,352,0,0
BRDA:1654,352,1,0
BRDA:1656,353,0,0
BRDA:1656,353,1,0
BRDA:1656,354,0,0
BRDA:1656,354,1,0
BRDA:1658,355,0,0
BRDA:1658,355,1,0
BRDA:1662,356,0,0
BRDA:1662,356,1,0
BRDA:1673,357,0,0
BRDA:1673,357,1,0
BRDA:1677,358,0,0
BRDA:1677,358,1,0
BRDA:1679,359,0,0
BRDA:1679,359,1,0
BRDA:1681,360,0,0
BRDA:1681,360,1,0
BRDA:1682,361,0,0
BRDA:1682,361,1,0
BRDA:1684,362,0,0
BRDA:1684,362,1,0
BRDA:1685,363,0,0
BRDA:1685,363,1,0
BRDA:1857,364,0,0
BRDA:1857,364,1,0
BRDA:1857,365,0,0
BRDA:1857,365,1,0
BRDA:1870,366,0,0
BRDA:1870,366,1,0
BRDA:1903,367,0,0
BRDA:1903,367,1,0
BRDA:1952,368,0,0
BRDA:1952,368,1,0
BRDA:1953,369,0,0
BRDA:1953,369,1,0
BRDA:1954,370,0,0
BRDA:1954,370,1,0
BRDA:1954,371,0,0
BRDA:1954,371,1,0
BRDA:1955,372,0,0
BRDA:1955,372,1,0
BRDA:1956,373,0,0
BRDA:1956,373,1,0
BRDA:1957,374,0,0
BRDA:1957,374,1,0
BRDA:1958,375,0,0
BRDA:1958,375,1,0
BRDA:1959,376,0,0
BRDA:1959,376,1,0
BRDA:1976,377,0,0
BRDA:1976,377,1,0
BRDA:1977,378,0,0
BRDA:1977,378,1,0
BRDA:1978,379,0,0
BRDA:1978,379,1,0
BRDA:1979,380,0,0
BRDA:1979,380,1,0
BRDA:1980,381,0,0
BRDA:1980,381,1,0
BRDA:1980,382,0,0
BRDA:1980,382,1,0
BRDA:1982,383,0,0
BRDA:1982,383,1,0
BRDA:1982,384,0,0
BRDA:1982,384,1,0
BRDA:1984,385,0,0
BRDA:1984,385,1,0
BRDA:1984,386,0,0
BRDA:1984,386,1,0
BRDA:1986,387,0,0
BRDA:1986,387,1,0
BRDA:1995,388,0,0
BRDA:1995,388,1,0
BRDA:1998,389,0,0
BRDA:1998,389,1,0
BRDA:2003,390,0,0
BRDA:2003,390,1,0
BRDA:2004,391,0,0
BRDA:2004,391,1,0
BRDA:2004,392,0,0
BRDA:2004,392,1,0
BRDA:2056,393,0,0
BRDA:2056,393,1,0
BRDA:2060,394,0,0
BRDA:2060,394,1,0
BRDA:2060,395,0,0
BRDA:2060,395,1,0
BRF:820
BRH:0
end_of_record
TN:
SF:js\suggestions.js
FN:1,generateSuggestions
FN:59,(anonymous_1)
FN:187,(anonymous_2)
FN:213,(anonymous_3)
FNF:4
FNH:0
FNDA:0,generateSuggestions
FNDA:0,(anonymous_1)
FNDA:0,(anonymous_2)
FNDA:0,(anonymous_3)
DA:2,0
DA:5,0
DA:6,0
DA:15,0
DA:16,0
DA:25,0
DA:26,0
DA:35,0
DA:36,0
DA:47,0
DA:48,0
DA:57,0
DA:60,0
DA:65,0
DA:76,0
DA:77,0
DA:85,0
DA:86,0
DA:97,0
DA:98,0
DA:109,0
DA:110,0
DA:121,0
DA:122,0
DA:123,0
DA:134,0
DA:135,0
DA:145,0
DA:146,0
DA:157,0
DA:158,0
DA:168,0
DA:173,0
DA:184,0
DA:187,0
DA:189,0
DA:200,0
DA:201,0
DA:212,0
DA:213,0
DA:219,0
DA:220,0
DA:223,0
DA:224,0
LF:44
LH:0
BRDA:5,0,0,0
BRDA:5,0,1,0
BRDA:15,1,0,0
BRDA:15,1,1,0
BRDA:25,2,0,0
BRDA:25,2,1,0
BRDA:35,3,0,0
BRDA:35,3,1,0
BRDA:47,4,0,0
BRDA:47,4,1,0
BRDA:47,5,0,0
BRDA:47,5,1,0
BRDA:54,6,0,0
BRDA:54,6,1,0
BRDA:54,7,0,0
BRDA:54,7,1,0
BRDA:57,8,0,0
BRDA:57,8,1,0
BRDA:60,9,0,0
BRDA:60,9,1,0
BRDA:60,9,2,0
BRDA:76,10,0,0
BRDA:76,10,1,0
BRDA:85,11,0,0
BRDA:85,11,1,0
BRDA:85,12,0,0
BRDA:85,12,1,0
BRDA:97,13,0,0
BRDA:97,13,1,0
BRDA:109,14,0,0
BRDA:109,14,1,0
BRDA:109,15,0,0
BRDA:109,15,1,0
BRDA:122,16,0,0
BRDA:122,16,1,0
BRDA:129,17,0,0
BRDA:129,17,1,0
BRDA:134,18,0,0
BRDA:134,18,1,0
BRDA:134,19,0,0
BRDA:134,19,1,0
BRDA:145,20,0,0
BRDA:145,20,1,0
BRDA:157,21,0,0
BRDA:157,21,1,0
BRDA:157,22,0,0
BRDA:157,22,1,0
BRDA:168,23,0,0
BRDA:168,23,1,0
BRDA:169,24,0,0
BRDA:169,24,1,0
BRDA:169,24,2,0
BRDA:184,25,0,0
BRDA:184,25,1,0
BRDA:185,26,0,0
BRDA:185,26,1,0
BRDA:185,26,2,0
BRDA:187,27,0,0
BRDA:187,27,1,0
BRDA:200,28,0,0
BRDA:200,28,1,0
BRDA:200,29,0,0
BRDA:200,29,1,0
BRDA:219,30,0,0
BRDA:219,30,1,0
BRDA:223,31,0,0
BRDA:223,31,1,0
BRDA:223,32,0,0
BRDA:223,32,1,0
BRF:69
BRH:0
end_of_record
TN:
SF:js\ui.js
FN:10,applyTheme
FN:18,(anonymous_1)
FN:19,(anonymous_2)
FN:21,(anonymous_3)
FN:22,(anonymous_4)
FN:26,toggleTheme
FN:34,showPhase
FN:35,(anonymous_7)
FN:52,animateAnalysis
FN:92,sleep
FN:93,(anonymous_10)
FN:99,setupTabs
FN:100,(anonymous_12)
FN:101,(anonymous_13)
FN:108,switchTab
FN:109,(anonymous_15)
FN:113,(anonymous_16)
FN:136,initDocPanel
FN:178,renderMarkdownPreview
FN:186,(anonymous_19)
FN:197,(anonymous_20)
FN:211,setupDocPanelEvents
FN:218,(anonymous_22)
FN:225,(anonymous_23)
FN:233,(anonymous_24)
FN:238,(anonymous_25)
FN:243,(anonymous_26)
FN:248,searchInPreview
FN:251,(anonymous_28)
FN:256,(anonymous_29)
FN:287,renderFileTree
FN:289,(anonymous_31)
FN:290,(anonymous_32)
FN:324,(anonymous_33)
FN:368,getFolderIcon
FN:404,getFileIcon
FN:451,formatFileSize
FN:461,animateGauge
FN:471,(anonymous_38)
FN:478,(anonymous_39)
FN:498,renderOverview
FN:559,(anonymous_41)
FN:582,(anonymous_42)
FN:588,(anonymous_43)
FN:592,(anonymous_44)
FN:606,(anonymous_45)
FN:609,(anonymous_46)
FN:616,(anonymous_47)
FN:640,(anonymous_48)
FN:658,renderSuggestions
FN:681,(anonymous_50)
FN:698,(anonymous_51)
FN:699,(anonymous_52)
FN:700,(anonymous_53)
FN:703,(anonymous_54)
FN:713,populateDashboardHeader
FN:721,(anonymous_56)
FNF:57
FNH:0
FNDA:0,applyTheme
FNDA:0,(anonymous_1)
FNDA:0,(anonymous_2)
FNDA:0,(anonymous_3)
FNDA:0,(anonymous_4)
FNDA:0,toggleTheme
FNDA:0,showPhase
FNDA:0,(anonymous_7)
FNDA:0,animateAnalysis
FNDA:0,sleep
FNDA:0,(anonymous_10)
FNDA:0,setupTabs
FNDA:0,(anonymous_12)
FNDA:0,(anonymous_13)
FNDA:0,switchTab
FNDA:0,(anonymous_15)
FNDA:0,(anonymous_16)
FNDA:0,initDocPanel
FNDA:0,renderMarkdownPreview
FNDA:0,(anonymous_19)
FNDA:0,(anonymous_20)
FNDA:0,setupDocPanelEvents
FNDA:0,(anonymous_22)
FNDA:0,(anonymous_23)
FNDA:0,(anonymous_24)
FNDA:0,(anonymous_25)
FNDA:0,(anonymous_26)
FNDA:0,searchInPreview
FNDA:0,(anonymous_28)
FNDA:0,(anonymous_29)
FNDA:0,renderFileTree
FNDA:0,(anonymous_31)
FNDA:0,(anonymous_32)
FNDA:0,(anonymous_33)
FNDA:0,getFolderIcon
FNDA:0,getFileIcon
FNDA:0,formatFileSize
FNDA:0,animateGauge
FNDA:0,(anonymous_38)
FNDA:0,(anonymous_39)
FNDA:0,renderOverview
FNDA:0,(anonymous_41)
FNDA:0,(anonymous_42)
FNDA:0,(anonymous_43)
FNDA:0,(anonymous_44)
FNDA:0,(anonymous_45)
FNDA:0,(anonymous_46)
FNDA:0,(anonymous_47)
FNDA:0,(anonymous_48)
FNDA:0,renderSuggestions
FNDA:0,(anonymous_50)
FNDA:0,(anonymous_51)
FNDA:0,(anonymous_52)
FNDA:0,(anonymous_53)
FNDA:0,(anonymous_54)
FNDA:0,populateDashboardHeader
FNDA:0,(anonymous_56)
DA:11,0
DA:12,0
DA:15,0
DA:16,0
DA:17,0
DA:18,0
DA:19,0
DA:21,0
DA:22,0
DA:27,0
DA:28,0
DA:35,0
DA:36,0
DA:37,0
DA:39,0
DA:40,0
DA:41,0
DA:42,0
DA:49,0
DA:50,0
DA:53,0
DA:54,0
DA:56,0
DA:75,0
DA:76,0
DA:77,0
DA:78,0
DA:80,0
DA:81,0
DA:83,0
DA:84,0
DA:85,0
DA:86,0
DA:88,0
DA:93,0
DA:100,0
DA:101,0
DA:102,0
DA:103,0
DA:109,0
DA:110,0
DA:111,0
DA:113,0
DA:114,0
DA:118,0
DA:119,0
DA:120,0
DA:127,0
DA:137,0
DA:138,0
DA:139,0
DA:140,0
DA:142,0
DA:173,0
DA:174,0
DA:175,0
DA:179,0
DA:180,0
DA:182,0
DA:183,0
DA:187,0
DA:188,0
DA:190,0
DA:193,0
DA:196,0
DA:197,0
DA:198,0
DA:203,0
DA:204,0
DA:205,0
DA:206,0
DA:213,0
DA:214,0
DA:215,0
DA:216,0
DA:218,0
DA:219,0
DA:220,0
DA:221,0
DA:222,0
DA:225,0
DA:226,0
DA:227,0
DA:228,0
DA:229,0
DA:233,0
DA:234,0
DA:238,0
DA:239,0
DA:243,0
DA:244,0
DA:249,0
DA:251,0
DA:252,0
DA:254,0
DA:256,0
DA:257,0
DA:258,0
DA:259,0
DA:260,0
DA:261,0
DA:262,0
DA:263,0
DA:264,0
DA:265,0
DA:266,0
DA:267,0
DA:268,0
DA:269,0
DA:271,0
DA:275,0
DA:278,0
DA:280,0
DA:281,0
DA:288,0
DA:289,0
DA:291,0
DA:292,0
DA:295,0
DA:296,0
DA:297,0
DA:299,0
DA:300,0
DA:301,0
DA:303,0
DA:304,0
DA:305,0
DA:306,0
DA:308,0
DA:309,0
DA:310,0
DA:312,0
DA:313,0
DA:314,0
DA:316,0
DA:317,0
DA:319,0
DA:320,0
DA:321,0
DA:322,0
DA:324,0
DA:325,0
DA:326,0
DA:327,0
DA:328,0
DA:331,0
DA:332,0
DA:336,0
DA:340,0
DA:343,0
DA:344,0
DA:345,0
DA:347,0
DA:348,0
DA:349,0
DA:351,0
DA:352,0
DA:353,0
DA:354,0
DA:356,0
DA:357,0
DA:358,0
DA:360,0
DA:361,0
DA:364,0
DA:369,0
DA:401,0
DA:405,0
DA:406,0
DA:407,0
DA:408,0
DA:409,0
DA:410,0
DA:411,0
DA:413,0
DA:448,0
DA:452,0
DA:453,0
DA:454,0
DA:455,0
DA:462,0
DA:463,0
DA:464,0
DA:466,0
DA:468,0
DA:469,0
DA:471,0
DA:472,0
DA:476,0
DA:477,0
DA:478,0
DA:479,0
DA:480,0
DA:481,0
DA:482,0
DA:483,0
DA:487,0
DA:488,0
DA:489,0
DA:490,0
DA:491,0
DA:500,0
DA:501,0
DA:502,0
DA:503,0
DA:513,0
DA:514,0
DA:525,0
DA:530,0
DA:531,0
DA:534,0
DA:535,0
DA:536,0
DA:557,0
DA:559,0
DA:570,0
DA:571,0
DA:572,0
DA:582,0
DA:588,0
DA:590,0
DA:592,0
DA:603,0
DA:604,0
DA:605,0
DA:606,0
DA:609,0
DA:612,0
DA:616,0
DA:629,0
DA:630,0
DA:631,0
DA:639,0
DA:641,0
DA:642,0
DA:659,0
DA:660,0
DA:662,0
DA:663,0
DA:664,0
DA:667,0
DA:669,0
DA:670,0
DA:676,0
DA:679,0
DA:681,0
DA:698,0
DA:699,0
DA:700,0
DA:701,0
DA:702,0
DA:703,0
DA:704,0
DA:714,0
DA:715,0
DA:717,0
DA:718,0
DA:719,0
DA:720,0
DA:722,0
DA:723,0
DA:735,0
DA:736,0
DA:737,0
DA:738,0
DA:739,0
DA:740,0
DA:741,0
DA:742,0
DA:743,0
DA:744,0
DA:745,0
DA:748,0
DA:749,0
LF:274
LH:0
BRDA:17,0,0,0
BRDA:17,0,1,0
BRDA:27,1,0,0
BRDA:27,1,1,0
BRDA:28,2,0,0
BRDA:28,2,1,0
BRDA:40,3,0,0
BRDA:40,3,1,0
BRDA:59,4,0,0
BRDA:59,4,1,0
BRDA:59,5,0,0
BRDA:59,5,1,0
BRDA:59,5,2,0
BRDA:62,6,0,0
BRDA:62,6,1,0
BRDA:66,7,0,0
BRDA:66,7,1,0
BRDA:67,8,0,0
BRDA:67,8,1,0
BRDA:69,9,0,0
BRDA:69,9,1,0
BRDA:80,10,0,0
BRDA:80,10,1,0
BRDA:83,11,0,0
BRDA:83,11,1,0
BRDA:84,12,0,0
BRDA:84,12,1,0
BRDA:85,13,0,0
BRDA:85,13,1,0
BRDA:85,14,0,0
BRDA:85,14,1,0
BRDA:86,15,0,0
BRDA:86,15,1,0
BRDA:119,16,0,0
BRDA:119,16,1,0
BRDA:119,17,0,0
BRDA:119,17,1,0
BRDA:139,18,0,0
BRDA:139,18,1,0
BRDA:140,19,0,0
BRDA:140,19,1,0
BRDA:140,20,0,0
BRDA:140,20,1,0
BRDA:182,21,0,0
BRDA:182,21,1,0
BRDA:182,22,0,0
BRDA:182,22,1,0
BRDA:187,23,0,0
BRDA:187,23,1,0
BRDA:187,24,0,0
BRDA:187,24,1,0
BRDA:187,24,2,0
BRDA:193,25,0,0
BRDA:193,25,1,0
BRDA:196,26,0,0
BRDA:196,26,1,0
BRDA:203,27,0,0
BRDA:203,27,1,0
BRDA:204,28,0,0
BRDA:204,28,1,0
BRDA:205,29,0,0
BRDA:205,29,1,0
BRDA:249,30,0,0
BRDA:249,30,1,0
BRDA:254,31,0,0
BRDA:254,31,1,0
BRDA:254,32,0,0
BRDA:254,32,1,0
BRDA:257,33,0,0
BRDA:257,33,1,0
BRDA:260,34,0,0
BRDA:260,34,1,0
BRDA:271,35,0,0
BRDA:271,35,1,0
BRDA:272,36,0,0
BRDA:272,36,1,0
BRDA:287,37,0,0
BRDA:288,38,0,0
BRDA:288,38,1,0
BRDA:291,39,0,0
BRDA:291,39,1,0
BRDA:291,40,0,0
BRDA:291,40,1,0
BRDA:303,41,0,0
BRDA:303,41,1,0
BRDA:326,42,0,0
BRDA:326,42,1,0
BRDA:327,43,0,0
BRDA:327,43,1,0
BRDA:331,44,0,0
BRDA:331,44,1,0
BRDA:336,45,0,0
BRDA:336,45,1,0
BRDA:337,46,0,0
BRDA:337,46,1,0
BRDA:401,47,0,0
BRDA:401,47,1,0
BRDA:405,48,0,0
BRDA:405,48,1,0
BRDA:406,49,0,0
BRDA:406,49,1,0
BRDA:406,50,0,0
BRDA:406,50,1,0
BRDA:407,51,0,0
BRDA:407,51,1,0
BRDA:408,52,0,0
BRDA:408,52,1,0
BRDA:409,53,0,0
BRDA:409,53,1,0
BRDA:410,54,0,0
BRDA:410,54,1,0
BRDA:411,55,0,0
BRDA:411,55,1,0
BRDA:448,56,0,0
BRDA:448,56,1,0
BRDA:452,57,0,0
BRDA:452,57,1,0
BRDA:452,58,0,0
BRDA:452,58,1,0
BRDA:453,59,0,0
BRDA:453,59,1,0
BRDA:454,60,0,0
BRDA:454,60,1,0
BRDA:466,61,0,0
BRDA:466,61,1,0
BRDA:480,62,0,0
BRDA:480,62,1,0
BRDA:481,63,0,0
BRDA:481,63,1,0
BRDA:483,64,0,0
BRDA:483,64,1,0
BRDA:487,65,0,0
BRDA:487,65,1,0
BRDA:488,66,0,0
BRDA:488,66,1,0
BRDA:489,67,0,0
BRDA:489,67,1,0
BRDA:490,68,0,0
BRDA:490,68,1,0
BRDA:501,69,0,0
BRDA:501,69,1,0
BRDA:502,70,0,0
BRDA:502,70,1,0
BRDA:509,71,0,0
BRDA:509,71,1,0
BRDA:513,72,0,0
BRDA:513,72,1,0
BRDA:520,73,0,0
BRDA:520,73,1,0
BRDA:535,74,0,0
BRDA:535,74,1,0
BRDA:538,75,0,0
BRDA:538,75,1,0
BRDA:543,76,0,0
BRDA:543,76,1,0
BRDA:547,77,0,0
BRDA:547,77,1,0
BRDA:548,78,0,0
BRDA:548,78,1,0
BRDA:551,79,0,0
BRDA:551,79,1,0
BRDA:552,80,0,0
BRDA:552,80,1,0
BRDA:553,81,0,0
BRDA:553,81,1,0
BRDA:553,82,0,0
BRDA:553,82,1,0
BRDA:554,83,0,0
BRDA:554,83,1,0
BRDA:571,84,0,0
BRDA:571,84,1,0
BRDA:586,85,0,0
BRDA:586,85,1,0
BRDA:594,86,0,0
BRDA:594,86,1,0
BRDA:594,87,0,0
BRDA:594,87,1,0
BRDA:604,88,0,0
BRDA:604,88,1,0
BRDA:613,89,0,0
BRDA:613,89,1,0
BRDA:630,90,0,0
BRDA:630,90,1,0
BRDA:630,91,0,0
BRDA:630,91,1,0
BRDA:641,92,0,0
BRDA:641,92,1,0
BRDA:662,93,0,0
BRDA:662,93,1,0
BRDA:667,94,0,0
BRDA:667,94,1,0
BRDA:669,95,0,0
BRDA:669,95,1,0
BRDA:704,96,0,0
BRDA:704,96,1,0
BRDA:704,97,0,0
BRDA:704,97,1,0
BRDA:717,98,0,0
BRDA:717,98,1,0
BRDA:718,99,0,0
BRDA:718,99,1,0
BRDA:722,100,0,0
BRDA:722,100,1,0
BRDA:722,101,0,0
BRDA:722,101,1,0
BRDA:735,102,0,0
BRDA:735,102,1,0
BRDA:748,103,0,0
BRDA:748,103,1,0
BRDA:748,104,0,0
BRDA:748,104,1,0
BRF:211
BRH:0
end_of_record
TN:
SF:js\uploader.js
FN:10,setupUploader
FN:17,(anonymous_1)
FN:24,(anonymous_2)
FN:29,(anonymous_3)
FN:30,(anonymous_4)
FN:45,(anonymous_5)
FN:53,(anonymous_6)
FN:57,(anonymous_7)
FN:62,(anonymous_8)
FN:70,(anonymous_9)
FN:73,closeGithubModal
FN:82,showUploadProgress
FN:88,setUploadProgress
FN:107,handleZipUpload
FN:316,(anonymous_14)
FN:343,formatBytes
FN:349,detectLangsQuick
FN:368,(anonymous_17)
FN:370,(anonymous_18)
FN:378,validateProjectZip
FN:379,(anonymous_20)
FN:399,(anonymous_21)
FN:435,(anonymous_22)
FN:439,(anonymous_23)
FN:476,sleep
FN:477,(anonymous_25)
FN:483,handleGithubImport
FN:550,(anonymous_27)
FN:588,(anonymous_28)
FN:604,(anonymous_29)
FN:630,loadDemoProject
FN:790,(anonymous_31)
FNF:32
FNH:0
FNDA:0,setupUploader
FNDA:0,(anonymous_1)
FNDA:0,(anonymous_2)
FNDA:0,(anonymous_3)
FNDA:0,(anonymous_4)
FNDA:0,(anonymous_5)
FNDA:0,(anonymous_6)
FNDA:0,(anonymous_7)
FNDA:0,(anonymous_8)
FNDA:0,(anonymous_9)
FNDA:0,closeGithubModal
FNDA:0,showUploadProgress
FNDA:0,setUploadProgress
FNDA:0,handleZipUpload
FNDA:0,(anonymous_14)
FNDA:0,formatBytes
FNDA:0,detectLangsQuick
FNDA:0,(anonymous_17)
FNDA:0,(anonymous_18)
FNDA:0,validateProjectZip
FNDA:0,(anonymous_20)
FNDA:0,(anonymous_21)
FNDA:0,(anonymous_22)
FNDA:0,(anonymous_23)
FNDA:0,sleep
FNDA:0,(anonymous_25)
FNDA:0,handleGithubImport
FNDA:0,(anonymous_27)
FNDA:0,(anonymous_28)
FNDA:0,(anonymous_29)
FNDA:0,loadDemoProject
FNDA:0,(anonymous_31)
DA:11,0
DA:12,0
DA:13,0
DA:14,0
DA:17,0
DA:18,0
DA:19,0
DA:23,0
DA:24,0
DA:25,0
DA:26,0
DA:27,0
DA:29,0
DA:30,0
DA:31,0
DA:32,0
DA:33,0
DA:34,0
DA:35,0
DA:36,0
DA:37,0
DA:39,0
DA:45,0
DA:46,0
DA:47,0
DA:50,0
DA:51,0
DA:53,0
DA:54,0
DA:57,0
DA:58,0
DA:59,0
DA:62,0
DA:63,0
DA:64,0
DA:65,0
DA:70,0
DA:74,0
DA:75,0
DA:76,0
DA:83,0
DA:84,0
DA:85,0
DA:89,0
DA:90,0
DA:91,0
DA:92,0
DA:93,0
DA:94,0
DA:96,0
DA:97,0
DA:98,0
DA:99,0
DA:100,0
DA:101,0
DA:108,0
DA:109,0
DA:110,0
DA:112,0
DA:113,0
DA:114,0
DA:116,0
DA:117,0
DA:118,0
DA:121,0
DA:123,0
DA:124,0
DA:125,0
DA:127,0
DA:128,0
DA:129,0
DA:130,0
DA:132,0
DA:134,0
DA:135,0
DA:136,0
DA:137,0
DA:144,0
DA:147,0
DA:148,0
DA:152,0
DA:183,0
DA:286,0
DA:287,0
DA:288,0
DA:289,0
DA:290,0
DA:292,0
DA:296,0
DA:305,0
DA:306,0
DA:307,0
DA:308,0
DA:309,0
DA:313,0
DA:316,0
DA:320,0
DA:321,0
DA:322,0
DA:325,0
DA:326,0
DA:327,0
DA:328,0
DA:329,0
DA:331,0
DA:332,0
DA:335,0
DA:337,0
DA:338,0
DA:339,0
DA:344,0
DA:345,0
DA:346,0
DA:350,0
DA:351,0
DA:363,0
DA:364,0
DA:365,0
DA:367,0
DA:368,0
DA:370,0
DA:371,0
DA:379,0
DA:382,0
DA:399,0
DA:402,0
DA:435,0
DA:438,0
DA:439,0
DA:440,0
DA:441,0
DA:447,0
DA:455,0
DA:456,0
DA:465,0
DA:466,0
DA:473,0
DA:477,0
DA:484,0
DA:485,0
DA:486,0
DA:487,0
DA:490,0
DA:491,0
DA:494,0
DA:495,0
DA:496,0
DA:497,0
DA:498,0
DA:499,0
DA:501,0
DA:503,0
DA:504,0
DA:505,0
DA:511,0
DA:514,0
DA:515,0
DA:518,0
DA:520,0
DA:523,0
DA:535,0
DA:546,0
DA:548,0
DA:549,0
DA:550,0
DA:552,0
DA:553,0
DA:554,0
DA:555,0
DA:556,0
DA:557,0
DA:567,0
DA:568,0
DA:569,0
DA:570,0
DA:571,0
DA:572,0
DA:573,0
DA:574,0
DA:587,0
DA:588,0
DA:589,0
DA:591,0
DA:592,0
DA:604,0
DA:605,0
DA:615,0
DA:616,0
DA:617,0
DA:619,0
DA:621,0
DA:622,0
DA:623,0
DA:631,0
DA:668,0
DA:790,0
DA:796,0
DA:797,0
DA:803,0
DA:804,0
DA:807,0
DA:808,0
LF:202
LH:0
BRDA:19,0,0,0
BRDA:19,0,1,0
BRDA:23,1,0,0
BRDA:23,1,1,0
BRDA:35,2,0,0
BRDA:35,2,1,0
BRDA:36,3,0,0
BRDA:36,3,1,0
BRDA:36,4,0,0
BRDA:36,4,1,0
BRDA:54,5,0,0
BRDA:54,5,1,0
BRDA:59,6,0,0
BRDA:59,6,1,0
BRDA:63,7,0,0
BRDA:63,7,1,0
BRDA:65,8,0,0
BRDA:65,8,1,0
BRDA:76,9,0,0
BRDA:76,9,1,0
BRDA:82,10,0,0
BRDA:84,11,0,0
BRDA:84,11,1,0
BRDA:88,12,0,0
BRDA:88,13,0,0
BRDA:88,14,0,0
BRDA:96,15,0,0
BRDA:96,15,1,0
BRDA:97,16,0,0
BRDA:97,16,1,0
BRDA:98,17,0,0
BRDA:98,17,1,0
BRDA:99,18,0,0
BRDA:99,18,1,0
BRDA:99,19,0,0
BRDA:99,19,1,0
BRDA:100,20,0,0
BRDA:100,20,1,0
BRDA:100,21,0,0
BRDA:100,21,1,0
BRDA:101,22,0,0
BRDA:101,22,1,0
BRDA:101,23,0,0
BRDA:101,23,1,0
BRDA:108,24,0,0
BRDA:108,24,1,0
BRDA:112,25,0,0
BRDA:112,25,1,0
BRDA:116,26,0,0
BRDA:116,26,1,0
BRDA:136,27,0,0
BRDA:136,27,1,0
BRDA:139,28,0,0
BRDA:139,28,1,0
BRDA:147,29,0,0
BRDA:147,29,1,0
BRDA:148,30,0,0
BRDA:148,30,1,0
BRDA:287,31,0,0
BRDA:287,31,1,0
BRDA:287,32,0,0
BRDA:287,32,1,0
BRDA:287,32,2,0
BRDA:290,33,0,0
BRDA:290,33,1,0
BRDA:300,34,0,0
BRDA:300,34,1,0
BRDA:306,35,0,0
BRDA:306,35,1,0
BRDA:326,36,0,0
BRDA:326,36,1,0
BRDA:331,37,0,0
BRDA:331,37,1,0
BRDA:344,38,0,0
BRDA:344,38,1,0
BRDA:345,39,0,0
BRDA:345,39,1,0
BRDA:365,40,0,0
BRDA:365,40,1,0
BRDA:365,41,0,0
BRDA:365,41,1,0
BRDA:371,42,0,0
BRDA:371,42,1,0
BRDA:435,43,0,0
BRDA:435,43,1,0
BRDA:438,44,0,0
BRDA:438,44,1,0
BRDA:438,45,0,0
BRDA:438,45,1,0
BRDA:440,46,0,0
BRDA:440,46,1,0
BRDA:450,47,0,0
BRDA:450,47,1,0
BRDA:455,48,0,0
BRDA:455,48,1,0
BRDA:455,49,0,0
BRDA:455,49,1,0
BRDA:465,50,0,0
BRDA:465,50,1,0
BRDA:465,51,0,0
BRDA:465,51,1,0
BRDA:465,51,2,0
BRDA:485,52,0,0
BRDA:485,52,1,0
BRDA:497,53,0,0
BRDA:497,53,1,0
BRDA:498,54,0,0
BRDA:498,54,1,0
BRDA:499,55,0,0
BRDA:499,55,1,0
BRDA:504,56,0,0
BRDA:504,56,1,0
BRDA:506,57,0,0
BRDA:506,57,1,0
BRDA:514,58,0,0
BRDA:514,58,1,0
BRDA:518,59,0,0
BRDA:518,59,1,0
BRDA:524,60,0,0
BRDA:524,60,1,0
BRDA:525,61,0,0
BRDA:525,61,1,0
BRDA:528,62,0,0
BRDA:528,62,1,0
BRDA:529,63,0,0
BRDA:529,63,1,0
BRDA:530,64,0,0
BRDA:530,64,1,0
BRDA:531,65,0,0
BRDA:531,65,1,0
BRDA:549,66,0,0
BRDA:549,66,1,0
BRDA:550,67,0,0
BRDA:550,67,1,0
BRDA:552,68,0,0
BRDA:552,68,1,0
BRDA:555,69,0,0
BRDA:555,69,1,0
BRDA:567,70,0,0
BRDA:567,70,1,0
BRDA:567,71,0,0
BRDA:567,71,1,0
BRDA:570,72,0,0
BRDA:570,72,1,0
BRDA:571,73,0,0
BRDA:571,73,1,0
BRDA:572,74,0,0
BRDA:572,74,1,0
BRDA:587,75,0,0
BRDA:587,75,1,0
BRDA:588,76,0,0
BRDA:588,76,1,0
BRDA:591,77,0,0
BRDA:591,77,1,0
BRDA:596,78,0,0
BRDA:596,78,1,0
BRDA:604,79,0,0
BRDA:604,79,1,0
BRDA:619,80,0,0
BRDA:619,80,1,0
BRDA:621,81,0,0
BRDA:621,81,1,0
BRDA:622,82,0,0
BRDA:622,82,1,0
BRDA:623,83,0,0
BRDA:623,83,1,0
BRDA:792,84,0,0
BRDA:792,84,1,0
BRDA:803,85,0,0
BRDA:803,85,1,0
BRDA:807,86,0,0
BRDA:807,86,1,0
BRDA:807,87,0,0
BRDA:807,87,1,0
BRF:174
BRH:0
end_of_record
