TN:
SF:server.js
FN:50,(anonymous_0)
FN:63,(anonymous_1)
FN:85,(anonymous_2)
FN:93,(anonymous_3)
FN:105,(anonymous_4)
FNF:5
FNH:0
FNDA:0,(anonymous_0)
FNDA:0,(anonymous_1)
FNDA:0,(anonymous_2)
FNDA:0,(anonymous_3)
FNDA:0,(anonymous_4)
DA:19,0
DA:21,0
DA:22,0
DA:23,0
DA:25,0
DA:30,0
DA:31,0
DA:36,0
DA:47,0
DA:50,0
DA:51,0
DA:52,0
DA:53,0
DA:60,0
DA:63,0
DA:64,0
DA:66,0
DA:70,0
DA:82,0
DA:85,0
DA:86,0
DA:93,0
DA:94,0
DA:95,0
DA:105,0
DA:106,0
DA:108,0
DA:110,0
DA:111,0
DA:112,0
DA:113,0
DA:114,0
DA:115,0
DA:116,0
DA:119,0
DA:120,0
DA:122,0
DA:123,0
DA:124,0
DA:125,0
DA:126,0
DA:127,0
LF:42
LH:0
BRDA:31,0,0,0
BRDA:31,0,1,0
BRDA:39,1,0,0
BRDA:39,1,1,0
BRDA:64,2,0,0
BRDA:64,2,1,0
BRDA:66,3,0,0
BRDA:66,3,1,0
BRDA:67,4,0,0
BRDA:67,4,1,0
BRDA:106,5,0,0
BRDA:106,5,1,0
BRDA:108,6,0,0
BRDA:108,6,1,0
BRDA:117,7,0,0
BRDA:117,7,1,0
BRDA:122,8,0,0
BRDA:122,8,1,0
BRF:18
BRH:0
end_of_record
TN:
SF:js\aiClient.js
FN:42,(anonymous_0)
FN:53,fetchWithTimeout
FN:55,(anonymous_2)
FN:81,parseResponse
FN:152,requestAIDoc
FN:179,(anonymous_5)
FN:186,(anonymous_6)
FN:198,checkAIServiceHealth
FNF:8
FNH:0
FNDA:0,(anonymous_0)
FNDA:0,fetchWithTimeout
FNDA:0,(anonymous_2)
FNDA:0,parseResponse
FNDA:0,requestAIDoc
FNDA:0,(anonymous_5)
FNDA:0,(anonymous_6)
FNDA:0,checkAIServiceHealth
DA:19,0
DA:43,0
DA:44,0
DA:45,0
DA:46,0
DA:54,0
DA:55,0
DA:57,0
DA:58,0
DA:59,0
DA:61,0
DA:62,0
DA:68,0
DA:73,0
DA:83,0
DA:84,0
DA:86,0
DA:93,0
DA:94,0
DA:98,0
DA:99,0
DA:101,0
DA:103,0
DA:105,0
DA:111,0
DA:113,0
DA:120,0
DA:126,0
DA:132,0
DA:153,0
DA:154,0
DA:156,0
DA:163,0
DA:165,0
DA:166,0
DA:167,0
DA:168,0
DA:170,0
DA:173,0
DA:174,0
DA:175,0
DA:177,0
DA:179,0
DA:180,0
DA:185,0
DA:186,0
DA:191,0
DA:199,0
DA:200,0
DA:205,0
DA:206,0
DA:207,0
DA:209,0
DA:214,0
LF:54
LH:0
BRDA:42,0,0,0
BRDA:42,1,0,0
BRDA:61,2,0,0
BRDA:61,2,1,0
BRDA:93,3,0,0
BRDA:93,3,1,0
BRDA:93,4,0,0
BRDA:93,4,1,0
BRDA:98,5,0,0
BRDA:98,5,1,0
BRDA:99,6,0,0
BRDA:99,6,1,0
BRDA:101,7,0,0
BRDA:101,7,1,0
BRDA:101,7,2,0
BRDA:101,7,3,0
BRDA:101,7,4,0
BRDA:101,7,5,0
BRDA:101,7,6,0
BRDA:101,7,7,0
BRDA:173,8,0,0
BRDA:173,8,1,0
BRDA:174,9,0,0
BRDA:174,9,1,0
BRDA:177,10,0,0
BRDA:177,10,1,0
BRDA:177,11,0,0
BRDA:177,11,1,0
BRDA:185,12,0,0
BRDA:185,12,1,0
BRDA:205,13,0,0
BRDA:205,13,1,0
BRF:32
BRH:0
end_of_record
TN:
SF:js\analyzer.js
FN:202,getExt
FN:207,formatBytes
FN:214,getFileName
FN:218,isIgnored
FN:220,(anonymous_4)
FN:223,countLines
FN:231,computeLanguageStats
FN:238,(anonymous_7)
FN:246,(anonymous_8)
FN:247,(anonymous_9)
FN:248,(anonymous_10)
FN:261,analyzeJavaFile
FN:290,(anonymous_12)
FN:315,(anonymous_13)
FN:320,(anonymous_14)
FN:344,(anonymous_15)
FN:344,(anonymous_16)
FN:351,(anonymous_17)
FN:365,(anonymous_18)
FN:365,(anonymous_19)
FN:376,analyzePythonFile
FN:392,(anonymous_21)
FN:393,(anonymous_22)
FN:395,(anonymous_23)
FN:396,(anonymous_24)
FN:403,(anonymous_25)
FN:404,(anonymous_26)
FN:417,analyzeJSFile
FN:439,(anonymous_28)
FN:440,(anonymous_29)
FN:444,(anonymous_30)
FN:450,(anonymous_31)
FN:451,(anonymous_32)
FN:455,(anonymous_33)
FN:461,(anonymous_34)
FN:478,parsePomXml
FN:494,(anonymous_36)
FN:529,(anonymous_37)
FN:535,(anonymous_38)
FN:539,(anonymous_39)
FN:544,parseBuildGradle
FN:569,(anonymous_41)
FN:572,(anonymous_42)
FN:577,parseApplicationProperties
FN:605,parseApplicationYml
FN:622,parseRequirementsTxt
FN:626,(anonymous_46)
FN:627,(anonymous_47)
FN:628,(anonymous_48)
FN:629,(anonymous_49)
FN:632,parseEnvFile
FN:646,parseCargoToml
FN:670,(anonymous_52)
FN:676,(anonymous_53)
FN:682,parseGoMod
FN:696,(anonymous_55)
FN:699,(anonymous_56)
FN:705,parsePyprojectToml
FN:733,(anonymous_58)
FN:734,(anonymous_59)
FN:739,analyzeSqlFile
FN:743,(anonymous_61)
FN:746,(anonymous_62)
FN:748,(anonymous_63)
FN:758,detectFramework
FN:781,(anonymous_65)
FN:782,(anonymous_66)
FN:784,(anonymous_67)
FN:795,(anonymous_68)
FN:796,(anonymous_69)
FN:800,(anonymous_70)
FN:819,(anonymous_71)
FN:831,(anonymous_72)
FN:832,(anonymous_73)
FN:836,(anonymous_74)
FN:837,(anonymous_75)
FN:837,(anonymous_76)
FN:841,(anonymous_77)
FN:853,(anonymous_78)
FN:855,(anonymous_79)
FN:863,(anonymous_80)
FN:892,(anonymous_81)
FN:911,(anonymous_82)
FN:934,(anonymous_83)
FN:935,(anonymous_84)
FN:936,(anonymous_85)
FN:937,(anonymous_86)
FN:937,(anonymous_87)
FN:937,(anonymous_88)
FN:958,(anonymous_89)
FN:968,(anonymous_90)
FN:970,(anonymous_91)
FN:998,(anonymous_92)
FN:998,(anonymous_93)
FN:1098,detectDatabase
FN:1148,(anonymous_95)
FN:1152,(anonymous_96)
FN:1207,(anonymous_97)
FN:1270,(anonymous_98)
FN:1292,(anonymous_99)
FN:1293,(anonymous_100)
FN:1295,(anonymous_101)
FN:1311,(anonymous_102)
FN:1348,detectAuthentication
FN:1349,(anonymous_104)
FN:1351,(anonymous_105)
FN:1356,(anonymous_106)
FN:1361,(anonymous_107)
FN:1370,(anonymous_108)
FN:1416,(anonymous_109)
FN:1419,(anonymous_110)
FN:1421,(anonymous_111)
FN:1427,(anonymous_112)
FN:1433,(anonymous_113)
FN:1443,detectTestFramework
FN:1444,(anonymous_115)
FN:1445,(anonymous_116)
FN:1447,(anonymous_117)
FN:1456,(anonymous_118)
FN:1495,(anonymous_119)
FN:1497,(anonymous_120)
FN:1507,extractFeatures
FN:1527,(anonymous_122)
FN:1531,(anonymous_123)
FN:1597,(anonymous_124)
FN:1626,(anonymous_125)
FN:1627,(anonymous_126)
FN:1628,(anonymous_127)
FN:1645,(anonymous_128)
FN:1652,detectArchitecture
FN:1674,(anonymous_130)
FN:1675,(anonymous_131)
FN:1679,(anonymous_132)
FN:1685,(anonymous_133)
FN:1691,(anonymous_134)
FN:1692,(anonymous_135)
FN:1695,(anonymous_136)
FN:1701,(anonymous_137)
FN:1718,(anonymous_138)
FN:1722,(anonymous_139)
FN:1726,(anonymous_140)
FN:1744,(anonymous_141)
FN:1745,(anonymous_142)
FN:1753,(anonymous_143)
FN:1762,detectDesignPatterns
FN:1764,(anonymous_145)
FN:1765,(anonymous_146)
FN:1767,(anonymous_147)
FN:1768,(anonymous_148)
FN:1803,(anonymous_149)
FN:1814,collectApiRoutes
FN:1867,buildFolderTree
FN:1875,(anonymous_152)
FN:1878,(anonymous_153)
FN:1886,(anonymous_154)
FN:1904,calculateScores
FN:1940,scanSecurityIssues
FN:1960,(anonymous_157)
FN:1986,analyzeProject
FN:1988,(anonymous_159)
FN:1991,(anonymous_160)
FN:1992,(anonymous_161)
FN:1994,(anonymous_162)
FN:1998,(anonymous_163)
FN:2001,(anonymous_164)
FN:2003,(anonymous_165)
FN:2006,(anonymous_166)
FN:2008,(anonymous_167)
FN:2009,(anonymous_168)
FN:2011,(anonymous_169)
FN:2013,(anonymous_170)
FN:2018,(anonymous_171)
FN:2020,(anonymous_172)
FN:2021,(anonymous_173)
FN:2023,(anonymous_174)
FN:2031,(anonymous_175)
FN:2078,(anonymous_176)
FN:2079,(anonymous_177)
FN:2098,(anonymous_178)
FN:2102,(anonymous_179)
FN:2106,(anonymous_180)
FN:2108,(anonymous_181)
FN:2182,(anonymous_182)
FN:2182,(anonymous_183)
FN:2209,(anonymous_184)
FN:2214,(anonymous_185)
FN:2255,(anonymous_186)
FN:2256,(anonymous_187)
FN:2267,(anonymous_188)
FN:2274,(anonymous_189)
FN:2281,(anonymous_190)
FN:2347,(anonymous_191)
FN:2351,(anonymous_192)
FN:2352,(anonymous_193)
FN:2353,(anonymous_194)
FN:2455,(anonymous_195)
FN:2456,(anonymous_196)
FN:2479,(anonymous_197)
FN:2480,(anonymous_198)
FNF:199
FNH:0
FNDA:0,getExt
FNDA:0,formatBytes
FNDA:0,getFileName
FNDA:0,isIgnored
FNDA:0,(anonymous_4)
FNDA:0,countLines
FNDA:0,computeLanguageStats
FNDA:0,(anonymous_7)
FNDA:0,(anonymous_8)
FNDA:0,(anonymous_9)
FNDA:0,(anonymous_10)
FNDA:0,analyzeJavaFile
FNDA:0,(anonymous_12)
FNDA:0,(anonymous_13)
FNDA:0,(anonymous_14)
FNDA:0,(anonymous_15)
FNDA:0,(anonymous_16)
FNDA:0,(anonymous_17)
FNDA:0,(anonymous_18)
FNDA:0,(anonymous_19)
FNDA:0,analyzePythonFile
FNDA:0,(anonymous_21)
FNDA:0,(anonymous_22)
FNDA:0,(anonymous_23)
FNDA:0,(anonymous_24)
FNDA:0,(anonymous_25)
FNDA:0,(anonymous_26)
FNDA:0,analyzeJSFile
FNDA:0,(anonymous_28)
FNDA:0,(anonymous_29)
FNDA:0,(anonymous_30)
FNDA:0,(anonymous_31)
FNDA:0,(anonymous_32)
FNDA:0,(anonymous_33)
FNDA:0,(anonymous_34)
FNDA:0,parsePomXml
FNDA:0,(anonymous_36)
FNDA:0,(anonymous_37)
FNDA:0,(anonymous_38)
FNDA:0,(anonymous_39)
FNDA:0,parseBuildGradle
FNDA:0,(anonymous_41)
FNDA:0,(anonymous_42)
FNDA:0,parseApplicationProperties
FNDA:0,parseApplicationYml
FNDA:0,parseRequirementsTxt
FNDA:0,(anonymous_46)
FNDA:0,(anonymous_47)
FNDA:0,(anonymous_48)
FNDA:0,(anonymous_49)
FNDA:0,parseEnvFile
FNDA:0,parseCargoToml
FNDA:0,(anonymous_52)
FNDA:0,(anonymous_53)
FNDA:0,parseGoMod
FNDA:0,(anonymous_55)
FNDA:0,(anonymous_56)
FNDA:0,parsePyprojectToml
FNDA:0,(anonymous_58)
FNDA:0,(anonymous_59)
FNDA:0,analyzeSqlFile
FNDA:0,(anonymous_61)
FNDA:0,(anonymous_62)
FNDA:0,(anonymous_63)
FNDA:0,detectFramework
FNDA:0,(anonymous_65)
FNDA:0,(anonymous_66)
FNDA:0,(anonymous_67)
FNDA:0,(anonymous_68)
FNDA:0,(anonymous_69)
FNDA:0,(anonymous_70)
FNDA:0,(anonymous_71)
FNDA:0,(anonymous_72)
FNDA:0,(anonymous_73)
FNDA:0,(anonymous_74)
FNDA:0,(anonymous_75)
FNDA:0,(anonymous_76)
FNDA:0,(anonymous_77)
FNDA:0,(anonymous_78)
FNDA:0,(anonymous_79)
FNDA:0,(anonymous_80)
FNDA:0,(anonymous_81)
FNDA:0,(anonymous_82)
FNDA:0,(anonymous_83)
FNDA:0,(anonymous_84)
FNDA:0,(anonymous_85)
FNDA:0,(anonymous_86)
FNDA:0,(anonymous_87)
FNDA:0,(anonymous_88)
FNDA:0,(anonymous_89)
FNDA:0,(anonymous_90)
FNDA:0,(anonymous_91)
FNDA:0,(anonymous_92)
FNDA:0,(anonymous_93)
FNDA:0,detectDatabase
FNDA:0,(anonymous_95)
FNDA:0,(anonymous_96)
FNDA:0,(anonymous_97)
FNDA:0,(anonymous_98)
FNDA:0,(anonymous_99)
FNDA:0,(anonymous_100)
FNDA:0,(anonymous_101)
FNDA:0,(anonymous_102)
FNDA:0,detectAuthentication
FNDA:0,(anonymous_104)
FNDA:0,(anonymous_105)
FNDA:0,(anonymous_106)
FNDA:0,(anonymous_107)
FNDA:0,(anonymous_108)
FNDA:0,(anonymous_109)
FNDA:0,(anonymous_110)
FNDA:0,(anonymous_111)
FNDA:0,(anonymous_112)
FNDA:0,(anonymous_113)
FNDA:0,detectTestFramework
FNDA:0,(anonymous_115)
FNDA:0,(anonymous_116)
FNDA:0,(anonymous_117)
FNDA:0,(anonymous_118)
FNDA:0,(anonymous_119)
FNDA:0,(anonymous_120)
FNDA:0,extractFeatures
FNDA:0,(anonymous_122)
FNDA:0,(anonymous_123)
FNDA:0,(anonymous_124)
FNDA:0,(anonymous_125)
FNDA:0,(anonymous_126)
FNDA:0,(anonymous_127)
FNDA:0,(anonymous_128)
FNDA:0,detectArchitecture
FNDA:0,(anonymous_130)
FNDA:0,(anonymous_131)
FNDA:0,(anonymous_132)
FNDA:0,(anonymous_133)
FNDA:0,(anonymous_134)
FNDA:0,(anonymous_135)
FNDA:0,(anonymous_136)
FNDA:0,(anonymous_137)
FNDA:0,(anonymous_138)
FNDA:0,(anonymous_139)
FNDA:0,(anonymous_140)
FNDA:0,(anonymous_141)
FNDA:0,(anonymous_142)
FNDA:0,(anonymous_143)
FNDA:0,detectDesignPatterns
FNDA:0,(anonymous_145)
FNDA:0,(anonymous_146)
FNDA:0,(anonymous_147)
FNDA:0,(anonymous_148)
FNDA:0,(anonymous_149)
FNDA:0,collectApiRoutes
FNDA:0,buildFolderTree
FNDA:0,(anonymous_152)
FNDA:0,(anonymous_153)
FNDA:0,(anonymous_154)
FNDA:0,calculateScores
FNDA:0,scanSecurityIssues
FNDA:0,(anonymous_157)
FNDA:0,analyzeProject
FNDA:0,(anonymous_159)
FNDA:0,(anonymous_160)
FNDA:0,(anonymous_161)
FNDA:0,(anonymous_162)
FNDA:0,(anonymous_163)
FNDA:0,(anonymous_164)
FNDA:0,(anonymous_165)
FNDA:0,(anonymous_166)
FNDA:0,(anonymous_167)
FNDA:0,(anonymous_168)
FNDA:0,(anonymous_169)
FNDA:0,(anonymous_170)
FNDA:0,(anonymous_171)
FNDA:0,(anonymous_172)
FNDA:0,(anonymous_173)
FNDA:0,(anonymous_174)
FNDA:0,(anonymous_175)
FNDA:0,(anonymous_176)
FNDA:0,(anonymous_177)
FNDA:0,(anonymous_178)
FNDA:0,(anonymous_179)
FNDA:0,(anonymous_180)
FNDA:0,(anonymous_181)
FNDA:0,(anonymous_182)
FNDA:0,(anonymous_183)
FNDA:0,(anonymous_184)
FNDA:0,(anonymous_185)
FNDA:0,(anonymous_186)
FNDA:0,(anonymous_187)
FNDA:0,(anonymous_188)
FNDA:0,(anonymous_189)
FNDA:0,(anonymous_190)
FNDA:0,(anonymous_191)
FNDA:0,(anonymous_192)
FNDA:0,(anonymous_193)
FNDA:0,(anonymous_194)
FNDA:0,(anonymous_195)
FNDA:0,(anonymous_196)
FNDA:0,(anonymous_197)
FNDA:0,(anonymous_198)
DA:15,0
DA:70,0
DA:101,0
DA:144,0
DA:170,0
DA:203,0
DA:204,0
DA:208,0
DA:209,0
DA:210,0
DA:211,0
DA:215,0
DA:219,0
DA:220,0
DA:224,0
DA:232,0
DA:233,0
DA:234,0
DA:235,0
DA:236,0
DA:238,0
DA:239,0
DA:240,0
DA:241,0
DA:244,0
DA:245,0
DA:246,0
DA:247,0
DA:248,0
DA:250,0
DA:262,0
DA:263,0
DA:265,0
DA:285,0
DA:286,0
DA:289,0
DA:290,0
DA:295,0
DA:296,0
DA:297,0
DA:298,0
DA:299,0
DA:300,0
DA:304,0
DA:305,0
DA:308,0
DA:311,0
DA:312,0
DA:313,0
DA:314,0
DA:315,0
DA:319,0
DA:320,0
DA:323,0
DA:327,0
DA:328,0
DA:342,0
DA:344,0
DA:350,0
DA:351,0
DA:357,0
DA:358,0
DA:362,0
DA:363,0
DA:365,0
DA:369,0
DA:377,0
DA:378,0
DA:380,0
DA:392,0
DA:393,0
DA:395,0
DA:396,0
DA:400,0
DA:401,0
DA:402,0
DA:403,0
DA:404,0
DA:407,0
DA:410,0
DA:418,0
DA:419,0
DA:421,0
DA:434,0
DA:436,0
DA:437,0
DA:439,0
DA:440,0
DA:444,0
DA:448,0
DA:449,0
DA:450,0
DA:451,0
DA:454,0
DA:455,0
DA:460,0
DA:461,0
DA:466,0
DA:471,0
DA:479,0
DA:480,0
DA:494,0
DA:495,0
DA:496,0
DA:500,0
DA:504,0
DA:505,0
DA:506,0
DA:507,0
DA:508,0
DA:509,0
DA:513,0
DA:516,0
DA:519,0
DA:520,0
DA:521,0
DA:522,0
DA:523,0
DA:527,0
DA:528,0
DA:529,0
DA:535,0
DA:538,0
DA:539,0
DA:541,0
DA:545,0
DA:546,0
DA:555,0
DA:556,0
DA:558,0
DA:559,0
DA:561,0
DA:562,0
DA:564,0
DA:565,0
DA:568,0
DA:569,0
DA:571,0
DA:572,0
DA:574,0
DA:578,0
DA:579,0
DA:580,0
DA:581,0
DA:582,0
DA:583,0
DA:584,0
DA:586,0
DA:606,0
DA:608,0
DA:609,0
DA:610,0
DA:611,0
DA:612,0
DA:613,0
DA:623,0
DA:624,0
DA:626,0
DA:627,0
DA:628,0
DA:629,0
DA:633,0
DA:634,0
DA:635,0
DA:636,0
DA:637,0
DA:638,0
DA:639,0
DA:642,0
DA:647,0
DA:648,0
DA:658,0
DA:659,0
DA:660,0
DA:661,0
DA:662,0
DA:664,0
DA:665,0
DA:666,0
DA:667,0
DA:669,0
DA:670,0
DA:674,0
DA:675,0
DA:676,0
DA:678,0
DA:683,0
DA:684,0
DA:686,0
DA:687,0
DA:689,0
DA:690,0
DA:694,0
DA:695,0
DA:696,0
DA:699,0
DA:701,0
DA:706,0
DA:707,0
DA:717,0
DA:718,0
DA:719,0
DA:720,0
DA:722,0
DA:723,0
DA:724,0
DA:725,0
DA:729,0
DA:731,0
DA:732,0
DA:733,0
DA:734,0
DA:736,0
DA:740,0
DA:741,0
DA:743,0
DA:744,0
DA:746,0
DA:747,0
DA:748,0
DA:750,0
DA:751,0
DA:767,0
DA:780,0
DA:781,0
DA:782,0
DA:783,0
DA:784,0
DA:787,0
DA:788,0
DA:791,0
DA:792,0
DA:794,0
DA:795,0
DA:796,0
DA:797,0
DA:798,0
DA:799,0
DA:800,0
DA:801,0
DA:803,0
DA:804,0
DA:805,0
DA:806,0
DA:807,0
DA:808,0
DA:809,0
DA:810,0
DA:814,0
DA:816,0
DA:819,0
DA:820,0
DA:821,0
DA:822,0
DA:823,0
DA:831,0
DA:832,0
DA:835,0
DA:836,0
DA:837,0
DA:838,0
DA:839,0
DA:840,0
DA:841,0
DA:842,0
DA:843,0
DA:844,0
DA:845,0
DA:846,0
DA:847,0
DA:852,0
DA:853,0
DA:854,0
DA:856,0
DA:860,0
DA:861,0
DA:862,0
DA:863,0
DA:864,0
DA:865,0
DA:866,0
DA:867,0
DA:873,0
DA:879,0
DA:880,0
DA:881,0
DA:885,0
DA:886,0
DA:887,0
DA:888,0
DA:892,0
DA:893,0
DA:896,0
DA:901,0
DA:904,0
DA:906,0
DA:907,0
DA:908,0
DA:909,0
DA:910,0
DA:911,0
DA:912,0
DA:914,0
DA:915,0
DA:916,0
DA:917,0
DA:918,0
DA:919,0
DA:920,0
DA:921,0
DA:922,0
DA:923,0
DA:924,0
DA:925,0
DA:926,0
DA:927,0
DA:932,0
DA:933,0
DA:934,0
DA:935,0
DA:936,0
DA:937,0
DA:939,0
DA:940,0
DA:941,0
DA:942,0
DA:943,0
DA:944,0
DA:945,0
DA:946,0
DA:947,0
DA:948,0
DA:949,0
DA:950,0
DA:951,0
DA:952,0
DA:953,0
DA:954,0
DA:955,0
DA:956,0
DA:957,0
DA:958,0
DA:959,0
DA:960,0
DA:961,0
DA:962,0
DA:965,0
DA:966,0
DA:967,0
DA:968,0
DA:969,0
DA:970,0
DA:971,0
DA:972,0
DA:976,0
DA:977,0
DA:978,0
DA:979,0
DA:980,0
DA:981,0
DA:982,0
DA:983,0
DA:984,0
DA:985,0
DA:986,0
DA:987,0
DA:988,0
DA:989,0
DA:990,0
DA:991,0
DA:996,0
DA:997,0
DA:998,0
DA:1001,0
DA:1002,0
DA:1003,0
DA:1004,0
DA:1005,0
DA:1006,0
DA:1007,0
DA:1008,0
DA:1009,0
DA:1010,0
DA:1011,0
DA:1012,0
DA:1013,0
DA:1014,0
DA:1015,0
DA:1016,0
DA:1017,0
DA:1018,0
DA:1021,0
DA:1022,0
DA:1023,0
DA:1024,0
DA:1025,0
DA:1026,0
DA:1027,0
DA:1028,0
DA:1029,0
DA:1030,0
DA:1031,0
DA:1032,0
DA:1033,0
DA:1034,0
DA:1035,0
DA:1036,0
DA:1040,0
DA:1041,0
DA:1042,0
DA:1043,0
DA:1044,0
DA:1045,0
DA:1046,0
DA:1047,0
DA:1048,0
DA:1049,0
DA:1050,0
DA:1051,0
DA:1052,0
DA:1053,0
DA:1054,0
DA:1055,0
DA:1056,0
DA:1057,0
DA:1058,0
DA:1061,0
DA:1062,0
DA:1066,0
DA:1067,0
DA:1068,0
DA:1069,0
DA:1070,0
DA:1071,0
DA:1072,0
DA:1073,0
DA:1074,0
DA:1075,0
DA:1076,0
DA:1077,0
DA:1078,0
DA:1079,0
DA:1080,0
DA:1081,0
DA:1082,0
DA:1083,0
DA:1084,0
DA:1085,0
DA:1086,0
DA:1091,0
DA:1109,0
DA:1119,0
DA:1120,0
DA:1121,0
DA:1122,0
DA:1135,0
DA:1136,0
DA:1137,0
DA:1138,0
DA:1139,0
DA:1140,0
DA:1146,0
DA:1147,0
DA:1148,0
DA:1151,0
DA:1152,0
DA:1155,0
DA:1157,0
DA:1172,0
DA:1173,0
DA:1174,0
DA:1175,0
DA:1176,0
DA:1177,0
DA:1183,0
DA:1184,0
DA:1185,0
DA:1195,0
DA:1196,0
DA:1197,0
DA:1198,0
DA:1199,0
DA:1200,0
DA:1206,0
DA:1207,0
DA:1208,0
DA:1224,0
DA:1225,0
DA:1226,0
DA:1227,0
DA:1228,0
DA:1229,0
DA:1235,0
DA:1236,0
DA:1242,0
DA:1257,0
DA:1258,0
DA:1259,0
DA:1260,0
DA:1261,0
DA:1262,0
DA:1268,0
DA:1269,0
DA:1270,0
DA:1273,0
DA:1280,0
DA:1281,0
DA:1282,0
DA:1283,0
DA:1284,0
DA:1285,0
DA:1291,0
DA:1292,0
DA:1293,0
DA:1294,0
DA:1295,0
DA:1299,0
DA:1306,0
DA:1307,0
DA:1308,0
DA:1309,0
DA:1310,0
DA:1311,0
DA:1313,0
DA:1314,0
DA:1315,0
DA:1316,0
DA:1319,0
DA:1320,0
DA:1324,0
DA:1331,0
DA:1332,0
DA:1333,0
DA:1334,0
DA:1335,0
DA:1336,0
DA:1341,0
DA:1349,0
DA:1350,0
DA:1351,0
DA:1355,0
DA:1356,0
DA:1361,0
DA:1364,0
DA:1365,0
DA:1366,0
DA:1370,0
DA:1373,0
DA:1379,0
DA:1380,0
DA:1381,0
DA:1382,0
DA:1383,0
DA:1386,0
DA:1391,0
DA:1394,0
DA:1395,0
DA:1398,0
DA:1411,0
DA:1412,0
DA:1413,0
DA:1416,0
DA:1417,0
DA:1419,0
DA:1420,0
DA:1421,0
DA:1422,0
DA:1427,0
DA:1428,0
DA:1433,0
DA:1434,0
DA:1436,0
DA:1444,0
DA:1445,0
DA:1446,0
DA:1447,0
DA:1450,0
DA:1451,0
DA:1452,0
DA:1456,0
DA:1459,0
DA:1460,0
DA:1461,0
DA:1462,0
DA:1463,0
DA:1464,0
DA:1465,0
DA:1466,0
DA:1469,0
DA:1470,0
DA:1471,0
DA:1472,0
DA:1473,0
DA:1474,0
DA:1478,0
DA:1489,0
DA:1490,0
DA:1491,0
DA:1495,0
DA:1496,0
DA:1497,0
DA:1498,0
DA:1500,0
DA:1508,0
DA:1511,0
DA:1512,0
DA:1514,0
DA:1515,0
DA:1518,0
DA:1519,0
DA:1520,0
DA:1521,0
DA:1522,0
DA:1527,0
DA:1528,0
DA:1529,0
DA:1530,0
DA:1531,0
DA:1532,0
DA:1533,0
DA:1536,0
DA:1538,0
DA:1539,0
DA:1546,0
DA:1547,0
DA:1548,0
DA:1549,0
DA:1550,0
DA:1554,0
DA:1555,0
DA:1556,0
DA:1557,0
DA:1558,0
DA:1570,0
DA:1571,0
DA:1572,0
DA:1575,0
DA:1576,0
DA:1577,0
DA:1584,0
DA:1585,0
DA:1586,0
DA:1587,0
DA:1592,0
DA:1593,0
DA:1594,0
DA:1595,0
DA:1597,0
DA:1599,0
DA:1600,0
DA:1601,0
DA:1608,0
DA:1609,0
DA:1610,0
DA:1611,0
DA:1616,0
DA:1617,0
DA:1618,0
DA:1619,0
DA:1621,0
DA:1622,0
DA:1623,0
DA:1624,0
DA:1626,0
DA:1627,0
DA:1628,0
DA:1629,0
DA:1630,0
DA:1632,0
DA:1634,0
DA:1645,0
DA:1653,0
DA:1671,0
DA:1673,0
DA:1675,0
DA:1678,0
DA:1680,0
DA:1684,0
DA:1686,0
DA:1691,0
DA:1692,0
DA:1694,0
DA:1696,0
DA:1700,0
DA:1702,0
DA:1707,0
DA:1708,0
DA:1709,0
DA:1710,0
DA:1712,0
DA:1713,0
DA:1714,0
DA:1715,0
DA:1718,0
DA:1722,0
DA:1726,0
DA:1729,0
DA:1730,0
DA:1731,0
DA:1732,0
DA:1733,0
DA:1734,0
DA:1735,0
DA:1736,0
DA:1737,0
DA:1738,0
DA:1739,0
DA:1740,0
DA:1744,0
DA:1745,0
DA:1746,0
DA:1747,0
DA:1748,0
DA:1749,0
DA:1750,0
DA:1753,0
DA:1755,0
DA:1763,0
DA:1764,0
DA:1765,0
DA:1767,0
DA:1768,0
DA:1769,0
DA:1772,0
DA:1773,0
DA:1774,0
DA:1775,0
DA:1776,0
DA:1777,0
DA:1778,0
DA:1779,0
DA:1780,0
DA:1781,0
DA:1782,0
DA:1783,0
DA:1784,0
DA:1785,0
DA:1787,0
DA:1788,0
DA:1789,0
DA:1790,0
DA:1791,0
DA:1792,0
DA:1793,0
DA:1794,0
DA:1795,0
DA:1796,0
DA:1802,0
DA:1803,0
DA:1804,0
DA:1805,0
DA:1806,0
DA:1815,0
DA:1818,0
DA:1819,0
DA:1820,0
DA:1821,0
DA:1822,0
DA:1823,0
DA:1824,0
DA:1835,0
DA:1836,0
DA:1837,0
DA:1848,0
DA:1849,0
DA:1850,0
DA:1860,0
DA:1868,0
DA:1869,0
DA:1870,0
DA:1875,0
DA:1876,0
DA:1877,0
DA:1878,0
DA:1879,0
DA:1880,0
DA:1881,0
DA:1883,0
DA:1885,0
DA:1886,0
DA:1887,0
DA:1897,0
DA:1905,0
DA:1906,0
DA:1909,0
DA:1910,0
DA:1911,0
DA:1912,0
DA:1913,0
DA:1914,0
DA:1915,0
DA:1916,0
DA:1917,0
DA:1918,0
DA:1919,0
DA:1922,0
DA:1923,0
DA:1924,0
DA:1925,0
DA:1926,0
DA:1927,0
DA:1928,0
DA:1929,0
DA:1930,0
DA:1931,0
DA:1933,0
DA:1941,0
DA:1942,0
DA:1947,0
DA:1959,0
DA:1960,0
DA:1962,0
DA:1963,0
DA:1965,0
DA:1966,0
DA:1967,0
DA:1973,0
DA:1974,0
DA:1979,0
DA:1988,0
DA:1991,0
DA:1992,0
DA:1993,0
DA:1995,0
DA:1998,0
DA:2001,0
DA:2002,0
DA:2003,0
DA:2005,0
DA:2006,0
DA:2008,0
DA:2009,0
DA:2010,0
DA:2011,0
DA:2013,0
DA:2014,0
DA:2017,0
DA:2018,0
DA:2020,0
DA:2021,0
DA:2022,0
DA:2024,0
DA:2028,0
DA:2029,0
DA:2030,0
DA:2032,0
DA:2033,0
DA:2035,0
DA:2039,0
DA:2040,0
DA:2041,0
DA:2042,0
DA:2043,0
DA:2044,0
DA:2045,0
DA:2048,0
DA:2049,0
DA:2050,0
DA:2052,0
DA:2053,0
DA:2054,0
DA:2055,0
DA:2056,0
DA:2057,0
DA:2060,0
DA:2061,0
DA:2062,0
DA:2064,0
DA:2065,0
DA:2066,0
DA:2068,0
DA:2069,0
DA:2070,0
DA:2071,0
DA:2077,0
DA:2078,0
DA:2079,0
DA:2080,0
DA:2084,0
DA:2085,0
DA:2086,0
DA:2087,0
DA:2088,0
DA:2089,0
DA:2090,0
DA:2091,0
DA:2093,0
DA:2096,0
DA:2098,0
DA:2100,0
DA:2102,0
DA:2104,0
DA:2106,0
DA:2108,0
DA:2111,0
DA:2120,0
DA:2131,0
DA:2132,0
DA:2133,0
DA:2134,0
DA:2135,0
DA:2136,0
DA:2137,0
DA:2140,0
DA:2141,0
DA:2142,0
DA:2151,0
DA:2152,0
DA:2153,0
DA:2154,0
DA:2155,0
DA:2156,0
DA:2160,0
DA:2161,0
DA:2162,0
DA:2171,0
DA:2172,0
DA:2173,0
DA:2174,0
DA:2175,0
DA:2176,0
DA:2180,0
DA:2181,0
DA:2182,0
DA:2184,0
DA:2185,0
DA:2186,0
DA:2187,0
DA:2188,0
DA:2189,0
DA:2196,0
DA:2199,0
DA:2203,0
DA:2210,0
DA:2211,0
DA:2214,0
DA:2215,0
DA:2217,0
DA:2222,0
DA:2231,0
DA:2240,0
DA:2246,0
DA:2249,0
DA:2250,0
DA:2251,0
DA:2252,0
DA:2255,0
DA:2256,0
DA:2257,0
DA:2258,0
DA:2259,0
DA:2260,0
DA:2261,0
DA:2263,0
DA:2267,0
DA:2272,0
DA:2275,0
DA:2281,0
DA:2286,0
DA:2287,0
DA:2288,0
DA:2289,0
DA:2290,0
DA:2291,0
DA:2292,0
DA:2293,0
DA:2294,0
DA:2295,0
DA:2296,0
DA:2297,0
DA:2298,0
DA:2299,0
DA:2300,0
DA:2301,0
DA:2302,0
DA:2303,0
DA:2304,0
DA:2305,0
DA:2306,0
DA:2307,0
DA:2308,0
DA:2309,0
DA:2311,0
DA:2312,0
DA:2314,0
DA:2315,0
DA:2316,0
DA:2317,0
DA:2318,0
DA:2319,0
DA:2320,0
DA:2322,0
DA:2323,0
DA:2325,0
DA:2326,0
DA:2327,0
DA:2328,0
DA:2329,0
DA:2330,0
DA:2331,0
DA:2332,0
DA:2333,0
DA:2334,0
DA:2335,0
DA:2336,0
DA:2340,0
DA:2341,0
DA:2342,0
DA:2343,0
DA:2347,0
DA:2350,0
DA:2351,0
DA:2352,0
DA:2353,0
DA:2357,0
DA:2455,0
DA:2456,0
DA:2465,0
DA:2466,0
DA:2467,0
DA:2470,0
DA:2471,0
DA:2472,0
DA:2473,0
DA:2474,0
DA:2475,0
DA:2476,0
DA:2477,0
DA:2478,0
DA:2479,0
DA:2480,0
DA:2481,0
DA:2482,0
DA:2483,0
DA:2484,0
DA:2485,0
DA:2488,0
DA:2489,0
DA:2491,0
DA:2492,0
DA:2494,0
LF:1041
LH:0
BRDA:204,0,0,0
BRDA:204,0,1,0
BRDA:208,1,0,0
BRDA:208,1,1,0
BRDA:208,2,0,0
BRDA:208,2,1,0
BRDA:209,3,0,0
BRDA:209,3,1,0
BRDA:210,4,0,0
BRDA:210,4,1,0
BRDA:215,5,0,0
BRDA:215,5,1,0
BRDA:219,6,0,0
BRDA:219,6,1,0
BRDA:224,7,0,0
BRDA:224,7,1,0
BRDA:234,8,0,0
BRDA:234,8,1,0
BRDA:234,9,0,0
BRDA:234,9,1,0
BRDA:236,10,0,0
BRDA:236,10,1,0
BRDA:236,11,0,0
BRDA:236,11,1,0
BRDA:236,12,0,0
BRDA:236,12,1,0
BRDA:238,13,0,0
BRDA:238,13,1,0
BRDA:251,14,0,0
BRDA:251,14,1,0
BRDA:251,14,2,0
BRDA:262,15,0,0
BRDA:262,15,1,0
BRDA:286,16,0,0
BRDA:286,16,1,0
BRDA:297,17,0,0
BRDA:297,17,1,0
BRDA:304,18,0,0
BRDA:304,18,1,0
BRDA:313,19,0,0
BRDA:313,19,1,0
BRDA:314,20,0,0
BRDA:314,20,1,0
BRDA:344,21,0,0
BRDA:344,21,1,0
BRDA:353,22,0,0
BRDA:353,22,1,0
BRDA:358,23,0,0
BRDA:358,23,1,0
BRDA:377,24,0,0
BRDA:377,24,1,0
BRDA:408,25,0,0
BRDA:408,25,1,0
BRDA:418,26,0,0
BRDA:418,26,1,0
BRDA:467,27,0,0
BRDA:467,27,1,0
BRDA:467,27,2,0
BRDA:479,28,0,0
BRDA:479,28,1,0
BRDA:495,29,0,0
BRDA:495,29,1,0
BRDA:496,30,0,0
BRDA:496,30,1,0
BRDA:513,31,0,0
BRDA:513,31,1,0
BRDA:513,31,2,0
BRDA:516,32,0,0
BRDA:516,32,1,0
BRDA:520,33,0,0
BRDA:520,33,1,0
BRDA:523,34,0,0
BRDA:523,34,1,0
BRDA:545,35,0,0
BRDA:545,35,1,0
BRDA:556,36,0,0
BRDA:556,36,1,0
BRDA:559,37,0,0
BRDA:559,37,1,0
BRDA:562,38,0,0
BRDA:562,38,1,0
BRDA:565,39,0,0
BRDA:565,39,1,0
BRDA:578,40,0,0
BRDA:578,40,1,0
BRDA:582,41,0,0
BRDA:582,41,1,0
BRDA:582,42,0,0
BRDA:582,42,1,0
BRDA:584,43,0,0
BRDA:584,43,1,0
BRDA:587,44,0,0
BRDA:587,44,1,0
BRDA:588,45,0,0
BRDA:588,45,1,0
BRDA:589,46,0,0
BRDA:589,46,1,0
BRDA:590,47,0,0
BRDA:590,47,1,0
BRDA:591,48,0,0
BRDA:591,48,1,0
BRDA:592,49,0,0
BRDA:592,49,1,0
BRDA:593,50,0,0
BRDA:593,50,1,0
BRDA:595,51,0,0
BRDA:595,51,1,0
BRDA:595,51,2,0
BRDA:598,52,0,0
BRDA:598,52,1,0
BRDA:600,53,0,0
BRDA:600,53,1,0
BRDA:606,54,0,0
BRDA:606,54,1,0
BRDA:614,55,0,0
BRDA:614,55,1,0
BRDA:615,56,0,0
BRDA:615,56,1,0
BRDA:616,57,0,0
BRDA:616,57,1,0
BRDA:617,58,0,0
BRDA:617,58,1,0
BRDA:618,59,0,0
BRDA:618,59,1,0
BRDA:623,60,0,0
BRDA:623,60,1,0
BRDA:627,61,0,0
BRDA:627,61,1,0
BRDA:627,61,2,0
BRDA:627,61,3,0
BRDA:633,62,0,0
BRDA:633,62,1,0
BRDA:637,63,0,0
BRDA:637,63,1,0
BRDA:637,64,0,0
BRDA:637,64,1,0
BRDA:637,64,2,0
BRDA:639,65,0,0
BRDA:639,65,1,0
BRDA:639,66,0,0
BRDA:639,66,1,0
BRDA:647,67,0,0
BRDA:647,67,1,0
BRDA:664,68,0,0
BRDA:664,68,1,0
BRDA:665,69,0,0
BRDA:665,69,1,0
BRDA:666,70,0,0
BRDA:666,70,1,0
BRDA:667,71,0,0
BRDA:667,71,1,0
BRDA:669,72,0,0
BRDA:669,72,1,0
BRDA:675,73,0,0
BRDA:675,73,1,0
BRDA:683,74,0,0
BRDA:683,74,1,0
BRDA:689,75,0,0
BRDA:689,75,1,0
BRDA:690,76,0,0
BRDA:690,76,1,0
BRDA:694,77,0,0
BRDA:694,77,1,0
BRDA:695,78,0,0
BRDA:695,78,1,0
BRDA:706,79,0,0
BRDA:706,79,1,0
BRDA:722,80,0,0
BRDA:722,80,1,0
BRDA:723,81,0,0
BRDA:723,81,1,0
BRDA:724,82,0,0
BRDA:724,82,1,0
BRDA:725,83,0,0
BRDA:725,83,1,0
BRDA:729,84,0,0
BRDA:729,84,1,0
BRDA:731,85,0,0
BRDA:731,85,1,0
BRDA:740,86,0,0
BRDA:740,86,1,0
BRDA:780,87,0,0
BRDA:780,87,1,0
BRDA:783,88,0,0
BRDA:783,88,1,0
BRDA:784,89,0,0
BRDA:784,89,1,0
BRDA:784,90,0,0
BRDA:784,90,1,0
BRDA:787,91,0,0
BRDA:787,91,1,0
BRDA:792,92,0,0
BRDA:792,92,1,0
BRDA:794,93,0,0
BRDA:794,93,1,0
BRDA:796,94,0,0
BRDA:796,94,1,0
BRDA:797,95,0,0
BRDA:797,95,1,0
BRDA:797,96,0,0
BRDA:797,96,1,0
BRDA:797,96,2,0
BRDA:797,96,3,0
BRDA:799,97,0,0
BRDA:799,97,1,0
BRDA:801,98,0,0
BRDA:801,98,1,0
BRDA:803,99,0,0
BRDA:803,99,1,0
BRDA:804,100,0,0
BRDA:804,100,1,0
BRDA:805,101,0,0
BRDA:805,101,1,0
BRDA:806,102,0,0
BRDA:806,102,1,0
BRDA:806,103,0,0
BRDA:806,103,1,0
BRDA:806,103,2,0
BRDA:809,104,0,0
BRDA:809,104,1,0
BRDA:809,105,0,0
BRDA:809,105,1,0
BRDA:809,105,2,0
BRDA:814,106,0,0
BRDA:814,106,1,0
BRDA:816,107,0,0
BRDA:816,107,1,0
BRDA:816,107,2,0
BRDA:820,108,0,0
BRDA:820,108,1,0
BRDA:820,109,0,0
BRDA:820,109,1,0
BRDA:835,110,0,0
BRDA:835,110,1,0
BRDA:836,111,0,0
BRDA:836,111,1,0
BRDA:836,112,0,0
BRDA:836,112,1,0
BRDA:838,113,0,0
BRDA:838,113,1,0
BRDA:838,114,0,0
BRDA:838,114,1,0
BRDA:842,115,0,0
BRDA:842,115,1,0
BRDA:843,116,0,0
BRDA:843,116,1,0
BRDA:844,117,0,0
BRDA:844,117,1,0
BRDA:852,118,0,0
BRDA:852,118,1,0
BRDA:856,119,0,0
BRDA:856,119,1,0
BRDA:856,119,2,0
BRDA:860,120,0,0
BRDA:860,120,1,0
BRDA:864,121,0,0
BRDA:864,121,1,0
BRDA:873,122,0,0
BRDA:873,122,1,0
BRDA:874,123,0,0
BRDA:874,123,1,0
BRDA:874,123,2,0
BRDA:874,123,3,0
BRDA:885,124,0,0
BRDA:885,124,1,0
BRDA:896,125,0,0
BRDA:896,125,1,0
BRDA:896,125,2,0
BRDA:896,125,3,0
BRDA:901,126,0,0
BRDA:901,126,1,0
BRDA:901,126,2,0
BRDA:904,127,0,0
BRDA:904,127,1,0
BRDA:906,128,0,0
BRDA:906,128,1,0
BRDA:906,129,0,0
BRDA:906,129,1,0
BRDA:908,130,0,0
BRDA:908,130,1,0
BRDA:908,131,0,0
BRDA:908,131,1,0
BRDA:910,132,0,0
BRDA:910,132,1,0
BRDA:912,133,0,0
BRDA:912,133,1,0
BRDA:914,134,0,0
BRDA:914,134,1,0
BRDA:916,135,0,0
BRDA:916,135,1,0
BRDA:918,136,0,0
BRDA:918,136,1,0
BRDA:920,137,0,0
BRDA:920,137,1,0
BRDA:924,138,0,0
BRDA:924,138,1,0
BRDA:932,139,0,0
BRDA:932,139,1,0
BRDA:932,140,0,0
BRDA:932,140,1,0
BRDA:937,141,0,0
BRDA:937,141,1,0
BRDA:940,142,0,0
BRDA:940,142,1,0
BRDA:943,143,0,0
BRDA:943,143,1,0
BRDA:946,144,0,0
BRDA:946,144,1,0
BRDA:949,145,0,0
BRDA:949,145,1,0
BRDA:952,146,0,0
BRDA:952,146,1,0
BRDA:955,147,0,0
BRDA:955,147,1,0
BRDA:958,148,0,0
BRDA:958,148,1,0
BRDA:958,149,0,0
BRDA:958,149,1,0
BRDA:965,150,0,0
BRDA:965,150,1,0
BRDA:968,151,0,0
BRDA:968,151,1,0
BRDA:970,152,0,0
BRDA:970,152,1,0
BRDA:976,153,0,0
BRDA:976,153,1,0
BRDA:980,154,0,0
BRDA:980,154,1,0
BRDA:980,155,0,0
BRDA:980,155,1,0
BRDA:984,156,0,0
BRDA:984,156,1,0
BRDA:984,157,0,0
BRDA:984,157,1,0
BRDA:988,158,0,0
BRDA:988,158,1,0
BRDA:996,159,0,0
BRDA:996,159,1,0
BRDA:996,160,0,0
BRDA:996,160,1,0
BRDA:996,160,2,0
BRDA:997,161,0,0
BRDA:997,161,1,0
BRDA:997,162,0,0
BRDA:997,162,1,0
BRDA:998,163,0,0
BRDA:998,163,1,0
BRDA:1001,164,0,0
BRDA:1001,164,1,0
BRDA:1004,165,0,0
BRDA:1004,165,1,0
BRDA:1004,166,0,0
BRDA:1004,166,1,0
BRDA:1007,167,0,0
BRDA:1007,167,1,0
BRDA:1010,168,0,0
BRDA:1010,168,1,0
BRDA:1013,169,0,0
BRDA:1013,169,1,0
BRDA:1016,170,0,0
BRDA:1016,170,1,0
BRDA:1021,171,0,0
BRDA:1021,171,1,0
BRDA:1021,172,0,0
BRDA:1021,172,1,0
BRDA:1025,173,0,0
BRDA:1025,173,1,0
BRDA:1029,174,0,0
BRDA:1029,174,1,0
BRDA:1033,175,0,0
BRDA:1033,175,1,0
BRDA:1040,176,0,0
BRDA:1040,176,1,0
BRDA:1041,177,0,0
BRDA:1041,177,1,0
BRDA:1044,178,0,0
BRDA:1044,178,1,0
BRDA:1047,179,0,0
BRDA:1047,179,1,0
BRDA:1050,180,0,0
BRDA:1050,180,1,0
BRDA:1053,181,0,0
BRDA:1053,181,1,0
BRDA:1056,182,0,0
BRDA:1056,182,1,0
BRDA:1061,183,0,0
BRDA:1061,183,1,0
BRDA:1066,184,0,0
BRDA:1066,184,1,0
BRDA:1067,185,0,0
BRDA:1067,185,1,0
BRDA:1067,186,0,0
BRDA:1067,186,1,0
BRDA:1071,187,0,0
BRDA:1071,187,1,0
BRDA:1075,188,0,0
BRDA:1075,188,1,0
BRDA:1079,189,0,0
BRDA:1079,189,1,0
BRDA:1083,190,0,0
BRDA:1083,190,1,0
BRDA:1119,191,0,0
BRDA:1119,191,1,0
BRDA:1120,192,0,0
BRDA:1120,192,1,0
BRDA:1136,193,0,0
BRDA:1136,193,1,0
BRDA:1146,194,0,0
BRDA:1146,194,1,0
BRDA:1146,195,0,0
BRDA:1146,195,1,0
BRDA:1147,196,0,0
BRDA:1147,196,1,0
BRDA:1148,197,0,0
BRDA:1148,197,1,0
BRDA:1151,198,0,0
BRDA:1151,198,1,0
BRDA:1152,199,0,0
BRDA:1152,199,1,0
BRDA:1173,200,0,0
BRDA:1173,200,1,0
BRDA:1183,201,0,0
BRDA:1183,201,1,0
BRDA:1183,202,0,0
BRDA:1183,202,1,0
BRDA:1184,203,0,0
BRDA:1184,203,1,0
BRDA:1196,204,0,0
BRDA:1196,204,1,0
BRDA:1206,205,0,0
BRDA:1206,205,1,0
BRDA:1206,206,0,0
BRDA:1206,206,1,0
BRDA:1225,207,0,0
BRDA:1225,207,1,0
BRDA:1235,208,0,0
BRDA:1235,208,1,0
BRDA:1235,209,0,0
BRDA:1235,209,1,0
BRDA:1237,210,0,0
BRDA:1237,210,1,0
BRDA:1238,211,0,0
BRDA:1238,211,1,0
BRDA:1258,212,0,0
BRDA:1258,212,1,0
BRDA:1268,213,0,0
BRDA:1268,213,1,0
BRDA:1268,214,0,0
BRDA:1268,214,1,0
BRDA:1281,215,0,0
BRDA:1281,215,1,0
BRDA:1291,216,0,0
BRDA:1291,216,1,0
BRDA:1294,217,0,0
BRDA:1294,217,1,0
BRDA:1295,218,0,0
BRDA:1295,218,1,0
BRDA:1299,219,0,0
BRDA:1299,219,1,0
BRDA:1300,220,0,0
BRDA:1300,220,1,0
BRDA:1300,220,2,0
BRDA:1300,220,3,0
BRDA:1300,220,4,0
BRDA:1307,221,0,0
BRDA:1307,221,1,0
BRDA:1309,222,0,0
BRDA:1309,222,1,0
BRDA:1313,223,0,0
BRDA:1313,223,1,0
BRDA:1314,224,0,0
BRDA:1314,224,1,0
BRDA:1315,225,0,0
BRDA:1315,225,1,0
BRDA:1319,226,0,0
BRDA:1319,226,1,0
BRDA:1319,227,0,0
BRDA:1319,227,1,0
BRDA:1321,228,0,0
BRDA:1321,228,1,0
BRDA:1322,229,0,0
BRDA:1322,229,1,0
BRDA:1332,230,0,0
BRDA:1332,230,1,0
BRDA:1355,231,0,0
BRDA:1355,231,1,0
BRDA:1356,232,0,0
BRDA:1356,232,1,0
BRDA:1360,233,0,0
BRDA:1360,233,1,0
BRDA:1361,234,0,0
BRDA:1361,234,1,0
BRDA:1364,235,0,0
BRDA:1364,235,1,0
BRDA:1367,236,0,0
BRDA:1367,236,1,0
BRDA:1368,237,0,0
BRDA:1368,237,1,0
BRDA:1373,238,0,0
BRDA:1373,238,1,0
BRDA:1374,239,0,0
BRDA:1374,239,1,0
BRDA:1374,239,2,0
BRDA:1374,239,3,0
BRDA:1380,240,0,0
BRDA:1380,240,1,0
BRDA:1381,241,0,0
BRDA:1381,241,1,0
BRDA:1382,242,0,0
BRDA:1382,242,1,0
BRDA:1386,243,0,0
BRDA:1386,243,1,0
BRDA:1387,244,0,0
BRDA:1387,244,1,0
BRDA:1387,244,2,0
BRDA:1394,245,0,0
BRDA:1394,245,1,0
BRDA:1412,246,0,0
BRDA:1412,246,1,0
BRDA:1416,247,0,0
BRDA:1416,247,1,0
BRDA:1419,248,0,0
BRDA:1419,248,1,0
BRDA:1419,249,0,0
BRDA:1419,249,1,0
BRDA:1421,250,0,0
BRDA:1421,250,1,0
BRDA:1427,251,0,0
BRDA:1427,251,1,0
BRDA:1433,252,0,0
BRDA:1433,252,1,0
BRDA:1446,253,0,0
BRDA:1446,253,1,0
BRDA:1447,254,0,0
BRDA:1447,254,1,0
BRDA:1450,255,0,0
BRDA:1450,255,1,0
BRDA:1453,256,0,0
BRDA:1453,256,1,0
BRDA:1454,257,0,0
BRDA:1454,257,1,0
BRDA:1459,258,0,0
BRDA:1459,258,1,0
BRDA:1459,259,0,0
BRDA:1459,259,1,0
BRDA:1461,260,0,0
BRDA:1461,260,1,0
BRDA:1463,261,0,0
BRDA:1463,261,1,0
BRDA:1463,262,0,0
BRDA:1463,262,1,0
BRDA:1464,263,0,0
BRDA:1464,263,1,0
BRDA:1469,264,0,0
BRDA:1469,264,1,0
BRDA:1470,265,0,0
BRDA:1470,265,1,0
BRDA:1472,266,0,0
BRDA:1472,266,1,0
BRDA:1490,267,0,0
BRDA:1490,267,1,0
BRDA:1495,268,0,0
BRDA:1495,268,1,0
BRDA:1497,269,0,0
BRDA:1497,269,1,0
BRDA:1512,270,0,0
BRDA:1512,270,1,0
BRDA:1519,271,0,0
BRDA:1519,271,1,0
BRDA:1519,272,0,0
BRDA:1519,272,1,0
BRDA:1527,273,0,0
BRDA:1527,273,1,0
BRDA:1529,274,0,0
BRDA:1529,274,1,0
BRDA:1530,275,0,0
BRDA:1530,275,1,0
BRDA:1531,276,0,0
BRDA:1531,276,1,0
BRDA:1536,277,0,0
BRDA:1536,277,1,0
BRDA:1536,278,0,0
BRDA:1536,278,1,0
BRDA:1538,279,0,0
BRDA:1538,279,1,0
BRDA:1548,280,0,0
BRDA:1548,280,1,0
BRDA:1550,281,0,0
BRDA:1550,281,1,0
BRDA:1556,282,0,0
BRDA:1556,282,1,0
BRDA:1570,283,0,0
BRDA:1570,283,1,0
BRDA:1570,284,0,0
BRDA:1570,284,1,0
BRDA:1575,285,0,0
BRDA:1575,285,1,0
BRDA:1575,286,0,0
BRDA:1575,286,1,0
BRDA:1576,287,0,0
BRDA:1576,287,1,0
BRDA:1593,288,0,0
BRDA:1593,288,1,0
BRDA:1599,289,0,0
BRDA:1599,289,1,0
BRDA:1600,290,0,0
BRDA:1600,290,1,0
BRDA:1622,291,0,0
BRDA:1622,291,1,0
BRDA:1623,292,0,0
BRDA:1623,292,1,0
BRDA:1629,293,0,0
BRDA:1629,293,1,0
BRDA:1629,294,0,0
BRDA:1629,294,1,0
BRDA:1629,294,2,0
BRDA:1630,295,0,0
BRDA:1630,295,1,0
BRDA:1671,296,0,0
BRDA:1671,296,1,0
BRDA:1675,297,0,0
BRDA:1675,297,1,0
BRDA:1680,298,0,0
BRDA:1680,298,1,0
BRDA:1680,298,2,0
BRDA:1686,299,0,0
BRDA:1686,299,1,0
BRDA:1686,299,2,0
BRDA:1686,299,3,0
BRDA:1696,300,0,0
BRDA:1696,300,1,0
BRDA:1696,300,2,0
BRDA:1702,301,0,0
BRDA:1702,301,1,0
BRDA:1702,301,2,0
BRDA:1712,302,0,0
BRDA:1712,302,1,0
BRDA:1712,303,0,0
BRDA:1712,303,1,0
BRDA:1712,303,2,0
BRDA:1729,304,0,0
BRDA:1729,304,1,0
BRDA:1729,305,0,0
BRDA:1729,305,1,0
BRDA:1733,306,0,0
BRDA:1733,306,1,0
BRDA:1733,307,0,0
BRDA:1733,307,1,0
BRDA:1737,308,0,0
BRDA:1737,308,1,0
BRDA:1746,309,0,0
BRDA:1746,309,1,0
BRDA:1747,310,0,0
BRDA:1747,310,1,0
BRDA:1748,311,0,0
BRDA:1748,311,1,0
BRDA:1750,312,0,0
BRDA:1750,312,1,0
BRDA:1769,313,0,0
BRDA:1769,313,1,0
BRDA:1787,314,0,0
BRDA:1787,314,1,0
BRDA:1789,315,0,0
BRDA:1789,315,1,0
BRDA:1791,316,0,0
BRDA:1791,316,1,0
BRDA:1793,317,0,0
BRDA:1793,317,1,0
BRDA:1795,318,0,0
BRDA:1795,318,1,0
BRDA:1804,319,0,0
BRDA:1804,319,1,0
BRDA:1819,320,0,0
BRDA:1819,320,1,0
BRDA:1820,321,0,0
BRDA:1820,321,1,0
BRDA:1825,322,0,0
BRDA:1825,322,1,0
BRDA:1826,323,0,0
BRDA:1826,323,1,0
BRDA:1870,324,0,0
BRDA:1870,324,1,0
BRDA:1875,325,0,0
BRDA:1875,325,1,0
BRDA:1878,326,0,0
BRDA:1878,326,1,0
BRDA:1879,327,0,0
BRDA:1879,327,1,0
BRDA:1886,328,0,0
BRDA:1886,328,1,0
BRDA:1886,329,0,0
BRDA:1886,329,1,0
BRDA:1886,330,0,0
BRDA:1886,330,1,0
BRDA:1890,331,0,0
BRDA:1890,331,1,0
BRDA:1893,332,0,0
BRDA:1893,332,1,0
BRDA:1909,333,0,0
BRDA:1909,333,1,0
BRDA:1910,334,0,0
BRDA:1910,334,1,0
BRDA:1911,335,0,0
BRDA:1911,335,1,0
BRDA:1912,336,0,0
BRDA:1912,336,1,0
BRDA:1913,337,0,0
BRDA:1913,337,1,0
BRDA:1914,338,0,0
BRDA:1914,338,1,0
BRDA:1915,339,0,0
BRDA:1915,339,1,0
BRDA:1916,340,0,0
BRDA:1916,340,1,0
BRDA:1917,341,0,0
BRDA:1917,341,1,0
BRDA:1918,342,0,0
BRDA:1918,342,1,0
BRDA:1919,343,0,0
BRDA:1919,343,1,0
BRDA:1922,344,0,0
BRDA:1922,344,1,0
BRDA:1923,345,0,0
BRDA:1923,345,1,0
BRDA:1924,346,0,0
BRDA:1924,346,1,0
BRDA:1925,347,0,0
BRDA:1925,347,1,0
BRDA:1926,348,0,0
BRDA:1926,348,1,0
BRDA:1927,349,0,0
BRDA:1927,349,1,0
BRDA:1928,350,0,0
BRDA:1928,350,1,0
BRDA:1929,351,0,0
BRDA:1929,351,1,0
BRDA:1930,352,0,0
BRDA:1930,352,1,0
BRDA:1931,353,0,0
BRDA:1931,353,1,0
BRDA:1960,354,0,0
BRDA:1960,354,1,0
BRDA:1960,354,2,0
BRDA:1966,355,0,0
BRDA:1966,355,1,0
BRDA:1967,356,0,0
BRDA:1967,356,1,0
BRDA:1968,357,0,0
BRDA:1968,357,1,0
BRDA:1968,357,2,0
BRDA:1968,357,3,0
BRDA:1988,358,0,0
BRDA:1988,358,1,0
BRDA:1991,359,0,0
BRDA:1991,359,1,0
BRDA:1992,360,0,0
BRDA:1992,360,1,0
BRDA:1995,361,0,0
BRDA:1995,361,1,0
BRDA:1998,362,0,0
BRDA:1998,362,1,0
BRDA:2003,363,0,0
BRDA:2003,363,1,0
BRDA:2006,364,0,0
BRDA:2006,364,1,0
BRDA:2011,365,0,0
BRDA:2011,365,1,0
BRDA:2018,366,0,0
BRDA:2018,366,1,0
BRDA:2018,366,2,0
BRDA:2020,367,0,0
BRDA:2020,367,1,0
BRDA:2021,368,0,0
BRDA:2021,368,1,0
BRDA:2024,369,0,0
BRDA:2024,369,1,0
BRDA:2030,370,0,0
BRDA:2030,370,1,0
BRDA:2042,371,0,0
BRDA:2042,371,1,0
BRDA:2049,372,0,0
BRDA:2049,372,1,0
BRDA:2055,373,0,0
BRDA:2055,373,1,0
BRDA:2060,374,0,0
BRDA:2060,374,1,0
BRDA:2064,375,0,0
BRDA:2064,375,1,0
BRDA:2064,376,0,0
BRDA:2064,376,1,0
BRDA:2064,376,2,0
BRDA:2064,376,3,0
BRDA:2066,377,0,0
BRDA:2066,377,1,0
BRDA:2066,378,0,0
BRDA:2066,378,1,0
BRDA:2068,379,0,0
BRDA:2068,379,1,0
BRDA:2068,380,0,0
BRDA:2068,380,1,0
BRDA:2068,380,2,0
BRDA:2068,380,3,0
BRDA:2070,381,0,0
BRDA:2070,381,1,0
BRDA:2078,382,0,0
BRDA:2078,382,1,0
BRDA:2079,383,0,0
BRDA:2079,383,1,0
BRDA:2084,384,0,0
BRDA:2084,384,1,0
BRDA:2140,385,0,0
BRDA:2140,385,1,0
BRDA:2140,386,0,0
BRDA:2140,386,1,0
BRDA:2152,387,0,0
BRDA:2152,387,1,0
BRDA:2160,388,0,0
BRDA:2160,388,1,0
BRDA:2160,389,0,0
BRDA:2160,389,1,0
BRDA:2172,390,0,0
BRDA:2172,390,1,0
BRDA:2180,391,0,0
BRDA:2180,391,1,0
BRDA:2182,392,0,0
BRDA:2182,392,1,0
BRDA:2185,393,0,0
BRDA:2185,393,1,0
BRDA:2203,394,0,0
BRDA:2203,394,1,0
BRDA:2203,394,2,0
BRDA:2203,394,3,0
BRDA:2203,394,4,0
BRDA:2203,394,5,0
BRDA:2203,394,6,0
BRDA:2207,395,0,0
BRDA:2207,395,1,0
BRDA:2211,396,0,0
BRDA:2211,396,1,0
BRDA:2214,397,0,0
BRDA:2214,397,1,0
BRDA:2215,398,0,0
BRDA:2215,398,1,0
BRDA:2222,399,0,0
BRDA:2222,399,1,0
BRDA:2222,399,2,0
BRDA:2222,399,3,0
BRDA:2222,399,4,0
BRDA:2222,399,5,0
BRDA:2231,400,0,0
BRDA:2231,400,1,0
BRDA:2231,400,2,0
BRDA:2231,400,3,0
BRDA:2231,400,4,0
BRDA:2231,400,5,0
BRDA:2240,401,0,0
BRDA:2240,401,1,0
BRDA:2242,402,0,0
BRDA:2242,402,1,0
BRDA:2242,402,2,0
BRDA:2243,403,0,0
BRDA:2243,403,1,0
BRDA:2246,404,0,0
BRDA:2246,404,1,0
BRDA:2250,405,0,0
BRDA:2250,405,1,0
BRDA:2251,406,0,0
BRDA:2251,406,1,0
BRDA:2251,407,0,0
BRDA:2251,407,1,0
BRDA:2252,408,0,0
BRDA:2252,408,1,0
BRDA:2256,409,0,0
BRDA:2256,409,1,0
BRDA:2257,410,0,0
BRDA:2257,410,1,0
BRDA:2257,410,2,0
BRDA:2258,411,0,0
BRDA:2258,411,1,0
BRDA:2258,411,2,0
BRDA:2263,412,0,0
BRDA:2263,412,1,0
BRDA:2263,412,2,0
BRDA:2267,413,0,0
BRDA:2267,413,1,0
BRDA:2267,413,2,0
BRDA:2267,413,3,0
BRDA:2272,414,0,0
BRDA:2272,414,1,0
BRDA:2275,415,0,0
BRDA:2275,415,1,0
BRDA:2275,415,2,0
BRDA:2275,415,3,0
BRDA:2275,415,4,0
BRDA:2275,415,5,0
BRDA:2275,415,6,0
BRDA:2281,416,0,0
BRDA:2281,416,1,0
BRDA:2281,416,2,0
BRDA:2288,417,0,0
BRDA:2288,417,1,0
BRDA:2291,418,0,0
BRDA:2291,418,1,0
BRDA:2294,419,0,0
BRDA:2294,419,1,0
BRDA:2297,420,0,0
BRDA:2297,420,1,0
BRDA:2300,421,0,0
BRDA:2300,421,1,0
BRDA:2303,422,0,0
BRDA:2303,422,1,0
BRDA:2306,423,0,0
BRDA:2306,423,1,0
BRDA:2307,424,0,0
BRDA:2307,424,1,0
BRDA:2307,425,0,0
BRDA:2307,425,1,0
BRDA:2314,426,0,0
BRDA:2314,426,1,0
BRDA:2315,427,0,0
BRDA:2315,427,1,0
BRDA:2318,428,0,0
BRDA:2318,428,1,0
BRDA:2325,429,0,0
BRDA:2325,429,1,0
BRDA:2325,430,0,0
BRDA:2325,430,1,0
BRDA:2328,431,0,0
BRDA:2328,431,1,0
BRDA:2328,432,0,0
BRDA:2328,432,1,0
BRDA:2331,433,0,0
BRDA:2331,433,1,0
BRDA:2334,434,0,0
BRDA:2334,434,1,0
BRDA:2340,435,0,0
BRDA:2340,435,1,0
BRDA:2340,436,0,0
BRDA:2340,436,1,0
BRDA:2340,436,2,0
BRDA:2341,437,0,0
BRDA:2341,437,1,0
BRDA:2341,438,0,0
BRDA:2341,438,1,0
BRDA:2342,439,0,0
BRDA:2342,439,1,0
BRDA:2342,440,0,0
BRDA:2342,440,1,0
BRDA:2347,441,0,0
BRDA:2347,441,1,0
BRDA:2351,442,0,0
BRDA:2351,442,1,0
BRDA:2351,443,0,0
BRDA:2351,443,1,0
BRDA:2364,444,0,0
BRDA:2364,444,1,0
BRDA:2365,445,0,0
BRDA:2365,445,1,0
BRDA:2367,446,0,0
BRDA:2367,446,1,0
BRDA:2367,447,0,0
BRDA:2367,447,1,0
BRDA:2388,448,0,0
BRDA:2388,448,1,0
BRDA:2389,449,0,0
BRDA:2389,449,1,0
BRDA:2390,450,0,0
BRDA:2390,450,1,0
BRDA:2391,451,0,0
BRDA:2391,451,1,0
BRDA:2415,452,0,0
BRDA:2415,452,1,0
BRDA:2415,452,2,0
BRDA:2416,453,0,0
BRDA:2416,453,1,0
BRDA:2416,453,2,0
BRDA:2417,454,0,0
BRDA:2417,454,1,0
BRDA:2418,455,0,0
BRDA:2418,455,1,0
BRDA:2419,456,0,0
BRDA:2419,456,1,0
BRDA:2419,456,2,0
BRDA:2420,457,0,0
BRDA:2420,457,1,0
BRDA:2421,458,0,0
BRDA:2421,458,1,0
BRDA:2422,459,0,0
BRDA:2422,459,1,0
BRDA:2424,460,0,0
BRDA:2424,460,1,0
BRDA:2424,460,2,0
BRDA:2424,460,3,0
BRDA:2424,460,4,0
BRDA:2424,460,5,0
BRDA:2430,461,0,0
BRDA:2430,461,1,0
BRDA:2430,461,2,0
BRDA:2431,462,0,0
BRDA:2431,462,1,0
BRDA:2431,462,2,0
BRDA:2448,463,0,0
BRDA:2448,463,1,0
BRDA:2449,464,0,0
BRDA:2449,464,1,0
BRDA:2456,465,0,0
BRDA:2456,465,1,0
BRDA:2471,466,0,0
BRDA:2471,466,1,0
BRDA:2471,467,0,0
BRDA:2471,467,1,0
BRDA:2472,468,0,0
BRDA:2472,468,1,0
BRDA:2473,469,0,0
BRDA:2473,469,1,0
BRDA:2474,470,0,0
BRDA:2474,470,1,0
BRDA:2475,471,0,0
BRDA:2475,471,1,0
BRDA:2476,472,0,0
BRDA:2476,472,1,0
BRDA:2477,473,0,0
BRDA:2477,473,1,0
BRDA:2478,474,0,0
BRDA:2478,474,1,0
BRDA:2479,475,0,0
BRDA:2479,475,1,0
BRDA:2481,476,0,0
BRDA:2481,476,1,0
BRDA:2483,477,0,0
BRDA:2483,477,1,0
BRDA:2484,478,0,0
BRDA:2484,478,1,0
BRDA:2485,479,0,0
BRDA:2485,479,1,0
BRDA:2489,480,0,0
BRDA:2489,480,1,0
BRDA:2489,481,0,0
BRDA:2489,481,1,0
BRF:1039
BRH:0
end_of_record
TN:
SF:js\app.js
FN:30,(anonymous_0)
FN:46,(anonymous_1)
FN:55,(anonymous_2)
FN:67,_probeAIService
FN:96,onFilesReady
FN:163,_generateDocsWithFallback
FN:182,(anonymous_6)
FN:185,(anonymous_7)
FN:186,(anonymous_8)
FN:232,(anonymous_9)
FN:251,_serializeAnalysis
FN:298,resetApp
FN:328,(anonymous_12)
FN:331,(anonymous_13)
FN:340,(anonymous_14)
FN:362,sleep
FN:363,(anonymous_16)
FNF:17
FNH:0
FNDA:0,(anonymous_0)
FNDA:0,(anonymous_1)
FNDA:0,(anonymous_2)
FNDA:0,_probeAIService
FNDA:0,onFilesReady
FNDA:0,_generateDocsWithFallback
FNDA:0,(anonymous_6)
FNDA:0,(anonymous_7)
FNDA:0,(anonymous_8)
FNDA:0,(anonymous_9)
FNDA:0,_serializeAnalysis
FNDA:0,resetApp
FNDA:0,(anonymous_12)
FNDA:0,(anonymous_13)
FNDA:0,(anonymous_14)
FNDA:0,sleep
FNDA:0,(anonymous_16)
DA:17,0
DA:30,0
DA:32,0
DA:33,0
DA:36,0
DA:37,0
DA:40,0
DA:43,0
DA:46,0
DA:47,0
DA:48,0
DA:49,0
DA:51,0
DA:55,0
DA:56,0
DA:60,0
DA:68,0
DA:70,0
DA:71,0
DA:72,0
DA:74,0
DA:75,0
DA:79,0
DA:80,0
DA:86,0
DA:89,0
DA:97,0
DA:99,0
DA:100,0
DA:101,0
DA:105,0
DA:108,0
DA:110,0
DA:112,0
DA:113,0
DA:116,0
DA:119,0
DA:120,0
DA:123,0
DA:124,0
DA:127,0
DA:130,0
DA:131,0
DA:132,0
DA:133,0
DA:134,0
DA:137,0
DA:138,0
DA:139,0
DA:142,0
DA:143,0
DA:144,0
DA:154,0
DA:165,0
DA:166,0
DA:167,0
DA:171,0
DA:172,0
DA:173,0
DA:178,0
DA:181,0
DA:183,0
DA:185,0
DA:186,0
DA:191,0
DA:192,0
DA:193,0
DA:194,0
DA:196,0
DA:199,0
DA:201,0
DA:202,0
DA:203,0
DA:206,0
DA:207,0
DA:209,0
DA:210,0
DA:211,0
DA:217,0
DA:218,0
DA:219,0
DA:221,0
DA:222,0
DA:227,0
DA:228,0
DA:232,0
DA:233,0
DA:234,0
DA:235,0
DA:236,0
DA:240,0
DA:252,0
DA:299,0
DA:309,0
DA:310,0
DA:313,0
DA:314,0
DA:317,0
DA:318,0
DA:321,0
DA:322,0
DA:324,0
DA:325,0
DA:328,0
DA:329,0
DA:331,0
DA:332,0
DA:336,0
DA:337,0
DA:340,0
DA:341,0
DA:342,0
DA:346,0
DA:347,0
DA:349,0
DA:350,0
DA:353,0
DA:356,0
DA:363,0
LF:119
LH:0
BRDA:32,0,0,0
BRDA:32,0,1,0
BRDA:48,1,0,0
BRDA:48,1,1,0
BRDA:48,2,0,0
BRDA:48,2,1,0
BRDA:68,3,0,0
BRDA:68,3,1,0
BRDA:72,4,0,0
BRDA:72,4,1,0
BRDA:74,5,0,0
BRDA:74,5,1,0
BRDA:74,6,0,0
BRDA:74,6,1,0
BRDA:79,7,0,0
BRDA:79,7,1,0
BRDA:99,8,0,0
BRDA:99,8,1,0
BRDA:99,9,0,0
BRDA:99,9,1,0
BRDA:138,10,0,0
BRDA:138,10,1,0
BRDA:143,11,0,0
BRDA:143,11,1,0
BRDA:165,12,0,0
BRDA:165,12,1,0
BRDA:165,13,0,0
BRDA:165,13,1,0
BRDA:172,14,0,0
BRDA:172,14,1,0
BRDA:201,15,0,0
BRDA:201,15,1,0
BRDA:201,16,0,0
BRDA:201,16,1,0
BRDA:209,17,0,0
BRDA:209,17,1,0
BRDA:210,18,0,0
BRDA:210,18,1,0
BRDA:217,19,0,0
BRDA:217,19,1,0
BRDA:218,20,0,0
BRDA:218,20,1,0
BRDA:221,21,0,0
BRDA:221,21,1,0
BRDA:227,22,0,0
BRDA:227,22,1,0
BRDA:233,23,0,0
BRDA:233,23,1,0
BRDA:235,24,0,0
BRDA:235,24,1,0
BRDA:279,25,0,0
BRDA:279,25,1,0
BRDA:280,26,0,0
BRDA:280,26,1,0
BRDA:281,27,0,0
BRDA:281,27,1,0
BRDA:282,28,0,0
BRDA:282,28,1,0
BRDA:283,29,0,0
BRDA:283,29,1,0
BRDA:284,30,0,0
BRDA:284,30,1,0
BRDA:285,31,0,0
BRDA:285,31,1,0
BRDA:286,32,0,0
BRDA:286,32,1,0
BRDA:289,33,0,0
BRDA:289,33,1,0
BRDA:310,34,0,0
BRDA:310,34,1,0
BRDA:314,35,0,0
BRDA:314,35,1,0
BRDA:318,36,0,0
BRDA:318,36,1,0
BRDA:322,37,0,0
BRDA:322,37,1,0
BRDA:325,38,0,0
BRDA:325,38,1,0
BRDA:337,39,0,0
BRDA:337,39,1,0
BRDA:347,40,0,0
BRDA:347,40,1,0
BRDA:350,41,0,0
BRDA:350,41,1,0
BRF:84
BRH:0
end_of_record
TN:
SF:js\exporter.js
FN:6,downloadFile
FN:20,downloadAllAsZip
FN:78,copyToClipboard
FN:104,showToast
FN:116,(anonymous_4)
FNF:5
FNH:0
FNDA:0,downloadFile
FNDA:0,downloadAllAsZip
FNDA:0,copyToClipboard
FNDA:0,showToast
FNDA:0,(anonymous_4)
DA:7,0
DA:8,0
DA:9,0
DA:10,0
DA:11,0
DA:12,0
DA:13,0
DA:14,0
DA:15,0
DA:16,0
DA:21,0
DA:22,0
DA:23,0
DA:26,0
DA:27,0
DA:29,0
DA:38,0
DA:39,0
DA:43,0
DA:58,0
DA:60,0
DA:61,0
DA:62,0
DA:63,0
DA:64,0
DA:65,0
DA:66,0
DA:67,0
DA:68,0
DA:69,0
DA:70,0
DA:72,0
DA:73,0
DA:79,0
DA:80,0
DA:81,0
DA:84,0
DA:85,0
DA:86,0
DA:87,0
DA:88,0
DA:89,0
DA:90,0
DA:91,0
DA:92,0
DA:93,0
DA:95,0
DA:97,0
DA:102,0
DA:105,0
DA:106,0
DA:108,0
DA:109,0
DA:110,0
DA:111,0
DA:114,0
DA:115,0
DA:116,0
DA:117,0
LF:59
LH:0
BRDA:20,0,0,0
BRDA:21,1,0,0
BRDA:21,1,1,0
BRDA:39,2,0,0
BRDA:39,2,1,0
BRDA:104,3,0,0
BRDA:106,4,0,0
BRDA:106,4,1,0
BRDA:109,5,0,0
BRDA:109,5,1,0
BRDA:114,6,0,0
BRDA:114,6,1,0
BRDA:115,7,0,0
BRDA:115,7,1,0
BRF:14
BRH:0
end_of_record
TN:
SF:js\generator.js
FN:7,titleCase
FN:8,(anonymous_1)
FN:10,today
FN:13,year
FN:18,shieldBadge
FN:23,getStackBadges
FN:84,getInstallCmds
FN:201,getDevServerDesc
FN:212,getProjectType
FN:230,generateReadme
FN:261,(anonymous_10)
FN:272,(anonymous_11)
FN:276,(anonymous_12)
FN:286,(anonymous_13)
FN:290,(anonymous_14)
FN:291,(anonymous_15)
FN:292,(anonymous_16)
FN:296,(anonymous_17)
FN:347,(anonymous_18)
FN:374,(anonymous_19)
FN:392,(anonymous_20)
FN:399,(anonymous_21)
FN:406,(anonymous_22)
FN:413,(anonymous_23)
FN:420,(anonymous_24)
FN:423,(anonymous_25)
FN:423,(anonymous_26)
FN:430,(anonymous_27)
FN:435,(anonymous_28)
FN:449,(anonymous_29)
FN:453,describeEnvVar
FN:497,(anonymous_31)
FN:603,(anonymous_32)
FN:605,(anonymous_33)
FN:607,(anonymous_34)
FN:655,(anonymous_35)
FN:659,(anonymous_36)
FN:667,(anonymous_37)
FN:746,(anonymous_38)
FN:813,generateFolderTree
FN:821,(anonymous_40)
FN:828,(anonymous_41)
FN:842,generateInstallation
FN:985,(anonymous_43)
FN:1088,generateApiDocs
FN:1125,(anonymous_45)
FN:1128,(anonymous_46)
FN:1306,generateArchitecture
FN:1412,(anonymous_48)
FN:1417,(anonymous_49)
FN:1484,(anonymous_50)
FN:1505,(anonymous_51)
FN:1509,(anonymous_52)
FN:1562,(anonymous_53)
FN:1594,(anonymous_54)
FN:1597,(anonymous_55)
FN:1599,(anonymous_56)
FN:1606,(anonymous_57)
FN:1607,(anonymous_58)
FN:1616,(anonymous_59)
FN:1620,(anonymous_60)
FN:1624,(anonymous_61)
FN:1656,(anonymous_62)
FN:1684,(anonymous_63)
FN:1710,generateContributing
FN:1961,generateChangelog
FN:1986,(anonymous_66)
FN:2008,(anonymous_67)
FN:2055,generateDocs
FNF:69
FNH:0
FNDA:0,titleCase
FNDA:0,(anonymous_1)
FNDA:0,today
FNDA:0,year
FNDA:0,shieldBadge
FNDA:0,getStackBadges
FNDA:0,getInstallCmds
FNDA:0,getDevServerDesc
FNDA:0,getProjectType
FNDA:0,generateReadme
FNDA:0,(anonymous_10)
FNDA:0,(anonymous_11)
FNDA:0,(anonymous_12)
FNDA:0,(anonymous_13)
FNDA:0,(anonymous_14)
FNDA:0,(anonymous_15)
FNDA:0,(anonymous_16)
FNDA:0,(anonymous_17)
FNDA:0,(anonymous_18)
FNDA:0,(anonymous_19)
FNDA:0,(anonymous_20)
FNDA:0,(anonymous_21)
FNDA:0,(anonymous_22)
FNDA:0,(anonymous_23)
FNDA:0,(anonymous_24)
FNDA:0,(anonymous_25)
FNDA:0,(anonymous_26)
FNDA:0,(anonymous_27)
FNDA:0,(anonymous_28)
FNDA:0,(anonymous_29)
FNDA:0,describeEnvVar
FNDA:0,(anonymous_31)
FNDA:0,(anonymous_32)
FNDA:0,(anonymous_33)
FNDA:0,(anonymous_34)
FNDA:0,(anonymous_35)
FNDA:0,(anonymous_36)
FNDA:0,(anonymous_37)
FNDA:0,(anonymous_38)
FNDA:0,generateFolderTree
FNDA:0,(anonymous_40)
FNDA:0,(anonymous_41)
FNDA:0,generateInstallation
FNDA:0,(anonymous_43)
FNDA:0,generateApiDocs
FNDA:0,(anonymous_45)
FNDA:0,(anonymous_46)
FNDA:0,generateArchitecture
FNDA:0,(anonymous_48)
FNDA:0,(anonymous_49)
FNDA:0,(anonymous_50)
FNDA:0,(anonymous_51)
FNDA:0,(anonymous_52)
FNDA:0,(anonymous_53)
FNDA:0,(anonymous_54)
FNDA:0,(anonymous_55)
FNDA:0,(anonymous_56)
FNDA:0,(anonymous_57)
FNDA:0,(anonymous_58)
FNDA:0,(anonymous_59)
FNDA:0,(anonymous_60)
FNDA:0,(anonymous_61)
FNDA:0,(anonymous_62)
FNDA:0,(anonymous_63)
FNDA:0,generateContributing
FNDA:0,generateChangelog
FNDA:0,(anonymous_66)
FNDA:0,(anonymous_67)
FNDA:0,generateDocs
DA:8,0
DA:11,0
DA:14,0
DA:19,0
DA:20,0
DA:24,0
DA:26,0
DA:27,0
DA:28,0
DA:29,0
DA:30,0
DA:31,0
DA:32,0
DA:33,0
DA:35,0
DA:36,0
DA:37,0
DA:38,0
DA:39,0
DA:42,0
DA:43,0
DA:44,0
DA:45,0
DA:46,0
DA:47,0
DA:48,0
DA:49,0
DA:50,0
DA:51,0
DA:52,0
DA:53,0
DA:54,0
DA:55,0
DA:56,0
DA:58,0
DA:59,0
DA:60,0
DA:61,0
DA:62,0
DA:63,0
DA:64,0
DA:65,0
DA:67,0
DA:68,0
DA:69,0
DA:70,0
DA:71,0
DA:72,0
DA:73,0
DA:74,0
DA:75,0
DA:76,0
DA:77,0
DA:78,0
DA:79,0
DA:80,0
DA:85,0
DA:87,0
DA:95,0
DA:103,0
DA:111,0
DA:119,0
DA:127,0
DA:135,0
DA:143,0
DA:151,0
DA:159,0
DA:167,0
DA:175,0
DA:183,0
DA:191,0
DA:202,0
DA:203,0
DA:204,0
DA:205,0
DA:206,0
DA:207,0
DA:208,0
DA:209,0
DA:213,0
DA:214,0
DA:215,0
DA:216,0
DA:217,0
DA:218,0
DA:219,0
DA:220,0
DA:221,0
DA:222,0
DA:223,0
DA:224,0
DA:225,0
DA:226,0
DA:231,0
DA:232,0
DA:233,0
DA:235,0
DA:240,0
DA:241,0
DA:244,0
DA:245,0
DA:246,0
DA:247,0
DA:248,0
DA:249,0
DA:250,0
DA:251,0
DA:252,0
DA:253,0
DA:254,0
DA:257,0
DA:259,0
DA:261,0
DA:265,0
DA:268,0
DA:269,0
DA:273,0
DA:274,0
DA:276,0
DA:279,0
DA:280,0
DA:286,0
DA:287,0
DA:288,0
DA:289,0
DA:290,0
DA:291,0
DA:292,0
DA:294,0
DA:296,0
DA:300,0
DA:303,0
DA:307,0
DA:308,0
DA:312,0
DA:313,0
DA:314,0
DA:315,0
DA:319,0
DA:320,0
DA:326,0
DA:327,0
DA:328,0
DA:329,0
DA:333,0
DA:334,0
DA:337,0
DA:338,0
DA:344,0
DA:345,0
DA:347,0
DA:349,0
DA:353,0
DA:354,0
DA:360,0
DA:361,0
DA:362,0
DA:371,0
DA:375,0
DA:378,0
DA:382,0
DA:383,0
DA:386,0
DA:387,0
DA:388,0
DA:389,0
DA:392,0
DA:395,0
DA:396,0
DA:399,0
DA:402,0
DA:403,0
DA:406,0
DA:409,0
DA:410,0
DA:413,0
DA:419,0
DA:420,0
DA:421,0
DA:422,0
DA:423,0
DA:425,0
DA:429,0
DA:430,0
DA:433,0
DA:434,0
DA:435,0
DA:438,0
DA:441,0
DA:442,0
DA:445,0
DA:446,0
DA:448,0
DA:449,0
DA:454,0
DA:455,0
DA:461,0
DA:462,0
DA:463,0
DA:464,0
DA:465,0
DA:466,0
DA:467,0
DA:468,0
DA:469,0
DA:470,0
DA:471,0
DA:472,0
DA:473,0
DA:474,0
DA:475,0
DA:476,0
DA:477,0
DA:478,0
DA:479,0
DA:480,0
DA:481,0
DA:482,0
DA:483,0
DA:484,0
DA:485,0
DA:486,0
DA:487,0
DA:488,0
DA:489,0
DA:490,0
DA:491,0
DA:492,0
DA:496,0
DA:497,0
DA:501,0
DA:502,0
DA:508,0
DA:511,0
DA:514,0
DA:515,0
DA:516,0
DA:520,0
DA:521,0
DA:524,0
DA:528,0
DA:529,0
DA:533,0
DA:534,0
DA:538,0
DA:539,0
DA:541,0
DA:542,0
DA:544,0
DA:545,0
DA:550,0
DA:551,0
DA:552,0
DA:558,0
DA:559,0
DA:564,0
DA:565,0
DA:568,0
DA:569,0
DA:570,0
DA:571,0
DA:572,0
DA:573,0
DA:574,0
DA:575,0
DA:576,0
DA:577,0
DA:578,0
DA:579,0
DA:580,0
DA:582,0
DA:583,0
DA:584,0
DA:585,0
DA:587,0
DA:588,0
DA:591,0
DA:592,0
DA:593,0
DA:594,0
DA:595,0
DA:596,0
DA:597,0
DA:600,0
DA:601,0
DA:602,0
DA:603,0
DA:604,0
DA:605,0
DA:607,0
DA:609,0
DA:611,0
DA:612,0
DA:613,0
DA:614,0
DA:615,0
DA:618,0
DA:620,0
DA:655,0
DA:659,0
DA:667,0
DA:746,0
DA:814,0
DA:815,0
DA:816,0
DA:817,0
DA:819,0
DA:822,0
DA:828,0
DA:829,0
DA:830,0
DA:831,0
DA:832,0
DA:833,0
DA:834,0
DA:835,0
DA:838,0
DA:843,0
DA:844,0
DA:845,0
DA:846,0
DA:849,0
DA:866,0
DA:886,0
DA:901,0
DA:985,0
DA:1089,0
DA:1090,0
DA:1092,0
DA:1100,0
DA:1110,0
DA:1111,0
DA:1112,0
DA:1113,0
DA:1114,0
DA:1115,0
DA:1118,0
DA:1119,0
DA:1123,0
DA:1126,0
DA:1127,0
DA:1129,0
DA:1130,0
DA:1131,0
DA:1133,0
DA:1148,0
DA:1171,0
DA:1190,0
DA:1209,0
DA:1307,0
DA:1308,0
DA:1310,0
DA:1324,0
DA:1326,0
DA:1357,0
DA:1386,0
DA:1414,0
DA:1415,0
DA:1418,0
DA:1432,0
DA:1477,0
DA:1479,0
DA:1481,0
DA:1483,0
DA:1484,0
DA:1485,0
DA:1487,0
DA:1489,0
DA:1493,0
DA:1505,0
DA:1510,0
DA:1511,0
DA:1512,0
DA:1515,0
DA:1516,0
DA:1519,0
DA:1520,0
DA:1523,0
DA:1524,0
DA:1527,0
DA:1528,0
DA:1531,0
DA:1563,0
DA:1564,0
DA:1565,0
DA:1566,0
DA:1567,0
DA:1568,0
DA:1569,0
DA:1572,0
DA:1576,0
DA:1577,0
DA:1578,0
DA:1581,0
DA:1595,0
DA:1597,0
DA:1598,0
DA:1599,0
DA:1602,0
DA:1603,0
DA:1607,0
DA:1612,0
DA:1617,0
DA:1618,0
DA:1620,0
DA:1623,0
DA:1624,0
DA:1626,0
DA:1657,0
DA:1658,0
DA:1659,0
DA:1660,0
DA:1663,0
DA:1664,0
DA:1667,0
DA:1668,0
DA:1669,0
DA:1670,0
DA:1671,0
DA:1672,0
DA:1675,0
DA:1685,0
DA:1686,0
DA:1687,0
DA:1690,0
DA:1691,0
DA:1692,0
DA:1693,0
DA:1694,0
DA:1695,0
DA:1696,0
DA:1697,0
DA:1698,0
DA:1711,0
DA:1712,0
DA:1962,0
DA:1963,0
DA:1964,0
DA:1975,0
DA:1988,0
DA:1989,0
DA:1990,0
DA:1991,0
DA:1992,0
DA:1993,0
DA:1994,0
DA:1995,0
DA:1996,0
DA:1997,0
DA:1998,0
DA:1999,0
DA:2008,0
DA:2056,0
LF:453
LH:0
BRDA:18,0,0,0
BRDA:19,1,0,0
BRDA:19,1,1,0
BRDA:26,2,0,0
BRDA:26,2,1,0
BRDA:28,3,0,0
BRDA:28,3,1,0
BRDA:29,4,0,0
BRDA:29,4,1,0
BRDA:31,5,0,0
BRDA:31,5,1,0
BRDA:32,6,0,0
BRDA:32,6,1,0
BRDA:33,7,0,0
BRDA:33,7,1,0
BRDA:35,8,0,0
BRDA:35,8,1,0
BRDA:36,9,0,0
BRDA:36,9,1,0
BRDA:37,10,0,0
BRDA:37,10,1,0
BRDA:38,11,0,0
BRDA:38,11,1,0
BRDA:39,12,0,0
BRDA:39,12,1,0
BRDA:42,13,0,0
BRDA:42,13,1,0
BRDA:44,14,0,0
BRDA:44,14,1,0
BRDA:46,15,0,0
BRDA:46,15,1,0
BRDA:48,16,0,0
BRDA:48,16,1,0
BRDA:50,17,0,0
BRDA:50,17,1,0
BRDA:51,18,0,0
BRDA:51,18,1,0
BRDA:53,19,0,0
BRDA:53,19,1,0
BRDA:55,20,0,0
BRDA:55,20,1,0
BRDA:56,21,0,0
BRDA:56,21,1,0
BRDA:58,22,0,0
BRDA:58,22,1,0
BRDA:59,23,0,0
BRDA:59,23,1,0
BRDA:61,24,0,0
BRDA:61,24,1,0
BRDA:62,25,0,0
BRDA:62,25,1,0
BRDA:63,26,0,0
BRDA:63,26,1,0
BRDA:65,27,0,0
BRDA:65,27,1,0
BRDA:67,28,0,0
BRDA:67,28,1,0
BRDA:69,29,0,0
BRDA:69,29,1,0
BRDA:71,30,0,0
BRDA:71,30,1,0
BRDA:73,31,0,0
BRDA:73,31,1,0
BRDA:74,32,0,0
BRDA:74,32,1,0
BRDA:75,33,0,0
BRDA:75,33,1,0
BRDA:76,34,0,0
BRDA:76,34,1,0
BRDA:78,35,0,0
BRDA:78,35,1,0
BRDA:79,36,0,0
BRDA:79,36,1,0
BRDA:85,37,0,0
BRDA:85,37,1,0
BRDA:85,37,2,0
BRDA:85,37,3,0
BRDA:85,37,4,0
BRDA:85,37,5,0
BRDA:85,37,6,0
BRDA:85,37,7,0
BRDA:85,37,8,0
BRDA:85,37,9,0
BRDA:85,37,10,0
BRDA:85,37,11,0
BRDA:85,37,12,0
BRDA:85,37,13,0
BRDA:202,38,0,0
BRDA:202,38,1,0
BRDA:203,39,0,0
BRDA:203,39,1,0
BRDA:204,40,0,0
BRDA:204,40,1,0
BRDA:206,41,0,0
BRDA:206,41,1,0
BRDA:207,42,0,0
BRDA:207,42,1,0
BRDA:208,43,0,0
BRDA:208,43,1,0
BRDA:213,44,0,0
BRDA:213,44,1,0
BRDA:214,45,0,0
BRDA:214,45,1,0
BRDA:214,46,0,0
BRDA:214,46,1,0
BRDA:216,47,0,0
BRDA:216,47,1,0
BRDA:217,48,0,0
BRDA:217,48,1,0
BRDA:218,49,0,0
BRDA:218,49,1,0
BRDA:219,50,0,0
BRDA:219,50,1,0
BRDA:220,51,0,0
BRDA:220,51,1,0
BRDA:221,52,0,0
BRDA:221,52,1,0
BRDA:222,53,0,0
BRDA:222,53,1,0
BRDA:223,54,0,0
BRDA:223,54,1,0
BRDA:224,55,0,0
BRDA:224,55,1,0
BRDA:225,56,0,0
BRDA:225,56,1,0
BRDA:235,57,0,0
BRDA:235,57,1,0
BRDA:235,57,2,0
BRDA:235,57,3,0
BRDA:235,57,4,0
BRDA:240,58,0,0
BRDA:240,58,1,0
BRDA:241,59,0,0
BRDA:241,59,1,0
BRDA:245,60,0,0
BRDA:245,60,1,0
BRDA:246,61,0,0
BRDA:246,61,1,0
BRDA:247,62,0,0
BRDA:247,62,1,0
BRDA:248,63,0,0
BRDA:248,63,1,0
BRDA:249,64,0,0
BRDA:249,64,1,0
BRDA:249,65,0,0
BRDA:249,65,1,0
BRDA:250,66,0,0
BRDA:250,66,1,0
BRDA:251,67,0,0
BRDA:251,67,1,0
BRDA:252,68,0,0
BRDA:252,68,1,0
BRDA:253,69,0,0
BRDA:253,69,1,0
BRDA:254,70,0,0
BRDA:254,70,1,0
BRDA:257,71,0,0
BRDA:257,71,1,0
BRDA:259,72,0,0
BRDA:259,72,1,0
BRDA:268,73,0,0
BRDA:268,73,1,0
BRDA:274,74,0,0
BRDA:274,74,1,0
BRDA:274,74,2,0
BRDA:276,75,0,0
BRDA:276,75,1,0
BRDA:281,76,0,0
BRDA:281,76,1,0
BRDA:286,77,0,0
BRDA:286,77,1,0
BRDA:288,78,0,0
BRDA:288,78,1,0
BRDA:290,79,0,0
BRDA:290,79,1,0
BRDA:291,80,0,0
BRDA:291,80,1,0
BRDA:291,81,0,0
BRDA:291,81,1,0
BRDA:292,82,0,0
BRDA:292,82,1,0
BRDA:294,83,0,0
BRDA:294,83,1,0
BRDA:300,84,0,0
BRDA:300,84,1,0
BRDA:307,85,0,0
BRDA:307,85,1,0
BRDA:307,86,0,0
BRDA:307,86,1,0
BRDA:312,87,0,0
BRDA:312,87,1,0
BRDA:314,88,0,0
BRDA:314,88,1,0
BRDA:319,89,0,0
BRDA:319,89,1,0
BRDA:321,90,0,0
BRDA:321,90,1,0
BRDA:326,91,0,0
BRDA:326,91,1,0
BRDA:328,92,0,0
BRDA:328,92,1,0
BRDA:333,93,0,0
BRDA:333,93,1,0
BRDA:334,94,0,0
BRDA:334,94,1,0
BRDA:337,95,0,0
BRDA:337,95,1,0
BRDA:344,96,0,0
BRDA:344,96,1,0
BRDA:344,97,0,0
BRDA:344,97,1,0
BRDA:353,98,0,0
BRDA:353,98,1,0
BRDA:361,99,0,0
BRDA:361,99,1,0
BRDA:375,100,0,0
BRDA:375,100,1,0
BRDA:375,101,0,0
BRDA:375,101,1,0
BRDA:375,101,2,0
BRDA:386,102,0,0
BRDA:386,102,1,0
BRDA:388,103,0,0
BRDA:388,103,1,0
BRDA:395,104,0,0
BRDA:395,104,1,0
BRDA:402,105,0,0
BRDA:402,105,1,0
BRDA:409,106,0,0
BRDA:409,106,1,0
BRDA:419,107,0,0
BRDA:419,107,1,0
BRDA:419,108,0,0
BRDA:419,108,1,0
BRDA:420,109,0,0
BRDA:420,109,1,0
BRDA:421,110,0,0
BRDA:421,110,1,0
BRDA:423,111,0,0
BRDA:423,111,1,0
BRDA:425,112,0,0
BRDA:425,112,1,0
BRDA:429,113,0,0
BRDA:429,113,1,0
BRDA:430,114,0,0
BRDA:430,114,1,0
BRDA:433,115,0,0
BRDA:433,115,1,0
BRDA:434,116,0,0
BRDA:434,116,1,0
BRDA:435,117,0,0
BRDA:435,117,1,0
BRDA:438,118,0,0
BRDA:438,118,1,0
BRDA:441,119,0,0
BRDA:441,119,1,0
BRDA:441,120,0,0
BRDA:441,120,1,0
BRDA:445,121,0,0
BRDA:445,121,1,0
BRDA:448,122,0,0
BRDA:448,122,1,0
BRDA:455,123,0,0
BRDA:455,123,1,0
BRDA:456,124,0,0
BRDA:456,124,1,0
BRDA:456,124,2,0
BRDA:456,124,3,0
BRDA:462,125,0,0
BRDA:462,125,1,0
BRDA:462,126,0,0
BRDA:462,126,1,0
BRDA:463,127,0,0
BRDA:463,127,1,0
BRDA:463,128,0,0
BRDA:463,128,1,0
BRDA:464,129,0,0
BRDA:464,129,1,0
BRDA:464,130,0,0
BRDA:464,130,1,0
BRDA:465,131,0,0
BRDA:465,131,1,0
BRDA:465,132,0,0
BRDA:465,132,1,0
BRDA:466,133,0,0
BRDA:466,133,1,0
BRDA:466,134,0,0
BRDA:466,134,1,0
BRDA:467,135,0,0
BRDA:467,135,1,0
BRDA:467,136,0,0
BRDA:467,136,1,0
BRDA:469,137,0,0
BRDA:469,137,1,0
BRDA:469,138,0,0
BRDA:469,138,1,0
BRDA:471,139,0,0
BRDA:471,139,1,0
BRDA:471,140,0,0
BRDA:471,140,1,0
BRDA:473,141,0,0
BRDA:473,141,1,0
BRDA:474,142,0,0
BRDA:474,142,1,0
BRDA:475,143,0,0
BRDA:475,143,1,0
BRDA:476,144,0,0
BRDA:476,144,1,0
BRDA:476,145,0,0
BRDA:476,145,1,0
BRDA:476,145,2,0
BRDA:477,146,0,0
BRDA:477,146,1,0
BRDA:478,147,0,0
BRDA:478,147,1,0
BRDA:478,148,0,0
BRDA:478,148,1,0
BRDA:479,149,0,0
BRDA:479,149,1,0
BRDA:479,150,0,0
BRDA:479,150,1,0
BRDA:479,150,2,0
BRDA:481,151,0,0
BRDA:481,151,1,0
BRDA:481,152,0,0
BRDA:481,152,1,0
BRDA:483,153,0,0
BRDA:483,153,1,0
BRDA:483,154,0,0
BRDA:483,154,1,0
BRDA:483,154,2,0
BRDA:485,155,0,0
BRDA:485,155,1,0
BRDA:486,156,0,0
BRDA:486,156,1,0
BRDA:486,157,0,0
BRDA:486,157,1,0
BRDA:487,158,0,0
BRDA:487,158,1,0
BRDA:488,159,0,0
BRDA:488,159,1,0
BRDA:488,160,0,0
BRDA:488,160,1,0
BRDA:489,161,0,0
BRDA:489,161,1,0
BRDA:489,162,0,0
BRDA:489,162,1,0
BRDA:490,163,0,0
BRDA:490,163,1,0
BRDA:490,164,0,0
BRDA:490,164,1,0
BRDA:496,165,0,0
BRDA:496,165,1,0
BRDA:502,166,0,0
BRDA:502,166,1,0
BRDA:503,167,0,0
BRDA:503,167,1,0
BRDA:503,167,2,0
BRDA:503,167,3,0
BRDA:514,168,0,0
BRDA:514,168,1,0
BRDA:514,169,0,0
BRDA:514,169,1,0
BRDA:514,169,2,0
BRDA:520,170,0,0
BRDA:520,170,1,0
BRDA:520,171,0,0
BRDA:520,171,1,0
BRDA:528,172,0,0
BRDA:528,172,1,0
BRDA:528,173,0,0
BRDA:528,173,1,0
BRDA:533,174,0,0
BRDA:533,174,1,0
BRDA:538,175,0,0
BRDA:538,175,1,0
BRDA:541,176,0,0
BRDA:541,176,1,0
BRDA:544,177,0,0
BRDA:544,177,1,0
BRDA:550,178,0,0
BRDA:550,178,1,0
BRDA:559,179,0,0
BRDA:559,179,1,0
BRDA:560,180,0,0
BRDA:560,180,1,0
BRDA:560,180,2,0
BRDA:566,181,0,0
BRDA:566,181,1,0
BRDA:568,182,0,0
BRDA:568,182,1,0
BRDA:569,183,0,0
BRDA:569,183,1,0
BRDA:572,184,0,0
BRDA:572,184,1,0
BRDA:575,185,0,0
BRDA:575,185,1,0
BRDA:578,186,0,0
BRDA:578,186,1,0
BRDA:579,187,0,0
BRDA:579,187,1,0
BRDA:582,188,0,0
BRDA:582,188,1,0
BRDA:583,189,0,0
BRDA:583,189,1,0
BRDA:583,190,0,0
BRDA:583,190,1,0
BRDA:587,191,0,0
BRDA:587,191,1,0
BRDA:591,192,0,0
BRDA:591,192,1,0
BRDA:593,193,0,0
BRDA:593,193,1,0
BRDA:595,194,0,0
BRDA:595,194,1,0
BRDA:601,195,0,0
BRDA:601,195,1,0
BRDA:603,196,0,0
BRDA:603,196,1,0
BRDA:603,197,0,0
BRDA:603,197,1,0
BRDA:611,198,0,0
BRDA:611,198,1,0
BRDA:613,199,0,0
BRDA:613,199,1,0
BRDA:645,200,0,0
BRDA:645,200,1,0
BRDA:645,201,0,0
BRDA:645,201,1,0
BRDA:645,202,0,0
BRDA:645,202,1,0
BRDA:655,203,0,0
BRDA:655,203,1,0
BRDA:655,204,0,0
BRDA:655,204,1,0
BRDA:655,205,0,0
BRDA:655,205,1,0
BRDA:692,206,0,0
BRDA:692,206,1,0
BRDA:711,207,0,0
BRDA:711,207,1,0
BRDA:723,208,0,0
BRDA:723,208,1,0
BRDA:723,209,0,0
BRDA:723,209,1,0
BRDA:738,210,0,0
BRDA:738,210,1,0
BRDA:755,211,0,0
BRDA:755,211,1,0
BRDA:763,212,0,0
BRDA:763,212,1,0
BRDA:763,213,0,0
BRDA:763,213,1,0
BRDA:778,214,0,0
BRDA:778,214,1,0
BRDA:778,215,0,0
BRDA:778,215,1,0
BRDA:797,216,0,0
BRDA:797,216,1,0
BRDA:801,217,0,0
BRDA:801,217,1,0
BRDA:802,218,0,0
BRDA:802,218,1,0
BRDA:813,219,0,0
BRDA:813,220,0,0
BRDA:813,221,0,0
BRDA:814,222,0,0
BRDA:814,222,1,0
BRDA:816,223,0,0
BRDA:816,223,1,0
BRDA:819,224,0,0
BRDA:819,224,1,0
BRDA:830,225,0,0
BRDA:830,225,1,0
BRDA:831,226,0,0
BRDA:831,226,1,0
BRDA:832,227,0,0
BRDA:832,227,1,0
BRDA:833,228,0,0
BRDA:833,228,1,0
BRDA:834,229,0,0
BRDA:834,229,1,0
BRDA:834,230,0,0
BRDA:834,230,1,0
BRDA:849,231,0,0
BRDA:849,231,1,0
BRDA:866,232,0,0
BRDA:866,232,1,0
BRDA:886,233,0,0
BRDA:886,233,1,0
BRDA:886,234,0,0
BRDA:886,234,1,0
BRDA:927,235,0,0
BRDA:927,235,1,0
BRDA:930,236,0,0
BRDA:930,236,1,0
BRDA:932,237,0,0
BRDA:932,237,1,0
BRDA:934,238,0,0
BRDA:934,238,1,0
BRDA:934,239,0,0
BRDA:934,239,1,0
BRDA:934,240,0,0
BRDA:934,240,1,0
BRDA:936,241,0,0
BRDA:936,241,1,0
BRDA:937,242,0,0
BRDA:937,242,1,0
BRDA:938,243,0,0
BRDA:938,243,1,0
BRDA:961,244,0,0
BRDA:961,244,1,0
BRDA:961,245,0,0
BRDA:961,245,1,0
BRDA:972,246,0,0
BRDA:972,246,1,0
BRDA:972,247,0,0
BRDA:972,247,1,0
BRDA:972,248,0,0
BRDA:972,248,1,0
BRDA:985,249,0,0
BRDA:985,249,1,0
BRDA:993,250,0,0
BRDA:993,250,1,0
BRDA:993,250,2,0
BRDA:993,250,3,0
BRDA:998,251,0,0
BRDA:998,251,1,0
BRDA:1018,252,0,0
BRDA:1018,252,1,0
BRDA:1023,253,0,0
BRDA:1023,253,1,0
BRDA:1023,254,0,0
BRDA:1023,254,1,0
BRDA:1023,255,0,0
BRDA:1023,255,1,0
BRDA:1040,256,0,0
BRDA:1040,256,1,0
BRDA:1043,257,0,0
BRDA:1043,257,1,0
BRDA:1054,258,0,0
BRDA:1054,258,1,0
BRDA:1056,259,0,0
BRDA:1056,259,1,0
BRDA:1063,260,0,0
BRDA:1063,260,1,0
BRDA:1063,261,0,0
BRDA:1063,261,1,0
BRDA:1063,262,0,0
BRDA:1063,262,1,0
BRDA:1063,263,0,0
BRDA:1063,263,1,0
BRDA:1092,264,0,0
BRDA:1092,264,1,0
BRDA:1094,265,0,0
BRDA:1094,265,1,0
BRDA:1096,266,0,0
BRDA:1096,266,1,0
BRDA:1113,267,0,0
BRDA:1113,267,1,0
BRDA:1113,267,2,0
BRDA:1114,268,0,0
BRDA:1114,268,1,0
BRDA:1119,269,0,0
BRDA:1119,269,1,0
BRDA:1123,270,0,0
BRDA:1123,270,1,0
BRDA:1130,271,0,0
BRDA:1130,271,1,0
BRDA:1133,272,0,0
BRDA:1133,272,1,0
BRDA:1139,273,0,0
BRDA:1139,273,1,0
BRDA:1148,274,0,0
BRDA:1148,274,1,0
BRDA:1158,275,0,0
BRDA:1158,275,1,0
BRDA:1162,276,0,0
BRDA:1162,276,1,0
BRDA:1164,277,0,0
BRDA:1164,277,1,0
BRDA:1171,278,0,0
BRDA:1171,278,1,0
BRDA:1171,279,0,0
BRDA:1171,279,1,0
BRDA:1171,280,0,0
BRDA:1171,280,1,0
BRDA:1173,281,0,0
BRDA:1173,281,1,0
BRDA:1173,282,0,0
BRDA:1173,282,1,0
BRDA:1173,283,0,0
BRDA:1173,283,1,0
BRDA:1173,284,0,0
BRDA:1173,284,1,0
BRDA:1173,285,0,0
BRDA:1173,285,1,0
BRDA:1173,286,0,0
BRDA:1173,286,1,0
BRDA:1173,287,0,0
BRDA:1173,287,1,0
BRDA:1173,288,0,0
BRDA:1173,288,1,0
BRDA:1175,289,0,0
BRDA:1175,289,1,0
BRDA:1175,290,0,0
BRDA:1175,290,1,0
BRDA:1175,291,0,0
BRDA:1175,291,1,0
BRDA:1230,292,0,0
BRDA:1230,292,1,0
BRDA:1230,293,0,0
BRDA:1230,293,1,0
BRDA:1308,294,0,0
BRDA:1308,294,1,0
BRDA:1311,295,0,0
BRDA:1311,295,1,0
BRDA:1312,296,0,0
BRDA:1312,296,1,0
BRDA:1313,297,0,0
BRDA:1313,297,1,0
BRDA:1314,298,0,0
BRDA:1314,298,1,0
BRDA:1314,299,0,0
BRDA:1314,299,1,0
BRDA:1315,300,0,0
BRDA:1315,300,1,0
BRDA:1316,301,0,0
BRDA:1316,301,1,0
BRDA:1317,302,0,0
BRDA:1317,302,1,0
BRDA:1318,303,0,0
BRDA:1318,303,1,0
BRDA:1319,304,0,0
BRDA:1319,304,1,0
BRDA:1326,305,0,0
BRDA:1326,305,1,0
BRDA:1344,306,0,0
BRDA:1344,306,1,0
BRDA:1347,307,0,0
BRDA:1347,307,1,0
BRDA:1357,308,0,0
BRDA:1357,308,1,0
BRDA:1382,309,0,0
BRDA:1382,309,1,0
BRDA:1398,310,0,0
BRDA:1398,310,1,0
BRDA:1415,311,0,0
BRDA:1415,311,1,0
BRDA:1418,312,0,0
BRDA:1418,312,1,0
BRDA:1479,313,0,0
BRDA:1479,313,1,0
BRDA:1483,314,0,0
BRDA:1483,314,1,0
BRDA:1483,315,0,0
BRDA:1483,315,1,0
BRDA:1487,316,0,0
BRDA:1487,316,1,0
BRDA:1493,317,0,0
BRDA:1493,317,1,0
BRDA:1502,318,0,0
BRDA:1502,318,1,0
BRDA:1505,319,0,0
BRDA:1505,319,1,0
BRDA:1508,320,0,0
BRDA:1508,320,1,0
BRDA:1511,321,0,0
BRDA:1511,321,1,0
BRDA:1515,322,0,0
BRDA:1515,322,1,0
BRDA:1519,323,0,0
BRDA:1519,323,1,0
BRDA:1523,324,0,0
BRDA:1523,324,1,0
BRDA:1527,325,0,0
BRDA:1527,325,1,0
BRDA:1535,326,0,0
BRDA:1535,326,1,0
BRDA:1547,327,0,0
BRDA:1547,327,1,0
BRDA:1551,328,0,0
BRDA:1551,328,1,0
BRDA:1564,329,0,0
BRDA:1564,329,1,0
BRDA:1566,330,0,0
BRDA:1566,330,1,0
BRDA:1566,331,0,0
BRDA:1566,331,1,0
BRDA:1567,332,0,0
BRDA:1567,332,1,0
BRDA:1568,333,0,0
BRDA:1568,333,1,0
BRDA:1572,334,0,0
BRDA:1572,334,1,0
BRDA:1573,335,0,0
BRDA:1573,335,1,0
BRDA:1573,335,2,0
BRDA:1573,335,3,0
BRDA:1577,336,0,0
BRDA:1577,336,1,0
BRDA:1581,337,0,0
BRDA:1581,337,1,0
BRDA:1591,338,0,0
BRDA:1591,338,1,0
BRDA:1592,339,0,0
BRDA:1592,339,1,0
BRDA:1597,340,0,0
BRDA:1597,340,1,0
BRDA:1598,341,0,0
BRDA:1598,341,1,0
BRDA:1602,342,0,0
BRDA:1602,342,1,0
BRDA:1618,343,0,0
BRDA:1618,343,1,0
BRDA:1620,344,0,0
BRDA:1620,344,1,0
BRDA:1620,344,2,0
BRDA:1623,345,0,0
BRDA:1623,345,1,0
BRDA:1629,346,0,0
BRDA:1629,346,1,0
BRDA:1638,347,0,0
BRDA:1638,347,1,0
BRDA:1658,348,0,0
BRDA:1658,348,1,0
BRDA:1659,349,0,0
BRDA:1659,349,1,0
BRDA:1659,350,0,0
BRDA:1659,350,1,0
BRDA:1663,351,0,0
BRDA:1663,351,1,0
BRDA:1667,352,0,0
BRDA:1667,352,1,0
BRDA:1669,353,0,0
BRDA:1669,353,1,0
BRDA:1669,354,0,0
BRDA:1669,354,1,0
BRDA:1671,355,0,0
BRDA:1671,355,1,0
BRDA:1675,356,0,0
BRDA:1675,356,1,0
BRDA:1686,357,0,0
BRDA:1686,357,1,0
BRDA:1690,358,0,0
BRDA:1690,358,1,0
BRDA:1692,359,0,0
BRDA:1692,359,1,0
BRDA:1694,360,0,0
BRDA:1694,360,1,0
BRDA:1695,361,0,0
BRDA:1695,361,1,0
BRDA:1697,362,0,0
BRDA:1697,362,1,0
BRDA:1698,363,0,0
BRDA:1698,363,1,0
BRDA:1870,364,0,0
BRDA:1870,364,1,0
BRDA:1870,365,0,0
BRDA:1870,365,1,0
BRDA:1883,366,0,0
BRDA:1883,366,1,0
BRDA:1916,367,0,0
BRDA:1916,367,1,0
BRDA:1965,368,0,0
BRDA:1965,368,1,0
BRDA:1966,369,0,0
BRDA:1966,369,1,0
BRDA:1967,370,0,0
BRDA:1967,370,1,0
BRDA:1967,371,0,0
BRDA:1967,371,1,0
BRDA:1968,372,0,0
BRDA:1968,372,1,0
BRDA:1969,373,0,0
BRDA:1969,373,1,0
BRDA:1970,374,0,0
BRDA:1970,374,1,0
BRDA:1971,375,0,0
BRDA:1971,375,1,0
BRDA:1972,376,0,0
BRDA:1972,376,1,0
BRDA:1989,377,0,0
BRDA:1989,377,1,0
BRDA:1990,378,0,0
BRDA:1990,378,1,0
BRDA:1991,379,0,0
BRDA:1991,379,1,0
BRDA:1992,380,0,0
BRDA:1992,380,1,0
BRDA:1993,381,0,0
BRDA:1993,381,1,0
BRDA:1993,382,0,0
BRDA:1993,382,1,0
BRDA:1995,383,0,0
BRDA:1995,383,1,0
BRDA:1995,384,0,0
BRDA:1995,384,1,0
BRDA:1997,385,0,0
BRDA:1997,385,1,0
BRDA:1997,386,0,0
BRDA:1997,386,1,0
BRDA:1999,387,0,0
BRDA:1999,387,1,0
BRDA:2008,388,0,0
BRDA:2008,388,1,0
BRDA:2011,389,0,0
BRDA:2011,389,1,0
BRDA:2016,390,0,0
BRDA:2016,390,1,0
BRDA:2017,391,0,0
BRDA:2017,391,1,0
BRDA:2017,392,0,0
BRDA:2017,392,1,0
BRF:814
BRH:0
end_of_record
TN:
SF:js\suggestions.js
FN:1,generateSuggestions
FN:59,(anonymous_1)
FN:188,(anonymous_2)
FN:214,(anonymous_3)
FNF:4
FNH:0
FNDA:0,generateSuggestions
FNDA:0,(anonymous_1)
FNDA:0,(anonymous_2)
FNDA:0,(anonymous_3)
DA:2,0
DA:5,0
DA:6,0
DA:15,0
DA:16,0
DA:25,0
DA:26,0
DA:35,0
DA:36,0
DA:47,0
DA:48,0
DA:57,0
DA:60,0
DA:65,0
DA:76,0
DA:77,0
DA:85,0
DA:86,0
DA:97,0
DA:98,0
DA:109,0
DA:110,0
DA:121,0
DA:122,0
DA:123,0
DA:124,0
DA:135,0
DA:136,0
DA:146,0
DA:147,0
DA:158,0
DA:159,0
DA:169,0
DA:174,0
DA:185,0
DA:188,0
DA:190,0
DA:201,0
DA:202,0
DA:213,0
DA:214,0
LF:41
LH:0
BRDA:5,0,0,0
BRDA:5,0,1,0
BRDA:15,1,0,0
BRDA:15,1,1,0
BRDA:25,2,0,0
BRDA:25,2,1,0
BRDA:35,3,0,0
BRDA:35,3,1,0
BRDA:47,4,0,0
BRDA:47,4,1,0
BRDA:47,5,0,0
BRDA:47,5,1,0
BRDA:54,6,0,0
BRDA:54,6,1,0
BRDA:54,7,0,0
BRDA:54,7,1,0
BRDA:57,8,0,0
BRDA:57,8,1,0
BRDA:60,9,0,0
BRDA:60,9,1,0
BRDA:60,9,2,0
BRDA:76,10,0,0
BRDA:76,10,1,0
BRDA:85,11,0,0
BRDA:85,11,1,0
BRDA:85,12,0,0
BRDA:85,12,1,0
BRDA:97,13,0,0
BRDA:97,13,1,0
BRDA:109,14,0,0
BRDA:109,14,1,0
BRDA:109,15,0,0
BRDA:109,15,1,0
BRDA:123,16,0,0
BRDA:123,16,1,0
BRDA:130,17,0,0
BRDA:130,17,1,0
BRDA:135,18,0,0
BRDA:135,18,1,0
BRDA:135,19,0,0
BRDA:135,19,1,0
BRDA:146,20,0,0
BRDA:146,20,1,0
BRDA:158,21,0,0
BRDA:158,21,1,0
BRDA:158,22,0,0
BRDA:158,22,1,0
BRDA:169,23,0,0
BRDA:169,23,1,0
BRDA:170,24,0,0
BRDA:170,24,1,0
BRDA:170,24,2,0
BRDA:185,25,0,0
BRDA:185,25,1,0
BRDA:186,26,0,0
BRDA:186,26,1,0
BRDA:186,26,2,0
BRDA:188,27,0,0
BRDA:188,27,1,0
BRDA:201,28,0,0
BRDA:201,28,1,0
BRDA:201,29,0,0
BRDA:201,29,1,0
BRF:63
BRH:0
end_of_record
TN:
SF:js\ui.js
FN:8,applyTheme
FN:16,(anonymous_1)
FN:17,(anonymous_2)
FN:19,(anonymous_3)
FN:20,(anonymous_4)
FN:24,toggleTheme
FN:32,showPhase
FN:33,(anonymous_7)
FN:50,animateAnalysis
FN:90,sleep
FN:91,(anonymous_10)
FN:97,setupTabs
FN:98,(anonymous_12)
FN:99,(anonymous_13)
FN:106,switchTab
FN:107,(anonymous_15)
FN:111,(anonymous_16)
FN:134,initDocPanel
FN:176,renderMarkdownPreview
FN:184,(anonymous_19)
FN:195,(anonymous_20)
FN:209,setupDocPanelEvents
FN:216,(anonymous_22)
FN:223,(anonymous_23)
FN:231,(anonymous_24)
FN:236,(anonymous_25)
FN:241,(anonymous_26)
FN:246,searchInPreview
FN:249,(anonymous_28)
FN:254,(anonymous_29)
FN:285,renderFileTree
FN:287,(anonymous_31)
FN:288,(anonymous_32)
FN:322,(anonymous_33)
FN:366,getFolderIcon
FN:402,getFileIcon
FN:449,formatFileSize
FN:459,animateGauge
FN:469,(anonymous_38)
FN:476,(anonymous_39)
FN:496,renderOverview
FN:557,(anonymous_41)
FN:580,(anonymous_42)
FN:586,(anonymous_43)
FN:590,(anonymous_44)
FN:604,(anonymous_45)
FN:607,(anonymous_46)
FN:614,(anonymous_47)
FN:638,(anonymous_48)
FN:656,renderSuggestions
FN:679,(anonymous_50)
FN:696,(anonymous_51)
FN:697,(anonymous_52)
FN:698,(anonymous_53)
FN:701,(anonymous_54)
FN:711,populateDashboardHeader
FN:719,(anonymous_56)
FNF:57
FNH:0
FNDA:0,applyTheme
FNDA:0,(anonymous_1)
FNDA:0,(anonymous_2)
FNDA:0,(anonymous_3)
FNDA:0,(anonymous_4)
FNDA:0,toggleTheme
FNDA:0,showPhase
FNDA:0,(anonymous_7)
FNDA:0,animateAnalysis
FNDA:0,sleep
FNDA:0,(anonymous_10)
FNDA:0,setupTabs
FNDA:0,(anonymous_12)
FNDA:0,(anonymous_13)
FNDA:0,switchTab
FNDA:0,(anonymous_15)
FNDA:0,(anonymous_16)
FNDA:0,initDocPanel
FNDA:0,renderMarkdownPreview
FNDA:0,(anonymous_19)
FNDA:0,(anonymous_20)
FNDA:0,setupDocPanelEvents
FNDA:0,(anonymous_22)
FNDA:0,(anonymous_23)
FNDA:0,(anonymous_24)
FNDA:0,(anonymous_25)
FNDA:0,(anonymous_26)
FNDA:0,searchInPreview
FNDA:0,(anonymous_28)
FNDA:0,(anonymous_29)
FNDA:0,renderFileTree
FNDA:0,(anonymous_31)
FNDA:0,(anonymous_32)
FNDA:0,(anonymous_33)
FNDA:0,getFolderIcon
FNDA:0,getFileIcon
FNDA:0,formatFileSize
FNDA:0,animateGauge
FNDA:0,(anonymous_38)
FNDA:0,(anonymous_39)
FNDA:0,renderOverview
FNDA:0,(anonymous_41)
FNDA:0,(anonymous_42)
FNDA:0,(anonymous_43)
FNDA:0,(anonymous_44)
FNDA:0,(anonymous_45)
FNDA:0,(anonymous_46)
FNDA:0,(anonymous_47)
FNDA:0,(anonymous_48)
FNDA:0,renderSuggestions
FNDA:0,(anonymous_50)
FNDA:0,(anonymous_51)
FNDA:0,(anonymous_52)
FNDA:0,(anonymous_53)
FNDA:0,(anonymous_54)
FNDA:0,populateDashboardHeader
FNDA:0,(anonymous_56)
DA:9,0
DA:10,0
DA:13,0
DA:14,0
DA:15,0
DA:16,0
DA:17,0
DA:19,0
DA:20,0
DA:25,0
DA:26,0
DA:33,0
DA:34,0
DA:35,0
DA:37,0
DA:38,0
DA:39,0
DA:40,0
DA:47,0
DA:48,0
DA:51,0
DA:52,0
DA:54,0
DA:73,0
DA:74,0
DA:75,0
DA:76,0
DA:78,0
DA:79,0
DA:81,0
DA:82,0
DA:83,0
DA:84,0
DA:86,0
DA:91,0
DA:98,0
DA:99,0
DA:100,0
DA:101,0
DA:107,0
DA:108,0
DA:109,0
DA:111,0
DA:112,0
DA:116,0
DA:117,0
DA:118,0
DA:125,0
DA:135,0
DA:136,0
DA:137,0
DA:138,0
DA:140,0
DA:171,0
DA:172,0
DA:173,0
DA:177,0
DA:178,0
DA:180,0
DA:181,0
DA:185,0
DA:186,0
DA:188,0
DA:191,0
DA:194,0
DA:195,0
DA:196,0
DA:201,0
DA:202,0
DA:203,0
DA:204,0
DA:211,0
DA:212,0
DA:213,0
DA:214,0
DA:216,0
DA:217,0
DA:218,0
DA:219,0
DA:220,0
DA:223,0
DA:224,0
DA:225,0
DA:226,0
DA:227,0
DA:231,0
DA:232,0
DA:236,0
DA:237,0
DA:241,0
DA:242,0
DA:247,0
DA:249,0
DA:250,0
DA:252,0
DA:254,0
DA:255,0
DA:256,0
DA:257,0
DA:258,0
DA:259,0
DA:260,0
DA:261,0
DA:262,0
DA:263,0
DA:264,0
DA:265,0
DA:266,0
DA:267,0
DA:269,0
DA:273,0
DA:276,0
DA:278,0
DA:279,0
DA:286,0
DA:287,0
DA:289,0
DA:290,0
DA:293,0
DA:294,0
DA:295,0
DA:297,0
DA:298,0
DA:299,0
DA:301,0
DA:302,0
DA:303,0
DA:304,0
DA:306,0
DA:307,0
DA:308,0
DA:310,0
DA:311,0
DA:312,0
DA:314,0
DA:315,0
DA:317,0
DA:318,0
DA:319,0
DA:320,0
DA:322,0
DA:323,0
DA:324,0
DA:325,0
DA:326,0
DA:329,0
DA:330,0
DA:334,0
DA:338,0
DA:341,0
DA:342,0
DA:343,0
DA:345,0
DA:346,0
DA:347,0
DA:349,0
DA:350,0
DA:351,0
DA:352,0
DA:354,0
DA:355,0
DA:356,0
DA:358,0
DA:359,0
DA:362,0
DA:367,0
DA:399,0
DA:403,0
DA:404,0
DA:405,0
DA:406,0
DA:407,0
DA:408,0
DA:409,0
DA:411,0
DA:446,0
DA:450,0
DA:451,0
DA:452,0
DA:453,0
DA:460,0
DA:461,0
DA:462,0
DA:464,0
DA:466,0
DA:467,0
DA:469,0
DA:470,0
DA:474,0
DA:475,0
DA:476,0
DA:477,0
DA:478,0
DA:479,0
DA:480,0
DA:481,0
DA:485,0
DA:486,0
DA:487,0
DA:488,0
DA:489,0
DA:498,0
DA:499,0
DA:500,0
DA:501,0
DA:511,0
DA:512,0
DA:523,0
DA:528,0
DA:529,0
DA:532,0
DA:533,0
DA:534,0
DA:555,0
DA:557,0
DA:568,0
DA:569,0
DA:570,0
DA:580,0
DA:586,0
DA:588,0
DA:590,0
DA:601,0
DA:602,0
DA:603,0
DA:604,0
DA:607,0
DA:610,0
DA:614,0
DA:627,0
DA:628,0
DA:629,0
DA:637,0
DA:639,0
DA:640,0
DA:657,0
DA:658,0
DA:660,0
DA:661,0
DA:662,0
DA:665,0
DA:667,0
DA:668,0
DA:674,0
DA:677,0
DA:679,0
DA:696,0
DA:697,0
DA:698,0
DA:699,0
DA:700,0
DA:701,0
DA:702,0
DA:712,0
DA:713,0
DA:715,0
DA:716,0
DA:717,0
DA:718,0
DA:720,0
DA:721,0
LF:261
LH:0
BRDA:15,0,0,0
BRDA:15,0,1,0
BRDA:25,1,0,0
BRDA:25,1,1,0
BRDA:26,2,0,0
BRDA:26,2,1,0
BRDA:38,3,0,0
BRDA:38,3,1,0
BRDA:57,4,0,0
BRDA:57,4,1,0
BRDA:57,5,0,0
BRDA:57,5,1,0
BRDA:57,5,2,0
BRDA:60,6,0,0
BRDA:60,6,1,0
BRDA:64,7,0,0
BRDA:64,7,1,0
BRDA:65,8,0,0
BRDA:65,8,1,0
BRDA:67,9,0,0
BRDA:67,9,1,0
BRDA:78,10,0,0
BRDA:78,10,1,0
BRDA:81,11,0,0
BRDA:81,11,1,0
BRDA:82,12,0,0
BRDA:82,12,1,0
BRDA:83,13,0,0
BRDA:83,13,1,0
BRDA:83,14,0,0
BRDA:83,14,1,0
BRDA:84,15,0,0
BRDA:84,15,1,0
BRDA:117,16,0,0
BRDA:117,16,1,0
BRDA:117,17,0,0
BRDA:117,17,1,0
BRDA:137,18,0,0
BRDA:137,18,1,0
BRDA:138,19,0,0
BRDA:138,19,1,0
BRDA:138,20,0,0
BRDA:138,20,1,0
BRDA:180,21,0,0
BRDA:180,21,1,0
BRDA:180,22,0,0
BRDA:180,22,1,0
BRDA:185,23,0,0
BRDA:185,23,1,0
BRDA:185,24,0,0
BRDA:185,24,1,0
BRDA:185,24,2,0
BRDA:191,25,0,0
BRDA:191,25,1,0
BRDA:194,26,0,0
BRDA:194,26,1,0
BRDA:201,27,0,0
BRDA:201,27,1,0
BRDA:202,28,0,0
BRDA:202,28,1,0
BRDA:203,29,0,0
BRDA:203,29,1,0
BRDA:247,30,0,0
BRDA:247,30,1,0
BRDA:252,31,0,0
BRDA:252,31,1,0
BRDA:252,32,0,0
BRDA:252,32,1,0
BRDA:255,33,0,0
BRDA:255,33,1,0
BRDA:258,34,0,0
BRDA:258,34,1,0
BRDA:269,35,0,0
BRDA:269,35,1,0
BRDA:270,36,0,0
BRDA:270,36,1,0
BRDA:285,37,0,0
BRDA:286,38,0,0
BRDA:286,38,1,0
BRDA:289,39,0,0
BRDA:289,39,1,0
BRDA:289,40,0,0
BRDA:289,40,1,0
BRDA:301,41,0,0
BRDA:301,41,1,0
BRDA:324,42,0,0
BRDA:324,42,1,0
BRDA:325,43,0,0
BRDA:325,43,1,0
BRDA:329,44,0,0
BRDA:329,44,1,0
BRDA:334,45,0,0
BRDA:334,45,1,0
BRDA:335,46,0,0
BRDA:335,46,1,0
BRDA:399,47,0,0
BRDA:399,47,1,0
BRDA:403,48,0,0
BRDA:403,48,1,0
BRDA:404,49,0,0
BRDA:404,49,1,0
BRDA:404,50,0,0
BRDA:404,50,1,0
BRDA:405,51,0,0
BRDA:405,51,1,0
BRDA:406,52,0,0
BRDA:406,52,1,0
BRDA:407,53,0,0
BRDA:407,53,1,0
BRDA:408,54,0,0
BRDA:408,54,1,0
BRDA:409,55,0,0
BRDA:409,55,1,0
BRDA:446,56,0,0
BRDA:446,56,1,0
BRDA:450,57,0,0
BRDA:450,57,1,0
BRDA:450,58,0,0
BRDA:450,58,1,0
BRDA:451,59,0,0
BRDA:451,59,1,0
BRDA:452,60,0,0
BRDA:452,60,1,0
BRDA:464,61,0,0
BRDA:464,61,1,0
BRDA:478,62,0,0
BRDA:478,62,1,0
BRDA:479,63,0,0
BRDA:479,63,1,0
BRDA:481,64,0,0
BRDA:481,64,1,0
BRDA:485,65,0,0
BRDA:485,65,1,0
BRDA:486,66,0,0
BRDA:486,66,1,0
BRDA:487,67,0,0
BRDA:487,67,1,0
BRDA:488,68,0,0
BRDA:488,68,1,0
BRDA:499,69,0,0
BRDA:499,69,1,0
BRDA:500,70,0,0
BRDA:500,70,1,0
BRDA:507,71,0,0
BRDA:507,71,1,0
BRDA:511,72,0,0
BRDA:511,72,1,0
BRDA:518,73,0,0
BRDA:518,73,1,0
BRDA:533,74,0,0
BRDA:533,74,1,0
BRDA:536,75,0,0
BRDA:536,75,1,0
BRDA:541,76,0,0
BRDA:541,76,1,0
BRDA:545,77,0,0
BRDA:545,77,1,0
BRDA:546,78,0,0
BRDA:546,78,1,0
BRDA:549,79,0,0
BRDA:549,79,1,0
BRDA:550,80,0,0
BRDA:550,80,1,0
BRDA:551,81,0,0
BRDA:551,81,1,0
BRDA:551,82,0,0
BRDA:551,82,1,0
BRDA:552,83,0,0
BRDA:552,83,1,0
BRDA:569,84,0,0
BRDA:569,84,1,0
BRDA:584,85,0,0
BRDA:584,85,1,0
BRDA:592,86,0,0
BRDA:592,86,1,0
BRDA:592,87,0,0
BRDA:592,87,1,0
BRDA:602,88,0,0
BRDA:602,88,1,0
BRDA:611,89,0,0
BRDA:611,89,1,0
BRDA:628,90,0,0
BRDA:628,90,1,0
BRDA:628,91,0,0
BRDA:628,91,1,0
BRDA:639,92,0,0
BRDA:639,92,1,0
BRDA:660,93,0,0
BRDA:660,93,1,0
BRDA:665,94,0,0
BRDA:665,94,1,0
BRDA:667,95,0,0
BRDA:667,95,1,0
BRDA:702,96,0,0
BRDA:702,96,1,0
BRDA:702,97,0,0
BRDA:702,97,1,0
BRDA:715,98,0,0
BRDA:715,98,1,0
BRDA:716,99,0,0
BRDA:716,99,1,0
BRDA:720,100,0,0
BRDA:720,100,1,0
BRDA:720,101,0,0
BRDA:720,101,1,0
BRF:205
BRH:0
end_of_record
TN:
SF:js\uploader.js
FN:8,setupUploader
FN:15,(anonymous_1)
FN:22,(anonymous_2)
FN:27,(anonymous_3)
FN:28,(anonymous_4)
FN:43,(anonymous_5)
FN:51,(anonymous_6)
FN:55,(anonymous_7)
FN:60,(anonymous_8)
FN:68,(anonymous_9)
FN:71,closeGithubModal
FN:80,showUploadProgress
FN:86,setUploadProgress
FN:105,handleZipUpload
FN:314,(anonymous_14)
FN:341,formatBytes
FN:347,detectLangsQuick
FN:366,(anonymous_17)
FN:368,(anonymous_18)
FN:376,validateProjectZip
FN:377,(anonymous_20)
FN:378,(anonymous_21)
FN:398,(anonymous_22)
FN:434,(anonymous_23)
FN:438,(anonymous_24)
FN:475,sleep
FN:476,(anonymous_26)
FN:482,handleGithubImport
FN:549,(anonymous_28)
FN:583,(anonymous_29)
FN:599,(anonymous_30)
FN:625,loadDemoProject
FN:785,(anonymous_32)
FNF:33
FNH:0
FNDA:0,setupUploader
FNDA:0,(anonymous_1)
FNDA:0,(anonymous_2)
FNDA:0,(anonymous_3)
FNDA:0,(anonymous_4)
FNDA:0,(anonymous_5)
FNDA:0,(anonymous_6)
FNDA:0,(anonymous_7)
FNDA:0,(anonymous_8)
FNDA:0,(anonymous_9)
FNDA:0,closeGithubModal
FNDA:0,showUploadProgress
FNDA:0,setUploadProgress
FNDA:0,handleZipUpload
FNDA:0,(anonymous_14)
FNDA:0,formatBytes
FNDA:0,detectLangsQuick
FNDA:0,(anonymous_17)
FNDA:0,(anonymous_18)
FNDA:0,validateProjectZip
FNDA:0,(anonymous_20)
FNDA:0,(anonymous_21)
FNDA:0,(anonymous_22)
FNDA:0,(anonymous_23)
FNDA:0,(anonymous_24)
FNDA:0,sleep
FNDA:0,(anonymous_26)
FNDA:0,handleGithubImport
FNDA:0,(anonymous_28)
FNDA:0,(anonymous_29)
FNDA:0,(anonymous_30)
FNDA:0,loadDemoProject
FNDA:0,(anonymous_32)
DA:9,0
DA:10,0
DA:11,0
DA:12,0
DA:15,0
DA:16,0
DA:17,0
DA:21,0
DA:22,0
DA:23,0
DA:24,0
DA:25,0
DA:27,0
DA:28,0
DA:29,0
DA:30,0
DA:31,0
DA:32,0
DA:33,0
DA:34,0
DA:35,0
DA:37,0
DA:43,0
DA:44,0
DA:45,0
DA:48,0
DA:49,0
DA:51,0
DA:52,0
DA:55,0
DA:56,0
DA:57,0
DA:60,0
DA:61,0
DA:62,0
DA:63,0
DA:68,0
DA:72,0
DA:73,0
DA:74,0
DA:81,0
DA:82,0
DA:83,0
DA:87,0
DA:88,0
DA:89,0
DA:90,0
DA:91,0
DA:92,0
DA:94,0
DA:95,0
DA:96,0
DA:97,0
DA:98,0
DA:99,0
DA:106,0
DA:107,0
DA:108,0
DA:110,0
DA:111,0
DA:112,0
DA:114,0
DA:115,0
DA:116,0
DA:119,0
DA:121,0
DA:122,0
DA:123,0
DA:125,0
DA:126,0
DA:127,0
DA:128,0
DA:130,0
DA:132,0
DA:133,0
DA:134,0
DA:135,0
DA:142,0
DA:145,0
DA:146,0
DA:150,0
DA:181,0
DA:284,0
DA:285,0
DA:286,0
DA:287,0
DA:288,0
DA:290,0
DA:294,0
DA:303,0
DA:304,0
DA:305,0
DA:306,0
DA:307,0
DA:311,0
DA:314,0
DA:318,0
DA:319,0
DA:320,0
DA:323,0
DA:324,0
DA:325,0
DA:326,0
DA:327,0
DA:329,0
DA:330,0
DA:333,0
DA:335,0
DA:336,0
DA:337,0
DA:342,0
DA:343,0
DA:344,0
DA:348,0
DA:349,0
DA:361,0
DA:362,0
DA:363,0
DA:365,0
DA:366,0
DA:368,0
DA:369,0
DA:377,0
DA:378,0
DA:381,0
DA:398,0
DA:401,0
DA:434,0
DA:437,0
DA:438,0
DA:439,0
DA:440,0
DA:446,0
DA:454,0
DA:455,0
DA:464,0
DA:465,0
DA:472,0
DA:476,0
DA:483,0
DA:484,0
DA:485,0
DA:486,0
DA:489,0
DA:490,0
DA:493,0
DA:494,0
DA:495,0
DA:496,0
DA:497,0
DA:498,0
DA:500,0
DA:502,0
DA:503,0
DA:504,0
DA:510,0
DA:513,0
DA:514,0
DA:517,0
DA:519,0
DA:522,0
DA:534,0
DA:545,0
DA:547,0
DA:548,0
DA:549,0
DA:551,0
DA:552,0
DA:553,0
DA:554,0
DA:555,0
DA:556,0
DA:566,0
DA:567,0
DA:568,0
DA:569,0
DA:570,0
DA:571,0
DA:572,0
DA:573,0
DA:582,0
DA:583,0
DA:584,0
DA:586,0
DA:587,0
DA:599,0
DA:600,0
DA:610,0
DA:611,0
DA:612,0
DA:614,0
DA:616,0
DA:617,0
DA:618,0
DA:626,0
DA:663,0
DA:785,0
DA:791,0
DA:792,0
LF:199
LH:0
BRDA:17,0,0,0
BRDA:17,0,1,0
BRDA:21,1,0,0
BRDA:21,1,1,0
BRDA:33,2,0,0
BRDA:33,2,1,0
BRDA:34,3,0,0
BRDA:34,3,1,0
BRDA:34,4,0,0
BRDA:34,4,1,0
BRDA:52,5,0,0
BRDA:52,5,1,0
BRDA:57,6,0,0
BRDA:57,6,1,0
BRDA:61,7,0,0
BRDA:61,7,1,0
BRDA:63,8,0,0
BRDA:63,8,1,0
BRDA:74,9,0,0
BRDA:74,9,1,0
BRDA:80,10,0,0
BRDA:82,11,0,0
BRDA:82,11,1,0
BRDA:86,12,0,0
BRDA:86,13,0,0
BRDA:86,14,0,0
BRDA:94,15,0,0
BRDA:94,15,1,0
BRDA:95,16,0,0
BRDA:95,16,1,0
BRDA:96,17,0,0
BRDA:96,17,1,0
BRDA:97,18,0,0
BRDA:97,18,1,0
BRDA:97,19,0,0
BRDA:97,19,1,0
BRDA:98,20,0,0
BRDA:98,20,1,0
BRDA:98,21,0,0
BRDA:98,21,1,0
BRDA:99,22,0,0
BRDA:99,22,1,0
BRDA:99,23,0,0
BRDA:99,23,1,0
BRDA:106,24,0,0
BRDA:106,24,1,0
BRDA:110,25,0,0
BRDA:110,25,1,0
BRDA:114,26,0,0
BRDA:114,26,1,0
BRDA:134,27,0,0
BRDA:134,27,1,0
BRDA:137,28,0,0
BRDA:137,28,1,0
BRDA:145,29,0,0
BRDA:145,29,1,0
BRDA:146,30,0,0
BRDA:146,30,1,0
BRDA:285,31,0,0
BRDA:285,31,1,0
BRDA:285,32,0,0
BRDA:285,32,1,0
BRDA:285,32,2,0
BRDA:288,33,0,0
BRDA:288,33,1,0
BRDA:298,34,0,0
BRDA:298,34,1,0
BRDA:304,35,0,0
BRDA:304,35,1,0
BRDA:324,36,0,0
BRDA:324,36,1,0
BRDA:329,37,0,0
BRDA:329,37,1,0
BRDA:342,38,0,0
BRDA:342,38,1,0
BRDA:343,39,0,0
BRDA:343,39,1,0
BRDA:363,40,0,0
BRDA:363,40,1,0
BRDA:363,41,0,0
BRDA:363,41,1,0
BRDA:369,42,0,0
BRDA:369,42,1,0
BRDA:378,43,0,0
BRDA:378,43,1,0
BRDA:434,44,0,0
BRDA:434,44,1,0
BRDA:437,45,0,0
BRDA:437,45,1,0
BRDA:437,46,0,0
BRDA:437,46,1,0
BRDA:439,47,0,0
BRDA:439,47,1,0
BRDA:449,48,0,0
BRDA:449,48,1,0
BRDA:454,49,0,0
BRDA:454,49,1,0
BRDA:454,50,0,0
BRDA:454,50,1,0
BRDA:464,51,0,0
BRDA:464,51,1,0
BRDA:464,52,0,0
BRDA:464,52,1,0
BRDA:464,52,2,0
BRDA:484,53,0,0
BRDA:484,53,1,0
BRDA:496,54,0,0
BRDA:496,54,1,0
BRDA:497,55,0,0
BRDA:497,55,1,0
BRDA:498,56,0,0
BRDA:498,56,1,0
BRDA:503,57,0,0
BRDA:503,57,1,0
BRDA:505,58,0,0
BRDA:505,58,1,0
BRDA:513,59,0,0
BRDA:513,59,1,0
BRDA:517,60,0,0
BRDA:517,60,1,0
BRDA:523,61,0,0
BRDA:523,61,1,0
BRDA:524,62,0,0
BRDA:524,62,1,0
BRDA:527,63,0,0
BRDA:527,63,1,0
BRDA:528,64,0,0
BRDA:528,64,1,0
BRDA:529,65,0,0
BRDA:529,65,1,0
BRDA:530,66,0,0
BRDA:530,66,1,0
BRDA:548,67,0,0
BRDA:548,67,1,0
BRDA:549,68,0,0
BRDA:549,68,1,0
BRDA:551,69,0,0
BRDA:551,69,1,0
BRDA:554,70,0,0
BRDA:554,70,1,0
BRDA:566,71,0,0
BRDA:566,71,1,0
BRDA:566,72,0,0
BRDA:566,72,1,0
BRDA:569,73,0,0
BRDA:569,73,1,0
BRDA:570,74,0,0
BRDA:570,74,1,0
BRDA:571,75,0,0
BRDA:571,75,1,0
BRDA:582,76,0,0
BRDA:582,76,1,0
BRDA:583,77,0,0
BRDA:583,77,1,0
BRDA:586,78,0,0
BRDA:586,78,1,0
BRDA:591,79,0,0
BRDA:591,79,1,0
BRDA:599,80,0,0
BRDA:599,80,1,0
BRDA:614,81,0,0
BRDA:614,81,1,0
BRDA:616,82,0,0
BRDA:616,82,1,0
BRDA:617,83,0,0
BRDA:617,83,1,0
BRDA:618,84,0,0
BRDA:618,84,1,0
BRDA:787,85,0,0
BRDA:787,85,1,0
BRF:170
BRH:0
end_of_record
